<?xml version="1.0" encoding="UTF-8"?>
<testsuite xmlns:xsi="http://www.w3.org/2001/XMLSchema-instance" xsi:noNamespaceSchemaLocation="https://maven.apache.org/surefire/maven-surefire-plugin/xsd/surefire-test-report.xsd" name="com.fabricedev.productserv.ProductServApplicationTests" time="34.12" tests="1" errors="1" skipped="0" failures="0">
  <properties>
    <property name="java.specification.version" value="17"/>
    <property name="sun.jnu.encoding" value="UTF-8"/>
    <property name="java.class.path" value="/Users/fabricefoko/Documents/Projets_JAVA/microservices-new/product-serv/target/test-classes:/Users/fabricefoko/Documents/Projets_JAVA/microservices-new/product-serv/target/classes:/Users/fabricefoko/.m2/repository/org/springframework/boot/spring-boot-starter-data-mongodb/2.6.6/spring-boot-starter-data-mongodb-2.6.6.jar:/Users/fabricefoko/.m2/repository/org/springframework/boot/spring-boot-starter/2.6.6/spring-boot-starter-2.6.6.jar:/Users/fabricefoko/.m2/repository/org/springframework/boot/spring-boot-starter-logging/2.6.6/spring-boot-starter-logging-2.6.6.jar:/Users/fabricefoko/.m2/repository/ch/qos/logback/logback-classic/1.2.11/logback-classic-1.2.11.jar:/Users/fabricefoko/.m2/repository/ch/qos/logback/logback-core/1.2.11/logback-core-1.2.11.jar:/Users/fabricefoko/.m2/repository/org/apache/logging/log4j/log4j-to-slf4j/2.17.2/log4j-to-slf4j-2.17.2.jar:/Users/fabricefoko/.m2/repository/org/apache/logging/log4j/log4j-api/2.17.2/log4j-api-2.17.2.jar:/Users/fabricefoko/.m2/repository/org/slf4j/jul-to-slf4j/1.7.36/jul-to-slf4j-1.7.36.jar:/Users/fabricefoko/.m2/repository/jakarta/annotation/jakarta.annotation-api/1.3.5/jakarta.annotation-api-1.3.5.jar:/Users/fabricefoko/.m2/repository/org/yaml/snakeyaml/1.29/snakeyaml-1.29.jar:/Users/fabricefoko/.m2/repository/org/mongodb/mongodb-driver-sync/4.4.2/mongodb-driver-sync-4.4.2.jar:/Users/fabricefoko/.m2/repository/org/mongodb/bson/4.4.2/bson-4.4.2.jar:/Users/fabricefoko/.m2/repository/org/mongodb/mongodb-driver-core/4.4.2/mongodb-driver-core-4.4.2.jar:/Users/fabricefoko/.m2/repository/org/springframework/data/spring-data-mongodb/3.3.3/spring-data-mongodb-3.3.3.jar:/Users/fabricefoko/.m2/repository/org/springframework/spring-tx/5.3.18/spring-tx-5.3.18.jar:/Users/fabricefoko/.m2/repository/org/springframework/spring-context/5.3.18/spring-context-5.3.18.jar:/Users/fabricefoko/.m2/repository/org/springframework/spring-beans/5.3.18/spring-beans-5.3.18.jar:/Users/fabricefoko/.m2/repository/org/springframework/spring-expression/5.3.18/spring-expression-5.3.18.jar:/Users/fabricefoko/.m2/repository/org/springframework/data/spring-data-commons/2.6.3/spring-data-commons-2.6.3.jar:/Users/fabricefoko/.m2/repository/org/slf4j/slf4j-api/1.7.36/slf4j-api-1.7.36.jar:/Users/fabricefoko/.m2/repository/org/springframework/boot/spring-boot-starter-web/2.6.6/spring-boot-starter-web-2.6.6.jar:/Users/fabricefoko/.m2/repository/org/springframework/boot/spring-boot-starter-json/2.6.6/spring-boot-starter-json-2.6.6.jar:/Users/fabricefoko/.m2/repository/com/fasterxml/jackson/core/jackson-databind/2.13.2.2/jackson-databind-2.13.2.2.jar:/Users/fabricefoko/.m2/repository/com/fasterxml/jackson/datatype/jackson-datatype-jdk8/2.13.2/jackson-datatype-jdk8-2.13.2.jar:/Users/fabricefoko/.m2/repository/com/fasterxml/jackson/datatype/jackson-datatype-jsr310/2.13.2/jackson-datatype-jsr310-2.13.2.jar:/Users/fabricefoko/.m2/repository/com/fasterxml/jackson/module/jackson-module-parameter-names/2.13.2/jackson-module-parameter-names-2.13.2.jar:/Users/fabricefoko/.m2/repository/org/springframework/boot/spring-boot-starter-tomcat/2.6.6/spring-boot-starter-tomcat-2.6.6.jar:/Users/fabricefoko/.m2/repository/org/apache/tomcat/embed/tomcat-embed-core/9.0.60/tomcat-embed-core-9.0.60.jar:/Users/fabricefoko/.m2/repository/org/apache/tomcat/embed/tomcat-embed-el/9.0.60/tomcat-embed-el-9.0.60.jar:/Users/fabricefoko/.m2/repository/org/apache/tomcat/embed/tomcat-embed-websocket/9.0.60/tomcat-embed-websocket-9.0.60.jar:/Users/fabricefoko/.m2/repository/org/springframework/spring-web/5.3.18/spring-web-5.3.18.jar:/Users/fabricefoko/.m2/repository/org/springframework/spring-webmvc/5.3.18/spring-webmvc-5.3.18.jar:/Users/fabricefoko/.m2/repository/org/springframework/spring-aop/5.3.18/spring-aop-5.3.18.jar:/Users/fabricefoko/.m2/repository/org/springframework/boot/spring-boot-devtools/2.6.6/spring-boot-devtools-2.6.6.jar:/Users/fabricefoko/.m2/repository/org/springframework/boot/spring-boot/2.6.6/spring-boot-2.6.6.jar:/Users/fabricefoko/.m2/repository/org/springframework/boot/spring-boot-autoconfigure/2.6.6/spring-boot-autoconfigure-2.6.6.jar:/Users/fabricefoko/.m2/repository/org/projectlombok/lombok/1.18.22/lombok-1.18.22.jar:/Users/fabricefoko/.m2/repository/org/springframework/boot/spring-boot-starter-test/2.6.6/spring-boot-starter-test-2.6.6.jar:/Users/fabricefoko/.m2/repository/org/springframework/boot/spring-boot-test/2.6.6/spring-boot-test-2.6.6.jar:/Users/fabricefoko/.m2/repository/org/springframework/boot/spring-boot-test-autoconfigure/2.6.6/spring-boot-test-autoconfigure-2.6.6.jar:/Users/fabricefoko/.m2/repository/com/jayway/jsonpath/json-path/2.6.0/json-path-2.6.0.jar:/Users/fabricefoko/.m2/repository/net/minidev/json-smart/2.4.8/json-smart-2.4.8.jar:/Users/fabricefoko/.m2/repository/net/minidev/accessors-smart/2.4.8/accessors-smart-2.4.8.jar:/Users/fabricefoko/.m2/repository/org/ow2/asm/asm/9.1/asm-9.1.jar:/Users/fabricefoko/.m2/repository/jakarta/xml/bind/jakarta.xml.bind-api/2.3.3/jakarta.xml.bind-api-2.3.3.jar:/Users/fabricefoko/.m2/repository/jakarta/activation/jakarta.activation-api/1.2.2/jakarta.activation-api-1.2.2.jar:/Users/fabricefoko/.m2/repository/org/assertj/assertj-core/3.21.0/assertj-core-3.21.0.jar:/Users/fabricefoko/.m2/repository/org/hamcrest/hamcrest/2.2/hamcrest-2.2.jar:/Users/fabricefoko/.m2/repository/org/junit/jupiter/junit-jupiter/5.8.2/junit-jupiter-5.8.2.jar:/Users/fabricefoko/.m2/repository/org/junit/jupiter/junit-jupiter-params/5.8.2/junit-jupiter-params-5.8.2.jar:/Users/fabricefoko/.m2/repository/org/junit/jupiter/junit-jupiter-engine/5.8.2/junit-jupiter-engine-5.8.2.jar:/Users/fabricefoko/.m2/repository/org/junit/platform/junit-platform-engine/1.8.2/junit-platform-engine-1.8.2.jar:/Users/fabricefoko/.m2/repository/org/mockito/mockito-core/4.0.0/mockito-core-4.0.0.jar:/Users/fabricefoko/.m2/repository/net/bytebuddy/byte-buddy/1.11.22/byte-buddy-1.11.22.jar:/Users/fabricefoko/.m2/repository/net/bytebuddy/byte-buddy-agent/1.11.22/byte-buddy-agent-1.11.22.jar:/Users/fabricefoko/.m2/repository/org/objenesis/objenesis/3.2/objenesis-3.2.jar:/Users/fabricefoko/.m2/repository/org/mockito/mockito-junit-jupiter/4.0.0/mockito-junit-jupiter-4.0.0.jar:/Users/fabricefoko/.m2/repository/org/skyscreamer/jsonassert/1.5.0/jsonassert-1.5.0.jar:/Users/fabricefoko/.m2/repository/com/vaadin/external/google/android-json/0.0.20131108.vaadin1/android-json-0.0.20131108.vaadin1.jar:/Users/fabricefoko/.m2/repository/org/springframework/spring-core/5.3.18/spring-core-5.3.18.jar:/Users/fabricefoko/.m2/repository/org/springframework/spring-jcl/5.3.18/spring-jcl-5.3.18.jar:/Users/fabricefoko/.m2/repository/org/springframework/spring-test/5.3.18/spring-test-5.3.18.jar:/Users/fabricefoko/.m2/repository/org/xmlunit/xmlunit-core/2.8.4/xmlunit-core-2.8.4.jar:/Users/fabricefoko/.m2/repository/org/testcontainers/mongodb/1.17.2/mongodb-1.17.2.jar:/Users/fabricefoko/.m2/repository/org/testcontainers/testcontainers/1.17.2/testcontainers-1.17.2.jar:/Users/fabricefoko/.m2/repository/junit/junit/4.13.2/junit-4.13.2.jar:/Users/fabricefoko/.m2/repository/org/hamcrest/hamcrest-core/2.2/hamcrest-core-2.2.jar:/Users/fabricefoko/.m2/repository/org/apache/commons/commons-compress/1.21/commons-compress-1.21.jar:/Users/fabricefoko/.m2/repository/org/rnorth/duct-tape/duct-tape/1.0.8/duct-tape-1.0.8.jar:/Users/fabricefoko/.m2/repository/org/jetbrains/annotations/17.0.0/annotations-17.0.0.jar:/Users/fabricefoko/.m2/repository/com/github/docker-java/docker-java-api/3.2.13/docker-java-api-3.2.13.jar:/Users/fabricefoko/.m2/repository/com/github/docker-java/docker-java-transport-zerodep/3.2.13/docker-java-transport-zerodep-3.2.13.jar:/Users/fabricefoko/.m2/repository/com/github/docker-java/docker-java-transport/3.2.13/docker-java-transport-3.2.13.jar:/Users/fabricefoko/.m2/repository/net/java/dev/jna/jna/5.8.0/jna-5.8.0.jar:/Users/fabricefoko/.m2/repository/org/testcontainers/junit-jupiter/1.17.2/junit-jupiter-1.17.2.jar:/Users/fabricefoko/.m2/repository/org/junit/jupiter/junit-jupiter-api/5.8.2/junit-jupiter-api-5.8.2.jar:/Users/fabricefoko/.m2/repository/org/opentest4j/opentest4j/1.2.0/opentest4j-1.2.0.jar:/Users/fabricefoko/.m2/repository/org/junit/platform/junit-platform-commons/1.8.2/junit-platform-commons-1.8.2.jar:/Users/fabricefoko/.m2/repository/org/apiguardian/apiguardian-api/1.1.2/apiguardian-api-1.1.2.jar:/Users/fabricefoko/.m2/repository/org/springframework/cloud/spring-cloud-starter-netflix-eureka-client/3.1.2/spring-cloud-starter-netflix-eureka-client-3.1.2.jar:/Users/fabricefoko/.m2/repository/org/springframework/cloud/spring-cloud-starter/3.1.2/spring-cloud-starter-3.1.2.jar:/Users/fabricefoko/.m2/repository/org/springframework/cloud/spring-cloud-context/3.1.2/spring-cloud-context-3.1.2.jar:/Users/fabricefoko/.m2/repository/org/springframework/security/spring-security-crypto/5.6.2/spring-security-crypto-5.6.2.jar:/Users/fabricefoko/.m2/repository/org/springframework/cloud/spring-cloud-commons/3.1.2/spring-cloud-commons-3.1.2.jar:/Users/fabricefoko/.m2/repository/org/springframework/security/spring-security-rsa/1.0.10.RELEASE/spring-security-rsa-1.0.10.RELEASE.jar:/Users/fabricefoko/.m2/repository/org/bouncycastle/bcpkix-jdk15on/1.68/bcpkix-jdk15on-1.68.jar:/Users/fabricefoko/.m2/repository/org/bouncycastle/bcprov-jdk15on/1.68/bcprov-jdk15on-1.68.jar:/Users/fabricefoko/.m2/repository/org/springframework/cloud/spring-cloud-netflix-eureka-client/3.1.2/spring-cloud-netflix-eureka-client-3.1.2.jar:/Users/fabricefoko/.m2/repository/com/netflix/eureka/eureka-client/1.10.17/eureka-client-1.10.17.jar:/Users/fabricefoko/.m2/repository/com/netflix/netflix-commons/netflix-eventbus/0.3.0/netflix-eventbus-0.3.0.jar:/Users/fabricefoko/.m2/repository/com/netflix/netflix-commons/netflix-infix/0.3.0/netflix-infix-0.3.0.jar:/Users/fabricefoko/.m2/repository/commons-jxpath/commons-jxpath/1.3/commons-jxpath-1.3.jar:/Users/fabricefoko/.m2/repository/joda-time/joda-time/2.3/joda-time-2.3.jar:/Users/fabricefoko/.m2/repository/org/antlr/antlr-runtime/3.4/antlr-runtime-3.4.jar:/Users/fabricefoko/.m2/repository/org/antlr/stringtemplate/3.2.1/stringtemplate-3.2.1.jar:/Users/fabricefoko/.m2/repository/antlr/antlr/2.7.7/antlr-2.7.7.jar:/Users/fabricefoko/.m2/repository/com/google/code/gson/gson/2.8.9/gson-2.8.9.jar:/Users/fabricefoko/.m2/repository/org/apache/commons/commons-math/2.2/commons-math-2.2.jar:/Users/fabricefoko/.m2/repository/com/thoughtworks/xstream/xstream/1.4.18/xstream-1.4.18.jar:/Users/fabricefoko/.m2/repository/io/github/x-stream/mxparser/1.2.2/mxparser-1.2.2.jar:/Users/fabricefoko/.m2/repository/xmlpull/xmlpull/1.1.3.1/xmlpull-1.1.3.1.jar:/Users/fabricefoko/.m2/repository/javax/ws/rs/jsr311-api/1.1.1/jsr311-api-1.1.1.jar:/Users/fabricefoko/.m2/repository/com/netflix/servo/servo-core/0.12.21/servo-core-0.12.21.jar:/Users/fabricefoko/.m2/repository/com/google/guava/guava/19.0/guava-19.0.jar:/Users/fabricefoko/.m2/repository/org/apache/httpcomponents/httpclient/4.5.13/httpclient-4.5.13.jar:/Users/fabricefoko/.m2/repository/org/apache/httpcomponents/httpcore/4.4.15/httpcore-4.4.15.jar:/Users/fabricefoko/.m2/repository/commons-codec/commons-codec/1.15/commons-codec-1.15.jar:/Users/fabricefoko/.m2/repository/commons-configuration/commons-configuration/1.10/commons-configuration-1.10.jar:/Users/fabricefoko/.m2/repository/commons-lang/commons-lang/2.6/commons-lang-2.6.jar:/Users/fabricefoko/.m2/repository/com/google/inject/guice/4.1.0/guice-4.1.0.jar:/Users/fabricefoko/.m2/repository/javax/inject/javax.inject/1/javax.inject-1.jar:/Users/fabricefoko/.m2/repository/com/fasterxml/jackson/core/jackson-annotations/2.13.2/jackson-annotations-2.13.2.jar:/Users/fabricefoko/.m2/repository/com/fasterxml/jackson/core/jackson-core/2.13.2/jackson-core-2.13.2.jar:/Users/fabricefoko/.m2/repository/org/codehaus/jettison/jettison/1.4.0/jettison-1.4.0.jar:/Users/fabricefoko/.m2/repository/com/netflix/eureka/eureka-core/1.10.17/eureka-core-1.10.17.jar:/Users/fabricefoko/.m2/repository/com/fasterxml/woodstox/woodstox-core/6.2.1/woodstox-core-6.2.1.jar:/Users/fabricefoko/.m2/repository/org/codehaus/woodstox/stax2-api/4.2.1/stax2-api-4.2.1.jar:/Users/fabricefoko/.m2/repository/org/springframework/cloud/spring-cloud-starter-loadbalancer/3.1.2/spring-cloud-starter-loadbalancer-3.1.2.jar:/Users/fabricefoko/.m2/repository/org/springframework/cloud/spring-cloud-loadbalancer/3.1.2/spring-cloud-loadbalancer-3.1.2.jar:/Users/fabricefoko/.m2/repository/io/projectreactor/reactor-core/3.4.16/reactor-core-3.4.16.jar:/Users/fabricefoko/.m2/repository/org/reactivestreams/reactive-streams/1.0.3/reactive-streams-1.0.3.jar:/Users/fabricefoko/.m2/repository/io/projectreactor/addons/reactor-extra/3.4.7/reactor-extra-3.4.7.jar:/Users/fabricefoko/.m2/repository/org/springframework/boot/spring-boot-starter-cache/2.6.6/spring-boot-starter-cache-2.6.6.jar:/Users/fabricefoko/.m2/repository/org/springframework/spring-context-support/5.3.18/spring-context-support-5.3.18.jar:/Users/fabricefoko/.m2/repository/com/stoyanr/evictor/1.0.0/evictor-1.0.0.jar:"/>
    <property name="java.vm.vendor" value="Homebrew"/>
    <property name="sun.arch.data.model" value="64"/>
    <property name="java.vendor.url" value="https://github.com/Homebrew/homebrew-core/issues"/>
    <property name="os.name" value="Mac OS X"/>
    <property name="java.vm.specification.version" value="17"/>
    <property name="sun.java.launcher" value="SUN_STANDARD"/>
    <property name="user.country" value="CA"/>
    <property name="sun.boot.library.path" value="/opt/homebrew/Cellar/openjdk/17.0.2/libexec/openjdk.jdk/Contents/Home/lib"/>
    <property name="sun.java.command" value="/Users/fabricefoko/Documents/Projets_JAVA/microservices-new/product-serv/target/surefire/surefirebooter13766406514658681270.jar /Users/fabricefoko/Documents/Projets_JAVA/microservices-new/product-serv/target/surefire 2022-08-18T20-48-18_779-jvmRun1 surefire6192421285542301730tmp surefire_016756204753215806207tmp"/>
    <property name="http.nonProxyHosts" value="local|*.local|169.254/16|*.169.254/16"/>
    <property name="jdk.debug" value="release"/>
    <property name="surefire.test.class.path" value="/Users/fabricefoko/Documents/Projets_JAVA/microservices-new/product-serv/target/test-classes:/Users/fabricefoko/Documents/Projets_JAVA/microservices-new/product-serv/target/classes:/Users/fabricefoko/.m2/repository/org/springframework/boot/spring-boot-starter-data-mongodb/2.6.6/spring-boot-starter-data-mongodb-2.6.6.jar:/Users/fabricefoko/.m2/repository/org/springframework/boot/spring-boot-starter/2.6.6/spring-boot-starter-2.6.6.jar:/Users/fabricefoko/.m2/repository/org/springframework/boot/spring-boot-starter-logging/2.6.6/spring-boot-starter-logging-2.6.6.jar:/Users/fabricefoko/.m2/repository/ch/qos/logback/logback-classic/1.2.11/logback-classic-1.2.11.jar:/Users/fabricefoko/.m2/repository/ch/qos/logback/logback-core/1.2.11/logback-core-1.2.11.jar:/Users/fabricefoko/.m2/repository/org/apache/logging/log4j/log4j-to-slf4j/2.17.2/log4j-to-slf4j-2.17.2.jar:/Users/fabricefoko/.m2/repository/org/apache/logging/log4j/log4j-api/2.17.2/log4j-api-2.17.2.jar:/Users/fabricefoko/.m2/repository/org/slf4j/jul-to-slf4j/1.7.36/jul-to-slf4j-1.7.36.jar:/Users/fabricefoko/.m2/repository/jakarta/annotation/jakarta.annotation-api/1.3.5/jakarta.annotation-api-1.3.5.jar:/Users/fabricefoko/.m2/repository/org/yaml/snakeyaml/1.29/snakeyaml-1.29.jar:/Users/fabricefoko/.m2/repository/org/mongodb/mongodb-driver-sync/4.4.2/mongodb-driver-sync-4.4.2.jar:/Users/fabricefoko/.m2/repository/org/mongodb/bson/4.4.2/bson-4.4.2.jar:/Users/fabricefoko/.m2/repository/org/mongodb/mongodb-driver-core/4.4.2/mongodb-driver-core-4.4.2.jar:/Users/fabricefoko/.m2/repository/org/springframework/data/spring-data-mongodb/3.3.3/spring-data-mongodb-3.3.3.jar:/Users/fabricefoko/.m2/repository/org/springframework/spring-tx/5.3.18/spring-tx-5.3.18.jar:/Users/fabricefoko/.m2/repository/org/springframework/spring-context/5.3.18/spring-context-5.3.18.jar:/Users/fabricefoko/.m2/repository/org/springframework/spring-beans/5.3.18/spring-beans-5.3.18.jar:/Users/fabricefoko/.m2/repository/org/springframework/spring-expression/5.3.18/spring-expression-5.3.18.jar:/Users/fabricefoko/.m2/repository/org/springframework/data/spring-data-commons/2.6.3/spring-data-commons-2.6.3.jar:/Users/fabricefoko/.m2/repository/org/slf4j/slf4j-api/1.7.36/slf4j-api-1.7.36.jar:/Users/fabricefoko/.m2/repository/org/springframework/boot/spring-boot-starter-web/2.6.6/spring-boot-starter-web-2.6.6.jar:/Users/fabricefoko/.m2/repository/org/springframework/boot/spring-boot-starter-json/2.6.6/spring-boot-starter-json-2.6.6.jar:/Users/fabricefoko/.m2/repository/com/fasterxml/jackson/core/jackson-databind/2.13.2.2/jackson-databind-2.13.2.2.jar:/Users/fabricefoko/.m2/repository/com/fasterxml/jackson/datatype/jackson-datatype-jdk8/2.13.2/jackson-datatype-jdk8-2.13.2.jar:/Users/fabricefoko/.m2/repository/com/fasterxml/jackson/datatype/jackson-datatype-jsr310/2.13.2/jackson-datatype-jsr310-2.13.2.jar:/Users/fabricefoko/.m2/repository/com/fasterxml/jackson/module/jackson-module-parameter-names/2.13.2/jackson-module-parameter-names-2.13.2.jar:/Users/fabricefoko/.m2/repository/org/springframework/boot/spring-boot-starter-tomcat/2.6.6/spring-boot-starter-tomcat-2.6.6.jar:/Users/fabricefoko/.m2/repository/org/apache/tomcat/embed/tomcat-embed-core/9.0.60/tomcat-embed-core-9.0.60.jar:/Users/fabricefoko/.m2/repository/org/apache/tomcat/embed/tomcat-embed-el/9.0.60/tomcat-embed-el-9.0.60.jar:/Users/fabricefoko/.m2/repository/org/apache/tomcat/embed/tomcat-embed-websocket/9.0.60/tomcat-embed-websocket-9.0.60.jar:/Users/fabricefoko/.m2/repository/org/springframework/spring-web/5.3.18/spring-web-5.3.18.jar:/Users/fabricefoko/.m2/repository/org/springframework/spring-webmvc/5.3.18/spring-webmvc-5.3.18.jar:/Users/fabricefoko/.m2/repository/org/springframework/spring-aop/5.3.18/spring-aop-5.3.18.jar:/Users/fabricefoko/.m2/repository/org/springframework/boot/spring-boot-devtools/2.6.6/spring-boot-devtools-2.6.6.jar:/Users/fabricefoko/.m2/repository/org/springframework/boot/spring-boot/2.6.6/spring-boot-2.6.6.jar:/Users/fabricefoko/.m2/repository/org/springframework/boot/spring-boot-autoconfigure/2.6.6/spring-boot-autoconfigure-2.6.6.jar:/Users/fabricefoko/.m2/repository/org/projectlombok/lombok/1.18.22/lombok-1.18.22.jar:/Users/fabricefoko/.m2/repository/org/springframework/boot/spring-boot-starter-test/2.6.6/spring-boot-starter-test-2.6.6.jar:/Users/fabricefoko/.m2/repository/org/springframework/boot/spring-boot-test/2.6.6/spring-boot-test-2.6.6.jar:/Users/fabricefoko/.m2/repository/org/springframework/boot/spring-boot-test-autoconfigure/2.6.6/spring-boot-test-autoconfigure-2.6.6.jar:/Users/fabricefoko/.m2/repository/com/jayway/jsonpath/json-path/2.6.0/json-path-2.6.0.jar:/Users/fabricefoko/.m2/repository/net/minidev/json-smart/2.4.8/json-smart-2.4.8.jar:/Users/fabricefoko/.m2/repository/net/minidev/accessors-smart/2.4.8/accessors-smart-2.4.8.jar:/Users/fabricefoko/.m2/repository/org/ow2/asm/asm/9.1/asm-9.1.jar:/Users/fabricefoko/.m2/repository/jakarta/xml/bind/jakarta.xml.bind-api/2.3.3/jakarta.xml.bind-api-2.3.3.jar:/Users/fabricefoko/.m2/repository/jakarta/activation/jakarta.activation-api/1.2.2/jakarta.activation-api-1.2.2.jar:/Users/fabricefoko/.m2/repository/org/assertj/assertj-core/3.21.0/assertj-core-3.21.0.jar:/Users/fabricefoko/.m2/repository/org/hamcrest/hamcrest/2.2/hamcrest-2.2.jar:/Users/fabricefoko/.m2/repository/org/junit/jupiter/junit-jupiter/5.8.2/junit-jupiter-5.8.2.jar:/Users/fabricefoko/.m2/repository/org/junit/jupiter/junit-jupiter-params/5.8.2/junit-jupiter-params-5.8.2.jar:/Users/fabricefoko/.m2/repository/org/junit/jupiter/junit-jupiter-engine/5.8.2/junit-jupiter-engine-5.8.2.jar:/Users/fabricefoko/.m2/repository/org/junit/platform/junit-platform-engine/1.8.2/junit-platform-engine-1.8.2.jar:/Users/fabricefoko/.m2/repository/org/mockito/mockito-core/4.0.0/mockito-core-4.0.0.jar:/Users/fabricefoko/.m2/repository/net/bytebuddy/byte-buddy/1.11.22/byte-buddy-1.11.22.jar:/Users/fabricefoko/.m2/repository/net/bytebuddy/byte-buddy-agent/1.11.22/byte-buddy-agent-1.11.22.jar:/Users/fabricefoko/.m2/repository/org/objenesis/objenesis/3.2/objenesis-3.2.jar:/Users/fabricefoko/.m2/repository/org/mockito/mockito-junit-jupiter/4.0.0/mockito-junit-jupiter-4.0.0.jar:/Users/fabricefoko/.m2/repository/org/skyscreamer/jsonassert/1.5.0/jsonassert-1.5.0.jar:/Users/fabricefoko/.m2/repository/com/vaadin/external/google/android-json/0.0.20131108.vaadin1/android-json-0.0.20131108.vaadin1.jar:/Users/fabricefoko/.m2/repository/org/springframework/spring-core/5.3.18/spring-core-5.3.18.jar:/Users/fabricefoko/.m2/repository/org/springframework/spring-jcl/5.3.18/spring-jcl-5.3.18.jar:/Users/fabricefoko/.m2/repository/org/springframework/spring-test/5.3.18/spring-test-5.3.18.jar:/Users/fabricefoko/.m2/repository/org/xmlunit/xmlunit-core/2.8.4/xmlunit-core-2.8.4.jar:/Users/fabricefoko/.m2/repository/org/testcontainers/mongodb/1.17.2/mongodb-1.17.2.jar:/Users/fabricefoko/.m2/repository/org/testcontainers/testcontainers/1.17.2/testcontainers-1.17.2.jar:/Users/fabricefoko/.m2/repository/junit/junit/4.13.2/junit-4.13.2.jar:/Users/fabricefoko/.m2/repository/org/hamcrest/hamcrest-core/2.2/hamcrest-core-2.2.jar:/Users/fabricefoko/.m2/repository/org/apache/commons/commons-compress/1.21/commons-compress-1.21.jar:/Users/fabricefoko/.m2/repository/org/rnorth/duct-tape/duct-tape/1.0.8/duct-tape-1.0.8.jar:/Users/fabricefoko/.m2/repository/org/jetbrains/annotations/17.0.0/annotations-17.0.0.jar:/Users/fabricefoko/.m2/repository/com/github/docker-java/docker-java-api/3.2.13/docker-java-api-3.2.13.jar:/Users/fabricefoko/.m2/repository/com/github/docker-java/docker-java-transport-zerodep/3.2.13/docker-java-transport-zerodep-3.2.13.jar:/Users/fabricefoko/.m2/repository/com/github/docker-java/docker-java-transport/3.2.13/docker-java-transport-3.2.13.jar:/Users/fabricefoko/.m2/repository/net/java/dev/jna/jna/5.8.0/jna-5.8.0.jar:/Users/fabricefoko/.m2/repository/org/testcontainers/junit-jupiter/1.17.2/junit-jupiter-1.17.2.jar:/Users/fabricefoko/.m2/repository/org/junit/jupiter/junit-jupiter-api/5.8.2/junit-jupiter-api-5.8.2.jar:/Users/fabricefoko/.m2/repository/org/opentest4j/opentest4j/1.2.0/opentest4j-1.2.0.jar:/Users/fabricefoko/.m2/repository/org/junit/platform/junit-platform-commons/1.8.2/junit-platform-commons-1.8.2.jar:/Users/fabricefoko/.m2/repository/org/apiguardian/apiguardian-api/1.1.2/apiguardian-api-1.1.2.jar:/Users/fabricefoko/.m2/repository/org/springframework/cloud/spring-cloud-starter-netflix-eureka-client/3.1.2/spring-cloud-starter-netflix-eureka-client-3.1.2.jar:/Users/fabricefoko/.m2/repository/org/springframework/cloud/spring-cloud-starter/3.1.2/spring-cloud-starter-3.1.2.jar:/Users/fabricefoko/.m2/repository/org/springframework/cloud/spring-cloud-context/3.1.2/spring-cloud-context-3.1.2.jar:/Users/fabricefoko/.m2/repository/org/springframework/security/spring-security-crypto/5.6.2/spring-security-crypto-5.6.2.jar:/Users/fabricefoko/.m2/repository/org/springframework/cloud/spring-cloud-commons/3.1.2/spring-cloud-commons-3.1.2.jar:/Users/fabricefoko/.m2/repository/org/springframework/security/spring-security-rsa/1.0.10.RELEASE/spring-security-rsa-1.0.10.RELEASE.jar:/Users/fabricefoko/.m2/repository/org/bouncycastle/bcpkix-jdk15on/1.68/bcpkix-jdk15on-1.68.jar:/Users/fabricefoko/.m2/repository/org/bouncycastle/bcprov-jdk15on/1.68/bcprov-jdk15on-1.68.jar:/Users/fabricefoko/.m2/repository/org/springframework/cloud/spring-cloud-netflix-eureka-client/3.1.2/spring-cloud-netflix-eureka-client-3.1.2.jar:/Users/fabricefoko/.m2/repository/com/netflix/eureka/eureka-client/1.10.17/eureka-client-1.10.17.jar:/Users/fabricefoko/.m2/repository/com/netflix/netflix-commons/netflix-eventbus/0.3.0/netflix-eventbus-0.3.0.jar:/Users/fabricefoko/.m2/repository/com/netflix/netflix-commons/netflix-infix/0.3.0/netflix-infix-0.3.0.jar:/Users/fabricefoko/.m2/repository/commons-jxpath/commons-jxpath/1.3/commons-jxpath-1.3.jar:/Users/fabricefoko/.m2/repository/joda-time/joda-time/2.3/joda-time-2.3.jar:/Users/fabricefoko/.m2/repository/org/antlr/antlr-runtime/3.4/antlr-runtime-3.4.jar:/Users/fabricefoko/.m2/repository/org/antlr/stringtemplate/3.2.1/stringtemplate-3.2.1.jar:/Users/fabricefoko/.m2/repository/antlr/antlr/2.7.7/antlr-2.7.7.jar:/Users/fabricefoko/.m2/repository/com/google/code/gson/gson/2.8.9/gson-2.8.9.jar:/Users/fabricefoko/.m2/repository/org/apache/commons/commons-math/2.2/commons-math-2.2.jar:/Users/fabricefoko/.m2/repository/com/thoughtworks/xstream/xstream/1.4.18/xstream-1.4.18.jar:/Users/fabricefoko/.m2/repository/io/github/x-stream/mxparser/1.2.2/mxparser-1.2.2.jar:/Users/fabricefoko/.m2/repository/xmlpull/xmlpull/1.1.3.1/xmlpull-1.1.3.1.jar:/Users/fabricefoko/.m2/repository/javax/ws/rs/jsr311-api/1.1.1/jsr311-api-1.1.1.jar:/Users/fabricefoko/.m2/repository/com/netflix/servo/servo-core/0.12.21/servo-core-0.12.21.jar:/Users/fabricefoko/.m2/repository/com/google/guava/guava/19.0/guava-19.0.jar:/Users/fabricefoko/.m2/repository/org/apache/httpcomponents/httpclient/4.5.13/httpclient-4.5.13.jar:/Users/fabricefoko/.m2/repository/org/apache/httpcomponents/httpcore/4.4.15/httpcore-4.4.15.jar:/Users/fabricefoko/.m2/repository/commons-codec/commons-codec/1.15/commons-codec-1.15.jar:/Users/fabricefoko/.m2/repository/commons-configuration/commons-configuration/1.10/commons-configuration-1.10.jar:/Users/fabricefoko/.m2/repository/commons-lang/commons-lang/2.6/commons-lang-2.6.jar:/Users/fabricefoko/.m2/repository/com/google/inject/guice/4.1.0/guice-4.1.0.jar:/Users/fabricefoko/.m2/repository/javax/inject/javax.inject/1/javax.inject-1.jar:/Users/fabricefoko/.m2/repository/com/fasterxml/jackson/core/jackson-annotations/2.13.2/jackson-annotations-2.13.2.jar:/Users/fabricefoko/.m2/repository/com/fasterxml/jackson/core/jackson-core/2.13.2/jackson-core-2.13.2.jar:/Users/fabricefoko/.m2/repository/org/codehaus/jettison/jettison/1.4.0/jettison-1.4.0.jar:/Users/fabricefoko/.m2/repository/com/netflix/eureka/eureka-core/1.10.17/eureka-core-1.10.17.jar:/Users/fabricefoko/.m2/repository/com/fasterxml/woodstox/woodstox-core/6.2.1/woodstox-core-6.2.1.jar:/Users/fabricefoko/.m2/repository/org/codehaus/woodstox/stax2-api/4.2.1/stax2-api-4.2.1.jar:/Users/fabricefoko/.m2/repository/org/springframework/cloud/spring-cloud-starter-loadbalancer/3.1.2/spring-cloud-starter-loadbalancer-3.1.2.jar:/Users/fabricefoko/.m2/repository/org/springframework/cloud/spring-cloud-loadbalancer/3.1.2/spring-cloud-loadbalancer-3.1.2.jar:/Users/fabricefoko/.m2/repository/io/projectreactor/reactor-core/3.4.16/reactor-core-3.4.16.jar:/Users/fabricefoko/.m2/repository/org/reactivestreams/reactive-streams/1.0.3/reactive-streams-1.0.3.jar:/Users/fabricefoko/.m2/repository/io/projectreactor/addons/reactor-extra/3.4.7/reactor-extra-3.4.7.jar:/Users/fabricefoko/.m2/repository/org/springframework/boot/spring-boot-starter-cache/2.6.6/spring-boot-starter-cache-2.6.6.jar:/Users/fabricefoko/.m2/repository/org/springframework/spring-context-support/5.3.18/spring-context-support-5.3.18.jar:/Users/fabricefoko/.m2/repository/com/stoyanr/evictor/1.0.0/evictor-1.0.0.jar:"/>
    <property name="sun.cpu.endian" value="little"/>
    <property name="user.home" value="/Users/fabricefoko"/>
    <property name="user.language" value="en"/>
    <property name="java.specification.vendor" value="Oracle Corporation"/>
    <property name="java.version.date" value="2022-01-18"/>
    <property name="java.home" value="/opt/homebrew/Cellar/openjdk/17.0.2/libexec/openjdk.jdk/Contents/Home"/>
    <property name="file.separator" value="/"/>
    <property name="basedir" value="/Users/fabricefoko/Documents/Projets_JAVA/microservices-new/product-serv"/>
    <property name="java.vm.compressedOopsMode" value="Zero based"/>
    <property name="line.separator" value="&#10;"/>
    <property name="java.specification.name" value="Java Platform API Specification"/>
    <property name="java.vm.specification.vendor" value="Oracle Corporation"/>
    <property name="surefire.real.class.path" value="/Users/fabricefoko/Documents/Projets_JAVA/microservices-new/product-serv/target/surefire/surefirebooter13766406514658681270.jar"/>
    <property name="sun.management.compiler" value="HotSpot 64-Bit Tiered Compilers"/>
    <property name="ftp.nonProxyHosts" value="local|*.local|169.254/16|*.169.254/16"/>
    <property name="java.runtime.version" value="17.0.2+0"/>
    <property name="user.name" value="fabricefoko"/>
    <property name="path.separator" value=":"/>
    <property name="os.version" value="12.4"/>
    <property name="java.runtime.name" value="OpenJDK Runtime Environment"/>
    <property name="file.encoding" value="UTF-8"/>
    <property name="java.vm.name" value="OpenJDK 64-Bit Server VM"/>
    <property name="java.vendor.version" value="Homebrew"/>
    <property name="localRepository" value="/Users/fabricefoko/.m2/repository"/>
    <property name="java.vendor.url.bug" value="https://github.com/Homebrew/homebrew-core/issues"/>
    <property name="java.io.tmpdir" value="/var/folders/kz/dnl_s20n02qd8lhc3g7c5x5w0000gn/T/"/>
    <property name="java.version" value="17.0.2"/>
    <property name="user.dir" value="/Users/fabricefoko/Documents/Projets_JAVA/microservices-new/product-serv"/>
    <property name="os.arch" value="aarch64"/>
    <property name="java.vm.specification.name" value="Java Virtual Machine Specification"/>
    <property name="native.encoding" value="UTF-8"/>
    <property name="java.library.path" value="/Users/fabricefoko/Library/Java/Extensions:/Library/Java/Extensions:/Network/Library/Java/Extensions:/System/Library/Java/Extensions:/usr/lib/java:."/>
    <property name="java.vm.info" value="mixed mode, sharing"/>
    <property name="java.vendor" value="Homebrew"/>
    <property name="java.vm.version" value="17.0.2+0"/>
    <property name="sun.io.unicode.encoding" value="UnicodeBig"/>
    <property name="socksNonProxyHosts" value="local|*.local|169.254/16|*.169.254/16"/>
    <property name="java.class.version" value="61.0"/>
  </properties>
  <testcase name="shouldCreateProduct" classname="com.fabricedev.productserv.ProductServApplicationTests" time="0.225">
    <error message="Cannot invoke &quot;org.testcontainers.shaded.com.fasterxml.jackson.databind.ObjectMapper.writeValueAsString(Object)&quot; because &quot;this.objectMapper&quot; is null" type="java.lang.NullPointerException">java.lang.NullPointerException: Cannot invoke "org.testcontainers.shaded.com.fasterxml.jackson.databind.ObjectMapper.writeValueAsString(Object)" because "this.objectMapper" is null
	at com.fabricedev.productserv.ProductServApplicationTests.shouldCreateProduct(ProductServApplicationTests.java:48)
</error>
    <system-out><![CDATA[20:48:19.308 [main] DEBUG org.springframework.test.context.BootstrapUtils - Instantiating CacheAwareContextLoaderDelegate from class [org.springframework.test.context.cache.DefaultCacheAwareContextLoaderDelegate]
20:48:19.313 [main] DEBUG org.springframework.test.context.BootstrapUtils - Instantiating BootstrapContext using constructor [public org.springframework.test.context.support.DefaultBootstrapContext(java.lang.Class,org.springframework.test.context.CacheAwareContextLoaderDelegate)]
20:48:19.328 [main] DEBUG org.springframework.test.context.BootstrapUtils - Instantiating TestContextBootstrapper for test class [com.fabricedev.productserv.ProductServApplicationTests] from class [org.springframework.boot.test.context.SpringBootTestContextBootstrapper]
20:48:19.334 [main] INFO org.springframework.boot.test.context.SpringBootTestContextBootstrapper - Neither @ContextConfiguration nor @ContextHierarchy found for test class [com.fabricedev.productserv.ProductServApplicationTests], using SpringBootContextLoader
20:48:19.335 [main] DEBUG org.springframework.test.context.support.AbstractContextLoader - Did not detect default resource location for test class [com.fabricedev.productserv.ProductServApplicationTests]: class path resource [com/fabricedev/productserv/ProductServApplicationTests-context.xml] does not exist
20:48:19.335 [main] DEBUG org.springframework.test.context.support.AbstractContextLoader - Did not detect default resource location for test class [com.fabricedev.productserv.ProductServApplicationTests]: class path resource [com/fabricedev/productserv/ProductServApplicationTestsContext.groovy] does not exist
20:48:19.335 [main] INFO org.springframework.test.context.support.AbstractContextLoader - Could not detect default resource locations for test class [com.fabricedev.productserv.ProductServApplicationTests]: no resource found for suffixes {-context.xml, Context.groovy}.
20:48:19.335 [main] INFO org.springframework.test.context.support.AnnotationConfigContextLoaderUtils - Could not detect default configuration classes for test class [com.fabricedev.productserv.ProductServApplicationTests]: ProductServApplicationTests does not declare any static, non-private, non-final, nested classes annotated with @Configuration.
20:48:19.361 [main] DEBUG org.springframework.test.context.support.ActiveProfilesUtils - Could not find an 'annotation declaring class' for annotation type [org.springframework.test.context.ActiveProfiles] and class [com.fabricedev.productserv.ProductServApplicationTests]
20:48:19.386 [main] DEBUG org.springframework.context.annotation.ClassPathScanningCandidateComponentProvider - Identified candidate component class: file [/Users/fabricefoko/Documents/Projets_JAVA/microservices-new/product-serv/target/classes/com/fabricedev/productserv/ProductServApplication.class]
20:48:19.387 [main] INFO org.springframework.boot.test.context.SpringBootTestContextBootstrapper - Found @SpringBootConfiguration com.fabricedev.productserv.ProductServApplication for test class com.fabricedev.productserv.ProductServApplicationTests
20:48:19.437 [main] DEBUG org.springframework.boot.test.context.SpringBootTestContextBootstrapper - @TestExecutionListeners is not present for class [com.fabricedev.productserv.ProductServApplicationTests]: using defaults.
20:48:19.437 [main] INFO org.springframework.boot.test.context.SpringBootTestContextBootstrapper - Loaded default TestExecutionListener class names from location [META-INF/spring.factories]: [org.springframework.boot.test.mock.mockito.MockitoTestExecutionListener, org.springframework.boot.test.mock.mockito.ResetMocksTestExecutionListener, org.springframework.boot.test.autoconfigure.restdocs.RestDocsTestExecutionListener, org.springframework.boot.test.autoconfigure.web.client.MockRestServiceServerResetTestExecutionListener, org.springframework.boot.test.autoconfigure.web.servlet.MockMvcPrintOnlyOnFailureTestExecutionListener, org.springframework.boot.test.autoconfigure.web.servlet.WebDriverTestExecutionListener, org.springframework.boot.test.autoconfigure.webservices.client.MockWebServiceServerTestExecutionListener, org.springframework.test.context.web.ServletTestExecutionListener, org.springframework.test.context.support.DirtiesContextBeforeModesTestExecutionListener, org.springframework.test.context.event.ApplicationEventsTestExecutionListener, org.springframework.test.context.support.DependencyInjectionTestExecutionListener, org.springframework.test.context.support.DirtiesContextTestExecutionListener, org.springframework.test.context.transaction.TransactionalTestExecutionListener, org.springframework.test.context.jdbc.SqlScriptsTestExecutionListener, org.springframework.test.context.event.EventPublishingTestExecutionListener]
20:48:19.444 [main] INFO org.springframework.boot.test.context.SpringBootTestContextBootstrapper - Using TestExecutionListeners: [org.springframework.test.context.web.ServletTestExecutionListener@24ba9639, org.springframework.test.context.support.DirtiesContextBeforeModesTestExecutionListener@38aa816f, org.springframework.test.context.event.ApplicationEventsTestExecutionListener@53f6fd09, org.springframework.boot.test.mock.mockito.MockitoTestExecutionListener@6bffbc6d, org.springframework.boot.test.autoconfigure.SpringBootDependencyInjectionTestExecutionListener@1b84f475, org.springframework.test.context.support.DirtiesContextTestExecutionListener@7749bf93, org.springframework.test.context.transaction.TransactionalTestExecutionListener@13330ac6, org.springframework.test.context.jdbc.SqlScriptsTestExecutionListener@539d019, org.springframework.test.context.event.EventPublishingTestExecutionListener@39a2bb97, org.springframework.boot.test.mock.mockito.ResetMocksTestExecutionListener@3ad2e17, org.springframework.boot.test.autoconfigure.restdocs.RestDocsTestExecutionListener@8c3619e, org.springframework.boot.test.autoconfigure.web.client.MockRestServiceServerResetTestExecutionListener@4331d187, org.springframework.boot.test.autoconfigure.web.servlet.MockMvcPrintOnlyOnFailureTestExecutionListener@6f63b475, org.springframework.boot.test.autoconfigure.web.servlet.WebDriverTestExecutionListener@554e218, org.springframework.boot.test.autoconfigure.webservices.client.MockWebServiceServerTestExecutionListener@1608bcbd]
20:48:19.447 [main] DEBUG org.springframework.test.context.support.AbstractDirtiesContextTestExecutionListener - Before test class: context [DefaultTestContext@7e4204e2 testClass = ProductServApplicationTests, testInstance = [null], testMethod = [null], testException = [null], mergedContextConfiguration = [WebMergedContextConfiguration@b7c4869 testClass = ProductServApplicationTests, locations = '{}', classes = '{class com.fabricedev.productserv.ProductServApplication}', contextInitializerClasses = '[]', activeProfiles = '{}', propertySourceLocations = '{}', propertySourceProperties = '{org.springframework.boot.test.context.SpringBootTestContextBootstrapper=true}', contextCustomizers = set[[ImportsContextCustomizer@740d2e78 key = [org.springframework.boot.test.autoconfigure.web.servlet.MockMvcAutoConfiguration, org.springframework.boot.test.autoconfigure.web.servlet.MockMvcWebClientAutoConfiguration, org.springframework.boot.test.autoconfigure.web.servlet.MockMvcWebDriverAutoConfiguration, org.springframework.boot.autoconfigure.security.oauth2.client.servlet.OAuth2ClientAutoConfiguration, org.springframework.boot.autoconfigure.security.oauth2.resource.servlet.OAuth2ResourceServerAutoConfiguration, org.springframework.boot.autoconfigure.security.servlet.SecurityAutoConfiguration, org.springframework.boot.autoconfigure.security.servlet.SecurityFilterAutoConfiguration, org.springframework.boot.autoconfigure.security.servlet.UserDetailsServiceAutoConfiguration, org.springframework.boot.test.autoconfigure.web.servlet.MockMvcSecurityConfiguration, org.springframework.boot.test.autoconfigure.web.reactive.WebTestClientAutoConfiguration]], org.springframework.boot.test.context.filter.ExcludeFilterContextCustomizer@2c35e847, org.springframework.boot.test.json.DuplicateJsonObjectContextCustomizerFactory$DuplicateJsonObjectContextCustomizer@5ba3f27a, org.springframework.boot.test.mock.mockito.MockitoContextCustomizer@0, org.springframework.boot.test.web.client.TestRestTemplateContextCustomizer@6e0f5f7f, org.springframework.boot.test.autoconfigure.actuate.metrics.MetricsExportContextCustomizerFactory$DisableMetricExportContextCustomizer@53ce1329, org.springframework.boot.test.autoconfigure.properties.PropertyMappingContextCustomizer@4b3fa0b3, org.springframework.boot.test.autoconfigure.web.servlet.WebDriverContextCustomizerFactory$Customizer@51e69659, org.springframework.test.context.support.DynamicPropertiesContextCustomizer@ea09d6f4, org.springframework.boot.test.context.SpringBootTestArgs@1, org.springframework.boot.test.context.SpringBootTestWebEnvironment@1e6d1014], resourceBasePath = 'src/main/webapp', contextLoader = 'org.springframework.boot.test.context.SpringBootContextLoader', parent = [null]], attributes = map['org.springframework.test.context.web.ServletTestExecutionListener.activateListener' -> true]], class annotated with @DirtiesContext [false] with mode [null].
20:48:19.482 [main] DEBUG org.testcontainers.utility.TestcontainersConfiguration - Testcontainers configuration overrides will be loaded from file:/Users/fabricefoko/.testcontainers.properties
20:48:19.494 [main] WARN org.testcontainers.utility.TestcontainersConfiguration - Attempted to read Testcontainers configuration file at file:/Users/fabricefoko/.testcontainers.properties but the file was not found. Exception message: FileNotFoundException: /Users/fabricefoko/.testcontainers.properties (No such file or directory)
20:48:19.496 [main] INFO org.testcontainers.utility.ImageNameSubstitutor - Image name substitution will be performed by: DefaultImageNameSubstitutor (composite of 'ConfigurationFileImageNameSubstitutor' and 'PrefixingImageNameSubstitutor')
20:48:19.510 [main] DEBUG org.testcontainers.dockerclient.DockerClientProviderStrategy - Trying out strategy: UnixSocketClientProviderStrategy
20:48:19.649 [main] DEBUG org.testcontainers.shaded.com.github.dockerjava.core.command.AbstrDockerCmd - Cmd: 
20:48:19.658 [main] DEBUG com.github.dockerjava.zerodep.shaded.org.apache.hc.client5.http.impl.classic.InternalHttpClient - ex-00000001: preparing request execution
20:48:19.659 [main] DEBUG com.github.dockerjava.zerodep.shaded.org.apache.hc.client5.http.protocol.RequestAddCookies - Cookie spec selected: strict
20:48:19.661 [main] DEBUG com.github.dockerjava.zerodep.shaded.org.apache.hc.client5.http.protocol.RequestAuthCache - Auth cache not set in the context
20:48:19.661 [main] DEBUG com.github.dockerjava.zerodep.shaded.org.apache.hc.client5.http.impl.classic.ProtocolExec - ex-00000001: target auth state: UNCHALLENGED
20:48:19.661 [main] DEBUG com.github.dockerjava.zerodep.shaded.org.apache.hc.client5.http.impl.classic.ProtocolExec - ex-00000001: proxy auth state: UNCHALLENGED
20:48:19.661 [main] DEBUG com.github.dockerjava.zerodep.shaded.org.apache.hc.client5.http.impl.classic.ConnectExec - ex-00000001: acquiring connection with route {}->unix://localhost:2375
20:48:19.661 [main] DEBUG com.github.dockerjava.zerodep.shaded.org.apache.hc.client5.http.impl.classic.InternalHttpClient - ex-00000001: acquiring endpoint (3 MINUTES)
20:48:19.661 [main] DEBUG com.github.dockerjava.zerodep.shaded.org.apache.hc.client5.http.impl.io.PoolingHttpClientConnectionManager - ex-00000001: endpoint lease request (3 MINUTES) [route: {}->unix://localhost:2375][total available: 0; route allocated: 0 of 2147483647; total allocated: 0 of 2147483647]
20:48:19.663 [main] DEBUG com.github.dockerjava.zerodep.shaded.org.apache.hc.client5.http.impl.io.PoolingHttpClientConnectionManager - ex-00000001: endpoint leased [route: {}->unix://localhost:2375][total available: 0; route allocated: 1 of 2147483647; total allocated: 1 of 2147483647]
20:48:19.668 [main] DEBUG com.github.dockerjava.zerodep.shaded.org.apache.hc.client5.http.impl.io.PoolingHttpClientConnectionManager - ex-00000001: acquired ep-00000000
20:48:19.668 [main] DEBUG com.github.dockerjava.zerodep.shaded.org.apache.hc.client5.http.impl.classic.InternalHttpClient - ex-00000001: acquired endpoint ep-00000000
20:48:19.668 [main] DEBUG com.github.dockerjava.zerodep.shaded.org.apache.hc.client5.http.impl.classic.ConnectExec - ex-00000001: opening connection {}->unix://localhost:2375
20:48:19.668 [main] DEBUG com.github.dockerjava.zerodep.shaded.org.apache.hc.client5.http.impl.classic.InternalHttpClient - ep-00000000: connecting endpoint (3 MINUTES)
20:48:19.669 [main] DEBUG com.github.dockerjava.zerodep.shaded.org.apache.hc.client5.http.impl.io.PoolingHttpClientConnectionManager - ep-00000000: connecting endpoint to unix://localhost:2375 (3 MINUTES)
20:48:19.686 [main] DEBUG com.github.dockerjava.zerodep.shaded.org.apache.hc.client5.http.impl.io.DefaultHttpClientConnectionOperator - http-outgoing-0: connecting to localhost/127.0.0.1:2375
20:48:19.686 [main] DEBUG com.github.dockerjava.zerodep.shaded.org.apache.hc.client5.http.impl.io.DefaultHttpClientConnectionOperator - http-outgoing-0: connection established /var/run/docker.sock<->/var/run/docker.sock
20:48:19.687 [main] DEBUG com.github.dockerjava.zerodep.shaded.org.apache.hc.client5.http.impl.io.PoolingHttpClientConnectionManager - ep-00000000: connected http-outgoing-0
20:48:19.687 [main] DEBUG com.github.dockerjava.zerodep.shaded.org.apache.hc.client5.http.impl.classic.InternalHttpClient - ep-00000000: endpoint connected
20:48:19.687 [main] DEBUG com.github.dockerjava.zerodep.shaded.org.apache.hc.client5.http.impl.classic.MainClientExec - ex-00000001: executing GET /v1.32/info HTTP/1.1
20:48:19.687 [main] DEBUG com.github.dockerjava.zerodep.shaded.org.apache.hc.client5.http.impl.classic.InternalHttpClient - ep-00000000: start execution ex-00000001
20:48:19.687 [main] DEBUG com.github.dockerjava.zerodep.shaded.org.apache.hc.client5.http.impl.io.PoolingHttpClientConnectionManager - ep-00000000: executing exchange ex-00000001 over http-outgoing-0
20:48:19.687 [main] DEBUG com.github.dockerjava.zerodep.shaded.org.apache.hc.client5.http.headers - http-outgoing-0 >> GET /v1.32/info HTTP/1.1
20:48:19.688 [main] DEBUG com.github.dockerjava.zerodep.shaded.org.apache.hc.client5.http.headers - http-outgoing-0 >> x-tc-sid: 79c75580-927c-468d-9dfa-ca38cb35a17d
20:48:19.688 [main] DEBUG com.github.dockerjava.zerodep.shaded.org.apache.hc.client5.http.headers - http-outgoing-0 >> Accept-Encoding: gzip, x-gzip, deflate
20:48:19.688 [main] DEBUG com.github.dockerjava.zerodep.shaded.org.apache.hc.client5.http.headers - http-outgoing-0 >> Host: localhost:2375
20:48:19.688 [main] DEBUG com.github.dockerjava.zerodep.shaded.org.apache.hc.client5.http.headers - http-outgoing-0 >> Connection: keep-alive
20:48:19.688 [main] DEBUG com.github.dockerjava.zerodep.shaded.org.apache.hc.client5.http.headers - http-outgoing-0 >> User-Agent: Apache-HttpClient/5.0.3 (Java/17.0.2)
20:48:19.688 [main] DEBUG com.github.dockerjava.zerodep.shaded.org.apache.hc.client5.http.wire - http-outgoing-0 >> "GET /v1.32/info HTTP/1.1[\r][\n]"
20:48:19.688 [main] DEBUG com.github.dockerjava.zerodep.shaded.org.apache.hc.client5.http.wire - http-outgoing-0 >> "x-tc-sid: 79c75580-927c-468d-9dfa-ca38cb35a17d[\r][\n]"
20:48:19.688 [main] DEBUG com.github.dockerjava.zerodep.shaded.org.apache.hc.client5.http.wire - http-outgoing-0 >> "Accept-Encoding: gzip, x-gzip, deflate[\r][\n]"
20:48:19.688 [main] DEBUG com.github.dockerjava.zerodep.shaded.org.apache.hc.client5.http.wire - http-outgoing-0 >> "Host: localhost:2375[\r][\n]"
20:48:19.688 [main] DEBUG com.github.dockerjava.zerodep.shaded.org.apache.hc.client5.http.wire - http-outgoing-0 >> "Connection: keep-alive[\r][\n]"
20:48:19.688 [main] DEBUG com.github.dockerjava.zerodep.shaded.org.apache.hc.client5.http.wire - http-outgoing-0 >> "User-Agent: Apache-HttpClient/5.0.3 (Java/17.0.2)[\r][\n]"
20:48:19.688 [main] DEBUG com.github.dockerjava.zerodep.shaded.org.apache.hc.client5.http.wire - http-outgoing-0 >> "[\r][\n]"
20:48:20.046 [main] DEBUG com.github.dockerjava.zerodep.shaded.org.apache.hc.client5.http.wire - http-outgoing-0 << "HTTP/1.1 200 OK[\r][\n]"
20:48:20.046 [main] DEBUG com.github.dockerjava.zerodep.shaded.org.apache.hc.client5.http.wire - http-outgoing-0 << "Api-Version: 1.41[\r][\n]"
20:48:20.046 [main] DEBUG com.github.dockerjava.zerodep.shaded.org.apache.hc.client5.http.wire - http-outgoing-0 << "Content-Type: application/json[\r][\n]"
20:48:20.046 [main] DEBUG com.github.dockerjava.zerodep.shaded.org.apache.hc.client5.http.wire - http-outgoing-0 << "Date: Fri, 19 Aug 2022 00:48:20 GMT[\r][\n]"
20:48:20.046 [main] DEBUG com.github.dockerjava.zerodep.shaded.org.apache.hc.client5.http.wire - http-outgoing-0 << "Docker-Experimental: false[\r][\n]"
20:48:20.047 [main] DEBUG com.github.dockerjava.zerodep.shaded.org.apache.hc.client5.http.wire - http-outgoing-0 << "Ostype: linux[\r][\n]"
20:48:20.047 [main] DEBUG com.github.dockerjava.zerodep.shaded.org.apache.hc.client5.http.wire - http-outgoing-0 << "Server: Docker/20.10.14 (linux)[\r][\n]"
20:48:20.047 [main] DEBUG com.github.dockerjava.zerodep.shaded.org.apache.hc.client5.http.wire - http-outgoing-0 << "Transfer-Encoding: chunked[\r][\n]"
20:48:20.047 [main] DEBUG com.github.dockerjava.zerodep.shaded.org.apache.hc.client5.http.wire - http-outgoing-0 << "[\r][\n]"
20:48:20.050 [main] DEBUG com.github.dockerjava.zerodep.shaded.org.apache.hc.client5.http.headers - http-outgoing-0 << HTTP/1.1 200 OK
20:48:20.050 [main] DEBUG com.github.dockerjava.zerodep.shaded.org.apache.hc.client5.http.headers - http-outgoing-0 << Api-Version: 1.41
20:48:20.050 [main] DEBUG com.github.dockerjava.zerodep.shaded.org.apache.hc.client5.http.headers - http-outgoing-0 << Content-Type: application/json
20:48:20.050 [main] DEBUG com.github.dockerjava.zerodep.shaded.org.apache.hc.client5.http.headers - http-outgoing-0 << Date: Fri, 19 Aug 2022 00:48:20 GMT
20:48:20.050 [main] DEBUG com.github.dockerjava.zerodep.shaded.org.apache.hc.client5.http.headers - http-outgoing-0 << Docker-Experimental: false
20:48:20.050 [main] DEBUG com.github.dockerjava.zerodep.shaded.org.apache.hc.client5.http.headers - http-outgoing-0 << Ostype: linux
20:48:20.050 [main] DEBUG com.github.dockerjava.zerodep.shaded.org.apache.hc.client5.http.headers - http-outgoing-0 << Server: Docker/20.10.14 (linux)
20:48:20.050 [main] DEBUG com.github.dockerjava.zerodep.shaded.org.apache.hc.client5.http.headers - http-outgoing-0 << Transfer-Encoding: chunked
20:48:20.052 [main] DEBUG com.github.dockerjava.zerodep.shaded.org.apache.hc.client5.http.impl.classic.MainClientExec - ex-00000001: connection can be kept alive for 3 MINUTES
20:48:20.055 [main] DEBUG com.github.dockerjava.zerodep.shaded.org.apache.hc.client5.http.wire - http-outgoing-0 << "9b8[\r][\n]"
20:48:20.055 [main] DEBUG com.github.dockerjava.zerodep.shaded.org.apache.hc.client5.http.wire - http-outgoing-0 << "{"ID":"TMA2:H745:LSAS:MYTC:5MGT:E6EN:27G6:GDAK:WIB2:3C2T:MNOZ:K63H","Containers":12,"ContainersRunning":10,"ContainersPaused":0,"ContainersStopped":2,"Images":12,"Driver":"overlay2","DriverStatus":[["Backing Filesystem","extfs"],["Supports d_type","true"],["Native Overlay Diff","true"],["userxattr","false"]],"Plugins":{"Volume":["local"],"Network":["bridge","host","ipvlan","macvlan","null","overlay"],"Authorization":null,"Log":["awslogs","fluentd","gcplogs","gelf","journald","json-file","local","logentries","splunk","syslog"]},"MemoryLimit":true,"SwapLimit":true,"KernelMemory":false,"KernelMemoryTCP":false,"CpuCfsPeriod":true,"CpuCfsQuota":true,"CPUShares":true,"CPUSet":true,"PidsLimit":true,"IPv4Forwarding":true,"BridgeNfIptables":true,"BridgeNfIp6tables":true,"Debug":false,"NFd":54,"OomKillDisable":false,"NGoroutines":54,"SystemTime":"2022-08-19T00:48:19.812809178Z","LoggingDriver":"json-file","CgroupDriver":"cgroupfs","CgroupVersion":"2","NEventsListener":4,"KernelVersion":"5.10.104-linuxkit","OperatingSystem":"Docker Desktop","OSVersion":"","OSType":"linux","Architecture":"aarch64","IndexServerAddress":"https://index.docker.io/v1/","RegistryConfig":{"AllowNondistributableArtifactsCIDRs":[],"AllowNondistributableArtifactsHostnames":[],"InsecureRegistryCIDRs":["127.0.0.0/8"],"IndexConfigs":{"docker.io":{"Name":"docker.io","Mirrors":[],"Secure":true,"Official":true},"hubproxy.docker.internal:5000":{"Name":"hubproxy.docker.internal:5000","Mirrors":[],"Secure":false,"Official":false}},"Mirrors":[]},"NCPU":5,"MemTotal":8232747008,"GenericResources":null,"DockerRootDir":"/var/lib/docker","HttpProxy":"http.docker.internal:3128","HttpsProxy":"http.docker.internal:3128","NoProxy":"hubproxy.docker.internal","Name":"docker-desktop","Labels":[],"ExperimentalBuild":false,"ServerVersion":"20.10.14","Runtimes":{"io.containerd.runc.v2":{"path":"runc"},"io.containerd.runtime.v1.linux":{"path":"runc"},"runc":{"path":"runc"}},"DefaultRuntime":"runc","Swarm":{"NodeID":"","NodeAddr":"","LocalNodeState":"inactive","ControlAvailable":false,"Error":"","RemoteManagers":null},"LiveRestoreEnabled":false,"Isolation":"","InitBinary":"docker-init","ContainerdCommit":{"ID":"3df54a852345ae127d1fa3092b95168e4a88e2f8","Expected":"3df54a852345ae127d1fa3092b95168e4a88e2f8"},"RuncCommit":{"ID":"v1.0.3-0-gf46b6ba","Expected":"v1.0.3-0-gf46b6ba"},"InitCommit":{"ID":"de40ad0","Expected":"de40ad0"},"SecurityOptions":["name=seccomp,profile=default","name=cgroupns"],"Warnings":null}[\n]"
20:48:20.055 [main] DEBUG com.github.dockerjava.zerodep.shaded.org.apache.hc.client5.http.wire - http-outgoing-0 << "[\r][\n]"
20:48:20.055 [main] DEBUG com.github.dockerjava.zerodep.shaded.org.apache.hc.client5.http.wire - http-outgoing-0 << "0[\r][\n]"
20:48:20.055 [main] DEBUG com.github.dockerjava.zerodep.shaded.org.apache.hc.client5.http.wire - http-outgoing-0 << "[\r][\n]"
20:48:20.118 [main] DEBUG com.github.dockerjava.zerodep.shaded.org.apache.hc.client5.http.impl.classic.InternalHttpClient - ep-00000000: releasing valid endpoint
20:48:20.118 [main] DEBUG com.github.dockerjava.zerodep.shaded.org.apache.hc.client5.http.impl.io.PoolingHttpClientConnectionManager - ep-00000000: releasing endpoint
20:48:20.118 [main] DEBUG com.github.dockerjava.zerodep.shaded.org.apache.hc.client5.http.impl.io.PoolingHttpClientConnectionManager - ep-00000000: connection http-outgoing-0 can be kept alive for 3 MINUTES
20:48:20.118 [main] DEBUG com.github.dockerjava.zerodep.shaded.org.apache.hc.client5.http.impl.io.PoolingHttpClientConnectionManager - ep-00000000: connection released [route: {}->unix://localhost:2375][total available: 1; route allocated: 1 of 2147483647; total allocated: 1 of 2147483647]
20:48:20.118 [main] INFO org.testcontainers.dockerclient.DockerClientProviderStrategy - Found Docker environment with local Unix socket (unix:///var/run/docker.sock)
20:48:20.119 [main] DEBUG org.testcontainers.dockerclient.DockerClientProviderStrategy - Transport type: 'httpclient5', Docker host: 'unix:///var/run/docker.sock'
20:48:20.119 [main] DEBUG org.testcontainers.dockerclient.DockerClientProviderStrategy - Checking Docker OS type for local Unix socket (unix:///var/run/docker.sock)
20:48:20.126 [main] INFO org.testcontainers.DockerClientFactory - Docker host IP address is localhost
20:48:20.126 [main] DEBUG org.testcontainers.DockerClientFactory - Docker info: {NGoroutines=54, Name=docker-desktop, Swarm={NodeID=, NodeAddr=, LocalNodeState=inactive, ControlAvailable=false, Error=, RemoteManagers=null}, RuncCommit={ID=v1.0.3-0-gf46b6ba, Expected=v1.0.3-0-gf46b6ba}, OSVersion=, Runtimes={io.containerd.runc.v2={path=runc}, io.containerd.runtime.v1.linux={path=runc}, runc={path=runc}}, ID=TMA2:H745:LSAS:MYTC:5MGT:E6EN:27G6:GDAK:WIB2:3C2T:MNOZ:K63H, DriverStatus=[[Backing Filesystem, extfs], [Supports d_type, true], [Native Overlay Diff, true], [userxattr, false]], BridgeNfIptables=true, LiveRestoreEnabled=false, SystemTime=2022-08-19T00:48:19.812809178Z, NoProxy=hubproxy.docker.internal, Architecture=aarch64, NEventsListener=4, HttpsProxy=http.docker.internal:3128, Images=12, ContainersRunning=10, Labels=[], InitCommit={ID=de40ad0, Expected=de40ad0}, NFd=54, KernelVersion=5.10.104-linuxkit, LoggingDriver=json-file, OSType=linux, SecurityOptions=[name=seccomp,profile=default, name=cgroupns], ContainerdCommit={ID=3df54a852345ae127d1fa3092b95168e4a88e2f8, Expected=3df54a852345ae127d1fa3092b95168e4a88e2f8}, GenericResources=null, KernelMemory=false, OperatingSystem=Docker Desktop, RegistryConfig={AllowNondistributableArtifactsCIDRs=[], AllowNondistributableArtifactsHostnames=[], InsecureRegistryCIDRs=[127.0.0.0/8], IndexConfigs={docker.io={Name=docker.io, Mirrors=[], Secure=true, Official=true}, hubproxy.docker.internal:5000={Name=hubproxy.docker.internal:5000, Mirrors=[], Secure=false, Official=false}}, Mirrors=[]}, ServerVersion=20.10.14, OomKillDisable=false, CpuCfsQuota=true, Containers=12, Driver=overlay2, KernelMemoryTCP=false, IPv4Forwarding=true, ExperimentalBuild=false, DockerRootDir=/var/lib/docker, CPUSet=true, CpuCfsPeriod=true, DefaultRuntime=runc, CPUShares=true, Debug=false, NCPU=5, Plugins={Volume=[local], Network=[bridge, host, ipvlan, macvlan, null, overlay], Authorization=null, Log=[awslogs, fluentd, gcplogs, gelf, journald, json-file, local, logentries, splunk, syslog]}, SwapLimit=true, CgroupDriver=cgroupfs, ContainersPaused=0, MemTotal=8232747008, IndexServerAddress=https://index.docker.io/v1/, MemoryLimit=true, HttpProxy=http.docker.internal:3128, InitBinary=docker-init, CgroupVersion=2, PidsLimit=true, Isolation=, BridgeNfIp6tables=true, Warnings=null, ContainersStopped=2}
20:48:20.128 [main] DEBUG org.testcontainers.shaded.com.github.dockerjava.core.command.AbstrDockerCmd - Cmd: 
20:48:20.129 [main] DEBUG com.github.dockerjava.zerodep.shaded.org.apache.hc.client5.http.impl.classic.InternalHttpClient - ex-00000002: preparing request execution
20:48:20.129 [main] DEBUG com.github.dockerjava.zerodep.shaded.org.apache.hc.client5.http.protocol.RequestAddCookies - Cookie spec selected: strict
20:48:20.129 [main] DEBUG com.github.dockerjava.zerodep.shaded.org.apache.hc.client5.http.protocol.RequestAuthCache - Auth cache not set in the context
20:48:20.129 [main] DEBUG com.github.dockerjava.zerodep.shaded.org.apache.hc.client5.http.impl.classic.ProtocolExec - ex-00000002: target auth state: UNCHALLENGED
20:48:20.129 [main] DEBUG com.github.dockerjava.zerodep.shaded.org.apache.hc.client5.http.impl.classic.ProtocolExec - ex-00000002: proxy auth state: UNCHALLENGED
20:48:20.129 [main] DEBUG com.github.dockerjava.zerodep.shaded.org.apache.hc.client5.http.impl.classic.ConnectExec - ex-00000002: acquiring connection with route {}->unix://localhost:2375
20:48:20.129 [main] DEBUG com.github.dockerjava.zerodep.shaded.org.apache.hc.client5.http.impl.classic.InternalHttpClient - ex-00000002: acquiring endpoint (3 MINUTES)
20:48:20.129 [main] DEBUG com.github.dockerjava.zerodep.shaded.org.apache.hc.client5.http.impl.io.PoolingHttpClientConnectionManager - ex-00000002: endpoint lease request (3 MINUTES) [route: {}->unix://localhost:2375][total available: 1; route allocated: 1 of 2147483647; total allocated: 1 of 2147483647]
20:48:20.129 [main] DEBUG com.github.dockerjava.zerodep.shaded.org.apache.hc.client5.http.impl.io.PoolingHttpClientConnectionManager - ex-00000002: endpoint leased [route: {}->unix://localhost:2375][total available: 0; route allocated: 1 of 2147483647; total allocated: 1 of 2147483647]
20:48:20.129 [main] DEBUG com.github.dockerjava.zerodep.shaded.org.apache.hc.client5.http.impl.io.PoolingHttpClientConnectionManager - ex-00000002: acquired ep-00000001
20:48:20.129 [main] DEBUG com.github.dockerjava.zerodep.shaded.org.apache.hc.client5.http.impl.classic.InternalHttpClient - ex-00000002: acquired endpoint ep-00000001
20:48:20.129 [main] DEBUG com.github.dockerjava.zerodep.shaded.org.apache.hc.client5.http.impl.classic.MainClientExec - ex-00000002: executing GET /v1.32/version HTTP/1.1
20:48:20.129 [main] DEBUG com.github.dockerjava.zerodep.shaded.org.apache.hc.client5.http.impl.classic.InternalHttpClient - ep-00000001: start execution ex-00000002
20:48:20.129 [main] DEBUG com.github.dockerjava.zerodep.shaded.org.apache.hc.client5.http.impl.io.PoolingHttpClientConnectionManager - ep-00000001: executing exchange ex-00000002 over http-outgoing-0
20:48:20.129 [main] DEBUG com.github.dockerjava.zerodep.shaded.org.apache.hc.client5.http.headers - http-outgoing-0 >> GET /v1.32/version HTTP/1.1
20:48:20.129 [main] DEBUG com.github.dockerjava.zerodep.shaded.org.apache.hc.client5.http.headers - http-outgoing-0 >> accept: application/json
20:48:20.129 [main] DEBUG com.github.dockerjava.zerodep.shaded.org.apache.hc.client5.http.headers - http-outgoing-0 >> x-tc-sid: 79c75580-927c-468d-9dfa-ca38cb35a17d
20:48:20.130 [main] DEBUG com.github.dockerjava.zerodep.shaded.org.apache.hc.client5.http.headers - http-outgoing-0 >> Accept-Encoding: gzip, x-gzip, deflate
20:48:20.130 [main] DEBUG com.github.dockerjava.zerodep.shaded.org.apache.hc.client5.http.headers - http-outgoing-0 >> Host: localhost:2375
20:48:20.130 [main] DEBUG com.github.dockerjava.zerodep.shaded.org.apache.hc.client5.http.headers - http-outgoing-0 >> Connection: keep-alive
20:48:20.130 [main] DEBUG com.github.dockerjava.zerodep.shaded.org.apache.hc.client5.http.headers - http-outgoing-0 >> User-Agent: Apache-HttpClient/5.0.3 (Java/17.0.2)
20:48:20.130 [main] DEBUG com.github.dockerjava.zerodep.shaded.org.apache.hc.client5.http.wire - http-outgoing-0 >> "GET /v1.32/version HTTP/1.1[\r][\n]"
20:48:20.130 [main] DEBUG com.github.dockerjava.zerodep.shaded.org.apache.hc.client5.http.wire - http-outgoing-0 >> "accept: application/json[\r][\n]"
20:48:20.130 [main] DEBUG com.github.dockerjava.zerodep.shaded.org.apache.hc.client5.http.wire - http-outgoing-0 >> "x-tc-sid: 79c75580-927c-468d-9dfa-ca38cb35a17d[\r][\n]"
20:48:20.130 [main] DEBUG com.github.dockerjava.zerodep.shaded.org.apache.hc.client5.http.wire - http-outgoing-0 >> "Accept-Encoding: gzip, x-gzip, deflate[\r][\n]"
20:48:20.130 [main] DEBUG com.github.dockerjava.zerodep.shaded.org.apache.hc.client5.http.wire - http-outgoing-0 >> "Host: localhost:2375[\r][\n]"
20:48:20.130 [main] DEBUG com.github.dockerjava.zerodep.shaded.org.apache.hc.client5.http.wire - http-outgoing-0 >> "Connection: keep-alive[\r][\n]"
20:48:20.130 [main] DEBUG com.github.dockerjava.zerodep.shaded.org.apache.hc.client5.http.wire - http-outgoing-0 >> "User-Agent: Apache-HttpClient/5.0.3 (Java/17.0.2)[\r][\n]"
20:48:20.130 [main] DEBUG com.github.dockerjava.zerodep.shaded.org.apache.hc.client5.http.wire - http-outgoing-0 >> "[\r][\n]"
20:48:20.166 [main] DEBUG com.github.dockerjava.zerodep.shaded.org.apache.hc.client5.http.wire - http-outgoing-0 << "HTTP/1.1 200 OK[\r][\n]"
20:48:20.166 [main] DEBUG com.github.dockerjava.zerodep.shaded.org.apache.hc.client5.http.wire - http-outgoing-0 << "Api-Version: 1.41[\r][\n]"
20:48:20.166 [main] DEBUG com.github.dockerjava.zerodep.shaded.org.apache.hc.client5.http.wire - http-outgoing-0 << "Content-Type: application/json[\r][\n]"
20:48:20.166 [main] DEBUG com.github.dockerjava.zerodep.shaded.org.apache.hc.client5.http.wire - http-outgoing-0 << "Date: Fri, 19 Aug 2022 00:48:20 GMT[\r][\n]"
20:48:20.166 [main] DEBUG com.github.dockerjava.zerodep.shaded.org.apache.hc.client5.http.wire - http-outgoing-0 << "Docker-Experimental: false[\r][\n]"
20:48:20.166 [main] DEBUG com.github.dockerjava.zerodep.shaded.org.apache.hc.client5.http.wire - http-outgoing-0 << "Ostype: linux[\r][\n]"
20:48:20.166 [main] DEBUG com.github.dockerjava.zerodep.shaded.org.apache.hc.client5.http.wire - http-outgoing-0 << "Server: Docker/20.10.14 (linux)[\r][\n]"
20:48:20.166 [main] DEBUG com.github.dockerjava.zerodep.shaded.org.apache.hc.client5.http.wire - http-outgoing-0 << "Transfer-Encoding: chunked[\r][\n]"
20:48:20.166 [main] DEBUG com.github.dockerjava.zerodep.shaded.org.apache.hc.client5.http.wire - http-outgoing-0 << "[\r][\n]"
20:48:20.166 [main] DEBUG com.github.dockerjava.zerodep.shaded.org.apache.hc.client5.http.headers - http-outgoing-0 << HTTP/1.1 200 OK
20:48:20.166 [main] DEBUG com.github.dockerjava.zerodep.shaded.org.apache.hc.client5.http.headers - http-outgoing-0 << Api-Version: 1.41
20:48:20.166 [main] DEBUG com.github.dockerjava.zerodep.shaded.org.apache.hc.client5.http.headers - http-outgoing-0 << Content-Type: application/json
20:48:20.166 [main] DEBUG com.github.dockerjava.zerodep.shaded.org.apache.hc.client5.http.headers - http-outgoing-0 << Date: Fri, 19 Aug 2022 00:48:20 GMT
20:48:20.166 [main] DEBUG com.github.dockerjava.zerodep.shaded.org.apache.hc.client5.http.headers - http-outgoing-0 << Docker-Experimental: false
20:48:20.166 [main] DEBUG com.github.dockerjava.zerodep.shaded.org.apache.hc.client5.http.headers - http-outgoing-0 << Ostype: linux
20:48:20.166 [main] DEBUG com.github.dockerjava.zerodep.shaded.org.apache.hc.client5.http.headers - http-outgoing-0 << Server: Docker/20.10.14 (linux)
20:48:20.166 [main] DEBUG com.github.dockerjava.zerodep.shaded.org.apache.hc.client5.http.headers - http-outgoing-0 << Transfer-Encoding: chunked
20:48:20.166 [main] DEBUG com.github.dockerjava.zerodep.shaded.org.apache.hc.client5.http.impl.classic.MainClientExec - ex-00000002: connection can be kept alive for 3 MINUTES
20:48:20.170 [main] DEBUG com.github.dockerjava.zerodep.shaded.org.apache.hc.client5.http.wire - http-outgoing-0 << "33f[\r][\n]"
20:48:20.170 [main] DEBUG com.github.dockerjava.zerodep.shaded.org.apache.hc.client5.http.wire - http-outgoing-0 << "{"Platform":{"Name":"Docker Desktop 4.8.2 (79419)"},"Components":[{"Name":"Engine","Version":"20.10.14","Details":{"ApiVersion":"1.41","Arch":"arm64","BuildTime":"2022-03-24T01:45:44.000000000+00:00","Experimental":"false","GitCommit":"87a90dc","GoVersion":"go1.16.15","KernelVersion":"5.10.104-linuxkit","MinAPIVersion":"1.12","Os":"linux"}},{"Name":"containerd","Version":"1.5.11","Details":{"GitCommit":"3df54a852345ae127d1fa3092b95168e4a88e2f8"}},{"Name":"runc","Version":"1.0.3","Details":{"GitCommit":"v1.0.3-0-gf46b6ba"}},{"Name":"docker-init","Version":"0.19.0","Details":{"GitCommit":"de40ad0"}}],"Version":"20.10.14","ApiVersion":"1.41","MinAPIVersion":"1.12","GitCommit":"87a90dc","GoVersion":"go1.16.15","Os":"linux","Arch":"arm64","KernelVersion":"5.10.104-linuxkit","BuildTime":"2022-03-24T01:45:44.000000000+00:00"}[\n]"
20:48:20.170 [main] DEBUG com.github.dockerjava.zerodep.shaded.org.apache.hc.client5.http.wire - http-outgoing-0 << "[\r][\n]"
20:48:20.174 [main] DEBUG com.github.dockerjava.zerodep.shaded.org.apache.hc.client5.http.wire - http-outgoing-0 << "0[\r][\n]"
20:48:20.174 [main] DEBUG com.github.dockerjava.zerodep.shaded.org.apache.hc.client5.http.wire - http-outgoing-0 << "[\r][\n]"
20:48:20.174 [main] DEBUG com.github.dockerjava.zerodep.shaded.org.apache.hc.client5.http.impl.classic.InternalHttpClient - ep-00000001: releasing valid endpoint
20:48:20.174 [main] DEBUG com.github.dockerjava.zerodep.shaded.org.apache.hc.client5.http.impl.io.PoolingHttpClientConnectionManager - ep-00000001: releasing endpoint
20:48:20.174 [main] DEBUG com.github.dockerjava.zerodep.shaded.org.apache.hc.client5.http.impl.io.PoolingHttpClientConnectionManager - ep-00000001: connection http-outgoing-0 can be kept alive for 3 MINUTES
20:48:20.174 [main] DEBUG com.github.dockerjava.zerodep.shaded.org.apache.hc.client5.http.impl.io.PoolingHttpClientConnectionManager - ep-00000001: connection released [route: {}->unix://localhost:2375][total available: 1; route allocated: 1 of 2147483647; total allocated: 1 of 2147483647]
20:48:20.174 [main] DEBUG org.testcontainers.DockerClientFactory - Docker version: {Components=[{Name=Engine, Version=20.10.14, Details={ApiVersion=1.41, Arch=arm64, BuildTime=2022-03-24T01:45:44.000000000+00:00, Experimental=false, GitCommit=87a90dc, GoVersion=go1.16.15, KernelVersion=5.10.104-linuxkit, MinAPIVersion=1.12, Os=linux}}, {Name=containerd, Version=1.5.11, Details={GitCommit=3df54a852345ae127d1fa3092b95168e4a88e2f8}}, {Name=runc, Version=1.0.3, Details={GitCommit=v1.0.3-0-gf46b6ba}}, {Name=docker-init, Version=0.19.0, Details={GitCommit=de40ad0}}], KernelVersion=5.10.104-linuxkit, ApiVersion=1.41, Platform={Name=Docker Desktop 4.8.2 (79419)}, GitCommit=87a90dc, Os=linux, Version=20.10.14, MinAPIVersion=1.12, Arch=arm64, GoVersion=go1.16.15, BuildTime=2022-03-24T01:45:44.000000000+00:00}
20:48:20.174 [main] INFO org.testcontainers.DockerClientFactory - Connected to docker: 
  Server Version: 20.10.14
  API Version: 1.41
  Operating System: Docker Desktop
  Total Memory: 7851 MB
20:48:20.178 [main] DEBUG org.testcontainers.utility.RyukResourceReaper - Ryuk is enabled
20:48:20.180 [main] DEBUG org.testcontainers.utility.PrefixingImageNameSubstitutor - No prefix is configured
20:48:20.180 [main] DEBUG org.testcontainers.utility.ImageNameSubstitutor - Did not find a substitute image for testcontainers/ryuk:0.3.3 (using image substitutor: DefaultImageNameSubstitutor (composite of 'ConfigurationFileImageNameSubstitutor' and 'PrefixingImageNameSubstitutor'))
20:48:20.181 [main] DEBUG org.testcontainers.shaded.com.github.dockerjava.core.command.AbstrDockerCmd - Cmd: ListImagesCmdImpl[filters=org.testcontainers.shaded.com.github.dockerjava.core.util.FiltersBuilder@0,imageNameFilter=<null>,showAll=false]
20:48:20.182 [main] DEBUG com.github.dockerjava.zerodep.shaded.org.apache.hc.client5.http.impl.classic.InternalHttpClient - ex-00000003: preparing request execution
20:48:20.182 [main] DEBUG com.github.dockerjava.zerodep.shaded.org.apache.hc.client5.http.protocol.RequestAddCookies - Cookie spec selected: strict
20:48:20.182 [main] DEBUG com.github.dockerjava.zerodep.shaded.org.apache.hc.client5.http.protocol.RequestAuthCache - Auth cache not set in the context
20:48:20.182 [main] DEBUG com.github.dockerjava.zerodep.shaded.org.apache.hc.client5.http.impl.classic.ProtocolExec - ex-00000003: target auth state: UNCHALLENGED
20:48:20.182 [main] DEBUG com.github.dockerjava.zerodep.shaded.org.apache.hc.client5.http.impl.classic.ProtocolExec - ex-00000003: proxy auth state: UNCHALLENGED
20:48:20.182 [main] DEBUG com.github.dockerjava.zerodep.shaded.org.apache.hc.client5.http.impl.classic.ConnectExec - ex-00000003: acquiring connection with route {}->unix://localhost:2375
20:48:20.182 [main] DEBUG com.github.dockerjava.zerodep.shaded.org.apache.hc.client5.http.impl.classic.InternalHttpClient - ex-00000003: acquiring endpoint (3 MINUTES)
20:48:20.182 [main] DEBUG com.github.dockerjava.zerodep.shaded.org.apache.hc.client5.http.impl.io.PoolingHttpClientConnectionManager - ex-00000003: endpoint lease request (3 MINUTES) [route: {}->unix://localhost:2375][total available: 1; route allocated: 1 of 2147483647; total allocated: 1 of 2147483647]
20:48:20.182 [main] DEBUG com.github.dockerjava.zerodep.shaded.org.apache.hc.client5.http.impl.io.PoolingHttpClientConnectionManager - ex-00000003: endpoint leased [route: {}->unix://localhost:2375][total available: 0; route allocated: 1 of 2147483647; total allocated: 1 of 2147483647]
20:48:20.182 [main] DEBUG com.github.dockerjava.zerodep.shaded.org.apache.hc.client5.http.impl.io.PoolingHttpClientConnectionManager - ex-00000003: acquired ep-00000002
20:48:20.182 [main] DEBUG com.github.dockerjava.zerodep.shaded.org.apache.hc.client5.http.impl.classic.InternalHttpClient - ex-00000003: acquired endpoint ep-00000002
20:48:20.182 [main] DEBUG com.github.dockerjava.zerodep.shaded.org.apache.hc.client5.http.impl.classic.MainClientExec - ex-00000003: executing GET /v1.32/images/json HTTP/1.1
20:48:20.182 [main] DEBUG com.github.dockerjava.zerodep.shaded.org.apache.hc.client5.http.impl.classic.InternalHttpClient - ep-00000002: start execution ex-00000003
20:48:20.182 [main] DEBUG com.github.dockerjava.zerodep.shaded.org.apache.hc.client5.http.impl.io.PoolingHttpClientConnectionManager - ep-00000002: executing exchange ex-00000003 over http-outgoing-0
20:48:20.182 [main] DEBUG com.github.dockerjava.zerodep.shaded.org.apache.hc.client5.http.headers - http-outgoing-0 >> GET /v1.32/images/json HTTP/1.1
20:48:20.182 [main] DEBUG com.github.dockerjava.zerodep.shaded.org.apache.hc.client5.http.headers - http-outgoing-0 >> accept: application/json
20:48:20.182 [main] DEBUG com.github.dockerjava.zerodep.shaded.org.apache.hc.client5.http.headers - http-outgoing-0 >> x-tc-sid: 79c75580-927c-468d-9dfa-ca38cb35a17d
20:48:20.182 [main] DEBUG com.github.dockerjava.zerodep.shaded.org.apache.hc.client5.http.headers - http-outgoing-0 >> Accept-Encoding: gzip, x-gzip, deflate
20:48:20.182 [main] DEBUG com.github.dockerjava.zerodep.shaded.org.apache.hc.client5.http.headers - http-outgoing-0 >> Host: localhost:2375
20:48:20.182 [main] DEBUG com.github.dockerjava.zerodep.shaded.org.apache.hc.client5.http.headers - http-outgoing-0 >> Connection: keep-alive
20:48:20.182 [main] DEBUG com.github.dockerjava.zerodep.shaded.org.apache.hc.client5.http.headers - http-outgoing-0 >> User-Agent: Apache-HttpClient/5.0.3 (Java/17.0.2)
20:48:20.182 [main] DEBUG com.github.dockerjava.zerodep.shaded.org.apache.hc.client5.http.wire - http-outgoing-0 >> "GET /v1.32/images/json HTTP/1.1[\r][\n]"
20:48:20.182 [main] DEBUG com.github.dockerjava.zerodep.shaded.org.apache.hc.client5.http.wire - http-outgoing-0 >> "accept: application/json[\r][\n]"
20:48:20.182 [main] DEBUG com.github.dockerjava.zerodep.shaded.org.apache.hc.client5.http.wire - http-outgoing-0 >> "x-tc-sid: 79c75580-927c-468d-9dfa-ca38cb35a17d[\r][\n]"
20:48:20.182 [main] DEBUG com.github.dockerjava.zerodep.shaded.org.apache.hc.client5.http.wire - http-outgoing-0 >> "Accept-Encoding: gzip, x-gzip, deflate[\r][\n]"
20:48:20.182 [main] DEBUG com.github.dockerjava.zerodep.shaded.org.apache.hc.client5.http.wire - http-outgoing-0 >> "Host: localhost:2375[\r][\n]"
20:48:20.182 [main] DEBUG com.github.dockerjava.zerodep.shaded.org.apache.hc.client5.http.wire - http-outgoing-0 >> "Connection: keep-alive[\r][\n]"
20:48:20.182 [main] DEBUG com.github.dockerjava.zerodep.shaded.org.apache.hc.client5.http.wire - http-outgoing-0 >> "User-Agent: Apache-HttpClient/5.0.3 (Java/17.0.2)[\r][\n]"
20:48:20.182 [main] DEBUG com.github.dockerjava.zerodep.shaded.org.apache.hc.client5.http.wire - http-outgoing-0 >> "[\r][\n]"
20:48:20.229 [main] DEBUG com.github.dockerjava.zerodep.shaded.org.apache.hc.client5.http.wire - http-outgoing-0 << "HTTP/1.1 200 OK[\r][\n]"
20:48:20.229 [main] DEBUG com.github.dockerjava.zerodep.shaded.org.apache.hc.client5.http.wire - http-outgoing-0 << "Api-Version: 1.41[\r][\n]"
20:48:20.229 [main] DEBUG com.github.dockerjava.zerodep.shaded.org.apache.hc.client5.http.wire - http-outgoing-0 << "Content-Type: application/json[\r][\n]"
20:48:20.229 [main] DEBUG com.github.dockerjava.zerodep.shaded.org.apache.hc.client5.http.wire - http-outgoing-0 << "Date: Fri, 19 Aug 2022 00:48:20 GMT[\r][\n]"
20:48:20.229 [main] DEBUG com.github.dockerjava.zerodep.shaded.org.apache.hc.client5.http.wire - http-outgoing-0 << "Docker-Experimental: false[\r][\n]"
20:48:20.229 [main] DEBUG com.github.dockerjava.zerodep.shaded.org.apache.hc.client5.http.wire - http-outgoing-0 << "Ostype: linux[\r][\n]"
20:48:20.229 [main] DEBUG com.github.dockerjava.zerodep.shaded.org.apache.hc.client5.http.wire - http-outgoing-0 << "Server: Docker/20.10.14 (linux)[\r][\n]"
20:48:20.229 [main] DEBUG com.github.dockerjava.zerodep.shaded.org.apache.hc.client5.http.wire - http-outgoing-0 << "Transfer-Encoding: chunked[\r][\n]"
20:48:20.229 [main] DEBUG com.github.dockerjava.zerodep.shaded.org.apache.hc.client5.http.wire - http-outgoing-0 << "[\r][\n]"
20:48:20.229 [main] DEBUG com.github.dockerjava.zerodep.shaded.org.apache.hc.client5.http.headers - http-outgoing-0 << HTTP/1.1 200 OK
20:48:20.229 [main] DEBUG com.github.dockerjava.zerodep.shaded.org.apache.hc.client5.http.headers - http-outgoing-0 << Api-Version: 1.41
20:48:20.229 [main] DEBUG com.github.dockerjava.zerodep.shaded.org.apache.hc.client5.http.headers - http-outgoing-0 << Content-Type: application/json
20:48:20.229 [main] DEBUG com.github.dockerjava.zerodep.shaded.org.apache.hc.client5.http.headers - http-outgoing-0 << Date: Fri, 19 Aug 2022 00:48:20 GMT
20:48:20.229 [main] DEBUG com.github.dockerjava.zerodep.shaded.org.apache.hc.client5.http.headers - http-outgoing-0 << Docker-Experimental: false
20:48:20.229 [main] DEBUG com.github.dockerjava.zerodep.shaded.org.apache.hc.client5.http.headers - http-outgoing-0 << Ostype: linux
20:48:20.229 [main] DEBUG com.github.dockerjava.zerodep.shaded.org.apache.hc.client5.http.headers - http-outgoing-0 << Server: Docker/20.10.14 (linux)
20:48:20.229 [main] DEBUG com.github.dockerjava.zerodep.shaded.org.apache.hc.client5.http.headers - http-outgoing-0 << Transfer-Encoding: chunked
20:48:20.229 [main] DEBUG com.github.dockerjava.zerodep.shaded.org.apache.hc.client5.http.impl.classic.MainClientExec - ex-00000003: connection can be kept alive for 3 MINUTES
20:48:20.229 [main] DEBUG com.github.dockerjava.zerodep.shaded.org.apache.hc.client5.http.wire - http-outgoing-0 << "4d52[\r][\n]"
20:48:20.230 [main] DEBUG com.github.dockerjava.zerodep.shaded.org.apache.hc.client5.http.wire - http-outgoing-0 << "[{"Containers":-1,"Created":1657847921,"Id":"sha256:a7f8c6af1385e5f27fc3787e8acf654c8872886f0b9975dd9821849b42f28c6a","Labels":{"architecture":"arm64","build-date":"2022-06-17T04:19:24.046256","com.redhat.build-host":"arm-003.osbs.prod.upshift.rdu2.redhat.com","com.redhat.component":"ubi8-minimal-container","com.redhat.license_terms":"https://www.redhat.com/en/about/red-hat-end-user-license-agreements#UBI","description":"Common base image for Confluent's Docker images.","distribution-scope":"public","io.confluent.docker":"true","io.confluent.docker.build.number":"3","io.confluent.docker.git.id":"403b021b","io.confluent.docker.git.repo":"confluentinc/common-docker","io.k8s.description":"The Universal Base Image Minimal is a stripped down image that uses microdnf as a package manager. This base image is freely redistributable, but Red Hat only supports Red Hat technologies through subscriptions for Red Hat products. This image is maintained by Red Hat and updated regularly.","io.k8s.display-name":"Red Hat Universal Base Image 8 Minimal","io.openshift.expose-services":"","io.openshift.tags":"minimal rhel8","maintainer":"partner-support@confluent.io","name":"cp-ksqldb-examples","release":"7.2.1","summary":"Confluent KSQL is the streaming SQL engine that enables real-time data processing against Apache Kafka[0xffffffc2][0xffffffae].","url":"https://access.redhat.com/containers/#/registry.access.redhat.com/ubi8-minimal/images/8.6-854","vcs-ref":"50293e4ba66ca2194d8ee5a149a665cb9a375c71","vcs-type":"git","vendor":"Confluent","version":"7344f13b"},"ParentId":"","RepoDigests":["confluentinc/ksqldb-examples@sha256:5a59f4a9c6cca4563dd9347b1bf78d99d06ed4dc64e29ae502af016e60406a39"],"RepoTags":["confluentinc/ksqldb-examples:7.2.1"],"SharedSize":-1,"Size":832606285,"VirtualSize":832606285},{"Containers":-1,"Created":1657847689,"Id":"sha256:c98c34c4b3316f51df08c7fa4d3cc5de893e2fd7d28078208d1175ddb23554d5","Labels":{"architecture":"arm64","build-date":"2022-06-17T04:19:24.046256","com.redhat.build-host":"arm-003.osbs.prod.upshift.rdu2.redhat.com","com.redhat.component":"ubi8-minimal-container","com.redhat.license_terms":"https://www.redhat.com/en/about/red-hat-end-user-license-agreements#UBI","description":"Confluent KSQL is the streaming SQL engine that enables real-time data processing against Apache Kafka[0xffffffc2][0xffffffae].","distribution-scope":"public","io.confluent.docker":"true","io.confluent.docker.build.number":"2","io.confluent.docker.git.id":"7344f13b","io.confluent.docker.git.repo":"confluentinc/common-docker","io.k8s.description":"The Universal Base Image Minimal is a stripped down image that uses microdnf as a package manager. This base image is freely redistributable, but Red Hat only supports Red Hat technologies through subscriptions for Red Hat products. This image is maintained by Red Hat and updated regularly.","io.k8s.display-name":"Red Hat Universal Base Image 8 Minimal","io.openshift.expose-services":"","io.openshift.tags":"minimal rhel8","maintainer":"partner-support@confluent.io","name":"cp-ksqldb-server","release":"7.2.1","summary":"Confluent KSQL is the streaming SQL engine that enables real-time data processing against Apache Kafka[0xffffffc2][0xffffffae].","url":"https://access.redhat.com/containers/#/registry.access.redhat.com/ubi8-minimal/images/8.6-854","vcs-ref":"50293e4ba66ca2194d8ee5a149a665cb9a375c71","vcs-type":"git","vendor":"Confluent","version":"7344f13b"},"ParentId":"","RepoDigests":["confluentinc/cp-ksqldb-server@sha256:33c19570f56028494766305d9f5a92f5d7aaaa109275cb15356a79513b0bc61b"],"RepoTags":["confluentinc/cp-ksqldb-server:7.2.1"],"SharedSize":-1,"Size":1376222539,"VirtualSize":1376222539},{"Containers":-1,"Created":1657847478,"Id":"sha256:33036f1d1ff81a29124be075c060f7580142d4d2c65440a9678309fde33f4394","Labels":{"architecture":"arm64","build-date":"2022-06-17T04:19:24.046256","com.redhat.build-host":"arm-003.osbs.prod.upshift.rdu2.redhat.com","com.redhat.component":"ubi8-minimal-container","com.redhat.license_terms":"https://www.redhat.com/en/about/red-hat-end-user-license-agreements#UBI","description":"Common base image for Confluent's Docker images.","distribution-scope":"public","io.confluent.docker":"true","io.confluent.docker.build.number":"2","io.confluent.docker.git.id":"7344f13b","io.confluent.docker.git.repo":"confluentinc/common-docker","io.k8s.description":"The Universal Base Image Minimal is a stripped down image that uses microdnf as a package manager. This base image is freely redistributable, but Red Hat only supports Red Hat technologies through subscriptions for Red Hat products. This image is maintained by Red Hat and updated regularly.","io.k8s.display-name":"Red Hat Universal Base Image 8 Minimal","io.openshift.expose-services":"","io.openshift.tags":"minimal rhel8","maintainer":"partner-support@confluent.io","name":"cp-ksqldb-cli","release":"7.2.1","summary":"Confluent KSQL is the streaming SQL engine that enables real-time data processing against Apache Kafka[0xffffffc2][0xffffffae].","url":"https://access.redhat.com/containers/#/registry.access.redhat.com/ubi8-minimal/images/8.6-854","vcs-ref":"50293e4ba66ca2194d8ee5a149a665cb9a375c71","vcs-type":"git","vendor":"Confluent","version":"7344f13b"},"ParentId":"","RepoDigests":["confluentinc/cp-ksqldb-cli@sha256:644123e93c12fcf10a25d1d1e9ccb726af8de0197bdbf9496f15de462101c5eb"],"RepoTags":["confluentinc/cp-ksqldb-cli:7.2.1"],"SharedSize":-1,"Size":876074594,"VirtualSize":876074594},{"Containers":-1,"Created":1657846435,"Id":"sha256:cbe6067157e41d70f59773686c090afa16f18d70bed38c2f6fc60ecb2f24c9aa","Labels":{"architecture":"arm64","build-date":"2022-06-17T04:19:24.046256","com.redhat.build-host":"arm-003.osbs.prod.upshift.rdu2.redhat.com","com.redhat.component":"ubi8-minimal-container","com.redhat.license_terms":"https://www.redhat.com/en/about/red-hat-end-user-license-agreements#UBI","description":"Confluent Schema Registry provides a RESTful interface for developers to define standard schemas for their events, share them across the organization and safely evolve them in a way that is backward compatible and future proof.","distribution-scope":"public","io.confluent.docker":"true","io.confluent.docker.build.number":"2","io.confluent.docker.git.id":"dc3b7d5","io.confluent.docker.git.repo":"confluentinc/schema-registry-images","io.k8s.description":"The Universal Base Image Minimal is a stripped down image that uses microdnf as a package manager. This base image is freely redistributable, but Red Hat only supports Red Hat technologies through subscriptions for Red Hat products. This image is maintained by Red Hat and updated regularly.","io.k8s.display-name":"Red Hat Universal Base Image 8 Minimal","io.openshift.expose-services":"","io.openshift.tags":"minimal rhel8","maintainer":"partner-support@confluent.io","name":"cp-schema-registry","release":"7.2.1","summary":"Confluent Schema Registry provides a RESTful interface for developers to define standard schemas for their events, share them across the organization and safely evolve them in a way that is backward compatible and future proof.","url":"https://access.redhat.com/containers/#/registry.access.redhat.com/ubi8-minimal/images/8.6-854","vcs-ref":"50293e4ba66ca2194d8ee5a149a665cb9a375c71","vcs-type":"git","vendor":"Confluent","version":"dc3b7d5"},"ParentId":"","RepoDigests":["confluentinc/cp-schema-registry@sha256:1934ba0e2d44eedf5a852037248a367e58ab54b910c31804b069f93e8831d8e3"],"RepoTags":["confluentinc/cp-schema-registry:7.2.1"],"SharedSize":-1,"Size":1873791997,"VirtualSize":1873791997},{"Containers":-1,"Created":1657846390,"Id":"sha256:b70bfff778d29ed323014303d87945aec0957156c91459752369a69f1f4e5bd9","Labels":{"architecture":"arm64","build-date":"2022-06-17T04:19:24.046256","com.redhat.build-host":"arm-003.osbs.prod.upshift.rdu2.redhat.com","com.redhat.component":"ubi8-minimal-container","com.redhat.license_terms":"https://www.redhat.com/en/about/red-hat-end-user-license-agreements#UBI","description":"Confluent Control Center is a web-based graphical user interface that helps you operate and build event streaming applications with Apache Kafka.","distribution-scope":"public","io.confluent.docker":"true","io.confluent.docker.build.number":"2","io.confluent."
20:48:20.233 [main] DEBUG com.github.dockerjava.zerodep.shaded.org.apache.hc.client5.http.wire - http-outgoing-0 << "docker.git.id":"b8e8c41","io.confluent.docker.git.repo":"confluentinc/control-center-images","io.k8s.description":"The Universal Base Image Minimal is a stripped down image that uses microdnf as a package manager. This base image is freely redistributable, but Red Hat only supports Red Hat technologies through subscriptions for Red Hat products. This image is maintained by Red Hat and updated regularly.","io.k8s.display-name":"Red Hat Universal Base Image 8 Minimal","io.openshift.expose-services":"","io.openshift.tags":"minimal rhel8","maintainer":"partner-support@confluent.io","name":"cp-enterprise-control-center","release":"7.2.1","summary":"Confluent Control Center is a web-based graphical user interface that helps you operate and build event streaming applications with Apache Kafka.","url":"https://access.redhat.com/containers/#/registry.access.redhat.com/ubi8-minimal/images/8.6-854","vcs-ref":"50293e4ba66ca2194d8ee5a149a665cb9a375c71","vcs-type":"git","vendor":"Confluent","version":"b8e8c41"},"ParentId":"","RepoDigests":["confluentinc/cp-enterprise-control-center@sha256:a1ea489989722b6659b22af1a3156316d6428f86dab96192afb4152874571871"],"RepoTags":["confluentinc/cp-enterprise-control-center:7.2.1"],"SharedSize":-1,"Size":1245981930,"VirtualSize":1245981930},{"Containers":-1,"Created":1657846327,"Id":"sha256:cfe06ccf0dee16437b60bb582b34dfda79448d222c24b2443adbcb8fa1e44a88","Labels":{"architecture":"arm64","build-date":"2022-06-17T04:19:24.046256","com.redhat.build-host":"arm-003.osbs.prod.upshift.rdu2.redhat.com","com.redhat.component":"ubi8-minimal-container","com.redhat.license_terms":"https://www.redhat.com/en/about/red-hat-end-user-license-agreements#UBI","description":"Confluent platform server image.","distribution-scope":"public","io.confluent.docker":"true","io.confluent.docker.build.number":"2","io.confluent.docker.git.id":"a46aa7fd","io.confluent.docker.git.repo":"confluentinc/kafka-images","io.k8s.description":"The Universal Base Image Minimal is a stripped down image that uses microdnf as a package manager. This base image is freely redistributable, but Red Hat only supports Red Hat technologies through subscriptions for Red Hat products. This image is maintained by Red Hat and updated regularly.","io.k8s.display-name":"Red Hat Universal Base Image 8 Minimal","io.openshift.expose-services":"","io.openshift.tags":"minimal rhel8","maintainer":"partner-support@confluent.io","name":"cp-server","release":"7.2.1","summary":"Confluent platform server image.","url":"https://access.redhat.com/containers/#/registry.access.redhat.com/ubi8-minimal/images/8.6-854","vcs-ref":"50293e4ba66ca2194d8ee5a149a665cb9a375c71","vcs-type":"git","vendor":"Confluent","version":"a46aa7fd"},"ParentId":"","RepoDigests":["confluentinc/cp-server@sha256:72694cedfa9877b2dd86e5d85466a740eb7b9ca8c393f2bf393e479a2cc506a7"],"RepoTags":["confluentinc/cp-server:7.2.1"],"SharedSize":-1,"Size":1684771974,"VirtualSize":1684771974},{"Containers":-1,"Created":1657846242,"Id":"sha256:c289b1634998e3dca325ea6b0d05cc376d755bbef8f5cc30617b265443af3881","Labels":{"architecture":"arm64","build-date":"2022-06-17T04:19:24.046256","com.redhat.build-host":"arm-003.osbs.prod.upshift.rdu2.redhat.com","com.redhat.component":"ubi8-minimal-container","com.redhat.license_terms":"https://www.redhat.com/en/about/red-hat-end-user-license-agreements#UBI","description":"ZooKeeper is a centralized service for maintaining configuration information, naming, providing distributed synchronization, and providing group services.","distribution-scope":"public","io.confluent.docker":"true","io.confluent.docker.build.number":"2","io.confluent.docker.git.id":"a46aa7fd","io.confluent.docker.git.repo":"confluentinc/kafka-images","io.k8s.description":"The Universal Base Image Minimal is a stripped down image that uses microdnf as a package manager. This base image is freely redistributable, but Red Hat only supports Red Hat technologies through subscriptions for Red Hat products. This image is maintained by Red Hat and updated regularly.","io.k8s.display-name":"Red Hat Universal Base Image 8 Minimal","io.openshift.expose-services":"","io.openshift.tags":"minimal rhel8","maintainer":"partner-support@confluent.io","name":"cp-zookeeper","release":"7.2.1","summary":"ZooKeeper is a centralized service for maintaining configuration information, naming, providing distributed synchronization, and providing group services.","url":"https://access.redhat.com/containers/#/registry.access.redhat.com/ubi8-minimal/images/8.6-854","vcs-ref":"50293e4ba66ca2194d8ee5a149a665cb9a375c71","vcs-type":"git","vendor":"Confluent","version":"a46aa7fd"},"ParentId":"","RepoDigests":["confluentinc/cp-zookeeper@sha256:a09fad082e136eb63c1b63c4a13c7b90ec9584a8d03c70a61fc94a4137bf2a09"],"RepoTags":["confluentinc/cp-zookeeper:7.2.1"],"SharedSize":-1,"Size":800551877,"VirtualSize":800551877},{"Containers":-1,"Created":1657846143,"Id":"sha256:14d07ea1536121b5894c1b88e6f0cc1a2d52bbfcd7b17d14c9f5a5a76f93d4ce","Labels":{"architecture":"arm64","build-date":"2022-06-17T04:19:24.046256","com.redhat.build-host":"arm-003.osbs.prod.upshift.rdu2.redhat.com","com.redhat.component":"ubi8-minimal-container","com.redhat.license_terms":"https://www.redhat.com/en/about/red-hat-end-user-license-agreements#UBI","description":"Common base image for Confluent's Docker images.","distribution-scope":"public","io.confluent.docker":"true","io.confluent.docker.build.number":"3","io.confluent.docker.git.id":"403b021b","io.confluent.docker.git.repo":"confluentinc/kafka-rest-images","io.k8s.description":"The Universal Base Image Minimal is a stripped down image that uses microdnf as a package manager. This base image is freely redistributable, but Red Hat only supports Red Hat technologies through subscriptions for Red Hat products. This image is maintained by Red Hat and updated regularly.","io.k8s.display-name":"Red Hat Universal Base Image 8 Minimal","io.openshift.expose-services":"","io.openshift.tags":"minimal rhel8","maintainer":"partner-support@confluent.io","name":"cp-kafka-rest","release":"7.2.1","summary":"The Confluent REST Proxy provides a RESTful interface to a Kafka cluster, making it easy to produce and consume messages, view the state of the cluster, and perform administrative actions without using the native Kafka protocol or clients.","url":"https://access.redhat.com/containers/#/registry.access.redhat.com/ubi8-minimal/images/8.6-854","vcs-ref":"50293e4ba66ca2194d8ee5a149a665cb9a375c71","vcs-type":"git","vendor":"Confluent","version":"3dbc70c"},"ParentId":"","RepoDigests":["confluentinc/cp-kafka-rest@sha256:22917ed388dda5eb420079eda44c3e32a9774b27de7336754f3ac92427e4c3f6"],"RepoTags":["confluentinc/cp-kafka-rest:7.2.1"],"SharedSize":-1,"Size":1779766381,"VirtualSize":1779766381},{"Containers":-1,"Created":1652707667,"Id":"sha256:bcce91d46fe0745a8e41b0bd3b3203fa043102bacdd4c962db278f03f71bf51f","Labels":{"architecture":"arm64","build-date":"2022-05-03T08:57:56.168404","com.redhat.build-host":"arm-002.osbs.prod.upshift.rdu2.redhat.com","com.redhat.component":"ubi8-minimal-container","com.redhat.license_terms":"https://www.redhat.com/en/about/red-hat-end-user-license-agreements#UBI","description":"The Universal Base Image Minimal is a stripped down image that uses microdnf as a package manager. This base image is freely redistributable, but Red Hat only supports Red Hat technologies through subscriptions for Red Hat products. This image is maintained by Red Hat and updated regularly.","distribution-scope":"public","io.k8s.description":"The Universal Base Image Minimal is a stripped down image that uses microdnf as a package manager. This base image is freely redistributable, but Red Hat only supports Red Hat technologies through subscriptions for Red Hat products. This image is maintained by Red Hat and updated regularly.","io.k8s.display-name":"Red Hat Universal Base Image 8 Minimal","io.openshift.expose-services":"","io.openshift.tags":"minimal rhel8","maintai"
20:48:20.234 [main] DEBUG com.github.dockerjava.zerodep.shaded.org.apache.hc.client5.http.wire - http-outgoing-0 << "ner":"Red Hat, Inc.","name":"ubi8-minimal","org.opencontainers.image.created":"2022-05-16T13:26:10.973Z","org.opencontainers.image.description":"Open Source Identity and Access Management For Modern Applications and Services","org.opencontainers.image.licenses":"Apache-2.0","org.opencontainers.image.revision":"ef47eee2dda29a0f08187ae67970323c28947f11","org.opencontainers.image.source":"https://github.com/keycloak/keycloak","org.opencontainers.image.title":"keycloak","org.opencontainers.image.url":"https://github.com/keycloak/keycloak","org.opencontainers.image.version":"18.0.0","release":"751","summary":"Provides the latest release of the minimal Red Hat Universal Base Image 8.","url":"https://access.redhat.com/containers/#/registry.access.redhat.com/ubi8-minimal/images/8.6-751","vcs-ref":"50293e4ba66ca2194d8ee5a149a665cb9a375c71","vcs-type":"git","vendor":"Red Hat, Inc.","version":"8.6"},"ParentId":"","RepoDigests":["quay.io/keycloak/keycloak@sha256:7f80b2c243c738761bb8702c16b7f30da40426604f2c18a5767492917ca886dc"],"RepoTags":["quay.io/keycloak/keycloak:18.0.0"],"SharedSize":-1,"Size":562040986,"VirtualSize":562040986},{"Containers":-1,"Created":1651029468,"Id":"sha256:c49ba8e926918d81dc694e46800d1c2e1b26a529769445b396f5639742b82127","Labels":null,"ParentId":"","RepoDigests":["mysql/mysql-server@sha256:1a8d2a5584e53a42a43cbd430ae340a36942afee9e14a86624a2cb2d90ce655b"],"RepoTags":["mysql/mysql-server:latest"],"SharedSize":-1,"Size":488973865,"VirtualSize":488973865},{"Containers":-1,"Created":1649780566,"Id":"sha256:75be6f0c150c73e7f9df370f54a37c9db324fbef14bd86cb91ddecb11e538ec8","Labels":{"architecture":"x86_64","build-date":"2022-03-28T09:21:44.133397","com.redhat.build-host":"cpt-1008.osbs.prod.upshift.rdu2.redhat.com","com.redhat.component":"ubi8-minimal-container","com.redhat.license_terms":"https://www.redhat.com/en/about/red-hat-end-user-license-agreements#UBI","description":"Confluent platform server connect image.","distribution-scope":"public","io.confluent.docker":"true","io.confluent.docker.build.number":"6","io.confluent.docker.git.id":"a39d0361","io.confluent.docker.git.repo":"confluentinc/kafka-images","io.k8s.description":"The Universal Base Image Minimal is a stripped down image that uses microdnf as a package manager. This base image is freely redistributable, but Red Hat only supports Red Hat technologies through subscriptions for Red Hat products. This image is maintained by Red Hat and updated regularly.","io.k8s.display-name":"Red Hat Universal Base Image 8 Minimal","io.openshift.expose-services":"","io.openshift.tags":"minimal rhel8","maintainer":"partner-support@confluent.io","name":"cp-server-connect","release":"7.1.0","summary":"Confluent platform server connect image.","url":"https://access.redhat.com/containers/#/registry.access.redhat.com/ubi8-minimal/images/8.5-240.1648458092","vcs-ref":"7ffc2d965ea414fc38f42d93090d967a5aee2c33","vcs-type":"git","vendor":"Confluent","version":"a39d0361"},"ParentId":"","RepoDigests":["cnfldemos/cp-server-connect-datagen@sha256:ed1778223761bc51fbcc8df2f77412e565b537587a8f376ca5f6f676fe50c619"],"RepoTags":["cnfldemos/cp-server-connect-datagen:0.5.3-7.1.0"],"SharedSize":-1,"Size":2290617702,"VirtualSize":2290617702},{"Containers":-1,"Created":1642150348,"Id":"sha256:5950d3049f520e1bb5c159a3ae31f8b2cdaa75423d3599f306b8353a87808485","Labels":null,"ParentId":"","RepoDigests":["koolwithk/sonarqube-arm@sha256:aba1d0a7d2655390d3766dd3664817dca40e2e1a3e324449002a83549e305463"],"RepoTags":["koolwithk/sonarqube-arm:9.2.4-community"],"SharedSize":-1,"Size":509544520,"VirtualSize":509544520}][\n]"
20:48:20.235 [main] DEBUG com.github.dockerjava.zerodep.shaded.org.apache.hc.client5.http.wire - http-outgoing-0 << "[\r][\n]"
20:48:20.235 [main] DEBUG com.github.dockerjava.zerodep.shaded.org.apache.hc.client5.http.wire - http-outgoing-0 << "0[\r][\n]"
20:48:20.235 [main] DEBUG com.github.dockerjava.zerodep.shaded.org.apache.hc.client5.http.wire - http-outgoing-0 << "[\r][\n]"
20:48:20.235 [main] DEBUG com.github.dockerjava.zerodep.shaded.org.apache.hc.client5.http.impl.classic.InternalHttpClient - ep-00000002: releasing valid endpoint
20:48:20.235 [main] DEBUG com.github.dockerjava.zerodep.shaded.org.apache.hc.client5.http.impl.io.PoolingHttpClientConnectionManager - ep-00000002: releasing endpoint
20:48:20.235 [main] DEBUG com.github.dockerjava.zerodep.shaded.org.apache.hc.client5.http.impl.io.PoolingHttpClientConnectionManager - ep-00000002: connection http-outgoing-0 can be kept alive for 3 MINUTES
20:48:20.235 [main] DEBUG com.github.dockerjava.zerodep.shaded.org.apache.hc.client5.http.impl.io.PoolingHttpClientConnectionManager - ep-00000002: connection released [route: {}->unix://localhost:2375][total available: 1; route allocated: 1 of 2147483647; total allocated: 1 of 2147483647]
20:48:20.236 [main] DEBUG 🐳 [testcontainers/ryuk:0.3.3] - testcontainers/ryuk:0.3.3 is not in image name cache, updating...
20:48:20.237 [main] DEBUG org.testcontainers.shaded.com.github.dockerjava.core.command.AbstrDockerCmd - Cmd: testcontainers/ryuk:0.3.3
20:48:20.239 [main] DEBUG com.github.dockerjava.zerodep.shaded.org.apache.hc.client5.http.impl.classic.InternalHttpClient - ex-00000004: preparing request execution
20:48:20.239 [main] DEBUG com.github.dockerjava.zerodep.shaded.org.apache.hc.client5.http.protocol.RequestAddCookies - Cookie spec selected: strict
20:48:20.239 [main] DEBUG com.github.dockerjava.zerodep.shaded.org.apache.hc.client5.http.protocol.RequestAuthCache - Auth cache not set in the context
20:48:20.239 [main] DEBUG com.github.dockerjava.zerodep.shaded.org.apache.hc.client5.http.impl.classic.ProtocolExec - ex-00000004: target auth state: UNCHALLENGED
20:48:20.239 [main] DEBUG com.github.dockerjava.zerodep.shaded.org.apache.hc.client5.http.impl.classic.ProtocolExec - ex-00000004: proxy auth state: UNCHALLENGED
20:48:20.239 [main] DEBUG com.github.dockerjava.zerodep.shaded.org.apache.hc.client5.http.impl.classic.ConnectExec - ex-00000004: acquiring connection with route {}->unix://localhost:2375
20:48:20.239 [main] DEBUG com.github.dockerjava.zerodep.shaded.org.apache.hc.client5.http.impl.classic.InternalHttpClient - ex-00000004: acquiring endpoint (3 MINUTES)
20:48:20.239 [main] DEBUG com.github.dockerjava.zerodep.shaded.org.apache.hc.client5.http.impl.io.PoolingHttpClientConnectionManager - ex-00000004: endpoint lease request (3 MINUTES) [route: {}->unix://localhost:2375][total available: 1; route allocated: 1 of 2147483647; total allocated: 1 of 2147483647]
20:48:20.239 [main] DEBUG com.github.dockerjava.zerodep.shaded.org.apache.hc.client5.http.impl.io.PoolingHttpClientConnectionManager - ex-00000004: endpoint leased [route: {}->unix://localhost:2375][total available: 0; route allocated: 1 of 2147483647; total allocated: 1 of 2147483647]
20:48:20.239 [main] DEBUG com.github.dockerjava.zerodep.shaded.org.apache.hc.client5.http.impl.io.PoolingHttpClientConnectionManager - ex-00000004: acquired ep-00000003
20:48:20.239 [main] DEBUG com.github.dockerjava.zerodep.shaded.org.apache.hc.client5.http.impl.classic.InternalHttpClient - ex-00000004: acquired endpoint ep-00000003
20:48:20.239 [main] DEBUG com.github.dockerjava.zerodep.shaded.org.apache.hc.client5.http.impl.classic.MainClientExec - ex-00000004: executing GET /v1.32/images/testcontainers%2Fryuk:0.3.3/json HTTP/1.1
20:48:20.239 [main] DEBUG com.github.dockerjava.zerodep.shaded.org.apache.hc.client5.http.impl.classic.InternalHttpClient - ep-00000003: start execution ex-00000004
20:48:20.239 [main] DEBUG com.github.dockerjava.zerodep.shaded.org.apache.hc.client5.http.impl.io.PoolingHttpClientConnectionManager - ep-00000003: executing exchange ex-00000004 over http-outgoing-0
20:48:20.239 [main] DEBUG com.github.dockerjava.zerodep.shaded.org.apache.hc.client5.http.headers - http-outgoing-0 >> GET /v1.32/images/testcontainers%2Fryuk:0.3.3/json HTTP/1.1
20:48:20.239 [main] DEBUG com.github.dockerjava.zerodep.shaded.org.apache.hc.client5.http.headers - http-outgoing-0 >> accept: application/json
20:48:20.239 [main] DEBUG com.github.dockerjava.zerodep.shaded.org.apache.hc.client5.http.headers - http-outgoing-0 >> x-tc-sid: 79c75580-927c-468d-9dfa-ca38cb35a17d
20:48:20.239 [main] DEBUG com.github.dockerjava.zerodep.shaded.org.apache.hc.client5.http.headers - http-outgoing-0 >> Accept-Encoding: gzip, x-gzip, deflate
20:48:20.239 [main] DEBUG com.github.dockerjava.zerodep.shaded.org.apache.hc.client5.http.headers - http-outgoing-0 >> Host: localhost:2375
20:48:20.239 [main] DEBUG com.github.dockerjava.zerodep.shaded.org.apache.hc.client5.http.headers - http-outgoing-0 >> Connection: keep-alive
20:48:20.239 [main] DEBUG com.github.dockerjava.zerodep.shaded.org.apache.hc.client5.http.headers - http-outgoing-0 >> User-Agent: Apache-HttpClient/5.0.3 (Java/17.0.2)
20:48:20.239 [main] DEBUG com.github.dockerjava.zerodep.shaded.org.apache.hc.client5.http.wire - http-outgoing-0 >> "GET /v1.32/images/testcontainers%2Fryuk:0.3.3/json HTTP/1.1[\r][\n]"
20:48:20.239 [main] DEBUG com.github.dockerjava.zerodep.shaded.org.apache.hc.client5.http.wire - http-outgoing-0 >> "accept: application/json[\r][\n]"
20:48:20.239 [main] DEBUG com.github.dockerjava.zerodep.shaded.org.apache.hc.client5.http.wire - http-outgoing-0 >> "x-tc-sid: 79c75580-927c-468d-9dfa-ca38cb35a17d[\r][\n]"
20:48:20.239 [main] DEBUG com.github.dockerjava.zerodep.shaded.org.apache.hc.client5.http.wire - http-outgoing-0 >> "Accept-Encoding: gzip, x-gzip, deflate[\r][\n]"
20:48:20.239 [main] DEBUG com.github.dockerjava.zerodep.shaded.org.apache.hc.client5.http.wire - http-outgoing-0 >> "Host: localhost:2375[\r][\n]"
20:48:20.239 [main] DEBUG com.github.dockerjava.zerodep.shaded.org.apache.hc.client5.http.wire - http-outgoing-0 >> "Connection: keep-alive[\r][\n]"
20:48:20.239 [main] DEBUG com.github.dockerjava.zerodep.shaded.org.apache.hc.client5.http.wire - http-outgoing-0 >> "User-Agent: Apache-HttpClient/5.0.3 (Java/17.0.2)[\r][\n]"
20:48:20.239 [main] DEBUG com.github.dockerjava.zerodep.shaded.org.apache.hc.client5.http.wire - http-outgoing-0 >> "[\r][\n]"
20:48:20.249 [main] DEBUG com.github.dockerjava.zerodep.shaded.org.apache.hc.client5.http.wire - http-outgoing-0 << "HTTP/1.1 404 Not Found[\r][\n]"
20:48:20.249 [main] DEBUG com.github.dockerjava.zerodep.shaded.org.apache.hc.client5.http.wire - http-outgoing-0 << "Api-Version: 1.41[\r][\n]"
20:48:20.249 [main] DEBUG com.github.dockerjava.zerodep.shaded.org.apache.hc.client5.http.wire - http-outgoing-0 << "Content-Type: application/json[\r][\n]"
20:48:20.249 [main] DEBUG com.github.dockerjava.zerodep.shaded.org.apache.hc.client5.http.wire - http-outgoing-0 << "Date: Fri, 19 Aug 2022 00:48:20 GMT[\r][\n]"
20:48:20.249 [main] DEBUG com.github.dockerjava.zerodep.shaded.org.apache.hc.client5.http.wire - http-outgoing-0 << "Docker-Experimental: false[\r][\n]"
20:48:20.249 [main] DEBUG com.github.dockerjava.zerodep.shaded.org.apache.hc.client5.http.wire - http-outgoing-0 << "Ostype: linux[\r][\n]"
20:48:20.249 [main] DEBUG com.github.dockerjava.zerodep.shaded.org.apache.hc.client5.http.wire - http-outgoing-0 << "Server: Docker/20.10.14 (linux)[\r][\n]"
20:48:20.249 [main] DEBUG com.github.dockerjava.zerodep.shaded.org.apache.hc.client5.http.wire - http-outgoing-0 << "Transfer-Encoding: chunked[\r][\n]"
20:48:20.249 [main] DEBUG com.github.dockerjava.zerodep.shaded.org.apache.hc.client5.http.wire - http-outgoing-0 << "[\r][\n]"
20:48:20.249 [main] DEBUG com.github.dockerjava.zerodep.shaded.org.apache.hc.client5.http.headers - http-outgoing-0 << HTTP/1.1 404 Not Found
20:48:20.250 [main] DEBUG com.github.dockerjava.zerodep.shaded.org.apache.hc.client5.http.headers - http-outgoing-0 << Api-Version: 1.41
20:48:20.250 [main] DEBUG com.github.dockerjava.zerodep.shaded.org.apache.hc.client5.http.headers - http-outgoing-0 << Content-Type: application/json
20:48:20.250 [main] DEBUG com.github.dockerjava.zerodep.shaded.org.apache.hc.client5.http.headers - http-outgoing-0 << Date: Fri, 19 Aug 2022 00:48:20 GMT
20:48:20.250 [main] DEBUG com.github.dockerjava.zerodep.shaded.org.apache.hc.client5.http.headers - http-outgoing-0 << Docker-Experimental: false
20:48:20.250 [main] DEBUG com.github.dockerjava.zerodep.shaded.org.apache.hc.client5.http.headers - http-outgoing-0 << Ostype: linux
20:48:20.250 [main] DEBUG com.github.dockerjava.zerodep.shaded.org.apache.hc.client5.http.headers - http-outgoing-0 << Server: Docker/20.10.14 (linux)
20:48:20.250 [main] DEBUG com.github.dockerjava.zerodep.shaded.org.apache.hc.client5.http.headers - http-outgoing-0 << Transfer-Encoding: chunked
20:48:20.250 [main] DEBUG com.github.dockerjava.zerodep.shaded.org.apache.hc.client5.http.impl.classic.MainClientExec - ex-00000004: connection can be kept alive for 3 MINUTES
20:48:20.254 [main] DEBUG com.github.dockerjava.zerodep.shaded.org.apache.hc.client5.http.wire - http-outgoing-0 << "61[\r][\n]"
20:48:20.254 [main] DEBUG com.github.dockerjava.zerodep.shaded.org.apache.hc.client5.http.wire - http-outgoing-0 << "{"message":"no such image: testcontainers/ryuk:0.3.3: No such image: testcontainers/ryuk:0.3.3"}[\n]"
20:48:20.254 [main] DEBUG com.github.dockerjava.zerodep.shaded.org.apache.hc.client5.http.wire - http-outgoing-0 << "[\r][\n]"
20:48:20.254 [main] DEBUG com.github.dockerjava.zerodep.shaded.org.apache.hc.client5.http.wire - http-outgoing-0 << "0[\r][\n]"
20:48:20.254 [main] DEBUG com.github.dockerjava.zerodep.shaded.org.apache.hc.client5.http.wire - http-outgoing-0 << "[\r][\n]"
20:48:20.254 [main] DEBUG com.github.dockerjava.zerodep.shaded.org.apache.hc.client5.http.impl.classic.InternalHttpClient - ep-00000003: releasing valid endpoint
20:48:20.254 [main] DEBUG com.github.dockerjava.zerodep.shaded.org.apache.hc.client5.http.impl.io.PoolingHttpClientConnectionManager - ep-00000003: releasing endpoint
20:48:20.254 [main] DEBUG com.github.dockerjava.zerodep.shaded.org.apache.hc.client5.http.impl.io.PoolingHttpClientConnectionManager - ep-00000003: connection http-outgoing-0 can be kept alive for 3 MINUTES
20:48:20.254 [main] DEBUG com.github.dockerjava.zerodep.shaded.org.apache.hc.client5.http.impl.io.PoolingHttpClientConnectionManager - ep-00000003: connection released [route: {}->unix://localhost:2375][total available: 1; route allocated: 1 of 2147483647; total allocated: 1 of 2147483647]
20:48:20.254 [main] DEBUG org.testcontainers.images.AbstractImagePullPolicy - Not available locally, should pull image: testcontainers/ryuk:0.3.3
20:48:20.254 [main] INFO 🐳 [testcontainers/ryuk:0.3.3] - Pulling docker image: testcontainers/ryuk:0.3.3. Please be patient; this may take some time but only needs to be done once.
20:48:20.280 [main] DEBUG org.testcontainers.utility.RegistryAuthLocator - Looking up auth config for image: testcontainers/ryuk:latest at registry: https://index.docker.io/v1/
20:48:20.280 [main] DEBUG org.testcontainers.utility.RegistryAuthLocator - RegistryAuthLocator has configFile: /Users/fabricefoko/.docker/config.json (exists) and commandPathPrefix: 
20:48:20.281 [main] DEBUG org.testcontainers.utility.RegistryAuthLocator - registryName [https://index.docker.io/v1/] for dockerImageName [testcontainers/ryuk:latest]
20:48:20.281 [main] DEBUG org.testcontainers.utility.RegistryAuthLocator - Executing docker credential provider: docker-credential-desktop to locate auth config for: https://index.docker.io/v1/
20:48:20.284 [main] DEBUG org.testcontainers.shaded.org.zeroturnaround.exec.ProcessExecutor - Executing [docker-credential-desktop, get].
20:48:20.297 [main] DEBUG org.testcontainers.shaded.org.zeroturnaround.exec.ProcessExecutor - Started Process[pid=96469, exitValue="not exited"]
20:48:20.487 [WaitForProcess-Process[pid=96469, exitValue="not exited"]] DEBUG org.testcontainers.shaded.org.zeroturnaround.exec.WaitForProcess - Process[pid=96469, exitValue=0] stopped with exit code 0
20:48:20.488 [main] DEBUG org.testcontainers.utility.RegistryAuthLocator - Credential helper/store provided auth config for: https://index.docker.io/v1/
20:48:20.489 [main] DEBUG org.testcontainers.utility.RegistryAuthLocator - found creds store auth config [AuthConfig{username=fabrice7891, password=hidden non-blank value, auth=blank, email=null, registryAddress=https://index.docker.io/v1/, registryToken=blank}]
20:48:20.489 [main] DEBUG org.testcontainers.utility.RegistryAuthLocator - Cached auth found: [AuthConfig{username=fabrice7891, password=hidden non-blank value, auth=blank, email=null, registryAddress=https://index.docker.io/v1/, registryToken=blank}]
20:48:20.489 [main] DEBUG org.testcontainers.dockerclient.AuthDelegatingDockerClientConfig - Effective auth config [AuthConfig{username=fabrice7891, password=hidden non-blank value, auth=blank, email=null, registryAddress=https://index.docker.io/v1/, registryToken=blank}]
20:48:20.510 [docker-java-stream-809939826] DEBUG com.github.dockerjava.zerodep.shaded.org.apache.hc.client5.http.impl.classic.InternalHttpClient - ex-00000005: preparing request execution
20:48:20.510 [docker-java-stream-809939826] DEBUG com.github.dockerjava.zerodep.shaded.org.apache.hc.client5.http.protocol.RequestAddCookies - Cookie spec selected: strict
20:48:20.510 [docker-java-stream-809939826] DEBUG com.github.dockerjava.zerodep.shaded.org.apache.hc.client5.http.protocol.RequestAuthCache - Auth cache not set in the context
20:48:20.510 [docker-java-stream-809939826] DEBUG com.github.dockerjava.zerodep.shaded.org.apache.hc.client5.http.impl.classic.ProtocolExec - ex-00000005: target auth state: UNCHALLENGED
20:48:20.510 [docker-java-stream-809939826] DEBUG com.github.dockerjava.zerodep.shaded.org.apache.hc.client5.http.impl.classic.ProtocolExec - ex-00000005: proxy auth state: UNCHALLENGED
20:48:20.510 [docker-java-stream-809939826] DEBUG com.github.dockerjava.zerodep.shaded.org.apache.hc.client5.http.impl.classic.ConnectExec - ex-00000005: acquiring connection with route {}->unix://localhost:2375
20:48:20.510 [docker-java-stream-809939826] DEBUG com.github.dockerjava.zerodep.shaded.org.apache.hc.client5.http.impl.classic.InternalHttpClient - ex-00000005: acquiring endpoint (3 MINUTES)
20:48:20.510 [docker-java-stream-809939826] DEBUG com.github.dockerjava.zerodep.shaded.org.apache.hc.client5.http.impl.io.PoolingHttpClientConnectionManager - ex-00000005: endpoint lease request (3 MINUTES) [route: {}->unix://localhost:2375][total available: 1; route allocated: 1 of 2147483647; total allocated: 1 of 2147483647]
20:48:20.510 [docker-java-stream-809939826] DEBUG com.github.dockerjava.zerodep.shaded.org.apache.hc.client5.http.impl.io.PoolingHttpClientConnectionManager - ex-00000005: endpoint leased [route: {}->unix://localhost:2375][total available: 0; route allocated: 1 of 2147483647; total allocated: 1 of 2147483647]
20:48:20.510 [docker-java-stream-809939826] DEBUG com.github.dockerjava.zerodep.shaded.org.apache.hc.client5.http.impl.io.PoolingHttpClientConnectionManager - ex-00000005: acquired ep-00000004
20:48:20.510 [docker-java-stream-809939826] DEBUG com.github.dockerjava.zerodep.shaded.org.apache.hc.client5.http.impl.classic.InternalHttpClient - ex-00000005: acquired endpoint ep-00000004
20:48:20.510 [docker-java-stream-809939826] DEBUG com.github.dockerjava.zerodep.shaded.org.apache.hc.client5.http.impl.classic.MainClientExec - ex-00000005: executing POST /v1.32/images/create?fromImage=testcontainers%2Fryuk&tag=0.3.3 HTTP/1.1
20:48:20.510 [docker-java-stream-809939826] DEBUG com.github.dockerjava.zerodep.shaded.org.apache.hc.client5.http.impl.classic.InternalHttpClient - ep-00000004: start execution ex-00000005
20:48:20.510 [docker-java-stream-809939826] DEBUG com.github.dockerjava.zerodep.shaded.org.apache.hc.client5.http.impl.io.PoolingHttpClientConnectionManager - ep-00000004: executing exchange ex-00000005 over http-outgoing-0
20:48:20.510 [docker-java-stream-809939826] DEBUG com.github.dockerjava.zerodep.shaded.org.apache.hc.client5.http.headers - http-outgoing-0 >> POST /v1.32/images/create?fromImage=testcontainers%2Fryuk&tag=0.3.3 HTTP/1.1
20:48:20.510 [docker-java-stream-809939826] DEBUG com.github.dockerjava.zerodep.shaded.org.apache.hc.client5.http.headers - http-outgoing-0 >> X-Registry-Auth: eyJ1c2VybmFtZSI6ImZhYnJpY2U3ODkxIiwicGFzc3dvcmQiOiJkY2tyX3BhdF9wTmdubHJ1RVJqeXN4X0YxeGpMT0p4bU1HMEEiLCJlbWFpbCI6bnVsbCwic2VydmVyYWRkcmVzcyI6Imh0dHBzOi8vaW5kZXguZG9ja2VyLmlvL3YxLyIsImF1dGgiOm51bGwsInJlZ2lzdHJ5dG9rZW4iOm51bGwsImlkZW50aXR5dG9rZW4iOm51bGwsInN0YWNrT3JjaGVzdHJhdG9yIjpudWxsfQ==
20:48:20.510 [docker-java-stream-809939826] DEBUG com.github.dockerjava.zerodep.shaded.org.apache.hc.client5.http.headers - http-outgoing-0 >> accept: application/octet-stream
20:48:20.510 [docker-java-stream-809939826] DEBUG com.github.dockerjava.zerodep.shaded.org.apache.hc.client5.http.headers - http-outgoing-0 >> content-type: application/json
20:48:20.510 [docker-java-stream-809939826] DEBUG com.github.dockerjava.zerodep.shaded.org.apache.hc.client5.http.headers - http-outgoing-0 >> x-tc-sid: 79c75580-927c-468d-9dfa-ca38cb35a17d
20:48:20.510 [docker-java-stream-809939826] DEBUG com.github.dockerjava.zerodep.shaded.org.apache.hc.client5.http.headers - http-outgoing-0 >> Accept-Encoding: gzip, x-gzip, deflate
20:48:20.510 [docker-java-stream-809939826] DEBUG com.github.dockerjava.zerodep.shaded.org.apache.hc.client5.http.headers - http-outgoing-0 >> Host: localhost:2375
20:48:20.510 [docker-java-stream-809939826] DEBUG com.github.dockerjava.zerodep.shaded.org.apache.hc.client5.http.headers - http-outgoing-0 >> Connection: keep-alive
20:48:20.510 [docker-java-stream-809939826] DEBUG com.github.dockerjava.zerodep.shaded.org.apache.hc.client5.http.headers - http-outgoing-0 >> User-Agent: Apache-HttpClient/5.0.3 (Java/17.0.2)
20:48:20.510 [docker-java-stream-809939826] DEBUG com.github.dockerjava.zerodep.shaded.org.apache.hc.client5.http.wire - http-outgoing-0 >> "POST /v1.32/images/create?fromImage=testcontainers%2Fryuk&tag=0.3.3 HTTP/1.1[\r][\n]"
20:48:20.510 [docker-java-stream-809939826] DEBUG com.github.dockerjava.zerodep.shaded.org.apache.hc.client5.http.wire - http-outgoing-0 >> "X-Registry-Auth: eyJ1c2VybmFtZSI6ImZhYnJpY2U3ODkxIiwicGFzc3dvcmQiOiJkY2tyX3BhdF9wTmdubHJ1RVJqeXN4X0YxeGpMT0p4bU1HMEEiLCJlbWFpbCI6bnVsbCwic2VydmVyYWRkcmVzcyI6Imh0dHBzOi8vaW5kZXguZG9ja2VyLmlvL3YxLyIsImF1dGgiOm51bGwsInJlZ2lzdHJ5dG9rZW4iOm51bGwsImlkZW50aXR5dG9rZW4iOm51bGwsInN0YWNrT3JjaGVzdHJhdG9yIjpudWxsfQ==[\r][\n]"
20:48:20.510 [docker-java-stream-809939826] DEBUG com.github.dockerjava.zerodep.shaded.org.apache.hc.client5.http.wire - http-outgoing-0 >> "accept: application/octet-stream[\r][\n]"
20:48:20.510 [docker-java-stream-809939826] DEBUG com.github.dockerjava.zerodep.shaded.org.apache.hc.client5.http.wire - http-outgoing-0 >> "content-type: application/json[\r][\n]"
20:48:20.510 [docker-java-stream-809939826] DEBUG com.github.dockerjava.zerodep.shaded.org.apache.hc.client5.http.wire - http-outgoing-0 >> "x-tc-sid: 79c75580-927c-468d-9dfa-ca38cb35a17d[\r][\n]"
20:48:20.510 [docker-java-stream-809939826] DEBUG com.github.dockerjava.zerodep.shaded.org.apache.hc.client5.http.wire - http-outgoing-0 >> "Accept-Encoding: gzip, x-gzip, deflate[\r][\n]"
20:48:20.510 [docker-java-stream-809939826] DEBUG com.github.dockerjava.zerodep.shaded.org.apache.hc.client5.http.wire - http-outgoing-0 >> "Host: localhost:2375[\r][\n]"
20:48:20.510 [docker-java-stream-809939826] DEBUG com.github.dockerjava.zerodep.shaded.org.apache.hc.client5.http.wire - http-outgoing-0 >> "Connection: keep-alive[\r][\n]"
20:48:20.510 [docker-java-stream-809939826] DEBUG com.github.dockerjava.zerodep.shaded.org.apache.hc.client5.http.wire - http-outgoing-0 >> "User-Agent: Apache-HttpClient/5.0.3 (Java/17.0.2)[\r][\n]"
20:48:20.510 [docker-java-stream-809939826] DEBUG com.github.dockerjava.zerodep.shaded.org.apache.hc.client5.http.wire - http-outgoing-0 >> "[\r][\n]"
20:48:21.281 [docker-java-stream-809939826] DEBUG com.github.dockerjava.zerodep.shaded.org.apache.hc.client5.http.wire - http-outgoing-0 << "HTTP/1.1 200 OK[\r][\n]"
20:48:21.281 [docker-java-stream-809939826] DEBUG com.github.dockerjava.zerodep.shaded.org.apache.hc.client5.http.wire - http-outgoing-0 << "Api-Version: 1.41[\r][\n]"
20:48:21.281 [docker-java-stream-809939826] DEBUG com.github.dockerjava.zerodep.shaded.org.apache.hc.client5.http.wire - http-outgoing-0 << "Content-Type: application/json[\r][\n]"
20:48:21.281 [docker-java-stream-809939826] DEBUG com.github.dockerjava.zerodep.shaded.org.apache.hc.client5.http.wire - http-outgoing-0 << "Date: Fri, 19 Aug 2022 00:48:21 GMT[\r][\n]"
20:48:21.281 [docker-java-stream-809939826] DEBUG com.github.dockerjava.zerodep.shaded.org.apache.hc.client5.http.wire - http-outgoing-0 << "Docker-Experimental: false[\r][\n]"
20:48:21.281 [docker-java-stream-809939826] DEBUG com.github.dockerjava.zerodep.shaded.org.apache.hc.client5.http.wire - http-outgoing-0 << "Ostype: linux[\r][\n]"
20:48:21.281 [docker-java-stream-809939826] DEBUG com.github.dockerjava.zerodep.shaded.org.apache.hc.client5.http.wire - http-outgoing-0 << "Server: Docker/20.10.14 (linux)[\r][\n]"
20:48:21.281 [docker-java-stream-809939826] DEBUG com.github.dockerjava.zerodep.shaded.org.apache.hc.client5.http.wire - http-outgoing-0 << "Transfer-Encoding: chunked[\r][\n]"
20:48:21.281 [docker-java-stream-809939826] DEBUG com.github.dockerjava.zerodep.shaded.org.apache.hc.client5.http.wire - http-outgoing-0 << "[\r][\n]"
20:48:21.281 [docker-java-stream-809939826] DEBUG com.github.dockerjava.zerodep.shaded.org.apache.hc.client5.http.headers - http-outgoing-0 << HTTP/1.1 200 OK
20:48:21.281 [docker-java-stream-809939826] DEBUG com.github.dockerjava.zerodep.shaded.org.apache.hc.client5.http.headers - http-outgoing-0 << Api-Version: 1.41
20:48:21.281 [docker-java-stream-809939826] DEBUG com.github.dockerjava.zerodep.shaded.org.apache.hc.client5.http.headers - http-outgoing-0 << Content-Type: application/json
20:48:21.281 [docker-java-stream-809939826] DEBUG com.github.dockerjava.zerodep.shaded.org.apache.hc.client5.http.headers - http-outgoing-0 << Date: Fri, 19 Aug 2022 00:48:21 GMT
20:48:21.281 [docker-java-stream-809939826] DEBUG com.github.dockerjava.zerodep.shaded.org.apache.hc.client5.http.headers - http-outgoing-0 << Docker-Experimental: false
20:48:21.281 [docker-java-stream-809939826] DEBUG com.github.dockerjava.zerodep.shaded.org.apache.hc.client5.http.headers - http-outgoing-0 << Ostype: linux
20:48:21.281 [docker-java-stream-809939826] DEBUG com.github.dockerjava.zerodep.shaded.org.apache.hc.client5.http.headers - http-outgoing-0 << Server: Docker/20.10.14 (linux)
20:48:21.281 [docker-java-stream-809939826] DEBUG com.github.dockerjava.zerodep.shaded.org.apache.hc.client5.http.headers - http-outgoing-0 << Transfer-Encoding: chunked
20:48:21.281 [docker-java-stream-809939826] DEBUG com.github.dockerjava.zerodep.shaded.org.apache.hc.client5.http.impl.classic.MainClientExec - ex-00000005: connection can be kept alive for 3 MINUTES
20:48:21.282 [docker-java-stream-809939826] INFO 🐳 [testcontainers/ryuk:0.3.3] - Starting to pull image
20:48:21.288 [docker-java-stream-809939826] DEBUG com.github.dockerjava.zerodep.shaded.org.apache.hc.client5.http.wire - http-outgoing-0 << "3c[\r][\n]"
20:48:21.288 [docker-java-stream-809939826] DEBUG com.github.dockerjava.zerodep.shaded.org.apache.hc.client5.http.wire - http-outgoing-0 << "{"status":"Pulling from testcontainers/ryuk","id":"0.3.3"}[\r][\n]"
20:48:21.288 [docker-java-stream-809939826] DEBUG com.github.dockerjava.zerodep.shaded.org.apache.hc.client5.http.wire - http-outgoing-0 << "[\r][\n]"
20:48:21.290 [docker-java-stream-809939826] DEBUG com.github.dockerjava.api.command.PullImageResultCallback - ResponseItem(stream=null, status=Pulling from testcontainers/ryuk, progressDetail=null, progress=null, id=0.3.3, from=null, time=null, errorDetail=null, error=null, aux=null)
20:48:21.299 [docker-java-stream-809939826] INFO 🐳 [testcontainers/ryuk:0.3.3] - Pulling image layers:  0 pending,  0 downloaded,  0 extracted, (0 bytes/0 bytes)
20:48:21.523 [docker-java-stream-809939826] DEBUG com.github.dockerjava.zerodep.shaded.org.apache.hc.client5.http.wire - http-outgoing-0 << "d5[\r][\n]"
20:48:21.523 [docker-java-stream-809939826] DEBUG com.github.dockerjava.zerodep.shaded.org.apache.hc.client5.http.wire - http-outgoing-0 << "{"status":"Pulling fs layer","progressDetail":{},"id":"bbf911997326"}[\r][\n]"
20:48:21.523 [docker-java-stream-809939826] DEBUG com.github.dockerjava.zerodep.shaded.org.apache.hc.client5.http.wire - http-outgoing-0 << "{"status":"Pulling fs layer","progressDetail":{},"id":"1bba1f642fc6"}[\r][\n]"
20:48:21.523 [docker-java-stream-809939826] DEBUG com.github.dockerjava.zerodep.shaded.org.apache.hc.client5.http.wire - http-outgoing-0 << "{"status":"Pulling fs layer","progressDetail":{},"id":"1d7ba15fcf1a"}[\r][\n]"
20:48:21.523 [docker-java-stream-809939826] DEBUG com.github.dockerjava.zerodep.shaded.org.apache.hc.client5.http.wire - http-outgoing-0 << "[\r][\n]"
20:48:21.523 [docker-java-stream-809939826] DEBUG com.github.dockerjava.api.command.PullImageResultCallback - ResponseItem(stream=null, status=Pulling fs layer, progressDetail=ResponseItem.ProgressDetail(current=null, total=null, start=null), progress=null, id=bbf911997326, from=null, time=null, errorDetail=null, error=null, aux=null)
20:48:21.523 [docker-java-stream-809939826] DEBUG com.github.dockerjava.api.command.PullImageResultCallback - ResponseItem(stream=null, status=Pulling fs layer, progressDetail=ResponseItem.ProgressDetail(current=null, total=null, start=null), progress=null, id=1bba1f642fc6, from=null, time=null, errorDetail=null, error=null, aux=null)
20:48:21.523 [docker-java-stream-809939826] DEBUG com.github.dockerjava.api.command.PullImageResultCallback - ResponseItem(stream=null, status=Pulling fs layer, progressDetail=ResponseItem.ProgressDetail(current=null, total=null, start=null), progress=null, id=1d7ba15fcf1a, from=null, time=null, errorDetail=null, error=null, aux=null)
20:48:21.756 [docker-java-stream-809939826] DEBUG com.github.dockerjava.zerodep.shaded.org.apache.hc.client5.http.wire - http-outgoing-0 << "b8[\r][\n]"
20:48:21.757 [docker-java-stream-809939826] DEBUG com.github.dockerjava.zerodep.shaded.org.apache.hc.client5.http.wire - http-outgoing-0 << "{"status":"Downloading","progressDetail":{"current":4107,"total":281345},"progress":"[\u003e                                                  ]  4.107kB/281.3kB","id":"1bba1f642fc6"}[\r][\n]"
20:48:21.757 [docker-java-stream-809939826] DEBUG com.github.dockerjava.zerodep.shaded.org.apache.hc.client5.http.wire - http-outgoing-0 << "[\r][\n]"
20:48:21.757 [docker-java-stream-809939826] DEBUG com.github.dockerjava.api.command.PullImageResultCallback - ResponseItem(stream=null, status=Downloading, progressDetail=ResponseItem.ProgressDetail(current=4107, total=281345, start=null), progress=[>                                                  ]  4.107kB/281.3kB, id=1bba1f642fc6, from=null, time=null, errorDetail=null, error=null, aux=null)
20:48:21.795 [docker-java-stream-809939826] DEBUG com.github.dockerjava.zerodep.shaded.org.apache.hc.client5.http.wire - http-outgoing-0 << "ba[\r][\n]"
20:48:21.795 [docker-java-stream-809939826] DEBUG com.github.dockerjava.zerodep.shaded.org.apache.hc.client5.http.wire - http-outgoing-0 << "{"status":"Downloading","progressDetail":{"current":28037,"total":2713008},"progress":"[\u003e                                                  ]  28.04kB/2.713MB","id":"bbf911997326"}[\r][\n]"
20:48:21.795 [docker-java-stream-809939826] DEBUG com.github.dockerjava.zerodep.shaded.org.apache.hc.client5.http.wire - http-outgoing-0 << "[\r][\n]"
20:48:21.795 [docker-java-stream-809939826] DEBUG com.github.dockerjava.api.command.PullImageResultCallback - ResponseItem(stream=null, status=Downloading, progressDetail=ResponseItem.ProgressDetail(current=28037, total=2713008, start=null), progress=[>                                                  ]  28.04kB/2.713MB, id=bbf911997326, from=null, time=null, errorDetail=null, error=null, aux=null)
20:48:21.817 [docker-java-stream-809939826] DEBUG com.github.dockerjava.zerodep.shaded.org.apache.hc.client5.http.wire - http-outgoing-0 << "ba[\r][\n]"
20:48:21.818 [docker-java-stream-809939826] DEBUG com.github.dockerjava.zerodep.shaded.org.apache.hc.client5.http.wire - http-outgoing-0 << "{"status":"Downloading","progressDetail":{"current":22518,"total":2208939},"progress":"[\u003e                                                  ]  22.52kB/2.209MB","id":"1d7ba15fcf1a"}[\r][\n]"
20:48:21.818 [docker-java-stream-809939826] DEBUG com.github.dockerjava.zerodep.shaded.org.apache.hc.client5.http.wire - http-outgoing-0 << "[\r][\n]"
20:48:21.818 [docker-java-stream-809939826] DEBUG com.github.dockerjava.api.command.PullImageResultCallback - ResponseItem(stream=null, status=Downloading, progressDetail=ResponseItem.ProgressDetail(current=22518, total=2208939, start=null), progress=[>                                                  ]  22.52kB/2.209MB, id=1d7ba15fcf1a, from=null, time=null, errorDetail=null, error=null, aux=null)
20:48:21.861 [docker-java-stream-809939826] DEBUG com.github.dockerjava.zerodep.shaded.org.apache.hc.client5.http.wire - http-outgoing-0 << "14b[\r][\n]"
20:48:21.861 [docker-java-stream-809939826] DEBUG com.github.dockerjava.zerodep.shaded.org.apache.hc.client5.http.wire - http-outgoing-0 << "{"status":"Downloading","progressDetail":{"current":281345,"total":281345},"progress":"[==================================================\u003e]  281.3kB/281.3kB","id":"1bba1f642fc6"}[\r][\n]"
20:48:21.861 [docker-java-stream-809939826] DEBUG com.github.dockerjava.zerodep.shaded.org.apache.hc.client5.http.wire - http-outgoing-0 << "{"status":"Verifying Checksum","progressDetail":{},"id":"1bba1f642fc6"}[\r][\n]"
20:48:21.862 [docker-java-stream-809939826] DEBUG com.github.dockerjava.zerodep.shaded.org.apache.hc.client5.http.wire - http-outgoing-0 << "{"status":"Download complete","progressDetail":{},"id":"1bba1f642fc6"}[\r][\n]"
20:48:21.862 [docker-java-stream-809939826] DEBUG com.github.dockerjava.zerodep.shaded.org.apache.hc.client5.http.wire - http-outgoing-0 << "[\r][\n]"
20:48:21.862 [docker-java-stream-809939826] DEBUG com.github.dockerjava.api.command.PullImageResultCallback - ResponseItem(stream=null, status=Downloading, progressDetail=ResponseItem.ProgressDetail(current=281345, total=281345, start=null), progress=[==================================================>]  281.3kB/281.3kB, id=1bba1f642fc6, from=null, time=null, errorDetail=null, error=null, aux=null)
20:48:21.862 [docker-java-stream-809939826] DEBUG com.github.dockerjava.api.command.PullImageResultCallback - ResponseItem(stream=null, status=Verifying Checksum, progressDetail=ResponseItem.ProgressDetail(current=null, total=null, start=null), progress=null, id=1bba1f642fc6, from=null, time=null, errorDetail=null, error=null, aux=null)
20:48:21.862 [docker-java-stream-809939826] DEBUG com.github.dockerjava.api.command.PullImageResultCallback - ResponseItem(stream=null, status=Download complete, progressDetail=ResponseItem.ProgressDetail(current=null, total=null, start=null), progress=null, id=1bba1f642fc6, from=null, time=null, errorDetail=null, error=null, aux=null)
20:48:21.862 [docker-java-stream-809939826] INFO 🐳 [testcontainers/ryuk:0.3.3] - Pulling image layers:  2 pending,  1 downloaded,  0 extracted, (324 KB/? MB)
20:48:21.902 [docker-java-stream-809939826] DEBUG com.github.dockerjava.zerodep.shaded.org.apache.hc.client5.http.wire - http-outgoing-0 << "bb[\r][\n]"
20:48:21.902 [docker-java-stream-809939826] DEBUG com.github.dockerjava.zerodep.shaded.org.apache.hc.client5.http.wire - http-outgoing-0 << "{"status":"Downloading","progressDetail":{"current":568573,"total":2713008},"progress":"[==========\u003e                                        ]  568.6kB/2.713MB","id":"bbf911997326"}[\r][\n]"
20:48:21.902 [docker-java-stream-809939826] DEBUG com.github.dockerjava.zerodep.shaded.org.apache.hc.client5.http.wire - http-outgoing-0 << "[\r][\n]"
20:48:21.902 [docker-java-stream-809939826] DEBUG com.github.dockerjava.api.command.PullImageResultCallback - ResponseItem(stream=null, status=Downloading, progressDetail=ResponseItem.ProgressDetail(current=568573, total=2713008, start=null), progress=[==========>                                        ]  568.6kB/2.713MB, id=bbf911997326, from=null, time=null, errorDetail=null, error=null, aux=null)
20:48:21.921 [docker-java-stream-809939826] DEBUG com.github.dockerjava.zerodep.shaded.org.apache.hc.client5.http.wire - http-outgoing-0 << "bb[\r][\n]"
20:48:21.921 [docker-java-stream-809939826] DEBUG com.github.dockerjava.zerodep.shaded.org.apache.hc.client5.http.wire - http-outgoing-0 << "{"status":"Downloading","progressDetail":{"current":481622,"total":2208939},"progress":"[==========\u003e                                        ]  481.6kB/2.209MB","id":"1d7ba15fcf1a"}[\r][\n]"
20:48:21.921 [docker-java-stream-809939826] DEBUG com.github.dockerjava.zerodep.shaded.org.apache.hc.client5.http.wire - http-outgoing-0 << "[\r][\n]"
20:48:21.921 [docker-java-stream-809939826] DEBUG com.github.dockerjava.api.command.PullImageResultCallback - ResponseItem(stream=null, status=Downloading, progressDetail=ResponseItem.ProgressDetail(current=481622, total=2208939, start=null), progress=[==========>                                        ]  481.6kB/2.209MB, id=1d7ba15fcf1a, from=null, time=null, errorDetail=null, error=null, aux=null)
20:48:22.005 [docker-java-stream-809939826] DEBUG com.github.dockerjava.zerodep.shaded.org.apache.hc.client5.http.wire - http-outgoing-0 << "bc[\r][\n]"
20:48:22.005 [docker-java-stream-809939826] DEBUG com.github.dockerjava.zerodep.shaded.org.apache.hc.client5.http.wire - http-outgoing-0 << "{"status":"Downloading","progressDetail":{"current":1055997,"total":2713008},"progress":"[===================\u003e                               ]  1.056MB/2.713MB","id":"bbf911997326"}[\r][\n]"
20:48:22.005 [docker-java-stream-809939826] DEBUG com.github.dockerjava.zerodep.shaded.org.apache.hc.client5.http.wire - http-outgoing-0 << "[\r][\n]"
20:48:22.005 [docker-java-stream-809939826] DEBUG com.github.dockerjava.api.command.PullImageResultCallback - ResponseItem(stream=null, status=Downloading, progressDetail=ResponseItem.ProgressDetail(current=1055997, total=2713008, start=null), progress=[===================>                               ]  1.056MB/2.713MB, id=bbf911997326, from=null, time=null, errorDetail=null, error=null, aux=null)
20:48:22.025 [docker-java-stream-809939826] DEBUG com.github.dockerjava.zerodep.shaded.org.apache.hc.client5.http.wire - http-outgoing-0 << "bb[\r][\n]"
20:48:22.025 [docker-java-stream-809939826] DEBUG com.github.dockerjava.zerodep.shaded.org.apache.hc.client5.http.wire - http-outgoing-0 << "{"status":"Downloading","progressDetail":{"current":870742,"total":2208939},"progress":"[===================\u003e                               ]  870.7kB/2.209MB","id":"1d7ba15fcf1a"}[\r][\n]"
20:48:22.025 [docker-java-stream-809939826] DEBUG com.github.dockerjava.zerodep.shaded.org.apache.hc.client5.http.wire - http-outgoing-0 << "[\r][\n]"
20:48:22.026 [docker-java-stream-809939826] DEBUG com.github.dockerjava.api.command.PullImageResultCallback - ResponseItem(stream=null, status=Downloading, progressDetail=ResponseItem.ProgressDetail(current=870742, total=2208939, start=null), progress=[===================>                               ]  870.7kB/2.209MB, id=1d7ba15fcf1a, from=null, time=null, errorDetail=null, error=null, aux=null)
20:48:22.128 [docker-java-stream-809939826] DEBUG com.github.dockerjava.zerodep.shaded.org.apache.hc.client5.http.wire - http-outgoing-0 << "bc[\r][\n]"
20:48:22.128 [docker-java-stream-809939826] DEBUG com.github.dockerjava.zerodep.shaded.org.apache.hc.client5.http.wire - http-outgoing-0 << "{"status":"Downloading","progressDetail":{"current":1514749,"total":2713008},"progress":"[===========================\u003e                       ]  1.515MB/2.713MB","id":"bbf911997326"}[\r][\n]"
20:48:22.128 [docker-java-stream-809939826] DEBUG com.github.dockerjava.zerodep.shaded.org.apache.hc.client5.http.wire - http-outgoing-0 << "[\r][\n]"
20:48:22.129 [docker-java-stream-809939826] DEBUG com.github.dockerjava.api.command.PullImageResultCallback - ResponseItem(stream=null, status=Downloading, progressDetail=ResponseItem.ProgressDetail(current=1514749, total=2713008, start=null), progress=[===========================>                       ]  1.515MB/2.713MB, id=bbf911997326, from=null, time=null, errorDetail=null, error=null, aux=null)
20:48:22.173 [docker-java-stream-809939826] DEBUG com.github.dockerjava.zerodep.shaded.org.apache.hc.client5.http.wire - http-outgoing-0 << "bc[\r][\n]"
20:48:22.173 [docker-java-stream-809939826] DEBUG com.github.dockerjava.zerodep.shaded.org.apache.hc.client5.http.wire - http-outgoing-0 << "{"status":"Downloading","progressDetail":{"current":1255766,"total":2208939},"progress":"[============================\u003e                      ]  1.256MB/2.209MB","id":"1d7ba15fcf1a"}[\r][\n]"
20:48:22.173 [docker-java-stream-809939826] DEBUG com.github.dockerjava.zerodep.shaded.org.apache.hc.client5.http.wire - http-outgoing-0 << "[\r][\n]"
20:48:22.174 [docker-java-stream-809939826] DEBUG com.github.dockerjava.api.command.PullImageResultCallback - ResponseItem(stream=null, status=Downloading, progressDetail=ResponseItem.ProgressDetail(current=1255766, total=2208939, start=null), progress=[============================>                      ]  1.256MB/2.209MB, id=1d7ba15fcf1a, from=null, time=null, errorDetail=null, error=null, aux=null)
20:48:22.230 [docker-java-stream-809939826] DEBUG com.github.dockerjava.zerodep.shaded.org.apache.hc.client5.http.wire - http-outgoing-0 << "bc[\r][\n]"
20:48:22.230 [docker-java-stream-809939826] DEBUG com.github.dockerjava.zerodep.shaded.org.apache.hc.client5.http.wire - http-outgoing-0 << "{"status":"Downloading","progressDetail":{"current":2006269,"total":2713008},"progress":"[====================================\u003e              ]  2.006MB/2.713MB","id":"bbf911997326"}[\r][\n]"
20:48:22.230 [docker-java-stream-809939826] DEBUG com.github.dockerjava.zerodep.shaded.org.apache.hc.client5.http.wire - http-outgoing-0 << "[\r][\n]"
20:48:22.231 [docker-java-stream-809939826] DEBUG com.github.dockerjava.api.command.PullImageResultCallback - ResponseItem(stream=null, status=Downloading, progressDetail=ResponseItem.ProgressDetail(current=2006269, total=2713008, start=null), progress=[====================================>              ]  2.006MB/2.713MB, id=bbf911997326, from=null, time=null, errorDetail=null, error=null, aux=null)
20:48:22.280 [docker-java-stream-809939826] DEBUG com.github.dockerjava.zerodep.shaded.org.apache.hc.client5.http.wire - http-outgoing-0 << "bc[\r][\n]"
20:48:22.280 [docker-java-stream-809939826] DEBUG com.github.dockerjava.zerodep.shaded.org.apache.hc.client5.http.wire - http-outgoing-0 << "{"status":"Downloading","progressDetail":{"current":1616214,"total":2208939},"progress":"[====================================\u003e              ]  1.616MB/2.209MB","id":"1d7ba15fcf1a"}[\r][\n]"
20:48:22.280 [docker-java-stream-809939826] DEBUG com.github.dockerjava.zerodep.shaded.org.apache.hc.client5.http.wire - http-outgoing-0 << "[\r][\n]"
20:48:22.280 [docker-java-stream-809939826] DEBUG com.github.dockerjava.api.command.PullImageResultCallback - ResponseItem(stream=null, status=Downloading, progressDetail=ResponseItem.ProgressDetail(current=1616214, total=2208939, start=null), progress=[====================================>              ]  1.616MB/2.209MB, id=1d7ba15fcf1a, from=null, time=null, errorDetail=null, error=null, aux=null)
20:48:22.336 [docker-java-stream-809939826] DEBUG com.github.dockerjava.zerodep.shaded.org.apache.hc.client5.http.wire - http-outgoing-0 << "bc[\r][\n]"
20:48:22.336 [docker-java-stream-809939826] DEBUG com.github.dockerjava.zerodep.shaded.org.apache.hc.client5.http.wire - http-outgoing-0 << "{"status":"Downloading","progressDetail":{"current":2697601,"total":2713008},"progress":"[=================================================\u003e ]  2.698MB/2.713MB","id":"bbf911997326"}[\r][\n]"
20:48:22.336 [docker-java-stream-809939826] DEBUG com.github.dockerjava.zerodep.shaded.org.apache.hc.client5.http.wire - http-outgoing-0 << "[\r][\n]"
20:48:22.336 [docker-java-stream-809939826] DEBUG com.github.dockerjava.api.command.PullImageResultCallback - ResponseItem(stream=null, status=Downloading, progressDetail=ResponseItem.ProgressDetail(current=2697601, total=2713008, start=null), progress=[=================================================> ]  2.698MB/2.713MB, id=bbf911997326, from=null, time=null, errorDetail=null, error=null, aux=null)
20:48:22.338 [docker-java-stream-809939826] DEBUG com.github.dockerjava.zerodep.shaded.org.apache.hc.client5.http.wire - http-outgoing-0 << "48[\r][\n]"
20:48:22.338 [docker-java-stream-809939826] DEBUG com.github.dockerjava.zerodep.shaded.org.apache.hc.client5.http.wire - http-outgoing-0 << "{"status":"Download complete","progressDetail":{},"id":"bbf911997326"}[\r][\n]"
20:48:22.338 [docker-java-stream-809939826] DEBUG com.github.dockerjava.zerodep.shaded.org.apache.hc.client5.http.wire - http-outgoing-0 << "[\r][\n]"
20:48:22.338 [docker-java-stream-809939826] DEBUG com.github.dockerjava.api.command.PullImageResultCallback - ResponseItem(stream=null, status=Download complete, progressDetail=ResponseItem.ProgressDetail(current=null, total=null, start=null), progress=null, id=bbf911997326, from=null, time=null, errorDetail=null, error=null, aux=null)
20:48:22.339 [docker-java-stream-809939826] INFO 🐳 [testcontainers/ryuk:0.3.3] - Pulling image layers:  1 pending,  2 downloaded,  0 extracted, (4 MB/? MB)
20:48:22.339 [docker-java-stream-809939826] DEBUG com.github.dockerjava.zerodep.shaded.org.apache.hc.client5.http.wire - http-outgoing-0 << "b9[\r][\n]"
20:48:22.339 [docker-java-stream-809939826] DEBUG com.github.dockerjava.zerodep.shaded.org.apache.hc.client5.http.wire - http-outgoing-0 << "{"status":"Extracting","progressDetail":{"current":32768,"total":2713008},"progress":"[\u003e                                                  ]  32.77kB/2.713MB","id":"bbf911997326"}[\r][\n]"
20:48:22.339 [docker-java-stream-809939826] DEBUG com.github.dockerjava.zerodep.shaded.org.apache.hc.client5.http.wire - http-outgoing-0 << "[\r][\n]"
20:48:22.339 [docker-java-stream-809939826] DEBUG com.github.dockerjava.api.command.PullImageResultCallback - ResponseItem(stream=null, status=Extracting, progressDetail=ResponseItem.ProgressDetail(current=32768, total=2713008, start=null), progress=[>                                                  ]  32.77kB/2.713MB, id=bbf911997326, from=null, time=null, errorDetail=null, error=null, aux=null)
20:48:22.381 [docker-java-stream-809939826] DEBUG com.github.dockerjava.zerodep.shaded.org.apache.hc.client5.http.wire - http-outgoing-0 << "bc[\r][\n]"
20:48:22.382 [docker-java-stream-809939826] DEBUG com.github.dockerjava.zerodep.shaded.org.apache.hc.client5.http.wire - http-outgoing-0 << "{"status":"Downloading","progressDetail":{"current":1902934,"total":2208939},"progress":"[===========================================\u003e       ]  1.903MB/2.209MB","id":"1d7ba15fcf1a"}[\r][\n]"
20:48:22.382 [docker-java-stream-809939826] DEBUG com.github.dockerjava.zerodep.shaded.org.apache.hc.client5.http.wire - http-outgoing-0 << "[\r][\n]"
20:48:22.382 [docker-java-stream-809939826] DEBUG com.github.dockerjava.api.command.PullImageResultCallback - ResponseItem(stream=null, status=Downloading, progressDetail=ResponseItem.ProgressDetail(current=1902934, total=2208939, start=null), progress=[===========================================>       ]  1.903MB/2.209MB, id=1d7ba15fcf1a, from=null, time=null, errorDetail=null, error=null, aux=null)
20:48:22.453 [docker-java-stream-809939826] DEBUG com.github.dockerjava.zerodep.shaded.org.apache.hc.client5.http.wire - http-outgoing-0 << "91[\r][\n]"
20:48:22.453 [docker-java-stream-809939826] DEBUG com.github.dockerjava.zerodep.shaded.org.apache.hc.client5.http.wire - http-outgoing-0 << "{"status":"Verifying Checksum","progressDetail":{},"id":"1d7ba15fcf1a"}[\r][\n]"
20:48:22.453 [docker-java-stream-809939826] DEBUG com.github.dockerjava.zerodep.shaded.org.apache.hc.client5.http.wire - http-outgoing-0 << "{"status":"Download complete","progressDetail":{},"id":"1d7ba15fcf1a"}[\r][\n]"
20:48:22.453 [docker-java-stream-809939826] DEBUG com.github.dockerjava.zerodep.shaded.org.apache.hc.client5.http.wire - http-outgoing-0 << "[\r][\n]"
20:48:22.454 [docker-java-stream-809939826] DEBUG com.github.dockerjava.api.command.PullImageResultCallback - ResponseItem(stream=null, status=Verifying Checksum, progressDetail=ResponseItem.ProgressDetail(current=null, total=null, start=null), progress=null, id=1d7ba15fcf1a, from=null, time=null, errorDetail=null, error=null, aux=null)
20:48:22.454 [docker-java-stream-809939826] DEBUG com.github.dockerjava.api.command.PullImageResultCallback - ResponseItem(stream=null, status=Download complete, progressDetail=ResponseItem.ProgressDetail(current=null, total=null, start=null), progress=null, id=1d7ba15fcf1a, from=null, time=null, errorDetail=null, error=null, aux=null)
20:48:22.454 [docker-java-stream-809939826] INFO 🐳 [testcontainers/ryuk:0.3.3] - Pulling image layers:  0 pending,  3 downloaded,  0 extracted, (4 MB/4 MB)
20:48:22.882 [docker-java-stream-809939826] DEBUG com.github.dockerjava.zerodep.shaded.org.apache.hc.client5.http.wire - http-outgoing-0 << "b9[\r][\n]"
20:48:22.882 [docker-java-stream-809939826] DEBUG com.github.dockerjava.zerodep.shaded.org.apache.hc.client5.http.wire - http-outgoing-0 << "{"status":"Extracting","progressDetail":{"current":98304,"total":2713008},"progress":"[=\u003e                                                 ]   98.3kB/2.713MB","id":"bbf911997326"}[\r][\n]"
20:48:22.882 [docker-java-stream-809939826] DEBUG com.github.dockerjava.zerodep.shaded.org.apache.hc.client5.http.wire - http-outgoing-0 << "[\r][\n]"
20:48:22.882 [docker-java-stream-809939826] DEBUG com.github.dockerjava.api.command.PullImageResultCallback - ResponseItem(stream=null, status=Extracting, progressDetail=ResponseItem.ProgressDetail(current=98304, total=2713008, start=null), progress=[=>                                                 ]   98.3kB/2.713MB, id=bbf911997326, from=null, time=null, errorDetail=null, error=null, aux=null)
20:48:22.983 [docker-java-stream-809939826] DEBUG com.github.dockerjava.zerodep.shaded.org.apache.hc.client5.http.wire - http-outgoing-0 << "bb[\r][\n]"
20:48:22.983 [docker-java-stream-809939826] DEBUG com.github.dockerjava.zerodep.shaded.org.apache.hc.client5.http.wire - http-outgoing-0 << "{"status":"Extracting","progressDetail":{"current":2424832,"total":2713008},"progress":"[============================================\u003e      ]  2.425MB/2.713MB","id":"bbf911997326"}[\r][\n]"
20:48:22.983 [docker-java-stream-809939826] DEBUG com.github.dockerjava.zerodep.shaded.org.apache.hc.client5.http.wire - http-outgoing-0 << "[\r][\n]"
20:48:22.983 [docker-java-stream-809939826] DEBUG com.github.dockerjava.api.command.PullImageResultCallback - ResponseItem(stream=null, status=Extracting, progressDetail=ResponseItem.ProgressDetail(current=2424832, total=2713008, start=null), progress=[============================================>      ]  2.425MB/2.713MB, id=bbf911997326, from=null, time=null, errorDetail=null, error=null, aux=null)
20:48:23.026 [docker-java-stream-809939826] DEBUG com.github.dockerjava.zerodep.shaded.org.apache.hc.client5.http.wire - http-outgoing-0 << "bb[\r][\n]"
20:48:23.026 [docker-java-stream-809939826] DEBUG com.github.dockerjava.zerodep.shaded.org.apache.hc.client5.http.wire - http-outgoing-0 << "{"status":"Extracting","progressDetail":{"current":2713008,"total":2713008},"progress":"[==================================================\u003e]  2.713MB/2.713MB","id":"bbf911997326"}[\r][\n]"
20:48:23.026 [docker-java-stream-809939826] DEBUG com.github.dockerjava.zerodep.shaded.org.apache.hc.client5.http.wire - http-outgoing-0 << "[\r][\n]"
20:48:23.026 [docker-java-stream-809939826] DEBUG com.github.dockerjava.api.command.PullImageResultCallback - ResponseItem(stream=null, status=Extracting, progressDetail=ResponseItem.ProgressDetail(current=2713008, total=2713008, start=null), progress=[==================================================>]  2.713MB/2.713MB, id=bbf911997326, from=null, time=null, errorDetail=null, error=null, aux=null)
20:48:23.046 [docker-java-stream-809939826] DEBUG com.github.dockerjava.zerodep.shaded.org.apache.hc.client5.http.wire - http-outgoing-0 << "44[\r][\n]"
20:48:23.046 [docker-java-stream-809939826] DEBUG com.github.dockerjava.zerodep.shaded.org.apache.hc.client5.http.wire - http-outgoing-0 << "{"status":"Pull complete","progressDetail":{},"id":"bbf911997326"}[\r][\n]"
20:48:23.046 [docker-java-stream-809939826] DEBUG com.github.dockerjava.zerodep.shaded.org.apache.hc.client5.http.wire - http-outgoing-0 << "[\r][\n]"
20:48:23.046 [docker-java-stream-809939826] DEBUG com.github.dockerjava.api.command.PullImageResultCallback - ResponseItem(stream=null, status=Pull complete, progressDetail=ResponseItem.ProgressDetail(current=null, total=null, start=null), progress=null, id=bbf911997326, from=null, time=null, errorDetail=null, error=null, aux=null)
20:48:23.046 [docker-java-stream-809939826] INFO 🐳 [testcontainers/ryuk:0.3.3] - Pulling image layers:  0 pending,  3 downloaded,  1 extracted, (4 MB/4 MB)
20:48:23.050 [docker-java-stream-809939826] DEBUG com.github.dockerjava.zerodep.shaded.org.apache.hc.client5.http.wire - http-outgoing-0 << "b8[\r][\n]"
20:48:23.050 [docker-java-stream-809939826] DEBUG com.github.dockerjava.zerodep.shaded.org.apache.hc.client5.http.wire - http-outgoing-0 << "{"status":"Extracting","progressDetail":{"current":32768,"total":281345},"progress":"[=====\u003e                                             ]  32.77kB/281.3kB","id":"1bba1f642fc6"}[\r][\n]"
20:48:23.050 [docker-java-stream-809939826] DEBUG com.github.dockerjava.zerodep.shaded.org.apache.hc.client5.http.wire - http-outgoing-0 << "[\r][\n]"
20:48:23.051 [docker-java-stream-809939826] DEBUG com.github.dockerjava.api.command.PullImageResultCallback - ResponseItem(stream=null, status=Extracting, progressDetail=ResponseItem.ProgressDetail(current=32768, total=281345, start=null), progress=[=====>                                             ]  32.77kB/281.3kB, id=1bba1f642fc6, from=null, time=null, errorDetail=null, error=null, aux=null)
20:48:23.116 [docker-java-stream-809939826] DEBUG com.github.dockerjava.zerodep.shaded.org.apache.hc.client5.http.wire - http-outgoing-0 << "b9[\r][\n]"
20:48:23.117 [docker-java-stream-809939826] DEBUG com.github.dockerjava.zerodep.shaded.org.apache.hc.client5.http.wire - http-outgoing-0 << "{"status":"Extracting","progressDetail":{"current":281345,"total":281345},"progress":"[==================================================\u003e]  281.3kB/281.3kB","id":"1bba1f642fc6"}[\r][\n]"
20:48:23.117 [docker-java-stream-809939826] DEBUG com.github.dockerjava.zerodep.shaded.org.apache.hc.client5.http.wire - http-outgoing-0 << "[\r][\n]"
20:48:23.117 [docker-java-stream-809939826] DEBUG com.github.dockerjava.api.command.PullImageResultCallback - ResponseItem(stream=null, status=Extracting, progressDetail=ResponseItem.ProgressDetail(current=281345, total=281345, start=null), progress=[==================================================>]  281.3kB/281.3kB, id=1bba1f642fc6, from=null, time=null, errorDetail=null, error=null, aux=null)
20:48:23.119 [docker-java-stream-809939826] DEBUG com.github.dockerjava.zerodep.shaded.org.apache.hc.client5.http.wire - http-outgoing-0 << "b9[\r][\n]"
20:48:23.119 [docker-java-stream-809939826] DEBUG com.github.dockerjava.zerodep.shaded.org.apache.hc.client5.http.wire - http-outgoing-0 << "{"status":"Extracting","progressDetail":{"current":281345,"total":281345},"progress":"[==================================================\u003e]  281.3kB/281.3kB","id":"1bba1f642fc6"}[\r][\n]"
20:48:23.119 [docker-java-stream-809939826] DEBUG com.github.dockerjava.zerodep.shaded.org.apache.hc.client5.http.wire - http-outgoing-0 << "[\r][\n]"
20:48:23.119 [docker-java-stream-809939826] DEBUG com.github.dockerjava.api.command.PullImageResultCallback - ResponseItem(stream=null, status=Extracting, progressDetail=ResponseItem.ProgressDetail(current=281345, total=281345, start=null), progress=[==================================================>]  281.3kB/281.3kB, id=1bba1f642fc6, from=null, time=null, errorDetail=null, error=null, aux=null)
20:48:23.137 [docker-java-stream-809939826] DEBUG com.github.dockerjava.zerodep.shaded.org.apache.hc.client5.http.wire - http-outgoing-0 << "44[\r][\n]"
20:48:23.137 [docker-java-stream-809939826] DEBUG com.github.dockerjava.zerodep.shaded.org.apache.hc.client5.http.wire - http-outgoing-0 << "{"status":"Pull complete","progressDetail":{},"id":"1bba1f642fc6"}[\r][\n]"
20:48:23.137 [docker-java-stream-809939826] DEBUG com.github.dockerjava.zerodep.shaded.org.apache.hc.client5.http.wire - http-outgoing-0 << "[\r][\n]"
20:48:23.137 [docker-java-stream-809939826] DEBUG com.github.dockerjava.api.command.PullImageResultCallback - ResponseItem(stream=null, status=Pull complete, progressDetail=ResponseItem.ProgressDetail(current=null, total=null, start=null), progress=null, id=1bba1f642fc6, from=null, time=null, errorDetail=null, error=null, aux=null)
20:48:23.138 [docker-java-stream-809939826] INFO 🐳 [testcontainers/ryuk:0.3.3] - Pulling image layers:  0 pending,  3 downloaded,  2 extracted, (4 MB/4 MB)
20:48:23.140 [docker-java-stream-809939826] DEBUG com.github.dockerjava.zerodep.shaded.org.apache.hc.client5.http.wire - http-outgoing-0 << "b9[\r][\n]"
20:48:23.140 [docker-java-stream-809939826] DEBUG com.github.dockerjava.zerodep.shaded.org.apache.hc.client5.http.wire - http-outgoing-0 << "{"status":"Extracting","progressDetail":{"current":32768,"total":2208939},"progress":"[\u003e                                                  ]  32.77kB/2.209MB","id":"1d7ba15fcf1a"}[\r][\n]"
20:48:23.140 [docker-java-stream-809939826] DEBUG com.github.dockerjava.zerodep.shaded.org.apache.hc.client5.http.wire - http-outgoing-0 << "[\r][\n]"
20:48:23.140 [docker-java-stream-809939826] DEBUG com.github.dockerjava.api.command.PullImageResultCallback - ResponseItem(stream=null, status=Extracting, progressDetail=ResponseItem.ProgressDetail(current=32768, total=2208939, start=null), progress=[>                                                  ]  32.77kB/2.209MB, id=1d7ba15fcf1a, from=null, time=null, errorDetail=null, error=null, aux=null)
20:48:23.223 [docker-java-stream-809939826] DEBUG com.github.dockerjava.zerodep.shaded.org.apache.hc.client5.http.wire - http-outgoing-0 << "bb[\r][\n]"
20:48:23.223 [docker-java-stream-809939826] DEBUG com.github.dockerjava.zerodep.shaded.org.apache.hc.client5.http.wire - http-outgoing-0 << "{"status":"Extracting","progressDetail":{"current":2208939,"total":2208939},"progress":"[==================================================\u003e]  2.209MB/2.209MB","id":"1d7ba15fcf1a"}[\r][\n]"
20:48:23.223 [docker-java-stream-809939826] DEBUG com.github.dockerjava.zerodep.shaded.org.apache.hc.client5.http.wire - http-outgoing-0 << "[\r][\n]"
20:48:23.223 [docker-java-stream-809939826] DEBUG com.github.dockerjava.api.command.PullImageResultCallback - ResponseItem(stream=null, status=Extracting, progressDetail=ResponseItem.ProgressDetail(current=2208939, total=2208939, start=null), progress=[==================================================>]  2.209MB/2.209MB, id=1d7ba15fcf1a, from=null, time=null, errorDetail=null, error=null, aux=null)
20:48:23.236 [docker-java-stream-809939826] DEBUG com.github.dockerjava.zerodep.shaded.org.apache.hc.client5.http.wire - http-outgoing-0 << "44[\r][\n]"
20:48:23.236 [docker-java-stream-809939826] DEBUG com.github.dockerjava.zerodep.shaded.org.apache.hc.client5.http.wire - http-outgoing-0 << "{"status":"Pull complete","progressDetail":{},"id":"1d7ba15fcf1a"}[\r][\n]"
20:48:23.236 [docker-java-stream-809939826] DEBUG com.github.dockerjava.zerodep.shaded.org.apache.hc.client5.http.wire - http-outgoing-0 << "[\r][\n]"
20:48:23.236 [docker-java-stream-809939826] DEBUG com.github.dockerjava.api.command.PullImageResultCallback - ResponseItem(stream=null, status=Pull complete, progressDetail=ResponseItem.ProgressDetail(current=null, total=null, start=null), progress=null, id=1d7ba15fcf1a, from=null, time=null, errorDetail=null, error=null, aux=null)
20:48:23.236 [docker-java-stream-809939826] INFO 🐳 [testcontainers/ryuk:0.3.3] - Pulling image layers:  0 pending,  3 downloaded,  3 extracted, (4 MB/4 MB)
20:48:23.247 [docker-java-stream-809939826] DEBUG com.github.dockerjava.zerodep.shaded.org.apache.hc.client5.http.wire - http-outgoing-0 << "5e[\r][\n]"
20:48:23.247 [docker-java-stream-809939826] DEBUG com.github.dockerjava.zerodep.shaded.org.apache.hc.client5.http.wire - http-outgoing-0 << "{"status":"Digest: sha256:d50c04005142e165182b2e408d0c76f3cc38ca4db4af14125ce1b938820e5cef"}[\r][\n]"
20:48:23.247 [docker-java-stream-809939826] DEBUG com.github.dockerjava.zerodep.shaded.org.apache.hc.client5.http.wire - http-outgoing-0 << "[\r][\n]"
20:48:23.247 [docker-java-stream-809939826] DEBUG com.github.dockerjava.api.command.PullImageResultCallback - ResponseItem(stream=null, status=Digest: sha256:d50c04005142e165182b2e408d0c76f3cc38ca4db4af14125ce1b938820e5cef, progressDetail=null, progress=null, id=null, from=null, time=null, errorDetail=null, error=null, aux=null)
20:48:23.252 [docker-java-stream-809939826] DEBUG com.github.dockerjava.zerodep.shaded.org.apache.hc.client5.http.wire - http-outgoing-0 << "4b[\r][\n]"
20:48:23.252 [docker-java-stream-809939826] DEBUG com.github.dockerjava.zerodep.shaded.org.apache.hc.client5.http.wire - http-outgoing-0 << "{"status":"Status: Downloaded newer image for testcontainers/ryuk:0.3.3"}[\r][\n]"
20:48:23.252 [docker-java-stream-809939826] DEBUG com.github.dockerjava.zerodep.shaded.org.apache.hc.client5.http.wire - http-outgoing-0 << "[\r][\n]"
20:48:23.252 [docker-java-stream-809939826] DEBUG com.github.dockerjava.api.command.PullImageResultCallback - ResponseItem(stream=null, status=Status: Downloaded newer image for testcontainers/ryuk:0.3.3, progressDetail=null, progress=null, id=null, from=null, time=null, errorDetail=null, error=null, aux=null)
20:48:23.256 [docker-java-stream-809939826] DEBUG com.github.dockerjava.zerodep.shaded.org.apache.hc.client5.http.wire - http-outgoing-0 << "0[\r][\n]"
20:48:23.256 [docker-java-stream-809939826] DEBUG com.github.dockerjava.zerodep.shaded.org.apache.hc.client5.http.wire - http-outgoing-0 << "[\r][\n]"
20:48:23.256 [docker-java-stream-809939826] DEBUG com.github.dockerjava.zerodep.shaded.org.apache.hc.client5.http.impl.classic.InternalHttpClient - ep-00000004: releasing valid endpoint
20:48:23.256 [docker-java-stream-809939826] DEBUG com.github.dockerjava.zerodep.shaded.org.apache.hc.client5.http.impl.io.PoolingHttpClientConnectionManager - ep-00000004: releasing endpoint
20:48:23.256 [docker-java-stream-809939826] DEBUG com.github.dockerjava.zerodep.shaded.org.apache.hc.client5.http.impl.io.PoolingHttpClientConnectionManager - ep-00000004: connection http-outgoing-0 can be kept alive for 3 MINUTES
20:48:23.256 [docker-java-stream-809939826] DEBUG com.github.dockerjava.zerodep.shaded.org.apache.hc.client5.http.impl.io.PoolingHttpClientConnectionManager - ep-00000004: connection released [route: {}->unix://localhost:2375][total available: 1; route allocated: 1 of 2147483647; total allocated: 1 of 2147483647]
20:48:23.256 [docker-java-stream-809939826] INFO 🐳 [testcontainers/ryuk:0.3.3] - Pull complete. 3 layers, pulled in 1s (downloaded 4 MB at 4 MB/s)
20:48:23.256 [main] DEBUG org.testcontainers.shaded.com.github.dockerjava.core.command.AbstrDockerCmd - Cmd: testcontainers/ryuk:0.3.3
20:48:23.256 [main] DEBUG com.github.dockerjava.zerodep.shaded.org.apache.hc.client5.http.impl.classic.InternalHttpClient - ex-00000006: preparing request execution
20:48:23.257 [main] DEBUG com.github.dockerjava.zerodep.shaded.org.apache.hc.client5.http.protocol.RequestAddCookies - Cookie spec selected: strict
20:48:23.257 [main] DEBUG com.github.dockerjava.zerodep.shaded.org.apache.hc.client5.http.protocol.RequestAuthCache - Auth cache not set in the context
20:48:23.257 [main] DEBUG com.github.dockerjava.zerodep.shaded.org.apache.hc.client5.http.impl.classic.ProtocolExec - ex-00000006: target auth state: UNCHALLENGED
20:48:23.257 [main] DEBUG com.github.dockerjava.zerodep.shaded.org.apache.hc.client5.http.impl.classic.ProtocolExec - ex-00000006: proxy auth state: UNCHALLENGED
20:48:23.257 [main] DEBUG com.github.dockerjava.zerodep.shaded.org.apache.hc.client5.http.impl.classic.ConnectExec - ex-00000006: acquiring connection with route {}->unix://localhost:2375
20:48:23.257 [main] DEBUG com.github.dockerjava.zerodep.shaded.org.apache.hc.client5.http.impl.classic.InternalHttpClient - ex-00000006: acquiring endpoint (3 MINUTES)
20:48:23.257 [main] DEBUG com.github.dockerjava.zerodep.shaded.org.apache.hc.client5.http.impl.io.PoolingHttpClientConnectionManager - ex-00000006: endpoint lease request (3 MINUTES) [route: {}->unix://localhost:2375][total available: 1; route allocated: 1 of 2147483647; total allocated: 1 of 2147483647]
20:48:23.257 [main] DEBUG com.github.dockerjava.zerodep.shaded.org.apache.hc.client5.http.impl.io.PoolingHttpClientConnectionManager - ex-00000006: endpoint leased [route: {}->unix://localhost:2375][total available: 0; route allocated: 1 of 2147483647; total allocated: 1 of 2147483647]
20:48:23.257 [main] DEBUG com.github.dockerjava.zerodep.shaded.org.apache.hc.client5.http.impl.io.PoolingHttpClientConnectionManager - ex-00000006: acquired ep-00000005
20:48:23.257 [main] DEBUG com.github.dockerjava.zerodep.shaded.org.apache.hc.client5.http.impl.classic.InternalHttpClient - ex-00000006: acquired endpoint ep-00000005
20:48:23.257 [main] DEBUG com.github.dockerjava.zerodep.shaded.org.apache.hc.client5.http.impl.classic.MainClientExec - ex-00000006: executing GET /v1.32/images/testcontainers%2Fryuk:0.3.3/json HTTP/1.1
20:48:23.257 [main] DEBUG com.github.dockerjava.zerodep.shaded.org.apache.hc.client5.http.impl.classic.InternalHttpClient - ep-00000005: start execution ex-00000006
20:48:23.257 [main] DEBUG com.github.dockerjava.zerodep.shaded.org.apache.hc.client5.http.impl.io.PoolingHttpClientConnectionManager - ep-00000005: executing exchange ex-00000006 over http-outgoing-0
20:48:23.257 [main] DEBUG com.github.dockerjava.zerodep.shaded.org.apache.hc.client5.http.headers - http-outgoing-0 >> GET /v1.32/images/testcontainers%2Fryuk:0.3.3/json HTTP/1.1
20:48:23.257 [main] DEBUG com.github.dockerjava.zerodep.shaded.org.apache.hc.client5.http.headers - http-outgoing-0 >> accept: application/json
20:48:23.257 [main] DEBUG com.github.dockerjava.zerodep.shaded.org.apache.hc.client5.http.headers - http-outgoing-0 >> x-tc-sid: 79c75580-927c-468d-9dfa-ca38cb35a17d
20:48:23.257 [main] DEBUG com.github.dockerjava.zerodep.shaded.org.apache.hc.client5.http.headers - http-outgoing-0 >> Accept-Encoding: gzip, x-gzip, deflate
20:48:23.257 [main] DEBUG com.github.dockerjava.zerodep.shaded.org.apache.hc.client5.http.headers - http-outgoing-0 >> Host: localhost:2375
20:48:23.257 [main] DEBUG com.github.dockerjava.zerodep.shaded.org.apache.hc.client5.http.headers - http-outgoing-0 >> Connection: keep-alive
20:48:23.257 [main] DEBUG com.github.dockerjava.zerodep.shaded.org.apache.hc.client5.http.headers - http-outgoing-0 >> User-Agent: Apache-HttpClient/5.0.3 (Java/17.0.2)
20:48:23.257 [main] DEBUG com.github.dockerjava.zerodep.shaded.org.apache.hc.client5.http.wire - http-outgoing-0 >> "GET /v1.32/images/testcontainers%2Fryuk:0.3.3/json HTTP/1.1[\r][\n]"
20:48:23.257 [main] DEBUG com.github.dockerjava.zerodep.shaded.org.apache.hc.client5.http.wire - http-outgoing-0 >> "accept: application/json[\r][\n]"
20:48:23.257 [main] DEBUG com.github.dockerjava.zerodep.shaded.org.apache.hc.client5.http.wire - http-outgoing-0 >> "x-tc-sid: 79c75580-927c-468d-9dfa-ca38cb35a17d[\r][\n]"
20:48:23.257 [main] DEBUG com.github.dockerjava.zerodep.shaded.org.apache.hc.client5.http.wire - http-outgoing-0 >> "Accept-Encoding: gzip, x-gzip, deflate[\r][\n]"
20:48:23.257 [main] DEBUG com.github.dockerjava.zerodep.shaded.org.apache.hc.client5.http.wire - http-outgoing-0 >> "Host: localhost:2375[\r][\n]"
20:48:23.257 [main] DEBUG com.github.dockerjava.zerodep.shaded.org.apache.hc.client5.http.wire - http-outgoing-0 >> "Connection: keep-alive[\r][\n]"
20:48:23.257 [main] DEBUG com.github.dockerjava.zerodep.shaded.org.apache.hc.client5.http.wire - http-outgoing-0 >> "User-Agent: Apache-HttpClient/5.0.3 (Java/17.0.2)[\r][\n]"
20:48:23.257 [main] DEBUG com.github.dockerjava.zerodep.shaded.org.apache.hc.client5.http.wire - http-outgoing-0 >> "[\r][\n]"
20:48:23.262 [main] DEBUG com.github.dockerjava.zerodep.shaded.org.apache.hc.client5.http.wire - http-outgoing-0 << "HTTP/1.1 200 OK[\r][\n]"
20:48:23.262 [main] DEBUG com.github.dockerjava.zerodep.shaded.org.apache.hc.client5.http.wire - http-outgoing-0 << "Api-Version: 1.41[\r][\n]"
20:48:23.262 [main] DEBUG com.github.dockerjava.zerodep.shaded.org.apache.hc.client5.http.wire - http-outgoing-0 << "Content-Type: application/json[\r][\n]"
20:48:23.262 [main] DEBUG com.github.dockerjava.zerodep.shaded.org.apache.hc.client5.http.wire - http-outgoing-0 << "Date: Fri, 19 Aug 2022 00:48:23 GMT[\r][\n]"
20:48:23.262 [main] DEBUG com.github.dockerjava.zerodep.shaded.org.apache.hc.client5.http.wire - http-outgoing-0 << "Docker-Experimental: false[\r][\n]"
20:48:23.262 [main] DEBUG com.github.dockerjava.zerodep.shaded.org.apache.hc.client5.http.wire - http-outgoing-0 << "Ostype: linux[\r][\n]"
20:48:23.262 [main] DEBUG com.github.dockerjava.zerodep.shaded.org.apache.hc.client5.http.wire - http-outgoing-0 << "Server: Docker/20.10.14 (linux)[\r][\n]"
20:48:23.262 [main] DEBUG com.github.dockerjava.zerodep.shaded.org.apache.hc.client5.http.wire - http-outgoing-0 << "Transfer-Encoding: chunked[\r][\n]"
20:48:23.262 [main] DEBUG com.github.dockerjava.zerodep.shaded.org.apache.hc.client5.http.wire - http-outgoing-0 << "[\r][\n]"
20:48:23.262 [main] DEBUG com.github.dockerjava.zerodep.shaded.org.apache.hc.client5.http.headers - http-outgoing-0 << HTTP/1.1 200 OK
20:48:23.262 [main] DEBUG com.github.dockerjava.zerodep.shaded.org.apache.hc.client5.http.headers - http-outgoing-0 << Api-Version: 1.41
20:48:23.262 [main] DEBUG com.github.dockerjava.zerodep.shaded.org.apache.hc.client5.http.headers - http-outgoing-0 << Content-Type: application/json
20:48:23.262 [main] DEBUG com.github.dockerjava.zerodep.shaded.org.apache.hc.client5.http.headers - http-outgoing-0 << Date: Fri, 19 Aug 2022 00:48:23 GMT
20:48:23.262 [main] DEBUG com.github.dockerjava.zerodep.shaded.org.apache.hc.client5.http.headers - http-outgoing-0 << Docker-Experimental: false
20:48:23.262 [main] DEBUG com.github.dockerjava.zerodep.shaded.org.apache.hc.client5.http.headers - http-outgoing-0 << Ostype: linux
20:48:23.262 [main] DEBUG com.github.dockerjava.zerodep.shaded.org.apache.hc.client5.http.headers - http-outgoing-0 << Server: Docker/20.10.14 (linux)
20:48:23.262 [main] DEBUG com.github.dockerjava.zerodep.shaded.org.apache.hc.client5.http.headers - http-outgoing-0 << Transfer-Encoding: chunked
20:48:23.262 [main] DEBUG com.github.dockerjava.zerodep.shaded.org.apache.hc.client5.http.impl.classic.MainClientExec - ex-00000006: connection can be kept alive for 3 MINUTES
20:48:23.262 [main] DEBUG com.github.dockerjava.zerodep.shaded.org.apache.hc.client5.http.wire - http-outgoing-0 << "7ae[\r][\n]"
20:48:23.263 [main] DEBUG com.github.dockerjava.zerodep.shaded.org.apache.hc.client5.http.wire - http-outgoing-0 << "{"Id":"sha256:146fb8d54138d1e861eaea12fc359a15db6bc52e8db67829b3ef20a9736ab367","RepoTags":["testcontainers/ryuk:0.3.3"],"RepoDigests":["testcontainers/ryuk@sha256:d50c04005142e165182b2e408d0c76f3cc38ca4db4af14125ce1b938820e5cef"],"Parent":"","Comment":"buildkit.dockerfile.v0","Created":"2021-10-14T08:40:52.200085618Z","Container":"","ContainerConfig":{"Hostname":"","Domainname":"","User":"","AttachStdin":false,"AttachStdout":false,"AttachStderr":false,"Tty":false,"OpenStdin":false,"StdinOnce":false,"Env":null,"Cmd":null,"Image":"","Volumes":null,"WorkingDir":"","Entrypoint":null,"OnBuild":null,"Labels":null},"DockerVersion":"","Author":"","Config":{"Hostname":"","Domainname":"","User":"","AttachStdin":false,"AttachStdout":false,"AttachStderr":false,"Tty":false,"OpenStdin":false,"StdinOnce":false,"Env":["PATH=/usr/local/sbin:/usr/local/bin:/usr/sbin:/usr/bin:/sbin:/bin"],"Cmd":["/app"],"ArgsEscaped":true,"Image":"","Volumes":null,"WorkingDir":"","Entrypoint":null,"OnBuild":null,"Labels":null},"Architecture":"arm64","Os":"linux","Size":11506521,"VirtualSize":11506521,"GraphDriver":{"Data":{"LowerDir":"/var/lib/docker/overlay2/bd4f82256035a1c32a6a94fde930baf6506c14e2a52b353d66ac0e28861e4477/diff:/var/lib/docker/overlay2/29206d24218f69eb1b2f240ada913c1d89882c9f84e0284ec0835f5d39f519cd/diff","MergedDir":"/var/lib/docker/overlay2/5829a7ed22122428cebc7269bd6cd57efb22e464e86309b804121b2ee3cadbe4/merged","UpperDir":"/var/lib/docker/overlay2/5829a7ed22122428cebc7269bd6cd57efb22e464e86309b804121b2ee3cadbe4/diff","WorkDir":"/var/lib/docker/overlay2/5829a7ed22122428cebc7269bd6cd57efb22e464e86309b804121b2ee3cadbe4/work"},"Name":"overlay2"},"RootFS":{"Type":"layers","Layers":["sha256:986e97ef82aae7f2953f0cdae29c64e09efb52acd14e72489bd3df7b0552013f","sha256:378ebdc140b7a4100b1666fc697e2363cff4715b1477cd4db93ec7536125c4ed","sha256:167c1a7267738839cf1ec65ee5266cfc9a74b84d6c9bf055c3eb4898e95e029c"]},"Metadata":{"LastTagTime":"0001-01-01T00:00:00Z"}}[\n]"
20:48:23.263 [main] DEBUG com.github.dockerjava.zerodep.shaded.org.apache.hc.client5.http.wire - http-outgoing-0 << "[\r][\n]"
20:48:23.263 [main] DEBUG com.github.dockerjava.zerodep.shaded.org.apache.hc.client5.http.wire - http-outgoing-0 << "0[\r][\n]"
20:48:23.263 [main] DEBUG com.github.dockerjava.zerodep.shaded.org.apache.hc.client5.http.wire - http-outgoing-0 << "[\r][\n]"
20:48:23.273 [main] DEBUG com.github.dockerjava.zerodep.shaded.org.apache.hc.client5.http.impl.classic.InternalHttpClient - ep-00000005: releasing valid endpoint
20:48:23.273 [main] DEBUG com.github.dockerjava.zerodep.shaded.org.apache.hc.client5.http.impl.io.PoolingHttpClientConnectionManager - ep-00000005: releasing endpoint
20:48:23.273 [main] DEBUG com.github.dockerjava.zerodep.shaded.org.apache.hc.client5.http.impl.io.PoolingHttpClientConnectionManager - ep-00000005: connection http-outgoing-0 can be kept alive for 3 MINUTES
20:48:23.273 [main] DEBUG com.github.dockerjava.zerodep.shaded.org.apache.hc.client5.http.impl.io.PoolingHttpClientConnectionManager - ep-00000005: connection released [route: {}->unix://localhost:2375][total available: 1; route allocated: 1 of 2147483647; total allocated: 1 of 2147483647]
20:48:23.276 [main] DEBUG 🐳 [testcontainers/ryuk:0.3.3] - Starting container: testcontainers/ryuk:0.3.3
20:48:23.278 [main] DEBUG 🐳 [testcontainers/ryuk:0.3.3] - Trying to start container: testcontainers/ryuk:0.3.3 (attempt 1/1)
20:48:23.278 [main] DEBUG 🐳 [testcontainers/ryuk:0.3.3] - Starting container: testcontainers/ryuk:0.3.3
20:48:23.278 [main] INFO 🐳 [testcontainers/ryuk:0.3.3] - Creating container for image: testcontainers/ryuk:0.3.3
20:48:23.279 [main] DEBUG org.testcontainers.utility.RegistryAuthLocator - Looking up auth config for image: testcontainers/ryuk:0.3.3 at registry: https://index.docker.io/v1/
20:48:23.279 [main] DEBUG org.testcontainers.utility.RegistryAuthLocator - Cached auth found: [AuthConfig{username=fabrice7891, password=hidden non-blank value, auth=blank, email=null, registryAddress=https://index.docker.io/v1/, registryToken=blank}]
20:48:23.279 [main] DEBUG org.testcontainers.dockerclient.AuthDelegatingDockerClientConfig - Effective auth config [AuthConfig{username=fabrice7891, password=hidden non-blank value, auth=blank, email=null, registryAddress=https://index.docker.io/v1/, registryToken=blank}]
20:48:23.286 [main] DEBUG org.testcontainers.shaded.com.github.dockerjava.core.command.AbstrDockerCmd - Cmd: org.testcontainers.shaded.com.github.dockerjava.core.command.CreateContainerCmdImpl@2c6ee758[aliases=<null>,argsEscaped=<null>,attachStderr=<null>,attachStdin=<null>,attachStdout=<null>,authConfig=AuthConfig(username=fabrice7891, email=null, registryAddress=https://index.docker.io/v1/, stackOrchestrator=null),cmd={},domainName=<null>,entrypoint=<null>,env={},exposedPorts=ExposedPorts(exposedPorts=[8080/tcp]),healthcheck=<null>,hostConfig=HostConfig(binds=[/var/run/docker.sock:/var/run/docker.sock:rw], blkioWeight=null, blkioWeightDevice=null, blkioDeviceReadBps=null, blkioDeviceWriteBps=null, blkioDeviceReadIOps=null, blkioDeviceWriteIOps=null, memorySwappiness=null, nanoCPUs=null, capAdd=null, capDrop=null, containerIDFile=null, cpuPeriod=null, cpuRealtimePeriod=null, cpuRealtimeRuntime=null, cpuShares=null, cpuQuota=null, cpusetCpus=null, cpusetMems=null, devices=null, deviceCgroupRules=null, deviceRequests=null, diskQuota=null, dns=null, dnsOptions=null, dnsSearch=null, extraHosts=[], groupAdd=null, ipcMode=null, cgroup=null, links=[], logConfig=LogConfig(type=null, config=null), lxcConf=null, memory=null, memorySwap=null, memoryReservation=null, kernelMemory=null, networkMode=null, oomKillDisable=null, init=null, autoRemove=true, oomScoreAdj=null, portBindings={8080/tcp=[Lcom.github.dockerjava.api.model.Ports$Binding;@776802b0}, privileged=false, publishAllPorts=null, readonlyRootfs=null, restartPolicy=null, ulimits=null, cpuCount=null, cpuPercent=null, ioMaximumIOps=null, ioMaximumBandwidth=null, volumesFrom=[], mounts=null, pidMode=null, isolation=null, securityOpts=null, storageOpt=null, cgroupParent=null, volumeDriver=null, shmSize=null, pidsLimit=null, runtime=null, tmpFs=null, utSMode=null, usernsMode=null, sysctls=null, consoleSize=null, cgroupnsMode=null),hostName=<null>,image=testcontainers/ryuk:0.3.3,ipv4Address=<null>,ipv6Address=<null>,labels={org.testcontainers=true},macAddress=<null>,name=testcontainers-ryuk-79c75580-927c-468d-9dfa-ca38cb35a17d,networkDisabled=<null>,networkingConfig=<null>,onBuild=<null>,platform=<null>,portSpecs=<null>,shell=<null>,stdInOnce=<null>,stdinOpen=<null>,stopSignal=<null>,stopTimeout=<null>,tty=<null>,user=<null>,volumes=Volumes(volumes=[]),workingDir=<null>]
20:48:23.314 [main] DEBUG com.github.dockerjava.zerodep.shaded.org.apache.hc.client5.http.impl.classic.InternalHttpClient - ex-00000007: preparing request execution
20:48:23.314 [main] DEBUG com.github.dockerjava.zerodep.shaded.org.apache.hc.client5.http.protocol.RequestAddCookies - Cookie spec selected: strict
20:48:23.314 [main] DEBUG com.github.dockerjava.zerodep.shaded.org.apache.hc.client5.http.protocol.RequestAuthCache - Auth cache not set in the context
20:48:23.314 [main] DEBUG com.github.dockerjava.zerodep.shaded.org.apache.hc.client5.http.impl.classic.ProtocolExec - ex-00000007: target auth state: UNCHALLENGED
20:48:23.314 [main] DEBUG com.github.dockerjava.zerodep.shaded.org.apache.hc.client5.http.impl.classic.ProtocolExec - ex-00000007: proxy auth state: UNCHALLENGED
20:48:23.314 [main] DEBUG com.github.dockerjava.zerodep.shaded.org.apache.hc.client5.http.impl.classic.ConnectExec - ex-00000007: acquiring connection with route {}->unix://localhost:2375
20:48:23.314 [main] DEBUG com.github.dockerjava.zerodep.shaded.org.apache.hc.client5.http.impl.classic.InternalHttpClient - ex-00000007: acquiring endpoint (3 MINUTES)
20:48:23.315 [main] DEBUG com.github.dockerjava.zerodep.shaded.org.apache.hc.client5.http.impl.io.PoolingHttpClientConnectionManager - ex-00000007: endpoint lease request (3 MINUTES) [route: {}->unix://localhost:2375][total available: 1; route allocated: 1 of 2147483647; total allocated: 1 of 2147483647]
20:48:23.315 [main] DEBUG com.github.dockerjava.zerodep.shaded.org.apache.hc.client5.http.impl.io.PoolingHttpClientConnectionManager - ex-00000007: endpoint leased [route: {}->unix://localhost:2375][total available: 0; route allocated: 1 of 2147483647; total allocated: 1 of 2147483647]
20:48:23.315 [main] DEBUG com.github.dockerjava.zerodep.shaded.org.apache.hc.client5.http.impl.io.PoolingHttpClientConnectionManager - ex-00000007: acquired ep-00000006
20:48:23.315 [main] DEBUG com.github.dockerjava.zerodep.shaded.org.apache.hc.client5.http.impl.classic.InternalHttpClient - ex-00000007: acquired endpoint ep-00000006
20:48:23.315 [main] DEBUG com.github.dockerjava.zerodep.shaded.org.apache.hc.client5.http.impl.classic.MainClientExec - ex-00000007: executing POST /v1.32/containers/create?name=testcontainers-ryuk-79c75580-927c-468d-9dfa-ca38cb35a17d HTTP/1.1
20:48:23.315 [main] DEBUG com.github.dockerjava.zerodep.shaded.org.apache.hc.client5.http.impl.classic.InternalHttpClient - ep-00000006: start execution ex-00000007
20:48:23.315 [main] DEBUG com.github.dockerjava.zerodep.shaded.org.apache.hc.client5.http.impl.io.PoolingHttpClientConnectionManager - ep-00000006: executing exchange ex-00000007 over http-outgoing-0
20:48:23.315 [main] DEBUG com.github.dockerjava.zerodep.shaded.org.apache.hc.client5.http.headers - http-outgoing-0 >> POST /v1.32/containers/create?name=testcontainers-ryuk-79c75580-927c-468d-9dfa-ca38cb35a17d HTTP/1.1
20:48:23.315 [main] DEBUG com.github.dockerjava.zerodep.shaded.org.apache.hc.client5.http.headers - http-outgoing-0 >> X-Registry-Auth: eyJ1c2VybmFtZSI6ImZhYnJpY2U3ODkxIiwicGFzc3dvcmQiOiJkY2tyX3BhdF9wTmdubHJ1RVJqeXN4X0YxeGpMT0p4bU1HMEEiLCJlbWFpbCI6bnVsbCwic2VydmVyYWRkcmVzcyI6Imh0dHBzOi8vaW5kZXguZG9ja2VyLmlvL3YxLyIsImF1dGgiOm51bGwsInJlZ2lzdHJ5dG9rZW4iOm51bGwsImlkZW50aXR5dG9rZW4iOm51bGwsInN0YWNrT3JjaGVzdHJhdG9yIjpudWxsfQ==
20:48:23.315 [main] DEBUG com.github.dockerjava.zerodep.shaded.org.apache.hc.client5.http.headers - http-outgoing-0 >> accept: application/json
20:48:23.315 [main] DEBUG com.github.dockerjava.zerodep.shaded.org.apache.hc.client5.http.headers - http-outgoing-0 >> content-type: application/json
20:48:23.315 [main] DEBUG com.github.dockerjava.zerodep.shaded.org.apache.hc.client5.http.headers - http-outgoing-0 >> x-tc-sid: 79c75580-927c-468d-9dfa-ca38cb35a17d
20:48:23.315 [main] DEBUG com.github.dockerjava.zerodep.shaded.org.apache.hc.client5.http.headers - http-outgoing-0 >> Accept-Encoding: gzip, x-gzip, deflate
20:48:23.315 [main] DEBUG com.github.dockerjava.zerodep.shaded.org.apache.hc.client5.http.headers - http-outgoing-0 >> Content-Length: 1884
20:48:23.315 [main] DEBUG com.github.dockerjava.zerodep.shaded.org.apache.hc.client5.http.headers - http-outgoing-0 >> Host: localhost:2375
20:48:23.315 [main] DEBUG com.github.dockerjava.zerodep.shaded.org.apache.hc.client5.http.headers - http-outgoing-0 >> Connection: keep-alive
20:48:23.315 [main] DEBUG com.github.dockerjava.zerodep.shaded.org.apache.hc.client5.http.headers - http-outgoing-0 >> User-Agent: Apache-HttpClient/5.0.3 (Java/17.0.2)
20:48:23.315 [main] DEBUG com.github.dockerjava.zerodep.shaded.org.apache.hc.client5.http.wire - http-outgoing-0 >> "POST /v1.32/containers/create?name=testcontainers-ryuk-79c75580-927c-468d-9dfa-ca38cb35a17d HTTP/1.1[\r][\n]"
20:48:23.315 [main] DEBUG com.github.dockerjava.zerodep.shaded.org.apache.hc.client5.http.wire - http-outgoing-0 >> "X-Registry-Auth: eyJ1c2VybmFtZSI6ImZhYnJpY2U3ODkxIiwicGFzc3dvcmQiOiJkY2tyX3BhdF9wTmdubHJ1RVJqeXN4X0YxeGpMT0p4bU1HMEEiLCJlbWFpbCI6bnVsbCwic2VydmVyYWRkcmVzcyI6Imh0dHBzOi8vaW5kZXguZG9ja2VyLmlvL3YxLyIsImF1dGgiOm51bGwsInJlZ2lzdHJ5dG9rZW4iOm51bGwsImlkZW50aXR5dG9rZW4iOm51bGwsInN0YWNrT3JjaGVzdHJhdG9yIjpudWxsfQ==[\r][\n]"
20:48:23.315 [main] DEBUG com.github.dockerjava.zerodep.shaded.org.apache.hc.client5.http.wire - http-outgoing-0 >> "accept: application/json[\r][\n]"
20:48:23.315 [main] DEBUG com.github.dockerjava.zerodep.shaded.org.apache.hc.client5.http.wire - http-outgoing-0 >> "content-type: application/json[\r][\n]"
20:48:23.315 [main] DEBUG com.github.dockerjava.zerodep.shaded.org.apache.hc.client5.http.wire - http-outgoing-0 >> "x-tc-sid: 79c75580-927c-468d-9dfa-ca38cb35a17d[\r][\n]"
20:48:23.315 [main] DEBUG com.github.dockerjava.zerodep.shaded.org.apache.hc.client5.http.wire - http-outgoing-0 >> "Accept-Encoding: gzip, x-gzip, deflate[\r][\n]"
20:48:23.315 [main] DEBUG com.github.dockerjava.zerodep.shaded.org.apache.hc.client5.http.wire - http-outgoing-0 >> "Content-Length: 1884[\r][\n]"
20:48:23.315 [main] DEBUG com.github.dockerjava.zerodep.shaded.org.apache.hc.client5.http.wire - http-outgoing-0 >> "Host: localhost:2375[\r][\n]"
20:48:23.315 [main] DEBUG com.github.dockerjava.zerodep.shaded.org.apache.hc.client5.http.wire - http-outgoing-0 >> "Connection: keep-alive[\r][\n]"
20:48:23.315 [main] DEBUG com.github.dockerjava.zerodep.shaded.org.apache.hc.client5.http.wire - http-outgoing-0 >> "User-Agent: Apache-HttpClient/5.0.3 (Java/17.0.2)[\r][\n]"
20:48:23.315 [main] DEBUG com.github.dockerjava.zerodep.shaded.org.apache.hc.client5.http.wire - http-outgoing-0 >> "[\r][\n]"
20:48:23.315 [main] DEBUG com.github.dockerjava.zerodep.shaded.org.apache.hc.client5.http.wire - http-outgoing-0 >> "{"Hostname":null,"Domainname":null,"User":null,"AttachStdin":null,"AttachStdout":null,"AttachStderr":null,"PortSpecs":null,"Tty":null,"OpenStdin":null,"StdinOnce":null,"Env":[],"Cmd":[],"Healthcheck":null,"ArgsEscaped":null,"Entrypoint":null,"Image":"testcontainers/ryuk:0.3.3","Volumes":{},"WorkingDir":null,"MacAddress":null,"OnBuild":null,"NetworkDisabled":null,"ExposedPorts":{"8080/tcp":{}},"StopSignal":null,"StopTimeout":null,"HostConfig":{"Binds":["/var/run/docker.sock:/var/run/docker.sock:rw"],"BlkioWeight":null,"BlkioWeightDevice":null,"BlkioDeviceReadBps":null,"BlkioDeviceWriteBps":null,"BlkioDeviceReadIOps":null,"BlkioDeviceWriteIOps":null,"MemorySwappiness":null,"NanoCpus":null,"CapAdd":null,"CapDrop":null,"ContainerIDFile":null,"CpuPeriod":null,"CpuRealtimePeriod":null,"CpuRealtimeRuntime":null,"CpuShares":null,"CpuQuota":null,"CpusetCpus":null,"CpusetMems":null,"Devices":null,"DeviceCgroupRules":null,"DeviceRequests":null,"DiskQuota":null,"Dns":null,"DnsOptions":null,"DnsSearch":null,"ExtraHosts":[],"GroupAdd":null,"IpcMode":null,"Cgroup":null,"Links":[],"LogConfig":null,"LxcConf":null,"Memory":null,"MemorySwap":null,"MemoryReservation":null,"KernelMemory":null,"NetworkMode":null,"OomKillDisable":null,"Init":null,"AutoRemove":true,"OomScoreAdj":null,"PortBindings":{"8080/tcp":[{"HostIp":"","HostPort":""}]},"Privileged":false,"PublishAllPorts":null,"ReadonlyRootfs":null,"RestartPolicy":null,"Ulimits":null,"CpuCount":null,"CpuPercent":null,"IOMaximumIOps":null,"IOMaximumBandwidth":null,"VolumesFrom":[],"Mounts":null,"PidMode":null,"Isolation":null,"SecurityOpt":null,"StorageOpt":null,"CgroupParent":null,"VolumeDriver":null,"ShmSize":null,"PidsLimit":null,"Runtime":null,"Tmpfs":null,"UTSMode":null,"UsernsMode":null,"Sysctls":null,"ConsoleSize":null,"CgroupnsMode":null},"Labels":{"org.testcontainers":"true"},"Shell":null,"NetworkingConfig":null}"
20:48:23.430 [main] DEBUG com.github.dockerjava.zerodep.shaded.org.apache.hc.client5.http.wire - http-outgoing-0 << "HTTP/1.1 201 Created[\r][\n]"
20:48:23.430 [main] DEBUG com.github.dockerjava.zerodep.shaded.org.apache.hc.client5.http.wire - http-outgoing-0 << "Api-Version: 1.41[\r][\n]"
20:48:23.430 [main] DEBUG com.github.dockerjava.zerodep.shaded.org.apache.hc.client5.http.wire - http-outgoing-0 << "Content-Type: application/json[\r][\n]"
20:48:23.430 [main] DEBUG com.github.dockerjava.zerodep.shaded.org.apache.hc.client5.http.wire - http-outgoing-0 << "Date: Fri, 19 Aug 2022 00:48:23 GMT[\r][\n]"
20:48:23.430 [main] DEBUG com.github.dockerjava.zerodep.shaded.org.apache.hc.client5.http.wire - http-outgoing-0 << "Docker-Experimental: false[\r][\n]"
20:48:23.430 [main] DEBUG com.github.dockerjava.zerodep.shaded.org.apache.hc.client5.http.wire - http-outgoing-0 << "Ostype: linux[\r][\n]"
20:48:23.430 [main] DEBUG com.github.dockerjava.zerodep.shaded.org.apache.hc.client5.http.wire - http-outgoing-0 << "Server: Docker/20.10.14 (linux)[\r][\n]"
20:48:23.430 [main] DEBUG com.github.dockerjava.zerodep.shaded.org.apache.hc.client5.http.wire - http-outgoing-0 << "Transfer-Encoding: chunked[\r][\n]"
20:48:23.430 [main] DEBUG com.github.dockerjava.zerodep.shaded.org.apache.hc.client5.http.wire - http-outgoing-0 << "[\r][\n]"
20:48:23.431 [main] DEBUG com.github.dockerjava.zerodep.shaded.org.apache.hc.client5.http.headers - http-outgoing-0 << HTTP/1.1 201 Created
20:48:23.431 [main] DEBUG com.github.dockerjava.zerodep.shaded.org.apache.hc.client5.http.headers - http-outgoing-0 << Api-Version: 1.41
20:48:23.431 [main] DEBUG com.github.dockerjava.zerodep.shaded.org.apache.hc.client5.http.headers - http-outgoing-0 << Content-Type: application/json
20:48:23.431 [main] DEBUG com.github.dockerjava.zerodep.shaded.org.apache.hc.client5.http.headers - http-outgoing-0 << Date: Fri, 19 Aug 2022 00:48:23 GMT
20:48:23.431 [main] DEBUG com.github.dockerjava.zerodep.shaded.org.apache.hc.client5.http.headers - http-outgoing-0 << Docker-Experimental: false
20:48:23.431 [main] DEBUG com.github.dockerjava.zerodep.shaded.org.apache.hc.client5.http.headers - http-outgoing-0 << Ostype: linux
20:48:23.431 [main] DEBUG com.github.dockerjava.zerodep.shaded.org.apache.hc.client5.http.headers - http-outgoing-0 << Server: Docker/20.10.14 (linux)
20:48:23.431 [main] DEBUG com.github.dockerjava.zerodep.shaded.org.apache.hc.client5.http.headers - http-outgoing-0 << Transfer-Encoding: chunked
20:48:23.431 [main] DEBUG com.github.dockerjava.zerodep.shaded.org.apache.hc.client5.http.impl.classic.MainClientExec - ex-00000007: connection can be kept alive for 3 MINUTES
20:48:23.431 [main] DEBUG com.github.dockerjava.zerodep.shaded.org.apache.hc.client5.http.wire - http-outgoing-0 << "58[\r][\n]"
20:48:23.431 [main] DEBUG com.github.dockerjava.zerodep.shaded.org.apache.hc.client5.http.wire - http-outgoing-0 << "{"Id":"750b695441c4ade2770282fefa89ad03763151408b1fb6f972c562cc044ebcd1","Warnings":[]}[\n]"
20:48:23.431 [main] DEBUG com.github.dockerjava.zerodep.shaded.org.apache.hc.client5.http.wire - http-outgoing-0 << "[\r][\n]"
20:48:23.432 [main] DEBUG com.github.dockerjava.zerodep.shaded.org.apache.hc.client5.http.wire - http-outgoing-0 << "0[\r][\n]"
20:48:23.432 [main] DEBUG com.github.dockerjava.zerodep.shaded.org.apache.hc.client5.http.wire - http-outgoing-0 << "[\r][\n]"
20:48:23.432 [main] DEBUG com.github.dockerjava.zerodep.shaded.org.apache.hc.client5.http.impl.classic.InternalHttpClient - ep-00000006: releasing valid endpoint
20:48:23.432 [main] DEBUG com.github.dockerjava.zerodep.shaded.org.apache.hc.client5.http.impl.io.PoolingHttpClientConnectionManager - ep-00000006: releasing endpoint
20:48:23.432 [main] DEBUG com.github.dockerjava.zerodep.shaded.org.apache.hc.client5.http.impl.io.PoolingHttpClientConnectionManager - ep-00000006: connection http-outgoing-0 can be kept alive for 3 MINUTES
20:48:23.432 [main] DEBUG com.github.dockerjava.zerodep.shaded.org.apache.hc.client5.http.impl.io.PoolingHttpClientConnectionManager - ep-00000006: connection released [route: {}->unix://localhost:2375][total available: 1; route allocated: 1 of 2147483647; total allocated: 1 of 2147483647]
20:48:23.433 [main] INFO 🐳 [testcontainers/ryuk:0.3.3] - Container testcontainers/ryuk:0.3.3 is starting: 750b695441c4ade2770282fefa89ad03763151408b1fb6f972c562cc044ebcd1
20:48:23.434 [main] DEBUG org.testcontainers.shaded.com.github.dockerjava.core.command.AbstrDockerCmd - Cmd: 750b695441c4ade2770282fefa89ad03763151408b1fb6f972c562cc044ebcd1
20:48:23.434 [main] DEBUG com.github.dockerjava.zerodep.shaded.org.apache.hc.client5.http.impl.classic.InternalHttpClient - ex-00000008: preparing request execution
20:48:23.434 [main] DEBUG com.github.dockerjava.zerodep.shaded.org.apache.hc.client5.http.protocol.RequestAddCookies - Cookie spec selected: strict
20:48:23.434 [main] DEBUG com.github.dockerjava.zerodep.shaded.org.apache.hc.client5.http.protocol.RequestAuthCache - Auth cache not set in the context
20:48:23.434 [main] DEBUG com.github.dockerjava.zerodep.shaded.org.apache.hc.client5.http.impl.classic.ProtocolExec - ex-00000008: target auth state: UNCHALLENGED
20:48:23.434 [main] DEBUG com.github.dockerjava.zerodep.shaded.org.apache.hc.client5.http.impl.classic.ProtocolExec - ex-00000008: proxy auth state: UNCHALLENGED
20:48:23.434 [main] DEBUG com.github.dockerjava.zerodep.shaded.org.apache.hc.client5.http.impl.classic.ConnectExec - ex-00000008: acquiring connection with route {}->unix://localhost:2375
20:48:23.434 [main] DEBUG com.github.dockerjava.zerodep.shaded.org.apache.hc.client5.http.impl.classic.InternalHttpClient - ex-00000008: acquiring endpoint (3 MINUTES)
20:48:23.434 [main] DEBUG com.github.dockerjava.zerodep.shaded.org.apache.hc.client5.http.impl.io.PoolingHttpClientConnectionManager - ex-00000008: endpoint lease request (3 MINUTES) [route: {}->unix://localhost:2375][total available: 1; route allocated: 1 of 2147483647; total allocated: 1 of 2147483647]
20:48:23.434 [main] DEBUG com.github.dockerjava.zerodep.shaded.org.apache.hc.client5.http.impl.io.PoolingHttpClientConnectionManager - ex-00000008: endpoint leased [route: {}->unix://localhost:2375][total available: 0; route allocated: 1 of 2147483647; total allocated: 1 of 2147483647]
20:48:23.434 [main] DEBUG com.github.dockerjava.zerodep.shaded.org.apache.hc.client5.http.impl.io.PoolingHttpClientConnectionManager - ex-00000008: acquired ep-00000007
20:48:23.434 [main] DEBUG com.github.dockerjava.zerodep.shaded.org.apache.hc.client5.http.impl.classic.InternalHttpClient - ex-00000008: acquired endpoint ep-00000007
20:48:23.434 [main] DEBUG com.github.dockerjava.zerodep.shaded.org.apache.hc.client5.http.impl.classic.MainClientExec - ex-00000008: executing POST /v1.32/containers/750b695441c4ade2770282fefa89ad03763151408b1fb6f972c562cc044ebcd1/start HTTP/1.1
20:48:23.434 [main] DEBUG com.github.dockerjava.zerodep.shaded.org.apache.hc.client5.http.impl.classic.InternalHttpClient - ep-00000007: start execution ex-00000008
20:48:23.434 [main] DEBUG com.github.dockerjava.zerodep.shaded.org.apache.hc.client5.http.impl.io.PoolingHttpClientConnectionManager - ep-00000007: executing exchange ex-00000008 over http-outgoing-0
20:48:23.434 [main] DEBUG com.github.dockerjava.zerodep.shaded.org.apache.hc.client5.http.headers - http-outgoing-0 >> POST /v1.32/containers/750b695441c4ade2770282fefa89ad03763151408b1fb6f972c562cc044ebcd1/start HTTP/1.1
20:48:23.434 [main] DEBUG com.github.dockerjava.zerodep.shaded.org.apache.hc.client5.http.headers - http-outgoing-0 >> accept: application/json
20:48:23.434 [main] DEBUG com.github.dockerjava.zerodep.shaded.org.apache.hc.client5.http.headers - http-outgoing-0 >> content-type: application/json
20:48:23.434 [main] DEBUG com.github.dockerjava.zerodep.shaded.org.apache.hc.client5.http.headers - http-outgoing-0 >> x-tc-sid: 79c75580-927c-468d-9dfa-ca38cb35a17d
20:48:23.434 [main] DEBUG com.github.dockerjava.zerodep.shaded.org.apache.hc.client5.http.headers - http-outgoing-0 >> Accept-Encoding: gzip, x-gzip, deflate
20:48:23.434 [main] DEBUG com.github.dockerjava.zerodep.shaded.org.apache.hc.client5.http.headers - http-outgoing-0 >> Host: localhost:2375
20:48:23.434 [main] DEBUG com.github.dockerjava.zerodep.shaded.org.apache.hc.client5.http.headers - http-outgoing-0 >> Connection: keep-alive
20:48:23.434 [main] DEBUG com.github.dockerjava.zerodep.shaded.org.apache.hc.client5.http.headers - http-outgoing-0 >> User-Agent: Apache-HttpClient/5.0.3 (Java/17.0.2)
20:48:23.434 [main] DEBUG com.github.dockerjava.zerodep.shaded.org.apache.hc.client5.http.wire - http-outgoing-0 >> "POST /v1.32/containers/750b695441c4ade2770282fefa89ad03763151408b1fb6f972c562cc044ebcd1/start HTTP/1.1[\r][\n]"
20:48:23.434 [main] DEBUG com.github.dockerjava.zerodep.shaded.org.apache.hc.client5.http.wire - http-outgoing-0 >> "accept: application/json[\r][\n]"
20:48:23.434 [main] DEBUG com.github.dockerjava.zerodep.shaded.org.apache.hc.client5.http.wire - http-outgoing-0 >> "content-type: application/json[\r][\n]"
20:48:23.434 [main] DEBUG com.github.dockerjava.zerodep.shaded.org.apache.hc.client5.http.wire - http-outgoing-0 >> "x-tc-sid: 79c75580-927c-468d-9dfa-ca38cb35a17d[\r][\n]"
20:48:23.434 [main] DEBUG com.github.dockerjava.zerodep.shaded.org.apache.hc.client5.http.wire - http-outgoing-0 >> "Accept-Encoding: gzip, x-gzip, deflate[\r][\n]"
20:48:23.434 [main] DEBUG com.github.dockerjava.zerodep.shaded.org.apache.hc.client5.http.wire - http-outgoing-0 >> "Host: localhost:2375[\r][\n]"
20:48:23.435 [main] DEBUG com.github.dockerjava.zerodep.shaded.org.apache.hc.client5.http.wire - http-outgoing-0 >> "Connection: keep-alive[\r][\n]"
20:48:23.435 [main] DEBUG com.github.dockerjava.zerodep.shaded.org.apache.hc.client5.http.wire - http-outgoing-0 >> "User-Agent: Apache-HttpClient/5.0.3 (Java/17.0.2)[\r][\n]"
20:48:23.435 [main] DEBUG com.github.dockerjava.zerodep.shaded.org.apache.hc.client5.http.wire - http-outgoing-0 >> "[\r][\n]"
20:48:24.152 [main] DEBUG com.github.dockerjava.zerodep.shaded.org.apache.hc.client5.http.wire - http-outgoing-0 << "HTTP/1.1 204 No Content[\r][\n]"
20:48:24.152 [main] DEBUG com.github.dockerjava.zerodep.shaded.org.apache.hc.client5.http.wire - http-outgoing-0 << "Api-Version: 1.41[\r][\n]"
20:48:24.152 [main] DEBUG com.github.dockerjava.zerodep.shaded.org.apache.hc.client5.http.wire - http-outgoing-0 << "Date: Fri, 19 Aug 2022 00:48:24 GMT[\r][\n]"
20:48:24.152 [main] DEBUG com.github.dockerjava.zerodep.shaded.org.apache.hc.client5.http.wire - http-outgoing-0 << "Docker-Experimental: false[\r][\n]"
20:48:24.152 [main] DEBUG com.github.dockerjava.zerodep.shaded.org.apache.hc.client5.http.wire - http-outgoing-0 << "Ostype: linux[\r][\n]"
20:48:24.152 [main] DEBUG com.github.dockerjava.zerodep.shaded.org.apache.hc.client5.http.wire - http-outgoing-0 << "Server: Docker/20.10.14 (linux)[\r][\n]"
20:48:24.152 [main] DEBUG com.github.dockerjava.zerodep.shaded.org.apache.hc.client5.http.wire - http-outgoing-0 << "[\r][\n]"
20:48:24.152 [main] DEBUG com.github.dockerjava.zerodep.shaded.org.apache.hc.client5.http.headers - http-outgoing-0 << HTTP/1.1 204 No Content
20:48:24.152 [main] DEBUG com.github.dockerjava.zerodep.shaded.org.apache.hc.client5.http.headers - http-outgoing-0 << Api-Version: 1.41
20:48:24.152 [main] DEBUG com.github.dockerjava.zerodep.shaded.org.apache.hc.client5.http.headers - http-outgoing-0 << Date: Fri, 19 Aug 2022 00:48:24 GMT
20:48:24.152 [main] DEBUG com.github.dockerjava.zerodep.shaded.org.apache.hc.client5.http.headers - http-outgoing-0 << Docker-Experimental: false
20:48:24.152 [main] DEBUG com.github.dockerjava.zerodep.shaded.org.apache.hc.client5.http.headers - http-outgoing-0 << Ostype: linux
20:48:24.152 [main] DEBUG com.github.dockerjava.zerodep.shaded.org.apache.hc.client5.http.headers - http-outgoing-0 << Server: Docker/20.10.14 (linux)
20:48:24.152 [main] DEBUG com.github.dockerjava.zerodep.shaded.org.apache.hc.client5.http.impl.classic.MainClientExec - ex-00000008: connection can be kept alive for 3 MINUTES
20:48:24.152 [main] DEBUG com.github.dockerjava.zerodep.shaded.org.apache.hc.client5.http.impl.classic.InternalHttpClient - ep-00000007: releasing valid endpoint
20:48:24.152 [main] DEBUG com.github.dockerjava.zerodep.shaded.org.apache.hc.client5.http.impl.io.PoolingHttpClientConnectionManager - ep-00000007: releasing endpoint
20:48:24.152 [main] DEBUG com.github.dockerjava.zerodep.shaded.org.apache.hc.client5.http.impl.io.PoolingHttpClientConnectionManager - ep-00000007: connection http-outgoing-0 can be kept alive for 3 MINUTES
20:48:24.152 [main] DEBUG com.github.dockerjava.zerodep.shaded.org.apache.hc.client5.http.impl.io.PoolingHttpClientConnectionManager - ep-00000007: connection released [route: {}->unix://localhost:2375][total available: 1; route allocated: 1 of 2147483647; total allocated: 1 of 2147483647]
20:48:24.157 [main] DEBUG org.testcontainers.shaded.com.github.dockerjava.core.command.AbstrDockerCmd - Cmd: 750b695441c4ade2770282fefa89ad03763151408b1fb6f972c562cc044ebcd1,false
20:48:24.157 [main] DEBUG org.testcontainers.shaded.com.github.dockerjava.core.exec.InspectContainerCmdExec - GET: DefaultWebTarget{path=[/containers/750b695441c4ade2770282fefa89ad03763151408b1fb6f972c562cc044ebcd1/json], queryParams={}}
20:48:24.157 [main] DEBUG com.github.dockerjava.zerodep.shaded.org.apache.hc.client5.http.impl.classic.InternalHttpClient - ex-00000009: preparing request execution
20:48:24.158 [main] DEBUG com.github.dockerjava.zerodep.shaded.org.apache.hc.client5.http.protocol.RequestAddCookies - Cookie spec selected: strict
20:48:24.158 [main] DEBUG com.github.dockerjava.zerodep.shaded.org.apache.hc.client5.http.protocol.RequestAuthCache - Auth cache not set in the context
20:48:24.158 [main] DEBUG com.github.dockerjava.zerodep.shaded.org.apache.hc.client5.http.impl.classic.ProtocolExec - ex-00000009: target auth state: UNCHALLENGED
20:48:24.158 [main] DEBUG com.github.dockerjava.zerodep.shaded.org.apache.hc.client5.http.impl.classic.ProtocolExec - ex-00000009: proxy auth state: UNCHALLENGED
20:48:24.158 [main] DEBUG com.github.dockerjava.zerodep.shaded.org.apache.hc.client5.http.impl.classic.ConnectExec - ex-00000009: acquiring connection with route {}->unix://localhost:2375
20:48:24.158 [main] DEBUG com.github.dockerjava.zerodep.shaded.org.apache.hc.client5.http.impl.classic.InternalHttpClient - ex-00000009: acquiring endpoint (3 MINUTES)
20:48:24.158 [main] DEBUG com.github.dockerjava.zerodep.shaded.org.apache.hc.client5.http.impl.io.PoolingHttpClientConnectionManager - ex-00000009: endpoint lease request (3 MINUTES) [route: {}->unix://localhost:2375][total available: 1; route allocated: 1 of 2147483647; total allocated: 1 of 2147483647]
20:48:24.158 [main] DEBUG com.github.dockerjava.zerodep.shaded.org.apache.hc.client5.http.impl.io.PoolingHttpClientConnectionManager - ex-00000009: endpoint leased [route: {}->unix://localhost:2375][total available: 0; route allocated: 1 of 2147483647; total allocated: 1 of 2147483647]
20:48:24.158 [main] DEBUG com.github.dockerjava.zerodep.shaded.org.apache.hc.client5.http.impl.io.PoolingHttpClientConnectionManager - ex-00000009: acquired ep-00000008
20:48:24.158 [main] DEBUG com.github.dockerjava.zerodep.shaded.org.apache.hc.client5.http.impl.classic.InternalHttpClient - ex-00000009: acquired endpoint ep-00000008
20:48:24.158 [main] DEBUG com.github.dockerjava.zerodep.shaded.org.apache.hc.client5.http.impl.classic.MainClientExec - ex-00000009: executing GET /v1.32/containers/750b695441c4ade2770282fefa89ad03763151408b1fb6f972c562cc044ebcd1/json HTTP/1.1
20:48:24.158 [main] DEBUG com.github.dockerjava.zerodep.shaded.org.apache.hc.client5.http.impl.classic.InternalHttpClient - ep-00000008: start execution ex-00000009
20:48:24.158 [main] DEBUG com.github.dockerjava.zerodep.shaded.org.apache.hc.client5.http.impl.io.PoolingHttpClientConnectionManager - ep-00000008: executing exchange ex-00000009 over http-outgoing-0
20:48:24.158 [main] DEBUG com.github.dockerjava.zerodep.shaded.org.apache.hc.client5.http.headers - http-outgoing-0 >> GET /v1.32/containers/750b695441c4ade2770282fefa89ad03763151408b1fb6f972c562cc044ebcd1/json HTTP/1.1
20:48:24.158 [main] DEBUG com.github.dockerjava.zerodep.shaded.org.apache.hc.client5.http.headers - http-outgoing-0 >> accept: application/json
20:48:24.158 [main] DEBUG com.github.dockerjava.zerodep.shaded.org.apache.hc.client5.http.headers - http-outgoing-0 >> x-tc-sid: 79c75580-927c-468d-9dfa-ca38cb35a17d
20:48:24.158 [main] DEBUG com.github.dockerjava.zerodep.shaded.org.apache.hc.client5.http.headers - http-outgoing-0 >> Accept-Encoding: gzip, x-gzip, deflate
20:48:24.158 [main] DEBUG com.github.dockerjava.zerodep.shaded.org.apache.hc.client5.http.headers - http-outgoing-0 >> Host: localhost:2375
20:48:24.158 [main] DEBUG com.github.dockerjava.zerodep.shaded.org.apache.hc.client5.http.headers - http-outgoing-0 >> Connection: keep-alive
20:48:24.158 [main] DEBUG com.github.dockerjava.zerodep.shaded.org.apache.hc.client5.http.headers - http-outgoing-0 >> User-Agent: Apache-HttpClient/5.0.3 (Java/17.0.2)
20:48:24.158 [main] DEBUG com.github.dockerjava.zerodep.shaded.org.apache.hc.client5.http.wire - http-outgoing-0 >> "GET /v1.32/containers/750b695441c4ade2770282fefa89ad03763151408b1fb6f972c562cc044ebcd1/json HTTP/1.1[\r][\n]"
20:48:24.158 [main] DEBUG com.github.dockerjava.zerodep.shaded.org.apache.hc.client5.http.wire - http-outgoing-0 >> "accept: application/json[\r][\n]"
20:48:24.158 [main] DEBUG com.github.dockerjava.zerodep.shaded.org.apache.hc.client5.http.wire - http-outgoing-0 >> "x-tc-sid: 79c75580-927c-468d-9dfa-ca38cb35a17d[\r][\n]"
20:48:24.158 [main] DEBUG com.github.dockerjava.zerodep.shaded.org.apache.hc.client5.http.wire - http-outgoing-0 >> "Accept-Encoding: gzip, x-gzip, deflate[\r][\n]"
20:48:24.158 [main] DEBUG com.github.dockerjava.zerodep.shaded.org.apache.hc.client5.http.wire - http-outgoing-0 >> "Host: localhost:2375[\r][\n]"
20:48:24.158 [main] DEBUG com.github.dockerjava.zerodep.shaded.org.apache.hc.client5.http.wire - http-outgoing-0 >> "Connection: keep-alive[\r][\n]"
20:48:24.158 [main] DEBUG com.github.dockerjava.zerodep.shaded.org.apache.hc.client5.http.wire - http-outgoing-0 >> "User-Agent: Apache-HttpClient/5.0.3 (Java/17.0.2)[\r][\n]"
20:48:24.158 [main] DEBUG com.github.dockerjava.zerodep.shaded.org.apache.hc.client5.http.wire - http-outgoing-0 >> "[\r][\n]"
20:48:24.161 [main] DEBUG com.github.dockerjava.zerodep.shaded.org.apache.hc.client5.http.wire - http-outgoing-0 << "HTTP/1.1 200 OK[\r][\n]"
20:48:24.161 [main] DEBUG com.github.dockerjava.zerodep.shaded.org.apache.hc.client5.http.wire - http-outgoing-0 << "Api-Version: 1.41[\r][\n]"
20:48:24.161 [main] DEBUG com.github.dockerjava.zerodep.shaded.org.apache.hc.client5.http.wire - http-outgoing-0 << "Content-Type: application/json[\r][\n]"
20:48:24.161 [main] DEBUG com.github.dockerjava.zerodep.shaded.org.apache.hc.client5.http.wire - http-outgoing-0 << "Date: Fri, 19 Aug 2022 00:48:24 GMT[\r][\n]"
20:48:24.161 [main] DEBUG com.github.dockerjava.zerodep.shaded.org.apache.hc.client5.http.wire - http-outgoing-0 << "Docker-Experimental: false[\r][\n]"
20:48:24.161 [main] DEBUG com.github.dockerjava.zerodep.shaded.org.apache.hc.client5.http.wire - http-outgoing-0 << "Ostype: linux[\r][\n]"
20:48:24.161 [main] DEBUG com.github.dockerjava.zerodep.shaded.org.apache.hc.client5.http.wire - http-outgoing-0 << "Server: Docker/20.10.14 (linux)[\r][\n]"
20:48:24.161 [main] DEBUG com.github.dockerjava.zerodep.shaded.org.apache.hc.client5.http.wire - http-outgoing-0 << "Transfer-Encoding: chunked[\r][\n]"
20:48:24.161 [main] DEBUG com.github.dockerjava.zerodep.shaded.org.apache.hc.client5.http.wire - http-outgoing-0 << "[\r][\n]"
20:48:24.161 [main] DEBUG com.github.dockerjava.zerodep.shaded.org.apache.hc.client5.http.headers - http-outgoing-0 << HTTP/1.1 200 OK
20:48:24.161 [main] DEBUG com.github.dockerjava.zerodep.shaded.org.apache.hc.client5.http.headers - http-outgoing-0 << Api-Version: 1.41
20:48:24.161 [main] DEBUG com.github.dockerjava.zerodep.shaded.org.apache.hc.client5.http.headers - http-outgoing-0 << Content-Type: application/json
20:48:24.161 [main] DEBUG com.github.dockerjava.zerodep.shaded.org.apache.hc.client5.http.headers - http-outgoing-0 << Date: Fri, 19 Aug 2022 00:48:24 GMT
20:48:24.161 [main] DEBUG com.github.dockerjava.zerodep.shaded.org.apache.hc.client5.http.headers - http-outgoing-0 << Docker-Experimental: false
20:48:24.161 [main] DEBUG com.github.dockerjava.zerodep.shaded.org.apache.hc.client5.http.headers - http-outgoing-0 << Ostype: linux
20:48:24.161 [main] DEBUG com.github.dockerjava.zerodep.shaded.org.apache.hc.client5.http.headers - http-outgoing-0 << Server: Docker/20.10.14 (linux)
20:48:24.161 [main] DEBUG com.github.dockerjava.zerodep.shaded.org.apache.hc.client5.http.headers - http-outgoing-0 << Transfer-Encoding: chunked
20:48:24.161 [main] DEBUG com.github.dockerjava.zerodep.shaded.org.apache.hc.client5.http.impl.classic.MainClientExec - ex-00000009: connection can be kept alive for 3 MINUTES
20:48:24.164 [main] DEBUG com.github.dockerjava.zerodep.shaded.org.apache.hc.client5.http.wire - http-outgoing-0 << "13cb[\r][\n]"
20:48:24.164 [main] DEBUG com.github.dockerjava.zerodep.shaded.org.apache.hc.client5.http.wire - http-outgoing-0 << "{"Id":"750b695441c4ade2770282fefa89ad03763151408b1fb6f972c562cc044ebcd1","Created":"2022-08-19T00:48:23.341972096Z","Path":"/app","Args":[],"State":{"Status":"running","Running":true,"Paused":false,"Restarting":false,"OOMKilled":false,"Dead":false,"Pid":3380,"ExitCode":0,"Error":"","StartedAt":"2022-08-19T00:48:24.151835346Z","FinishedAt":"0001-01-01T00:00:00Z"},"Image":"sha256:146fb8d54138d1e861eaea12fc359a15db6bc52e8db67829b3ef20a9736ab367","ResolvConfPath":"/var/lib/docker/containers/750b695441c4ade2770282fefa89ad03763151408b1fb6f972c562cc044ebcd1/resolv.conf","HostnamePath":"/var/lib/docker/containers/750b695441c4ade2770282fefa89ad03763151408b1fb6f972c562cc044ebcd1/hostname","HostsPath":"/var/lib/docker/containers/750b695441c4ade2770282fefa89ad03763151408b1fb6f972c562cc044ebcd1/hosts","LogPath":"/var/lib/docker/containers/750b695441c4ade2770282fefa89ad03763151408b1fb6f972c562cc044ebcd1/750b695441c4ade2770282fefa89ad03763151408b1fb6f972c562cc044ebcd1-json.log","Name":"/testcontainers-ryuk-79c75580-927c-468d-9dfa-ca38cb35a17d","RestartCount":0,"Driver":"overlay2","Platform":"linux","MountLabel":"","ProcessLabel":"","AppArmorProfile":"","ExecIDs":null,"HostConfig":{"Binds":["/var/run/docker.sock:/var/run/docker.sock:rw"],"ContainerIDFile":"","LogConfig":{"Type":"json-file","Config":{}},"NetworkMode":"default","PortBindings":{"8080/tcp":[{"HostIp":"0.0.0.0","HostPort":"0"}]},"RestartPolicy":{"Name":"","MaximumRetryCount":0},"AutoRemove":true,"VolumeDriver":"","VolumesFrom":[],"CapAdd":null,"CapDrop":null,"CgroupnsMode":"private","Dns":null,"DnsOptions":null,"DnsSearch":null,"ExtraHosts":[],"GroupAdd":null,"IpcMode":"shareable","Cgroup":"","Links":null,"OomScoreAdj":0,"PidMode":"","Privileged":false,"PublishAllPorts":false,"ReadonlyRootfs":false,"SecurityOpt":null,"UTSMode":"","UsernsMode":"","ShmSize":67108864,"Runtime":"runc","ConsoleSize":[0,0],"Isolation":"","CpuShares":0,"Memory":0,"NanoCpus":0,"CgroupParent":"","BlkioWeight":0,"BlkioWeightDevice":null,"BlkioDeviceReadBps":null,"BlkioDeviceWriteBps":null,"BlkioDeviceReadIOps":null,"BlkioDeviceWriteIOps":null,"CpuPeriod":0,"CpuQuota":0,"CpuRealtimePeriod":0,"CpuRealtimeRuntime":0,"CpusetCpus":"","CpusetMems":"","Devices":null,"DeviceCgroupRules":null,"DeviceRequests":null,"KernelMemory":0,"KernelMemoryTCP":0,"MemoryReservation":0,"MemorySwap":0,"MemorySwappiness":null,"OomKillDisable":null,"PidsLimit":null,"Ulimits":null,"CpuCount":0,"CpuPercent":0,"IOMaximumIOps":0,"IOMaximumBandwidth":0,"MaskedPaths":["/proc/asound","/proc/acpi","/proc/kcore","/proc/keys","/proc/latency_stats","/proc/timer_list","/proc/timer_stats","/proc/sched_debug","/proc/scsi","/sys/firmware"],"ReadonlyPaths":["/proc/bus","/proc/fs","/proc/irq","/proc/sys","/proc/sysrq-trigger"]},"GraphDriver":{"Data":{"LowerDir":"/var/lib/docker/overlay2/00f27fdc57c76ee4139f7040c951677ebb5434381cd18dded93c1ba0197d2440-init/diff:/var/lib/docker/overlay2/5829a7ed22122428cebc7269bd6cd57efb22e464e86309b804121b2ee3cadbe4/diff:/var/lib/docker/overlay2/bd4f82256035a1c32a6a94fde930baf6506c14e2a52b353d66ac0e28861e4477/diff:/var/lib/docker/overlay2/29206d24218f69eb1b2f240ada913c1d89882c9f84e0284ec0835f5d39f519cd/diff","MergedDir":"/var/lib/docker/overlay2/00f27fdc57c76ee4139f7040c951677ebb5434381cd18dded93c1ba0197d2440/merged","UpperDir":"/var/lib/docker/overlay2/00f27fdc57c76ee4139f7040c951677ebb5434381cd18dded93c1ba0197d2440/diff","WorkDir":"/var/lib/docker/overlay2/00f27fdc57c76ee4139f7040c951677ebb5434381cd18dded93c1ba0197d2440/work"},"Name":"overlay2"},"Mounts":[{"Type":"bind","Source":"/var/run/docker.sock","Destination":"/var/run/docker.sock","Mode":"rw","RW":true,"Propagation":"rprivate"}],"Config":{"Hostname":"750b695441c4","Domainname":"","User":"","AttachStdin":false,"AttachStdout":false,"AttachStderr":false,"ExposedPorts":{"8080/tcp":{}},"Tty":false,"OpenStdin":false,"StdinOnce":false,"Env":["PATH=/usr/local/sbin:/usr/local/bin:/usr/sbin:/usr/bin:/sbin:/bin"],"Cmd":["/app"],"Image":"testcontainers/ryuk:0.3.3","Volumes":null,"WorkingDir":"","Entrypoint":null,"OnBuild":null,"Labels":{"org.testcontainers":"true"}},"NetworkSettings":{"Bridge":"","SandboxID":"20b2926e4532457564ccb31d8d5004becbb8fbc7c51f357ecdf2d8bba8f5f07c","HairpinMode":false,"LinkLocalIPv6Address":"","LinkLocalIPv6PrefixLen":0,"Ports":{"8080/tcp":[]},"SandboxKey":"/var/run/docker/netns/20b2926e4532","SecondaryIPAddresses":null,"SecondaryIPv6Addresses":null,"EndpointID":"6fc8daf8ec6a110c5ab1ee02b367b4e1fe004750f7490df6b7acbad0d145595f","Gateway":"172.17.0.1","GlobalIPv6Address":"","GlobalIPv6PrefixLen":0,"IPAddress":"172.17.0.3","IPPrefixLen":16,"IPv6Gateway":"","MacAddress":"02:42:ac:11:00:03","Networks":{"bridge":{"IPAMConfig":null,"Links":null,"Aliases":null,"NetworkID":"644ea9045ebb81721c7ca040ed253ef92251dc92cc502494cecd276dd0445850","EndpointID":"6fc8daf8ec6a110c5ab1ee02b367b4e1fe004750f7490df6b7acbad0d145595f","Gateway":"172.17.0.1","IPAddress":"172.17.0.3","IPPrefixLen":16,"IPv6Gateway":"","GlobalIPv6Address":"","GlobalIPv6PrefixLen":0,"MacAddress":"02:42:ac:11:00:03","DriverOpts":null}}}}[\n]"
20:48:24.164 [main] DEBUG com.github.dockerjava.zerodep.shaded.org.apache.hc.client5.http.wire - http-outgoing-0 << "[\r][\n]"
20:48:24.201 [main] DEBUG com.github.dockerjava.zerodep.shaded.org.apache.hc.client5.http.wire - http-outgoing-0 << "0[\r][\n]"
20:48:24.201 [main] DEBUG com.github.dockerjava.zerodep.shaded.org.apache.hc.client5.http.wire - http-outgoing-0 << "[\r][\n]"
20:48:24.201 [main] DEBUG com.github.dockerjava.zerodep.shaded.org.apache.hc.client5.http.impl.classic.InternalHttpClient - ep-00000008: releasing valid endpoint
20:48:24.201 [main] DEBUG com.github.dockerjava.zerodep.shaded.org.apache.hc.client5.http.impl.io.PoolingHttpClientConnectionManager - ep-00000008: releasing endpoint
20:48:24.201 [main] DEBUG com.github.dockerjava.zerodep.shaded.org.apache.hc.client5.http.impl.io.PoolingHttpClientConnectionManager - ep-00000008: connection http-outgoing-0 can be kept alive for 3 MINUTES
20:48:24.201 [main] DEBUG com.github.dockerjava.zerodep.shaded.org.apache.hc.client5.http.impl.io.PoolingHttpClientConnectionManager - ep-00000008: connection released [route: {}->unix://localhost:2375][total available: 1; route allocated: 1 of 2147483647; total allocated: 1 of 2147483647]
20:48:24.204 [main] DEBUG org.testcontainers.shaded.com.github.dockerjava.core.command.AbstrDockerCmd - Cmd: 750b695441c4ade2770282fefa89ad03763151408b1fb6f972c562cc044ebcd1,false
20:48:24.204 [main] DEBUG org.testcontainers.shaded.com.github.dockerjava.core.exec.InspectContainerCmdExec - GET: DefaultWebTarget{path=[/containers/750b695441c4ade2770282fefa89ad03763151408b1fb6f972c562cc044ebcd1/json], queryParams={}}
20:48:24.204 [main] DEBUG com.github.dockerjava.zerodep.shaded.org.apache.hc.client5.http.impl.classic.InternalHttpClient - ex-0000000A: preparing request execution
20:48:24.204 [main] DEBUG com.github.dockerjava.zerodep.shaded.org.apache.hc.client5.http.protocol.RequestAddCookies - Cookie spec selected: strict
20:48:24.204 [main] DEBUG com.github.dockerjava.zerodep.shaded.org.apache.hc.client5.http.protocol.RequestAuthCache - Auth cache not set in the context
20:48:24.204 [main] DEBUG com.github.dockerjava.zerodep.shaded.org.apache.hc.client5.http.impl.classic.ProtocolExec - ex-0000000A: target auth state: UNCHALLENGED
20:48:24.204 [main] DEBUG com.github.dockerjava.zerodep.shaded.org.apache.hc.client5.http.impl.classic.ProtocolExec - ex-0000000A: proxy auth state: UNCHALLENGED
20:48:24.204 [main] DEBUG com.github.dockerjava.zerodep.shaded.org.apache.hc.client5.http.impl.classic.ConnectExec - ex-0000000A: acquiring connection with route {}->unix://localhost:2375
20:48:24.204 [main] DEBUG com.github.dockerjava.zerodep.shaded.org.apache.hc.client5.http.impl.classic.InternalHttpClient - ex-0000000A: acquiring endpoint (3 MINUTES)
20:48:24.204 [main] DEBUG com.github.dockerjava.zerodep.shaded.org.apache.hc.client5.http.impl.io.PoolingHttpClientConnectionManager - ex-0000000A: endpoint lease request (3 MINUTES) [route: {}->unix://localhost:2375][total available: 1; route allocated: 1 of 2147483647; total allocated: 1 of 2147483647]
20:48:24.204 [main] DEBUG com.github.dockerjava.zerodep.shaded.org.apache.hc.client5.http.impl.io.PoolingHttpClientConnectionManager - ex-0000000A: endpoint leased [route: {}->unix://localhost:2375][total available: 0; route allocated: 1 of 2147483647; total allocated: 1 of 2147483647]
20:48:24.204 [main] DEBUG com.github.dockerjava.zerodep.shaded.org.apache.hc.client5.http.impl.io.PoolingHttpClientConnectionManager - ex-0000000A: acquired ep-00000009
20:48:24.204 [main] DEBUG com.github.dockerjava.zerodep.shaded.org.apache.hc.client5.http.impl.classic.InternalHttpClient - ex-0000000A: acquired endpoint ep-00000009
20:48:24.204 [main] DEBUG com.github.dockerjava.zerodep.shaded.org.apache.hc.client5.http.impl.classic.MainClientExec - ex-0000000A: executing GET /v1.32/containers/750b695441c4ade2770282fefa89ad03763151408b1fb6f972c562cc044ebcd1/json HTTP/1.1
20:48:24.204 [main] DEBUG com.github.dockerjava.zerodep.shaded.org.apache.hc.client5.http.impl.classic.InternalHttpClient - ep-00000009: start execution ex-0000000A
20:48:24.204 [main] DEBUG com.github.dockerjava.zerodep.shaded.org.apache.hc.client5.http.impl.io.PoolingHttpClientConnectionManager - ep-00000009: executing exchange ex-0000000A over http-outgoing-0
20:48:24.205 [main] DEBUG com.github.dockerjava.zerodep.shaded.org.apache.hc.client5.http.headers - http-outgoing-0 >> GET /v1.32/containers/750b695441c4ade2770282fefa89ad03763151408b1fb6f972c562cc044ebcd1/json HTTP/1.1
20:48:24.205 [main] DEBUG com.github.dockerjava.zerodep.shaded.org.apache.hc.client5.http.headers - http-outgoing-0 >> accept: application/json
20:48:24.205 [main] DEBUG com.github.dockerjava.zerodep.shaded.org.apache.hc.client5.http.headers - http-outgoing-0 >> x-tc-sid: 79c75580-927c-468d-9dfa-ca38cb35a17d
20:48:24.205 [main] DEBUG com.github.dockerjava.zerodep.shaded.org.apache.hc.client5.http.headers - http-outgoing-0 >> Accept-Encoding: gzip, x-gzip, deflate
20:48:24.205 [main] DEBUG com.github.dockerjava.zerodep.shaded.org.apache.hc.client5.http.headers - http-outgoing-0 >> Host: localhost:2375
20:48:24.205 [main] DEBUG com.github.dockerjava.zerodep.shaded.org.apache.hc.client5.http.headers - http-outgoing-0 >> Connection: keep-alive
20:48:24.205 [main] DEBUG com.github.dockerjava.zerodep.shaded.org.apache.hc.client5.http.headers - http-outgoing-0 >> User-Agent: Apache-HttpClient/5.0.3 (Java/17.0.2)
20:48:24.205 [main] DEBUG com.github.dockerjava.zerodep.shaded.org.apache.hc.client5.http.wire - http-outgoing-0 >> "GET /v1.32/containers/750b695441c4ade2770282fefa89ad03763151408b1fb6f972c562cc044ebcd1/json HTTP/1.1[\r][\n]"
20:48:24.205 [main] DEBUG com.github.dockerjava.zerodep.shaded.org.apache.hc.client5.http.wire - http-outgoing-0 >> "accept: application/json[\r][\n]"
20:48:24.205 [main] DEBUG com.github.dockerjava.zerodep.shaded.org.apache.hc.client5.http.wire - http-outgoing-0 >> "x-tc-sid: 79c75580-927c-468d-9dfa-ca38cb35a17d[\r][\n]"
20:48:24.205 [main] DEBUG com.github.dockerjava.zerodep.shaded.org.apache.hc.client5.http.wire - http-outgoing-0 >> "Accept-Encoding: gzip, x-gzip, deflate[\r][\n]"
20:48:24.205 [main] DEBUG com.github.dockerjava.zerodep.shaded.org.apache.hc.client5.http.wire - http-outgoing-0 >> "Host: localhost:2375[\r][\n]"
20:48:24.205 [main] DEBUG com.github.dockerjava.zerodep.shaded.org.apache.hc.client5.http.wire - http-outgoing-0 >> "Connection: keep-alive[\r][\n]"
20:48:24.205 [main] DEBUG com.github.dockerjava.zerodep.shaded.org.apache.hc.client5.http.wire - http-outgoing-0 >> "User-Agent: Apache-HttpClient/5.0.3 (Java/17.0.2)[\r][\n]"
20:48:24.205 [main] DEBUG com.github.dockerjava.zerodep.shaded.org.apache.hc.client5.http.wire - http-outgoing-0 >> "[\r][\n]"
20:48:24.210 [main] DEBUG com.github.dockerjava.zerodep.shaded.org.apache.hc.client5.http.wire - http-outgoing-0 << "HTTP/1.1 200 OK[\r][\n]"
20:48:24.210 [main] DEBUG com.github.dockerjava.zerodep.shaded.org.apache.hc.client5.http.wire - http-outgoing-0 << "Api-Version: 1.41[\r][\n]"
20:48:24.210 [main] DEBUG com.github.dockerjava.zerodep.shaded.org.apache.hc.client5.http.wire - http-outgoing-0 << "Content-Type: application/json[\r][\n]"
20:48:24.210 [main] DEBUG com.github.dockerjava.zerodep.shaded.org.apache.hc.client5.http.wire - http-outgoing-0 << "Date: Fri, 19 Aug 2022 00:48:24 GMT[\r][\n]"
20:48:24.210 [main] DEBUG com.github.dockerjava.zerodep.shaded.org.apache.hc.client5.http.wire - http-outgoing-0 << "Docker-Experimental: false[\r][\n]"
20:48:24.210 [main] DEBUG com.github.dockerjava.zerodep.shaded.org.apache.hc.client5.http.wire - http-outgoing-0 << "Ostype: linux[\r][\n]"
20:48:24.210 [main] DEBUG com.github.dockerjava.zerodep.shaded.org.apache.hc.client5.http.wire - http-outgoing-0 << "Server: Docker/20.10.14 (linux)[\r][\n]"
20:48:24.210 [main] DEBUG com.github.dockerjava.zerodep.shaded.org.apache.hc.client5.http.wire - http-outgoing-0 << "Transfer-Encoding: chunked[\r][\n]"
20:48:24.210 [main] DEBUG com.github.dockerjava.zerodep.shaded.org.apache.hc.client5.http.wire - http-outgoing-0 << "[\r][\n]"
20:48:24.210 [main] DEBUG com.github.dockerjava.zerodep.shaded.org.apache.hc.client5.http.headers - http-outgoing-0 << HTTP/1.1 200 OK
20:48:24.210 [main] DEBUG com.github.dockerjava.zerodep.shaded.org.apache.hc.client5.http.headers - http-outgoing-0 << Api-Version: 1.41
20:48:24.210 [main] DEBUG com.github.dockerjava.zerodep.shaded.org.apache.hc.client5.http.headers - http-outgoing-0 << Content-Type: application/json
20:48:24.210 [main] DEBUG com.github.dockerjava.zerodep.shaded.org.apache.hc.client5.http.headers - http-outgoing-0 << Date: Fri, 19 Aug 2022 00:48:24 GMT
20:48:24.210 [main] DEBUG com.github.dockerjava.zerodep.shaded.org.apache.hc.client5.http.headers - http-outgoing-0 << Docker-Experimental: false
20:48:24.210 [main] DEBUG com.github.dockerjava.zerodep.shaded.org.apache.hc.client5.http.headers - http-outgoing-0 << Ostype: linux
20:48:24.210 [main] DEBUG com.github.dockerjava.zerodep.shaded.org.apache.hc.client5.http.headers - http-outgoing-0 << Server: Docker/20.10.14 (linux)
20:48:24.210 [main] DEBUG com.github.dockerjava.zerodep.shaded.org.apache.hc.client5.http.headers - http-outgoing-0 << Transfer-Encoding: chunked
20:48:24.210 [main] DEBUG com.github.dockerjava.zerodep.shaded.org.apache.hc.client5.http.impl.classic.MainClientExec - ex-0000000A: connection can be kept alive for 3 MINUTES
20:48:24.211 [main] DEBUG com.github.dockerjava.zerodep.shaded.org.apache.hc.client5.http.wire - http-outgoing-0 << "13f2[\r][\n]"
20:48:24.212 [main] DEBUG com.github.dockerjava.zerodep.shaded.org.apache.hc.client5.http.wire - http-outgoing-0 << "{"Id":"750b695441c4ade2770282fefa89ad03763151408b1fb6f972c562cc044ebcd1","Created":"2022-08-19T00:48:23.341972096Z","Path":"/app","Args":[],"State":{"Status":"running","Running":true,"Paused":false,"Restarting":false,"OOMKilled":false,"Dead":false,"Pid":3380,"ExitCode":0,"Error":"","StartedAt":"2022-08-19T00:48:24.151835346Z","FinishedAt":"0001-01-01T00:00:00Z"},"Image":"sha256:146fb8d54138d1e861eaea12fc359a15db6bc52e8db67829b3ef20a9736ab367","ResolvConfPath":"/var/lib/docker/containers/750b695441c4ade2770282fefa89ad03763151408b1fb6f972c562cc044ebcd1/resolv.conf","HostnamePath":"/var/lib/docker/containers/750b695441c4ade2770282fefa89ad03763151408b1fb6f972c562cc044ebcd1/hostname","HostsPath":"/var/lib/docker/containers/750b695441c4ade2770282fefa89ad03763151408b1fb6f972c562cc044ebcd1/hosts","LogPath":"/var/lib/docker/containers/750b695441c4ade2770282fefa89ad03763151408b1fb6f972c562cc044ebcd1/750b695441c4ade2770282fefa89ad03763151408b1fb6f972c562cc044ebcd1-json.log","Name":"/testcontainers-ryuk-79c75580-927c-468d-9dfa-ca38cb35a17d","RestartCount":0,"Driver":"overlay2","Platform":"linux","MountLabel":"","ProcessLabel":"","AppArmorProfile":"","ExecIDs":null,"HostConfig":{"Binds":["/var/run/docker.sock:/var/run/docker.sock:rw"],"ContainerIDFile":"","LogConfig":{"Type":"json-file","Config":{}},"NetworkMode":"default","PortBindings":{"8080/tcp":[{"HostIp":"0.0.0.0","HostPort":"0"}]},"RestartPolicy":{"Name":"","MaximumRetryCount":0},"AutoRemove":true,"VolumeDriver":"","VolumesFrom":[],"CapAdd":null,"CapDrop":null,"CgroupnsMode":"private","Dns":null,"DnsOptions":null,"DnsSearch":null,"ExtraHosts":[],"GroupAdd":null,"IpcMode":"shareable","Cgroup":"","Links":null,"OomScoreAdj":0,"PidMode":"","Privileged":false,"PublishAllPorts":false,"ReadonlyRootfs":false,"SecurityOpt":null,"UTSMode":"","UsernsMode":"","ShmSize":67108864,"Runtime":"runc","ConsoleSize":[0,0],"Isolation":"","CpuShares":0,"Memory":0,"NanoCpus":0,"CgroupParent":"","BlkioWeight":0,"BlkioWeightDevice":null,"BlkioDeviceReadBps":null,"BlkioDeviceWriteBps":null,"BlkioDeviceReadIOps":null,"BlkioDeviceWriteIOps":null,"CpuPeriod":0,"CpuQuota":0,"CpuRealtimePeriod":0,"CpuRealtimeRuntime":0,"CpusetCpus":"","CpusetMems":"","Devices":null,"DeviceCgroupRules":null,"DeviceRequests":null,"KernelMemory":0,"KernelMemoryTCP":0,"MemoryReservation":0,"MemorySwap":0,"MemorySwappiness":null,"OomKillDisable":null,"PidsLimit":null,"Ulimits":null,"CpuCount":0,"CpuPercent":0,"IOMaximumIOps":0,"IOMaximumBandwidth":0,"MaskedPaths":["/proc/asound","/proc/acpi","/proc/kcore","/proc/keys","/proc/latency_stats","/proc/timer_list","/proc/timer_stats","/proc/sched_debug","/proc/scsi","/sys/firmware"],"ReadonlyPaths":["/proc/bus","/proc/fs","/proc/irq","/proc/sys","/proc/sysrq-trigger"]},"GraphDriver":{"Data":{"LowerDir":"/var/lib/docker/overlay2/00f27fdc57c76ee4139f7040c951677ebb5434381cd18dded93c1ba0197d2440-init/diff:/var/lib/docker/overlay2/5829a7ed22122428cebc7269bd6cd57efb22e464e86309b804121b2ee3cadbe4/diff:/var/lib/docker/overlay2/bd4f82256035a1c32a6a94fde930baf6506c14e2a52b353d66ac0e28861e4477/diff:/var/lib/docker/overlay2/29206d24218f69eb1b2f240ada913c1d89882c9f84e0284ec0835f5d39f519cd/diff","MergedDir":"/var/lib/docker/overlay2/00f27fdc57c76ee4139f7040c951677ebb5434381cd18dded93c1ba0197d2440/merged","UpperDir":"/var/lib/docker/overlay2/00f27fdc57c76ee4139f7040c951677ebb5434381cd18dded93c1ba0197d2440/diff","WorkDir":"/var/lib/docker/overlay2/00f27fdc57c76ee4139f7040c951677ebb5434381cd18dded93c1ba0197d2440/work"},"Name":"overlay2"},"Mounts":[{"Type":"bind","Source":"/var/run/docker.sock","Destination":"/var/run/docker.sock","Mode":"rw","RW":true,"Propagation":"rprivate"}],"Config":{"Hostname":"750b695441c4","Domainname":"","User":"","AttachStdin":false,"AttachStdout":false,"AttachStderr":false,"ExposedPorts":{"8080/tcp":{}},"Tty":false,"OpenStdin":false,"StdinOnce":false,"Env":["PATH=/usr/local/sbin:/usr/local/bin:/usr/sbin:/usr/bin:/sbin:/bin"],"Cmd":["/app"],"Image":"testcontainers/ryuk:0.3.3","Volumes":null,"WorkingDir":"","Entrypoint":null,"OnBuild":null,"Labels":{"org.testcontainers":"true"}},"NetworkSettings":{"Bridge":"","SandboxID":"20b2926e4532457564ccb31d8d5004becbb8fbc7c51f357ecdf2d8bba8f5f07c","HairpinMode":false,"LinkLocalIPv6Address":"","LinkLocalIPv6PrefixLen":0,"Ports":{"8080/tcp":[{"HostIp":"0.0.0.0","HostPort":"51295"}]},"SandboxKey":"/var/run/docker/netns/20b2926e4532","SecondaryIPAddresses":null,"SecondaryIPv6Addresses":null,"EndpointID":"6fc8daf8ec6a110c5ab1ee02b367b4e1fe004750f7490df6b7acbad0d145595f","Gateway":"172.17.0.1","GlobalIPv6Address":"","GlobalIPv6PrefixLen":0,"IPAddress":"172.17.0.3","IPPrefixLen":16,"IPv6Gateway":"","MacAddress":"02:42:ac:11:00:03","Networks":{"bridge":{"IPAMConfig":null,"Links":null,"Aliases":null,"NetworkID":"644ea9045ebb81721c7ca040ed253ef92251dc92cc502494cecd276dd0445850","EndpointID":"6fc8daf8ec6a110c5ab1ee02b367b4e1fe004750f7490df6b7acbad0d145595f","Gateway":"172.17.0.1","IPAddress":"172.17.0.3","IPPrefixLen":16,"IPv6Gateway":"","GlobalIPv6Address":"","GlobalIPv6PrefixLen":0,"MacAddress":"02:42:ac:11:00:03","DriverOpts":null}}}}[\n]"
20:48:24.212 [main] DEBUG com.github.dockerjava.zerodep.shaded.org.apache.hc.client5.http.wire - http-outgoing-0 << "[\r][\n]"
20:48:24.213 [main] DEBUG com.github.dockerjava.zerodep.shaded.org.apache.hc.client5.http.wire - http-outgoing-0 << "0[\r][\n]"
20:48:24.213 [main] DEBUG com.github.dockerjava.zerodep.shaded.org.apache.hc.client5.http.wire - http-outgoing-0 << "[\r][\n]"
20:48:24.213 [main] DEBUG com.github.dockerjava.zerodep.shaded.org.apache.hc.client5.http.impl.classic.InternalHttpClient - ep-00000009: releasing valid endpoint
20:48:24.213 [main] DEBUG com.github.dockerjava.zerodep.shaded.org.apache.hc.client5.http.impl.io.PoolingHttpClientConnectionManager - ep-00000009: releasing endpoint
20:48:24.213 [main] DEBUG com.github.dockerjava.zerodep.shaded.org.apache.hc.client5.http.impl.io.PoolingHttpClientConnectionManager - ep-00000009: connection http-outgoing-0 can be kept alive for 3 MINUTES
20:48:24.213 [main] DEBUG com.github.dockerjava.zerodep.shaded.org.apache.hc.client5.http.impl.io.PoolingHttpClientConnectionManager - ep-00000009: connection released [route: {}->unix://localhost:2375][total available: 1; route allocated: 1 of 2147483647; total allocated: 1 of 2147483647]
20:48:24.217 [docker-java-stream--48445517] DEBUG com.github.dockerjava.zerodep.shaded.org.apache.hc.client5.http.impl.classic.InternalHttpClient - ex-0000000B: preparing request execution
20:48:24.217 [docker-java-stream--48445517] DEBUG com.github.dockerjava.zerodep.shaded.org.apache.hc.client5.http.protocol.RequestAddCookies - Cookie spec selected: strict
20:48:24.217 [docker-java-stream--48445517] DEBUG com.github.dockerjava.zerodep.shaded.org.apache.hc.client5.http.protocol.RequestAuthCache - Auth cache not set in the context
20:48:24.217 [docker-java-stream--48445517] DEBUG com.github.dockerjava.zerodep.shaded.org.apache.hc.client5.http.impl.classic.ProtocolExec - ex-0000000B: target auth state: UNCHALLENGED
20:48:24.217 [docker-java-stream--48445517] DEBUG com.github.dockerjava.zerodep.shaded.org.apache.hc.client5.http.impl.classic.ProtocolExec - ex-0000000B: proxy auth state: UNCHALLENGED
20:48:24.217 [docker-java-stream--48445517] DEBUG com.github.dockerjava.zerodep.shaded.org.apache.hc.client5.http.impl.classic.ConnectExec - ex-0000000B: acquiring connection with route {}->unix://localhost:2375
20:48:24.217 [docker-java-stream--48445517] DEBUG com.github.dockerjava.zerodep.shaded.org.apache.hc.client5.http.impl.classic.InternalHttpClient - ex-0000000B: acquiring endpoint (3 MINUTES)
20:48:24.217 [docker-java-stream--48445517] DEBUG com.github.dockerjava.zerodep.shaded.org.apache.hc.client5.http.impl.io.PoolingHttpClientConnectionManager - ex-0000000B: endpoint lease request (3 MINUTES) [route: {}->unix://localhost:2375][total available: 1; route allocated: 1 of 2147483647; total allocated: 1 of 2147483647]
20:48:24.217 [docker-java-stream--48445517] DEBUG com.github.dockerjava.zerodep.shaded.org.apache.hc.client5.http.impl.io.PoolingHttpClientConnectionManager - ex-0000000B: endpoint leased [route: {}->unix://localhost:2375][total available: 0; route allocated: 1 of 2147483647; total allocated: 1 of 2147483647]
20:48:24.217 [docker-java-stream--48445517] DEBUG com.github.dockerjava.zerodep.shaded.org.apache.hc.client5.http.impl.io.PoolingHttpClientConnectionManager - ex-0000000B: acquired ep-0000000A
20:48:24.217 [docker-java-stream--48445517] DEBUG com.github.dockerjava.zerodep.shaded.org.apache.hc.client5.http.impl.classic.InternalHttpClient - ex-0000000B: acquired endpoint ep-0000000A
20:48:24.217 [docker-java-stream--48445517] DEBUG com.github.dockerjava.zerodep.shaded.org.apache.hc.client5.http.impl.classic.MainClientExec - ex-0000000B: executing GET /v1.32/containers/750b695441c4ade2770282fefa89ad03763151408b1fb6f972c562cc044ebcd1/logs?stdout=true&stderr=true&follow=true&since=0 HTTP/1.1
20:48:24.217 [docker-java-stream--48445517] DEBUG com.github.dockerjava.zerodep.shaded.org.apache.hc.client5.http.impl.classic.InternalHttpClient - ep-0000000A: start execution ex-0000000B
20:48:24.217 [docker-java-stream--48445517] DEBUG com.github.dockerjava.zerodep.shaded.org.apache.hc.client5.http.impl.io.PoolingHttpClientConnectionManager - ep-0000000A: executing exchange ex-0000000B over http-outgoing-0
20:48:24.217 [docker-java-stream--48445517] DEBUG com.github.dockerjava.zerodep.shaded.org.apache.hc.client5.http.headers - http-outgoing-0 >> GET /v1.32/containers/750b695441c4ade2770282fefa89ad03763151408b1fb6f972c562cc044ebcd1/logs?stdout=true&stderr=true&follow=true&since=0 HTTP/1.1
20:48:24.217 [docker-java-stream--48445517] DEBUG com.github.dockerjava.zerodep.shaded.org.apache.hc.client5.http.headers - http-outgoing-0 >> x-tc-sid: 79c75580-927c-468d-9dfa-ca38cb35a17d
20:48:24.217 [docker-java-stream--48445517] DEBUG com.github.dockerjava.zerodep.shaded.org.apache.hc.client5.http.headers - http-outgoing-0 >> Accept-Encoding: gzip, x-gzip, deflate
20:48:24.217 [docker-java-stream--48445517] DEBUG com.github.dockerjava.zerodep.shaded.org.apache.hc.client5.http.headers - http-outgoing-0 >> Host: localhost:2375
20:48:24.217 [docker-java-stream--48445517] DEBUG com.github.dockerjava.zerodep.shaded.org.apache.hc.client5.http.headers - http-outgoing-0 >> Connection: keep-alive
20:48:24.217 [docker-java-stream--48445517] DEBUG com.github.dockerjava.zerodep.shaded.org.apache.hc.client5.http.headers - http-outgoing-0 >> User-Agent: Apache-HttpClient/5.0.3 (Java/17.0.2)
20:48:24.217 [docker-java-stream--48445517] DEBUG com.github.dockerjava.zerodep.shaded.org.apache.hc.client5.http.wire - http-outgoing-0 >> "GET /v1.32/containers/750b695441c4ade2770282fefa89ad03763151408b1fb6f972c562cc044ebcd1/logs?stdout=true&stderr=true&follow=true&since=0 HTTP/1.1[\r][\n]"
20:48:24.217 [docker-java-stream--48445517] DEBUG com.github.dockerjava.zerodep.shaded.org.apache.hc.client5.http.wire - http-outgoing-0 >> "x-tc-sid: 79c75580-927c-468d-9dfa-ca38cb35a17d[\r][\n]"
20:48:24.217 [docker-java-stream--48445517] DEBUG com.github.dockerjava.zerodep.shaded.org.apache.hc.client5.http.wire - http-outgoing-0 >> "Accept-Encoding: gzip, x-gzip, deflate[\r][\n]"
20:48:24.217 [docker-java-stream--48445517] DEBUG com.github.dockerjava.zerodep.shaded.org.apache.hc.client5.http.wire - http-outgoing-0 >> "Host: localhost:2375[\r][\n]"
20:48:24.217 [docker-java-stream--48445517] DEBUG com.github.dockerjava.zerodep.shaded.org.apache.hc.client5.http.wire - http-outgoing-0 >> "Connection: keep-alive[\r][\n]"
20:48:24.217 [docker-java-stream--48445517] DEBUG com.github.dockerjava.zerodep.shaded.org.apache.hc.client5.http.wire - http-outgoing-0 >> "User-Agent: Apache-HttpClient/5.0.3 (Java/17.0.2)[\r][\n]"
20:48:24.217 [docker-java-stream--48445517] DEBUG com.github.dockerjava.zerodep.shaded.org.apache.hc.client5.http.wire - http-outgoing-0 >> "[\r][\n]"
20:48:24.220 [docker-java-stream--48445517] DEBUG com.github.dockerjava.zerodep.shaded.org.apache.hc.client5.http.wire - http-outgoing-0 << "HTTP/1.1 200 OK[\r][\n]"
20:48:24.220 [docker-java-stream--48445517] DEBUG com.github.dockerjava.zerodep.shaded.org.apache.hc.client5.http.wire - http-outgoing-0 << "Api-Version: 1.41[\r][\n]"
20:48:24.220 [docker-java-stream--48445517] DEBUG com.github.dockerjava.zerodep.shaded.org.apache.hc.client5.http.wire - http-outgoing-0 << "Date: Fri, 19 Aug 2022 00:48:24 GMT[\r][\n]"
20:48:24.220 [docker-java-stream--48445517] DEBUG com.github.dockerjava.zerodep.shaded.org.apache.hc.client5.http.wire - http-outgoing-0 << "Docker-Experimental: false[\r][\n]"
20:48:24.220 [docker-java-stream--48445517] DEBUG com.github.dockerjava.zerodep.shaded.org.apache.hc.client5.http.wire - http-outgoing-0 << "Ostype: linux[\r][\n]"
20:48:24.220 [docker-java-stream--48445517] DEBUG com.github.dockerjava.zerodep.shaded.org.apache.hc.client5.http.wire - http-outgoing-0 << "Server: Docker/20.10.14 (linux)[\r][\n]"
20:48:24.220 [docker-java-stream--48445517] DEBUG com.github.dockerjava.zerodep.shaded.org.apache.hc.client5.http.wire - http-outgoing-0 << "Transfer-Encoding: chunked[\r][\n]"
20:48:24.220 [docker-java-stream--48445517] DEBUG com.github.dockerjava.zerodep.shaded.org.apache.hc.client5.http.wire - http-outgoing-0 << "[\r][\n]"
20:48:24.220 [docker-java-stream--48445517] DEBUG com.github.dockerjava.zerodep.shaded.org.apache.hc.client5.http.headers - http-outgoing-0 << HTTP/1.1 200 OK
20:48:24.220 [docker-java-stream--48445517] DEBUG com.github.dockerjava.zerodep.shaded.org.apache.hc.client5.http.headers - http-outgoing-0 << Api-Version: 1.41
20:48:24.220 [docker-java-stream--48445517] DEBUG com.github.dockerjava.zerodep.shaded.org.apache.hc.client5.http.headers - http-outgoing-0 << Date: Fri, 19 Aug 2022 00:48:24 GMT
20:48:24.220 [docker-java-stream--48445517] DEBUG com.github.dockerjava.zerodep.shaded.org.apache.hc.client5.http.headers - http-outgoing-0 << Docker-Experimental: false
20:48:24.220 [docker-java-stream--48445517] DEBUG com.github.dockerjava.zerodep.shaded.org.apache.hc.client5.http.headers - http-outgoing-0 << Ostype: linux
20:48:24.220 [docker-java-stream--48445517] DEBUG com.github.dockerjava.zerodep.shaded.org.apache.hc.client5.http.headers - http-outgoing-0 << Server: Docker/20.10.14 (linux)
20:48:24.220 [docker-java-stream--48445517] DEBUG com.github.dockerjava.zerodep.shaded.org.apache.hc.client5.http.headers - http-outgoing-0 << Transfer-Encoding: chunked
20:48:24.220 [docker-java-stream--48445517] DEBUG com.github.dockerjava.zerodep.shaded.org.apache.hc.client5.http.impl.classic.MainClientExec - ex-0000000B: connection can be kept alive for 3 MINUTES
20:48:24.222 [docker-java-stream--48445517] DEBUG com.github.dockerjava.zerodep.shaded.org.apache.hc.client5.http.wire - http-outgoing-0 << "c0[\r][\n]"
20:48:24.222 [docker-java-stream--48445517] DEBUG com.github.dockerjava.zerodep.shaded.org.apache.hc.client5.http.wire - http-outgoing-0 << "[0x2][0x0][0x0][0x0][0x0][0x0][0x0]&2022/08/19 00:48:24 Pinging Docker...[\n]"
20:48:24.222 [docker-java-stream--48445517] DEBUG com.github.dockerjava.zerodep.shaded.org.apache.hc.client5.http.wire - http-outgoing-0 << "[0x2][0x0][0x0][0x0][0x0][0x0][0x0]02022/08/19 00:48:24 Docker daemon is available![\n]"
20:48:24.222 [docker-java-stream--48445517] DEBUG com.github.dockerjava.zerodep.shaded.org.apache.hc.client5.http.wire - http-outgoing-0 << "[0x2][0x0][0x0][0x0][0x0][0x0][0x0]-2022/08/19 00:48:24 Starting on port 8080...[\n]"
20:48:24.222 [docker-java-stream--48445517] DEBUG com.github.dockerjava.zerodep.shaded.org.apache.hc.client5.http.wire - http-outgoing-0 << "[0x2][0x0][0x0][0x0][0x0][0x0][0x0][0x1d]2022/08/19 00:48:24 Started![\n]"
20:48:24.222 [docker-java-stream--48445517] DEBUG com.github.dockerjava.zerodep.shaded.org.apache.hc.client5.http.wire - http-outgoing-0 << "[\r][\n]"
20:48:24.224 [main] DEBUG org.testcontainers.containers.output.WaitingConsumer - STDERR: 2022/08/19 00:48:24 Pinging Docker...
20:48:24.224 [main] DEBUG org.testcontainers.containers.output.WaitingConsumer - STDERR: 2022/08/19 00:48:24 Started!
20:48:24.225 [main] DEBUG com.github.dockerjava.zerodep.shaded.org.apache.hc.client5.http.impl.classic.InternalHttpClient - ep-0000000A: cancel
20:48:24.225 [docker-java-stream--48445517] DEBUG com.github.dockerjava.zerodep.shaded.org.apache.hc.client5.http.wire - http-outgoing-0 << "[read] I/O error: null"
20:48:24.225 [docker-java-stream--48445517] DEBUG com.github.dockerjava.zerodep.shaded.org.apache.hc.client5.http.wire - http-outgoing-0 << "[read] I/O error: null"
20:48:24.225 [main] DEBUG com.github.dockerjava.zerodep.shaded.org.apache.hc.client5.http.impl.io.DefaultManagedHttpClientConnection - http-outgoing-0: close connection IMMEDIATE
20:48:24.225 [main] DEBUG com.github.dockerjava.zerodep.shaded.org.apache.hc.client5.http.impl.classic.InternalHttpClient - ep-0000000A: endpoint closed
20:48:24.225 [main] DEBUG com.github.dockerjava.zerodep.shaded.org.apache.hc.client5.http.impl.classic.InternalHttpClient - ep-0000000A: discarding endpoint
20:48:24.225 [main] DEBUG com.github.dockerjava.zerodep.shaded.org.apache.hc.client5.http.impl.io.PoolingHttpClientConnectionManager - ep-0000000A: releasing endpoint
20:48:24.225 [main] DEBUG com.github.dockerjava.zerodep.shaded.org.apache.hc.client5.http.impl.io.PoolingHttpClientConnectionManager - ep-0000000A: connection is not kept alive
20:48:24.225 [main] DEBUG com.github.dockerjava.zerodep.shaded.org.apache.hc.client5.http.impl.io.PoolingHttpClientConnectionManager - ep-0000000A: connection released [route: {}->unix://localhost:2375][total available: 0; route allocated: 0 of 2147483647; total allocated: 0 of 2147483647]
20:48:24.226 [main] INFO 🐳 [testcontainers/ryuk:0.3.3] - Container testcontainers/ryuk:0.3.3 started in PT4.046842S
20:48:24.226 [docker-java-stream--48445517] DEBUG com.github.dockerjava.zerodep.ApacheDockerHttpClientImpl$ApacheResponse - Failed to close the response
java.nio.channels.ClosedChannelException: null
	at java.base/sun.nio.ch.SocketChannelImpl.ensureOpenAndConnected(SocketChannelImpl.java:215)
	at java.base/sun.nio.ch.SocketChannelImpl.read(SocketChannelImpl.java:403)
	at java.base/sun.nio.ch.ChannelInputStream.read(ChannelInputStream.java:59)
	at java.base/sun.nio.ch.ChannelInputStream.read(ChannelInputStream.java:107)
	at java.base/sun.nio.ch.ChannelInputStream.read(ChannelInputStream.java:101)
	at com.github.dockerjava.zerodep.shaded.org.apache.hc.client5.http.impl.io.LoggingInputStream.read(LoggingInputStream.java:81)
	at com.github.dockerjava.zerodep.shaded.org.apache.hc.core5.http.impl.io.SessionInputBufferImpl.fillBuffer(SessionInputBufferImpl.java:149)
	at com.github.dockerjava.zerodep.shaded.org.apache.hc.core5.http.impl.io.SessionInputBufferImpl.readLine(SessionInputBufferImpl.java:280)
	at com.github.dockerjava.zerodep.shaded.org.apache.hc.core5.http.impl.io.ChunkedInputStream.getChunkSize(ChunkedInputStream.java:261)
	at com.github.dockerjava.zerodep.shaded.org.apache.hc.core5.http.impl.io.ChunkedInputStream.nextChunk(ChunkedInputStream.java:222)
	at com.github.dockerjava.zerodep.shaded.org.apache.hc.core5.http.impl.io.ChunkedInputStream.read(ChunkedInputStream.java:147)
	at com.github.dockerjava.zerodep.shaded.org.apache.hc.core5.http.impl.io.ChunkedInputStream.close(ChunkedInputStream.java:314)
	at com.github.dockerjava.zerodep.shaded.org.apache.hc.core5.io.Closer.close(Closer.java:48)
	at com.github.dockerjava.zerodep.shaded.org.apache.hc.core5.http.impl.io.IncomingHttpEntity.close(IncomingHttpEntity.java:111)
	at com.github.dockerjava.zerodep.shaded.org.apache.hc.core5.http.io.entity.HttpEntityWrapper.close(HttpEntityWrapper.java:120)
	at com.github.dockerjava.zerodep.shaded.org.apache.hc.core5.io.Closer.close(Closer.java:48)
	at com.github.dockerjava.zerodep.shaded.org.apache.hc.core5.http.message.BasicClassicHttpResponse.close(BasicClassicHttpResponse.java:93)
	at com.github.dockerjava.zerodep.shaded.org.apache.hc.client5.http.impl.classic.CloseableHttpResponse.close(CloseableHttpResponse.java:200)
	at com.github.dockerjava.zerodep.ApacheDockerHttpClientImpl$ApacheResponse.close(ApacheDockerHttpClientImpl.java:256)
	at org.testcontainers.shaded.com.github.dockerjava.core.DefaultInvocationBuilder.lambda$executeAndStream$1(DefaultInvocationBuilder.java:277)
	at java.base/java.lang.Thread.run(Thread.java:833)
20:48:24.232 [testcontainers-ryuk] DEBUG org.testcontainers.utility.ResourceReaper - Sending 'label=org.testcontainers%3Dtrue&label=org.testcontainers.sessionId%3D79c75580-927c-468d-9dfa-ca38cb35a17d' to Ryuk
20:48:24.259 [testcontainers-ryuk] DEBUG org.testcontainers.utility.RyukResourceReaper - Received 'ACK' from Ryuk
20:48:24.259 [main] INFO org.testcontainers.utility.RyukResourceReaper - Ryuk started - will monitor and terminate Testcontainers containers on JVM exit
20:48:24.259 [main] DEBUG org.testcontainers.DockerClientFactory - Checks are enabled
20:48:24.259 [main] INFO org.testcontainers.DockerClientFactory - Checking the system...
20:48:24.260 [main] INFO org.testcontainers.DockerClientFactory - ✔︎ Docker server version should be at least 1.6.0
20:48:24.260 [main] DEBUG org.testcontainers.utility.PrefixingImageNameSubstitutor - No prefix is configured
20:48:24.260 [main] DEBUG org.testcontainers.utility.ImageNameSubstitutor - Did not find a substitute image for mongo:4.4.2 (using image substitutor: DefaultImageNameSubstitutor (composite of 'ConfigurationFileImageNameSubstitutor' and 'PrefixingImageNameSubstitutor'))
20:48:24.260 [main] DEBUG 🐳 [mongo:4.4.2] - mongo:4.4.2 is not in image name cache, updating...
20:48:24.260 [main] DEBUG org.testcontainers.shaded.com.github.dockerjava.core.command.AbstrDockerCmd - Cmd: mongo:4.4.2
20:48:24.260 [main] DEBUG com.github.dockerjava.zerodep.shaded.org.apache.hc.client5.http.impl.classic.InternalHttpClient - ex-0000000C: preparing request execution
20:48:24.260 [main] DEBUG com.github.dockerjava.zerodep.shaded.org.apache.hc.client5.http.protocol.RequestAddCookies - Cookie spec selected: strict
20:48:24.260 [main] DEBUG com.github.dockerjava.zerodep.shaded.org.apache.hc.client5.http.protocol.RequestAuthCache - Auth cache not set in the context
20:48:24.260 [main] DEBUG com.github.dockerjava.zerodep.shaded.org.apache.hc.client5.http.impl.classic.ProtocolExec - ex-0000000C: target auth state: UNCHALLENGED
20:48:24.260 [main] DEBUG com.github.dockerjava.zerodep.shaded.org.apache.hc.client5.http.impl.classic.ProtocolExec - ex-0000000C: proxy auth state: UNCHALLENGED
20:48:24.260 [main] DEBUG com.github.dockerjava.zerodep.shaded.org.apache.hc.client5.http.impl.classic.ConnectExec - ex-0000000C: acquiring connection with route {}->unix://localhost:2375
20:48:24.260 [main] DEBUG com.github.dockerjava.zerodep.shaded.org.apache.hc.client5.http.impl.classic.InternalHttpClient - ex-0000000C: acquiring endpoint (3 MINUTES)
20:48:24.260 [main] DEBUG com.github.dockerjava.zerodep.shaded.org.apache.hc.client5.http.impl.io.PoolingHttpClientConnectionManager - ex-0000000C: endpoint lease request (3 MINUTES) [route: {}->unix://localhost:2375][total available: 0; route allocated: 0 of 2147483647; total allocated: 0 of 2147483647]
20:48:24.260 [main] DEBUG com.github.dockerjava.zerodep.shaded.org.apache.hc.client5.http.impl.io.PoolingHttpClientConnectionManager - ex-0000000C: endpoint leased [route: {}->unix://localhost:2375][total available: 0; route allocated: 1 of 2147483647; total allocated: 1 of 2147483647]
20:48:24.260 [main] DEBUG com.github.dockerjava.zerodep.shaded.org.apache.hc.client5.http.impl.io.PoolingHttpClientConnectionManager - ex-0000000C: acquired ep-0000000B
20:48:24.260 [main] DEBUG com.github.dockerjava.zerodep.shaded.org.apache.hc.client5.http.impl.classic.InternalHttpClient - ex-0000000C: acquired endpoint ep-0000000B
20:48:24.260 [main] DEBUG com.github.dockerjava.zerodep.shaded.org.apache.hc.client5.http.impl.classic.ConnectExec - ex-0000000C: opening connection {}->unix://localhost:2375
20:48:24.260 [main] DEBUG com.github.dockerjava.zerodep.shaded.org.apache.hc.client5.http.impl.classic.InternalHttpClient - ep-0000000B: connecting endpoint (3 MINUTES)
20:48:24.260 [main] DEBUG com.github.dockerjava.zerodep.shaded.org.apache.hc.client5.http.impl.io.PoolingHttpClientConnectionManager - ep-0000000B: connecting endpoint to unix://localhost:2375 (3 MINUTES)
20:48:24.261 [main] DEBUG com.github.dockerjava.zerodep.shaded.org.apache.hc.client5.http.impl.io.DefaultHttpClientConnectionOperator - http-outgoing-1: connecting to localhost/127.0.0.1:2375
20:48:24.261 [main] DEBUG com.github.dockerjava.zerodep.shaded.org.apache.hc.client5.http.impl.io.DefaultHttpClientConnectionOperator - http-outgoing-1: connection established /var/run/docker.sock<->/var/run/docker.sock
20:48:24.261 [main] DEBUG com.github.dockerjava.zerodep.shaded.org.apache.hc.client5.http.impl.io.PoolingHttpClientConnectionManager - ep-0000000B: connected http-outgoing-1
20:48:24.261 [main] DEBUG com.github.dockerjava.zerodep.shaded.org.apache.hc.client5.http.impl.classic.InternalHttpClient - ep-0000000B: endpoint connected
20:48:24.261 [main] DEBUG com.github.dockerjava.zerodep.shaded.org.apache.hc.client5.http.impl.classic.MainClientExec - ex-0000000C: executing GET /v1.32/images/mongo:4.4.2/json HTTP/1.1
20:48:24.261 [main] DEBUG com.github.dockerjava.zerodep.shaded.org.apache.hc.client5.http.impl.classic.InternalHttpClient - ep-0000000B: start execution ex-0000000C
20:48:24.261 [main] DEBUG com.github.dockerjava.zerodep.shaded.org.apache.hc.client5.http.impl.io.PoolingHttpClientConnectionManager - ep-0000000B: executing exchange ex-0000000C over http-outgoing-1
20:48:24.261 [main] DEBUG com.github.dockerjava.zerodep.shaded.org.apache.hc.client5.http.headers - http-outgoing-1 >> GET /v1.32/images/mongo:4.4.2/json HTTP/1.1
20:48:24.261 [main] DEBUG com.github.dockerjava.zerodep.shaded.org.apache.hc.client5.http.headers - http-outgoing-1 >> accept: application/json
20:48:24.261 [main] DEBUG com.github.dockerjava.zerodep.shaded.org.apache.hc.client5.http.headers - http-outgoing-1 >> x-tc-sid: 79c75580-927c-468d-9dfa-ca38cb35a17d
20:48:24.261 [main] DEBUG com.github.dockerjava.zerodep.shaded.org.apache.hc.client5.http.headers - http-outgoing-1 >> Accept-Encoding: gzip, x-gzip, deflate
20:48:24.261 [main] DEBUG com.github.dockerjava.zerodep.shaded.org.apache.hc.client5.http.headers - http-outgoing-1 >> Host: localhost:2375
20:48:24.261 [main] DEBUG com.github.dockerjava.zerodep.shaded.org.apache.hc.client5.http.headers - http-outgoing-1 >> Connection: keep-alive
20:48:24.261 [main] DEBUG com.github.dockerjava.zerodep.shaded.org.apache.hc.client5.http.headers - http-outgoing-1 >> User-Agent: Apache-HttpClient/5.0.3 (Java/17.0.2)
20:48:24.261 [main] DEBUG com.github.dockerjava.zerodep.shaded.org.apache.hc.client5.http.wire - http-outgoing-1 >> "GET /v1.32/images/mongo:4.4.2/json HTTP/1.1[\r][\n]"
20:48:24.261 [main] DEBUG com.github.dockerjava.zerodep.shaded.org.apache.hc.client5.http.wire - http-outgoing-1 >> "accept: application/json[\r][\n]"
20:48:24.261 [main] DEBUG com.github.dockerjava.zerodep.shaded.org.apache.hc.client5.http.wire - http-outgoing-1 >> "x-tc-sid: 79c75580-927c-468d-9dfa-ca38cb35a17d[\r][\n]"
20:48:24.261 [main] DEBUG com.github.dockerjava.zerodep.shaded.org.apache.hc.client5.http.wire - http-outgoing-1 >> "Accept-Encoding: gzip, x-gzip, deflate[\r][\n]"
20:48:24.261 [main] DEBUG com.github.dockerjava.zerodep.shaded.org.apache.hc.client5.http.wire - http-outgoing-1 >> "Host: localhost:2375[\r][\n]"
20:48:24.261 [main] DEBUG com.github.dockerjava.zerodep.shaded.org.apache.hc.client5.http.wire - http-outgoing-1 >> "Connection: keep-alive[\r][\n]"
20:48:24.261 [main] DEBUG com.github.dockerjava.zerodep.shaded.org.apache.hc.client5.http.wire - http-outgoing-1 >> "User-Agent: Apache-HttpClient/5.0.3 (Java/17.0.2)[\r][\n]"
20:48:24.261 [main] DEBUG com.github.dockerjava.zerodep.shaded.org.apache.hc.client5.http.wire - http-outgoing-1 >> "[\r][\n]"
20:48:24.264 [main] DEBUG com.github.dockerjava.zerodep.shaded.org.apache.hc.client5.http.wire - http-outgoing-1 << "HTTP/1.1 404 Not Found[\r][\n]"
20:48:24.264 [main] DEBUG com.github.dockerjava.zerodep.shaded.org.apache.hc.client5.http.wire - http-outgoing-1 << "Api-Version: 1.41[\r][\n]"
20:48:24.264 [main] DEBUG com.github.dockerjava.zerodep.shaded.org.apache.hc.client5.http.wire - http-outgoing-1 << "Content-Type: application/json[\r][\n]"
20:48:24.264 [main] DEBUG com.github.dockerjava.zerodep.shaded.org.apache.hc.client5.http.wire - http-outgoing-1 << "Date: Fri, 19 Aug 2022 00:48:24 GMT[\r][\n]"
20:48:24.264 [main] DEBUG com.github.dockerjava.zerodep.shaded.org.apache.hc.client5.http.wire - http-outgoing-1 << "Docker-Experimental: false[\r][\n]"
20:48:24.264 [main] DEBUG com.github.dockerjava.zerodep.shaded.org.apache.hc.client5.http.wire - http-outgoing-1 << "Ostype: linux[\r][\n]"
20:48:24.264 [main] DEBUG com.github.dockerjava.zerodep.shaded.org.apache.hc.client5.http.wire - http-outgoing-1 << "Server: Docker/20.10.14 (linux)[\r][\n]"
20:48:24.264 [main] DEBUG com.github.dockerjava.zerodep.shaded.org.apache.hc.client5.http.wire - http-outgoing-1 << "Transfer-Encoding: chunked[\r][\n]"
20:48:24.264 [main] DEBUG com.github.dockerjava.zerodep.shaded.org.apache.hc.client5.http.wire - http-outgoing-1 << "[\r][\n]"
20:48:24.264 [main] DEBUG com.github.dockerjava.zerodep.shaded.org.apache.hc.client5.http.wire - http-outgoing-1 << "45[\r][\n]"
20:48:24.264 [main] DEBUG com.github.dockerjava.zerodep.shaded.org.apache.hc.client5.http.wire - http-outgoing-1 << "{"message":"no such image: mongo:4.4.2: No such image: mongo:4.4.2"}[\n]"
20:48:24.264 [main] DEBUG com.github.dockerjava.zerodep.shaded.org.apache.hc.client5.http.wire - http-outgoing-1 << "[\r][\n]"
20:48:24.264 [main] DEBUG com.github.dockerjava.zerodep.shaded.org.apache.hc.client5.http.headers - http-outgoing-1 << HTTP/1.1 404 Not Found
20:48:24.264 [main] DEBUG com.github.dockerjava.zerodep.shaded.org.apache.hc.client5.http.headers - http-outgoing-1 << Api-Version: 1.41
20:48:24.264 [main] DEBUG com.github.dockerjava.zerodep.shaded.org.apache.hc.client5.http.headers - http-outgoing-1 << Content-Type: application/json
20:48:24.264 [main] DEBUG com.github.dockerjava.zerodep.shaded.org.apache.hc.client5.http.headers - http-outgoing-1 << Date: Fri, 19 Aug 2022 00:48:24 GMT
20:48:24.264 [main] DEBUG com.github.dockerjava.zerodep.shaded.org.apache.hc.client5.http.headers - http-outgoing-1 << Docker-Experimental: false
20:48:24.264 [main] DEBUG com.github.dockerjava.zerodep.shaded.org.apache.hc.client5.http.headers - http-outgoing-1 << Ostype: linux
20:48:24.264 [main] DEBUG com.github.dockerjava.zerodep.shaded.org.apache.hc.client5.http.headers - http-outgoing-1 << Server: Docker/20.10.14 (linux)
20:48:24.264 [main] DEBUG com.github.dockerjava.zerodep.shaded.org.apache.hc.client5.http.headers - http-outgoing-1 << Transfer-Encoding: chunked
20:48:24.264 [main] DEBUG com.github.dockerjava.zerodep.shaded.org.apache.hc.client5.http.impl.classic.MainClientExec - ex-0000000C: connection can be kept alive for 3 MINUTES
20:48:24.265 [main] DEBUG com.github.dockerjava.zerodep.shaded.org.apache.hc.client5.http.wire - http-outgoing-1 << "0[\r][\n]"
20:48:24.265 [main] DEBUG com.github.dockerjava.zerodep.shaded.org.apache.hc.client5.http.wire - http-outgoing-1 << "[\r][\n]"
20:48:24.265 [main] DEBUG com.github.dockerjava.zerodep.shaded.org.apache.hc.client5.http.impl.classic.InternalHttpClient - ep-0000000B: releasing valid endpoint
20:48:24.265 [main] DEBUG com.github.dockerjava.zerodep.shaded.org.apache.hc.client5.http.impl.io.PoolingHttpClientConnectionManager - ep-0000000B: releasing endpoint
20:48:24.265 [main] DEBUG com.github.dockerjava.zerodep.shaded.org.apache.hc.client5.http.impl.io.PoolingHttpClientConnectionManager - ep-0000000B: connection http-outgoing-1 can be kept alive for 3 MINUTES
20:48:24.265 [main] DEBUG com.github.dockerjava.zerodep.shaded.org.apache.hc.client5.http.impl.io.PoolingHttpClientConnectionManager - ep-0000000B: connection released [route: {}->unix://localhost:2375][total available: 1; route allocated: 1 of 2147483647; total allocated: 1 of 2147483647]
20:48:24.265 [main] DEBUG org.testcontainers.images.AbstractImagePullPolicy - Not available locally, should pull image: mongo:4.4.2
20:48:24.265 [main] INFO 🐳 [mongo:4.4.2] - Pulling docker image: mongo:4.4.2. Please be patient; this may take some time but only needs to be done once.
20:48:24.265 [main] DEBUG org.testcontainers.utility.RegistryAuthLocator - Looking up auth config for image: mongo:latest at registry: https://index.docker.io/v1/
20:48:24.265 [main] DEBUG org.testcontainers.utility.RegistryAuthLocator - Cached auth found: [AuthConfig{username=fabrice7891, password=hidden non-blank value, auth=blank, email=null, registryAddress=https://index.docker.io/v1/, registryToken=blank}]
20:48:24.265 [main] DEBUG org.testcontainers.dockerclient.AuthDelegatingDockerClientConfig - Effective auth config [AuthConfig{username=fabrice7891, password=hidden non-blank value, auth=blank, email=null, registryAddress=https://index.docker.io/v1/, registryToken=blank}]
20:48:24.266 [docker-java-stream--1781977736] DEBUG com.github.dockerjava.zerodep.shaded.org.apache.hc.client5.http.impl.classic.InternalHttpClient - ex-0000000D: preparing request execution
20:48:24.266 [docker-java-stream--1781977736] DEBUG com.github.dockerjava.zerodep.shaded.org.apache.hc.client5.http.protocol.RequestAddCookies - Cookie spec selected: strict
20:48:24.266 [docker-java-stream--1781977736] DEBUG com.github.dockerjava.zerodep.shaded.org.apache.hc.client5.http.protocol.RequestAuthCache - Auth cache not set in the context
20:48:24.266 [docker-java-stream--1781977736] DEBUG com.github.dockerjava.zerodep.shaded.org.apache.hc.client5.http.impl.classic.ProtocolExec - ex-0000000D: target auth state: UNCHALLENGED
20:48:24.266 [docker-java-stream--1781977736] DEBUG com.github.dockerjava.zerodep.shaded.org.apache.hc.client5.http.impl.classic.ProtocolExec - ex-0000000D: proxy auth state: UNCHALLENGED
20:48:24.266 [docker-java-stream--1781977736] DEBUG com.github.dockerjava.zerodep.shaded.org.apache.hc.client5.http.impl.classic.ConnectExec - ex-0000000D: acquiring connection with route {}->unix://localhost:2375
20:48:24.266 [docker-java-stream--1781977736] DEBUG com.github.dockerjava.zerodep.shaded.org.apache.hc.client5.http.impl.classic.InternalHttpClient - ex-0000000D: acquiring endpoint (3 MINUTES)
20:48:24.266 [docker-java-stream--1781977736] DEBUG com.github.dockerjava.zerodep.shaded.org.apache.hc.client5.http.impl.io.PoolingHttpClientConnectionManager - ex-0000000D: endpoint lease request (3 MINUTES) [route: {}->unix://localhost:2375][total available: 1; route allocated: 1 of 2147483647; total allocated: 1 of 2147483647]
20:48:24.266 [docker-java-stream--1781977736] DEBUG com.github.dockerjava.zerodep.shaded.org.apache.hc.client5.http.impl.io.PoolingHttpClientConnectionManager - ex-0000000D: endpoint leased [route: {}->unix://localhost:2375][total available: 0; route allocated: 1 of 2147483647; total allocated: 1 of 2147483647]
20:48:24.266 [docker-java-stream--1781977736] DEBUG com.github.dockerjava.zerodep.shaded.org.apache.hc.client5.http.impl.io.PoolingHttpClientConnectionManager - ex-0000000D: acquired ep-0000000C
20:48:24.266 [docker-java-stream--1781977736] DEBUG com.github.dockerjava.zerodep.shaded.org.apache.hc.client5.http.impl.classic.InternalHttpClient - ex-0000000D: acquired endpoint ep-0000000C
20:48:24.266 [docker-java-stream--1781977736] DEBUG com.github.dockerjava.zerodep.shaded.org.apache.hc.client5.http.impl.classic.MainClientExec - ex-0000000D: executing POST /v1.32/images/create?fromImage=mongo&tag=4.4.2 HTTP/1.1
20:48:24.266 [docker-java-stream--1781977736] DEBUG com.github.dockerjava.zerodep.shaded.org.apache.hc.client5.http.impl.classic.InternalHttpClient - ep-0000000C: start execution ex-0000000D
20:48:24.266 [docker-java-stream--1781977736] DEBUG com.github.dockerjava.zerodep.shaded.org.apache.hc.client5.http.impl.io.PoolingHttpClientConnectionManager - ep-0000000C: executing exchange ex-0000000D over http-outgoing-1
20:48:24.266 [docker-java-stream--1781977736] DEBUG com.github.dockerjava.zerodep.shaded.org.apache.hc.client5.http.headers - http-outgoing-1 >> POST /v1.32/images/create?fromImage=mongo&tag=4.4.2 HTTP/1.1
20:48:24.266 [docker-java-stream--1781977736] DEBUG com.github.dockerjava.zerodep.shaded.org.apache.hc.client5.http.headers - http-outgoing-1 >> X-Registry-Auth: eyJ1c2VybmFtZSI6ImZhYnJpY2U3ODkxIiwicGFzc3dvcmQiOiJkY2tyX3BhdF9wTmdubHJ1RVJqeXN4X0YxeGpMT0p4bU1HMEEiLCJlbWFpbCI6bnVsbCwic2VydmVyYWRkcmVzcyI6Imh0dHBzOi8vaW5kZXguZG9ja2VyLmlvL3YxLyIsImF1dGgiOm51bGwsInJlZ2lzdHJ5dG9rZW4iOm51bGwsImlkZW50aXR5dG9rZW4iOm51bGwsInN0YWNrT3JjaGVzdHJhdG9yIjpudWxsfQ==
20:48:24.266 [docker-java-stream--1781977736] DEBUG com.github.dockerjava.zerodep.shaded.org.apache.hc.client5.http.headers - http-outgoing-1 >> accept: application/octet-stream
20:48:24.266 [docker-java-stream--1781977736] DEBUG com.github.dockerjava.zerodep.shaded.org.apache.hc.client5.http.headers - http-outgoing-1 >> content-type: application/json
20:48:24.266 [docker-java-stream--1781977736] DEBUG com.github.dockerjava.zerodep.shaded.org.apache.hc.client5.http.headers - http-outgoing-1 >> x-tc-sid: 79c75580-927c-468d-9dfa-ca38cb35a17d
20:48:24.266 [docker-java-stream--1781977736] DEBUG com.github.dockerjava.zerodep.shaded.org.apache.hc.client5.http.headers - http-outgoing-1 >> Accept-Encoding: gzip, x-gzip, deflate
20:48:24.266 [docker-java-stream--1781977736] DEBUG com.github.dockerjava.zerodep.shaded.org.apache.hc.client5.http.headers - http-outgoing-1 >> Host: localhost:2375
20:48:24.266 [docker-java-stream--1781977736] DEBUG com.github.dockerjava.zerodep.shaded.org.apache.hc.client5.http.headers - http-outgoing-1 >> Connection: keep-alive
20:48:24.266 [docker-java-stream--1781977736] DEBUG com.github.dockerjava.zerodep.shaded.org.apache.hc.client5.http.headers - http-outgoing-1 >> User-Agent: Apache-HttpClient/5.0.3 (Java/17.0.2)
20:48:24.266 [docker-java-stream--1781977736] DEBUG com.github.dockerjava.zerodep.shaded.org.apache.hc.client5.http.wire - http-outgoing-1 >> "POST /v1.32/images/create?fromImage=mongo&tag=4.4.2 HTTP/1.1[\r][\n]"
20:48:24.266 [docker-java-stream--1781977736] DEBUG com.github.dockerjava.zerodep.shaded.org.apache.hc.client5.http.wire - http-outgoing-1 >> "X-Registry-Auth: eyJ1c2VybmFtZSI6ImZhYnJpY2U3ODkxIiwicGFzc3dvcmQiOiJkY2tyX3BhdF9wTmdubHJ1RVJqeXN4X0YxeGpMT0p4bU1HMEEiLCJlbWFpbCI6bnVsbCwic2VydmVyYWRkcmVzcyI6Imh0dHBzOi8vaW5kZXguZG9ja2VyLmlvL3YxLyIsImF1dGgiOm51bGwsInJlZ2lzdHJ5dG9rZW4iOm51bGwsImlkZW50aXR5dG9rZW4iOm51bGwsInN0YWNrT3JjaGVzdHJhdG9yIjpudWxsfQ==[\r][\n]"
20:48:24.266 [docker-java-stream--1781977736] DEBUG com.github.dockerjava.zerodep.shaded.org.apache.hc.client5.http.wire - http-outgoing-1 >> "accept: application/octet-stream[\r][\n]"
20:48:24.266 [docker-java-stream--1781977736] DEBUG com.github.dockerjava.zerodep.shaded.org.apache.hc.client5.http.wire - http-outgoing-1 >> "content-type: application/json[\r][\n]"
20:48:24.266 [docker-java-stream--1781977736] DEBUG com.github.dockerjava.zerodep.shaded.org.apache.hc.client5.http.wire - http-outgoing-1 >> "x-tc-sid: 79c75580-927c-468d-9dfa-ca38cb35a17d[\r][\n]"
20:48:24.266 [docker-java-stream--1781977736] DEBUG com.github.dockerjava.zerodep.shaded.org.apache.hc.client5.http.wire - http-outgoing-1 >> "Accept-Encoding: gzip, x-gzip, deflate[\r][\n]"
20:48:24.266 [docker-java-stream--1781977736] DEBUG com.github.dockerjava.zerodep.shaded.org.apache.hc.client5.http.wire - http-outgoing-1 >> "Host: localhost:2375[\r][\n]"
20:48:24.266 [docker-java-stream--1781977736] DEBUG com.github.dockerjava.zerodep.shaded.org.apache.hc.client5.http.wire - http-outgoing-1 >> "Connection: keep-alive[\r][\n]"
20:48:24.266 [docker-java-stream--1781977736] DEBUG com.github.dockerjava.zerodep.shaded.org.apache.hc.client5.http.wire - http-outgoing-1 >> "User-Agent: Apache-HttpClient/5.0.3 (Java/17.0.2)[\r][\n]"
20:48:24.266 [docker-java-stream--1781977736] DEBUG com.github.dockerjava.zerodep.shaded.org.apache.hc.client5.http.wire - http-outgoing-1 >> "[\r][\n]"
20:48:24.833 [docker-java-stream--1781977736] DEBUG com.github.dockerjava.zerodep.shaded.org.apache.hc.client5.http.wire - http-outgoing-1 << "HTTP/1.1 200 OK[\r][\n]"
20:48:24.833 [docker-java-stream--1781977736] DEBUG com.github.dockerjava.zerodep.shaded.org.apache.hc.client5.http.wire - http-outgoing-1 << "Api-Version: 1.41[\r][\n]"
20:48:24.833 [docker-java-stream--1781977736] DEBUG com.github.dockerjava.zerodep.shaded.org.apache.hc.client5.http.wire - http-outgoing-1 << "Content-Type: application/json[\r][\n]"
20:48:24.833 [docker-java-stream--1781977736] DEBUG com.github.dockerjava.zerodep.shaded.org.apache.hc.client5.http.wire - http-outgoing-1 << "Date: Fri, 19 Aug 2022 00:48:24 GMT[\r][\n]"
20:48:24.833 [docker-java-stream--1781977736] DEBUG com.github.dockerjava.zerodep.shaded.org.apache.hc.client5.http.wire - http-outgoing-1 << "Docker-Experimental: false[\r][\n]"
20:48:24.833 [docker-java-stream--1781977736] DEBUG com.github.dockerjava.zerodep.shaded.org.apache.hc.client5.http.wire - http-outgoing-1 << "Ostype: linux[\r][\n]"
20:48:24.833 [docker-java-stream--1781977736] DEBUG com.github.dockerjava.zerodep.shaded.org.apache.hc.client5.http.wire - http-outgoing-1 << "Server: Docker/20.10.14 (linux)[\r][\n]"
20:48:24.833 [docker-java-stream--1781977736] DEBUG com.github.dockerjava.zerodep.shaded.org.apache.hc.client5.http.wire - http-outgoing-1 << "Transfer-Encoding: chunked[\r][\n]"
20:48:24.833 [docker-java-stream--1781977736] DEBUG com.github.dockerjava.zerodep.shaded.org.apache.hc.client5.http.wire - http-outgoing-1 << "[\r][\n]"
20:48:24.833 [docker-java-stream--1781977736] DEBUG com.github.dockerjava.zerodep.shaded.org.apache.hc.client5.http.headers - http-outgoing-1 << HTTP/1.1 200 OK
20:48:24.833 [docker-java-stream--1781977736] DEBUG com.github.dockerjava.zerodep.shaded.org.apache.hc.client5.http.headers - http-outgoing-1 << Api-Version: 1.41
20:48:24.833 [docker-java-stream--1781977736] DEBUG com.github.dockerjava.zerodep.shaded.org.apache.hc.client5.http.headers - http-outgoing-1 << Content-Type: application/json
20:48:24.833 [docker-java-stream--1781977736] DEBUG com.github.dockerjava.zerodep.shaded.org.apache.hc.client5.http.headers - http-outgoing-1 << Date: Fri, 19 Aug 2022 00:48:24 GMT
20:48:24.833 [docker-java-stream--1781977736] DEBUG com.github.dockerjava.zerodep.shaded.org.apache.hc.client5.http.headers - http-outgoing-1 << Docker-Experimental: false
20:48:24.833 [docker-java-stream--1781977736] DEBUG com.github.dockerjava.zerodep.shaded.org.apache.hc.client5.http.headers - http-outgoing-1 << Ostype: linux
20:48:24.833 [docker-java-stream--1781977736] DEBUG com.github.dockerjava.zerodep.shaded.org.apache.hc.client5.http.headers - http-outgoing-1 << Server: Docker/20.10.14 (linux)
20:48:24.833 [docker-java-stream--1781977736] DEBUG com.github.dockerjava.zerodep.shaded.org.apache.hc.client5.http.headers - http-outgoing-1 << Transfer-Encoding: chunked
20:48:24.833 [docker-java-stream--1781977736] DEBUG com.github.dockerjava.zerodep.shaded.org.apache.hc.client5.http.impl.classic.MainClientExec - ex-0000000D: connection can be kept alive for 3 MINUTES
20:48:24.833 [docker-java-stream--1781977736] INFO 🐳 [mongo:4.4.2] - Starting to pull image
20:48:24.833 [docker-java-stream--1781977736] DEBUG com.github.dockerjava.zerodep.shaded.org.apache.hc.client5.http.wire - http-outgoing-1 << "36[\r][\n]"
20:48:24.833 [docker-java-stream--1781977736] DEBUG com.github.dockerjava.zerodep.shaded.org.apache.hc.client5.http.wire - http-outgoing-1 << "{"status":"Pulling from library/mongo","id":"4.4.2"}[\r][\n]"
20:48:24.833 [docker-java-stream--1781977736] DEBUG com.github.dockerjava.zerodep.shaded.org.apache.hc.client5.http.wire - http-outgoing-1 << "[\r][\n]"
20:48:24.833 [docker-java-stream--1781977736] DEBUG com.github.dockerjava.api.command.PullImageResultCallback - ResponseItem(stream=null, status=Pulling from library/mongo, progressDetail=null, progress=null, id=4.4.2, from=null, time=null, errorDetail=null, error=null, aux=null)
20:48:24.833 [docker-java-stream--1781977736] INFO 🐳 [mongo:4.4.2] - Pulling image layers:  0 pending,  0 downloaded,  0 extracted, (0 bytes/0 bytes)
20:48:25.016 [docker-java-stream--1781977736] DEBUG com.github.dockerjava.zerodep.shaded.org.apache.hc.client5.http.wire - http-outgoing-1 << "354[\r][\n]"
20:48:25.016 [docker-java-stream--1781977736] DEBUG com.github.dockerjava.zerodep.shaded.org.apache.hc.client5.http.wire - http-outgoing-1 << "{"status":"Pulling fs layer","progressDetail":{},"id":"04da93b342eb"}[\r][\n]"
20:48:25.016 [docker-java-stream--1781977736] DEBUG com.github.dockerjava.zerodep.shaded.org.apache.hc.client5.http.wire - http-outgoing-1 << "{"status":"Pulling fs layer","progressDetail":{},"id":"b235194751de"}[\r][\n]"
20:48:25.016 [docker-java-stream--1781977736] DEBUG com.github.dockerjava.zerodep.shaded.org.apache.hc.client5.http.wire - http-outgoing-1 << "{"status":"Pulling fs layer","progressDetail":{},"id":"606a67bb8db9"}[\r][\n]"
20:48:25.016 [docker-java-stream--1781977736] DEBUG com.github.dockerjava.zerodep.shaded.org.apache.hc.client5.http.wire - http-outgoing-1 << "{"status":"Pulling fs layer","progressDetail":{},"id":"5e6ea30360a0"}[\r][\n]"
20:48:25.016 [docker-java-stream--1781977736] DEBUG com.github.dockerjava.zerodep.shaded.org.apache.hc.client5.http.wire - http-outgoing-1 << "{"status":"Pulling fs layer","progressDetail":{},"id":"b5906b3a79dd"}[\r][\n]"
20:48:25.016 [docker-java-stream--1781977736] DEBUG com.github.dockerjava.zerodep.shaded.org.apache.hc.client5.http.wire - http-outgoing-1 << "{"status":"Pulling fs layer","progressDetail":{},"id":"18019bad1da0"}[\r][\n]"
20:48:25.016 [docker-java-stream--1781977736] DEBUG com.github.dockerjava.zerodep.shaded.org.apache.hc.client5.http.wire - http-outgoing-1 << "{"status":"Pulling fs layer","progressDetail":{},"id":"ed0caaa340ca"}[\r][\n]"
20:48:25.016 [docker-java-stream--1781977736] DEBUG com.github.dockerjava.zerodep.shaded.org.apache.hc.client5.http.wire - http-outgoing-1 << "{"status":"Pulling fs layer","progressDetail":{},"id":"a4913f11c494"}[\r][\n]"
20:48:25.016 [docker-java-stream--1781977736] DEBUG com.github.dockerjava.zerodep.shaded.org.apache.hc.client5.http.wire - http-outgoing-1 << "{"status":"Pulling fs layer","progressDetail":{},"id":"ecdcb5672d7b"}[\r][\n]"
20:48:25.016 [docker-java-stream--1781977736] DEBUG com.github.dockerjava.zerodep.shaded.org.apache.hc.client5.http.wire - http-outgoing-1 << "{"status":"Pulling fs layer","progressDetail":{},"id":"0e2cf09fa7c7"}[\r][\n]"
20:48:25.016 [docker-java-stream--1781977736] DEBUG com.github.dockerjava.zerodep.shaded.org.apache.hc.client5.http.wire - http-outgoing-1 << "{"status":"Pulling fs layer","progressDetail":{},"id":"ce365ba51645"}[\r][\n]"
20:48:25.016 [docker-java-stream--1781977736] DEBUG com.github.dockerjava.zerodep.shaded.org.apache.hc.client5.http.wire - http-outgoing-1 << "{"status":"Pulling fs layer","progressDetail":{},"id":"777375ed12b9"}[\r][\n]"
20:48:25.016 [docker-java-stream--1781977736] DEBUG com.github.dockerjava.zerodep.shaded.org.apache.hc.client5.http.wire - http-outgoing-1 << "[\r][\n]"
20:48:25.016 [docker-java-stream--1781977736] DEBUG com.github.dockerjava.api.command.PullImageResultCallback - ResponseItem(stream=null, status=Pulling fs layer, progressDetail=ResponseItem.ProgressDetail(current=null, total=null, start=null), progress=null, id=04da93b342eb, from=null, time=null, errorDetail=null, error=null, aux=null)
20:48:25.016 [docker-java-stream--1781977736] DEBUG com.github.dockerjava.api.command.PullImageResultCallback - ResponseItem(stream=null, status=Pulling fs layer, progressDetail=ResponseItem.ProgressDetail(current=null, total=null, start=null), progress=null, id=b235194751de, from=null, time=null, errorDetail=null, error=null, aux=null)
20:48:25.016 [docker-java-stream--1781977736] DEBUG com.github.dockerjava.api.command.PullImageResultCallback - ResponseItem(stream=null, status=Pulling fs layer, progressDetail=ResponseItem.ProgressDetail(current=null, total=null, start=null), progress=null, id=606a67bb8db9, from=null, time=null, errorDetail=null, error=null, aux=null)
20:48:25.016 [docker-java-stream--1781977736] DEBUG com.github.dockerjava.api.command.PullImageResultCallback - ResponseItem(stream=null, status=Pulling fs layer, progressDetail=ResponseItem.ProgressDetail(current=null, total=null, start=null), progress=null, id=5e6ea30360a0, from=null, time=null, errorDetail=null, error=null, aux=null)
20:48:25.016 [docker-java-stream--1781977736] DEBUG com.github.dockerjava.api.command.PullImageResultCallback - ResponseItem(stream=null, status=Pulling fs layer, progressDetail=ResponseItem.ProgressDetail(current=null, total=null, start=null), progress=null, id=b5906b3a79dd, from=null, time=null, errorDetail=null, error=null, aux=null)
20:48:25.016 [docker-java-stream--1781977736] DEBUG com.github.dockerjava.api.command.PullImageResultCallback - ResponseItem(stream=null, status=Pulling fs layer, progressDetail=ResponseItem.ProgressDetail(current=null, total=null, start=null), progress=null, id=18019bad1da0, from=null, time=null, errorDetail=null, error=null, aux=null)
20:48:25.016 [docker-java-stream--1781977736] DEBUG com.github.dockerjava.api.command.PullImageResultCallback - ResponseItem(stream=null, status=Pulling fs layer, progressDetail=ResponseItem.ProgressDetail(current=null, total=null, start=null), progress=null, id=ed0caaa340ca, from=null, time=null, errorDetail=null, error=null, aux=null)
20:48:25.016 [docker-java-stream--1781977736] DEBUG com.github.dockerjava.api.command.PullImageResultCallback - ResponseItem(stream=null, status=Pulling fs layer, progressDetail=ResponseItem.ProgressDetail(current=null, total=null, start=null), progress=null, id=a4913f11c494, from=null, time=null, errorDetail=null, error=null, aux=null)
20:48:25.016 [docker-java-stream--1781977736] DEBUG com.github.dockerjava.api.command.PullImageResultCallback - ResponseItem(stream=null, status=Pulling fs layer, progressDetail=ResponseItem.ProgressDetail(current=null, total=null, start=null), progress=null, id=ecdcb5672d7b, from=null, time=null, errorDetail=null, error=null, aux=null)
20:48:25.016 [docker-java-stream--1781977736] DEBUG com.github.dockerjava.api.command.PullImageResultCallback - ResponseItem(stream=null, status=Pulling fs layer, progressDetail=ResponseItem.ProgressDetail(current=null, total=null, start=null), progress=null, id=0e2cf09fa7c7, from=null, time=null, errorDetail=null, error=null, aux=null)
20:48:25.016 [docker-java-stream--1781977736] DEBUG com.github.dockerjava.api.command.PullImageResultCallback - ResponseItem(stream=null, status=Pulling fs layer, progressDetail=ResponseItem.ProgressDetail(current=null, total=null, start=null), progress=null, id=ce365ba51645, from=null, time=null, errorDetail=null, error=null, aux=null)
20:48:25.017 [docker-java-stream--1781977736] DEBUG com.github.dockerjava.api.command.PullImageResultCallback - ResponseItem(stream=null, status=Pulling fs layer, progressDetail=ResponseItem.ProgressDetail(current=null, total=null, start=null), progress=null, id=777375ed12b9, from=null, time=null, errorDetail=null, error=null, aux=null)
20:48:25.017 [docker-java-stream--1781977736] DEBUG com.github.dockerjava.zerodep.shaded.org.apache.hc.client5.http.wire - http-outgoing-1 << "22e[\r][\n]"
20:48:25.017 [docker-java-stream--1781977736] DEBUG com.github.dockerjava.zerodep.shaded.org.apache.hc.client5.http.wire - http-outgoing-1 << "{"status":"Waiting","progressDetail":{},"id":"5e6ea30360a0"}[\r][\n]"
20:48:25.017 [docker-java-stream--1781977736] DEBUG com.github.dockerjava.zerodep.shaded.org.apache.hc.client5.http.wire - http-outgoing-1 << "{"status":"Waiting","progressDetail":{},"id":"b5906b3a79dd"}[\r][\n]"
20:48:25.017 [docker-java-stream--1781977736] DEBUG com.github.dockerjava.zerodep.shaded.org.apache.hc.client5.http.wire - http-outgoing-1 << "{"status":"Waiting","progressDetail":{},"id":"18019bad1da0"}[\r][\n]"
20:48:25.017 [docker-java-stream--1781977736] DEBUG com.github.dockerjava.zerodep.shaded.org.apache.hc.client5.http.wire - http-outgoing-1 << "{"status":"Waiting","progressDetail":{},"id":"ed0caaa340ca"}[\r][\n]"
20:48:25.017 [docker-java-stream--1781977736] DEBUG com.github.dockerjava.zerodep.shaded.org.apache.hc.client5.http.wire - http-outgoing-1 << "{"status":"Waiting","progressDetail":{},"id":"a4913f11c494"}[\r][\n]"
20:48:25.017 [docker-java-stream--1781977736] DEBUG com.github.dockerjava.zerodep.shaded.org.apache.hc.client5.http.wire - http-outgoing-1 << "{"status":"Waiting","progressDetail":{},"id":"ecdcb5672d7b"}[\r][\n]"
20:48:25.017 [docker-java-stream--1781977736] DEBUG com.github.dockerjava.zerodep.shaded.org.apache.hc.client5.http.wire - http-outgoing-1 << "{"status":"Waiting","progressDetail":{},"id":"0e2cf09fa7c7"}[\r][\n]"
20:48:25.017 [docker-java-stream--1781977736] DEBUG com.github.dockerjava.zerodep.shaded.org.apache.hc.client5.http.wire - http-outgoing-1 << "{"status":"Waiting","progressDetail":{},"id":"ce365ba51645"}[\r][\n]"
20:48:25.017 [docker-java-stream--1781977736] DEBUG com.github.dockerjava.zerodep.shaded.org.apache.hc.client5.http.wire - http-outgoing-1 << "{"status":"Waiting","progressDetail":{},"id":"777375ed12b9"}[\r][\n]"
20:48:25.017 [docker-java-stream--1781977736] DEBUG com.github.dockerjava.zerodep.shaded.org.apache.hc.client5.http.wire - http-outgoing-1 << "[\r][\n]"
20:48:25.017 [docker-java-stream--1781977736] DEBUG com.github.dockerjava.api.command.PullImageResultCallback - ResponseItem(stream=null, status=Waiting, progressDetail=ResponseItem.ProgressDetail(current=null, total=null, start=null), progress=null, id=5e6ea30360a0, from=null, time=null, errorDetail=null, error=null, aux=null)
20:48:25.017 [docker-java-stream--1781977736] DEBUG com.github.dockerjava.api.command.PullImageResultCallback - ResponseItem(stream=null, status=Waiting, progressDetail=ResponseItem.ProgressDetail(current=null, total=null, start=null), progress=null, id=b5906b3a79dd, from=null, time=null, errorDetail=null, error=null, aux=null)
20:48:25.017 [docker-java-stream--1781977736] DEBUG com.github.dockerjava.api.command.PullImageResultCallback - ResponseItem(stream=null, status=Waiting, progressDetail=ResponseItem.ProgressDetail(current=null, total=null, start=null), progress=null, id=18019bad1da0, from=null, time=null, errorDetail=null, error=null, aux=null)
20:48:25.017 [docker-java-stream--1781977736] DEBUG com.github.dockerjava.api.command.PullImageResultCallback - ResponseItem(stream=null, status=Waiting, progressDetail=ResponseItem.ProgressDetail(current=null, total=null, start=null), progress=null, id=ed0caaa340ca, from=null, time=null, errorDetail=null, error=null, aux=null)
20:48:25.017 [docker-java-stream--1781977736] DEBUG com.github.dockerjava.api.command.PullImageResultCallback - ResponseItem(stream=null, status=Waiting, progressDetail=ResponseItem.ProgressDetail(current=null, total=null, start=null), progress=null, id=a4913f11c494, from=null, time=null, errorDetail=null, error=null, aux=null)
20:48:25.017 [docker-java-stream--1781977736] DEBUG com.github.dockerjava.api.command.PullImageResultCallback - ResponseItem(stream=null, status=Waiting, progressDetail=ResponseItem.ProgressDetail(current=null, total=null, start=null), progress=null, id=ecdcb5672d7b, from=null, time=null, errorDetail=null, error=null, aux=null)
20:48:25.017 [docker-java-stream--1781977736] DEBUG com.github.dockerjava.api.command.PullImageResultCallback - ResponseItem(stream=null, status=Waiting, progressDetail=ResponseItem.ProgressDetail(current=null, total=null, start=null), progress=null, id=0e2cf09fa7c7, from=null, time=null, errorDetail=null, error=null, aux=null)
20:48:25.017 [docker-java-stream--1781977736] DEBUG com.github.dockerjava.api.command.PullImageResultCallback - ResponseItem(stream=null, status=Waiting, progressDetail=ResponseItem.ProgressDetail(current=null, total=null, start=null), progress=null, id=ce365ba51645, from=null, time=null, errorDetail=null, error=null, aux=null)
20:48:25.017 [docker-java-stream--1781977736] DEBUG com.github.dockerjava.api.command.PullImageResultCallback - ResponseItem(stream=null, status=Waiting, progressDetail=ResponseItem.ProgressDetail(current=null, total=null, start=null), progress=null, id=777375ed12b9, from=null, time=null, errorDetail=null, error=null, aux=null)
20:48:25.243 [docker-java-stream--1781977736] DEBUG com.github.dockerjava.zerodep.shaded.org.apache.hc.client5.http.wire - http-outgoing-1 << "b1[\r][\n]"
20:48:25.243 [docker-java-stream--1781977736] DEBUG com.github.dockerjava.zerodep.shaded.org.apache.hc.client5.http.wire - http-outgoing-1 << "{"status":"Downloading","progressDetail":{"current":672,"total":855},"progress":"[=======================================\u003e           ]     672B/855B","id":"b235194751de"}[\r][\n]"
20:48:25.243 [docker-java-stream--1781977736] DEBUG com.github.dockerjava.zerodep.shaded.org.apache.hc.client5.http.wire - http-outgoing-1 << "[\r][\n]"
20:48:25.243 [docker-java-stream--1781977736] DEBUG com.github.dockerjava.api.command.PullImageResultCallback - ResponseItem(stream=null, status=Downloading, progressDetail=ResponseItem.ProgressDetail(current=672, total=855, start=null), progress=[=======================================>           ]     672B/855B, id=b235194751de, from=null, time=null, errorDetail=null, error=null, aux=null)
20:48:25.258 [docker-java-stream--1781977736] DEBUG com.github.dockerjava.zerodep.shaded.org.apache.hc.client5.http.wire - http-outgoing-1 << "142[\r][\n]"
20:48:25.258 [docker-java-stream--1781977736] DEBUG com.github.dockerjava.zerodep.shaded.org.apache.hc.client5.http.wire - http-outgoing-1 << "{"status":"Downloading","progressDetail":{"current":188,"total":188},"progress":"[==================================================\u003e]     188B/188B","id":"606a67bb8db9"}[\r][\n]"
20:48:25.258 [docker-java-stream--1781977736] DEBUG com.github.dockerjava.zerodep.shaded.org.apache.hc.client5.http.wire - http-outgoing-1 << "{"status":"Verifying Checksum","progressDetail":{},"id":"606a67bb8db9"}[\r][\n]"
20:48:25.258 [docker-java-stream--1781977736] DEBUG com.github.dockerjava.zerodep.shaded.org.apache.hc.client5.http.wire - http-outgoing-1 << "{"status":"Download complete","progressDetail":{},"id":"606a67bb8db9"}[\r][\n]"
20:48:25.258 [docker-java-stream--1781977736] DEBUG com.github.dockerjava.zerodep.shaded.org.apache.hc.client5.http.wire - http-outgoing-1 << "[\r][\n]"
20:48:25.258 [docker-java-stream--1781977736] DEBUG com.github.dockerjava.api.command.PullImageResultCallback - ResponseItem(stream=null, status=Downloading, progressDetail=ResponseItem.ProgressDetail(current=188, total=188, start=null), progress=[==================================================>]     188B/188B, id=606a67bb8db9, from=null, time=null, errorDetail=null, error=null, aux=null)
20:48:25.258 [docker-java-stream--1781977736] DEBUG com.github.dockerjava.api.command.PullImageResultCallback - ResponseItem(stream=null, status=Verifying Checksum, progressDetail=ResponseItem.ProgressDetail(current=null, total=null, start=null), progress=null, id=606a67bb8db9, from=null, time=null, errorDetail=null, error=null, aux=null)
20:48:25.258 [docker-java-stream--1781977736] DEBUG com.github.dockerjava.api.command.PullImageResultCallback - ResponseItem(stream=null, status=Download complete, progressDetail=ResponseItem.ProgressDetail(current=null, total=null, start=null), progress=null, id=606a67bb8db9, from=null, time=null, errorDetail=null, error=null, aux=null)
20:48:25.258 [docker-java-stream--1781977736] INFO 🐳 [mongo:4.4.2] - Pulling image layers: 11 pending,  1 downloaded,  0 extracted, (860 bytes/? MB)
20:48:25.283 [docker-java-stream--1781977736] DEBUG com.github.dockerjava.zerodep.shaded.org.apache.hc.client5.http.wire - http-outgoing-1 << "b1[\r][\n]"
20:48:25.283 [docker-java-stream--1781977736] DEBUG com.github.dockerjava.zerodep.shaded.org.apache.hc.client5.http.wire - http-outgoing-1 << "{"status":"Downloading","progressDetail":{"current":855,"total":855},"progress":"[==================================================\u003e]     855B/855B","id":"b235194751de"}[\r][\n]"
20:48:25.283 [docker-java-stream--1781977736] DEBUG com.github.dockerjava.zerodep.shaded.org.apache.hc.client5.http.wire - http-outgoing-1 << "[\r][\n]"
20:48:25.284 [docker-java-stream--1781977736] DEBUG com.github.dockerjava.api.command.PullImageResultCallback - ResponseItem(stream=null, status=Downloading, progressDetail=ResponseItem.ProgressDetail(current=855, total=855, start=null), progress=[==================================================>]     855B/855B, id=b235194751de, from=null, time=null, errorDetail=null, error=null, aux=null)
20:48:25.284 [docker-java-stream--1781977736] DEBUG com.github.dockerjava.zerodep.shaded.org.apache.hc.client5.http.wire - http-outgoing-1 << "48[\r][\n]"
20:48:25.284 [docker-java-stream--1781977736] DEBUG com.github.dockerjava.zerodep.shaded.org.apache.hc.client5.http.wire - http-outgoing-1 << "{"status":"Download complete","progressDetail":{},"id":"b235194751de"}[\r][\n]"
20:48:25.284 [docker-java-stream--1781977736] DEBUG com.github.dockerjava.zerodep.shaded.org.apache.hc.client5.http.wire - http-outgoing-1 << "[\r][\n]"
20:48:25.284 [docker-java-stream--1781977736] DEBUG com.github.dockerjava.api.command.PullImageResultCallback - ResponseItem(stream=null, status=Download complete, progressDetail=ResponseItem.ProgressDetail(current=null, total=null, start=null), progress=null, id=b235194751de, from=null, time=null, errorDetail=null, error=null, aux=null)
20:48:25.284 [docker-java-stream--1781977736] INFO 🐳 [mongo:4.4.2] - Pulling image layers: 10 pending,  2 downloaded,  0 extracted, (1 KB/? MB)
20:48:25.511 [docker-java-stream--1781977736] DEBUG com.github.dockerjava.zerodep.shaded.org.apache.hc.client5.http.wire - http-outgoing-1 << "bc[\r][\n]"
20:48:25.511 [docker-java-stream--1781977736] DEBUG com.github.dockerjava.zerodep.shaded.org.apache.hc.client5.http.wire - http-outgoing-1 << "{"status":"Downloading","progressDetail":{"current":242145,"total":23733196},"progress":"[\u003e                                                  ]  242.1kB/23.73MB","id":"04da93b342eb"}[\r][\n]"
20:48:25.511 [docker-java-stream--1781977736] DEBUG com.github.dockerjava.zerodep.shaded.org.apache.hc.client5.http.wire - http-outgoing-1 << "[\r][\n]"
20:48:25.511 [docker-java-stream--1781977736] DEBUG com.github.dockerjava.api.command.PullImageResultCallback - ResponseItem(stream=null, status=Downloading, progressDetail=ResponseItem.ProgressDetail(current=242145, total=23733196, start=null), progress=[>                                                  ]  242.1kB/23.73MB, id=04da93b342eb, from=null, time=null, errorDetail=null, error=null, aux=null)
20:48:25.635 [docker-java-stream--1781977736] DEBUG com.github.dockerjava.zerodep.shaded.org.apache.hc.client5.http.wire - http-outgoing-1 << "bd[\r][\n]"
20:48:25.635 [docker-java-stream--1781977736] DEBUG com.github.dockerjava.zerodep.shaded.org.apache.hc.client5.http.wire - http-outgoing-1 << "{"status":"Downloading","progressDetail":{"current":1225185,"total":23733196},"progress":"[==\u003e                                                ]  1.225MB/23.73MB","id":"04da93b342eb"}[\r][\n]"
20:48:25.635 [docker-java-stream--1781977736] DEBUG com.github.dockerjava.zerodep.shaded.org.apache.hc.client5.http.wire - http-outgoing-1 << "[\r][\n]"
20:48:25.635 [docker-java-stream--1781977736] DEBUG com.github.dockerjava.api.command.PullImageResultCallback - ResponseItem(stream=null, status=Downloading, progressDetail=ResponseItem.ProgressDetail(current=1225185, total=23733196, start=null), progress=[==>                                                ]  1.225MB/23.73MB, id=04da93b342eb, from=null, time=null, errorDetail=null, error=null, aux=null)
20:48:25.656 [docker-java-stream--1781977736] DEBUG com.github.dockerjava.zerodep.shaded.org.apache.hc.client5.http.wire - http-outgoing-1 << "b5[\r][\n]"
20:48:25.656 [docker-java-stream--1781977736] DEBUG com.github.dockerjava.zerodep.shaded.org.apache.hc.client5.http.wire - http-outgoing-1 << "{"status":"Downloading","progressDetail":{"current":670,"total":1885},"progress":"[=================\u003e                                 ]     670B/1.885kB","id":"5e6ea30360a0"}[\r][\n]"
20:48:25.656 [docker-java-stream--1781977736] DEBUG com.github.dockerjava.zerodep.shaded.org.apache.hc.client5.http.wire - http-outgoing-1 << "[\r][\n]"
20:48:25.656 [docker-java-stream--1781977736] DEBUG com.github.dockerjava.api.command.PullImageResultCallback - ResponseItem(stream=null, status=Downloading, progressDetail=ResponseItem.ProgressDetail(current=670, total=1885, start=null), progress=[=================>                                 ]     670B/1.885kB, id=5e6ea30360a0, from=null, time=null, errorDetail=null, error=null, aux=null)
20:48:25.697 [docker-java-stream--1781977736] DEBUG com.github.dockerjava.zerodep.shaded.org.apache.hc.client5.http.wire - http-outgoing-1 << "147[\r][\n]"
20:48:25.697 [docker-java-stream--1781977736] DEBUG com.github.dockerjava.zerodep.shaded.org.apache.hc.client5.http.wire - http-outgoing-1 << "{"status":"Downloading","progressDetail":{"current":1885,"total":1885},"progress":"[==================================================\u003e]  1.885kB/1.885kB","id":"5e6ea30360a0"}[\r][\n]"
20:48:25.697 [docker-java-stream--1781977736] DEBUG com.github.dockerjava.zerodep.shaded.org.apache.hc.client5.http.wire - http-outgoing-1 << "{"status":"Verifying Checksum","progressDetail":{},"id":"5e6ea30360a0"}[\r][\n]"
20:48:25.697 [docker-java-stream--1781977736] DEBUG com.github.dockerjava.zerodep.shaded.org.apache.hc.client5.http.wire - http-outgoing-1 << "{"status":"Download complete","progressDetail":{},"id":"5e6ea30360a0"}[\r][\n]"
20:48:25.697 [docker-java-stream--1781977736] DEBUG com.github.dockerjava.zerodep.shaded.org.apache.hc.client5.http.wire - http-outgoing-1 << "[\r][\n]"
20:48:25.698 [docker-java-stream--1781977736] DEBUG com.github.dockerjava.api.command.PullImageResultCallback - ResponseItem(stream=null, status=Downloading, progressDetail=ResponseItem.ProgressDetail(current=1885, total=1885, start=null), progress=[==================================================>]  1.885kB/1.885kB, id=5e6ea30360a0, from=null, time=null, errorDetail=null, error=null, aux=null)
20:48:25.698 [docker-java-stream--1781977736] DEBUG com.github.dockerjava.api.command.PullImageResultCallback - ResponseItem(stream=null, status=Verifying Checksum, progressDetail=ResponseItem.ProgressDetail(current=null, total=null, start=null), progress=null, id=5e6ea30360a0, from=null, time=null, errorDetail=null, error=null, aux=null)
20:48:25.698 [docker-java-stream--1781977736] DEBUG com.github.dockerjava.api.command.PullImageResultCallback - ResponseItem(stream=null, status=Download complete, progressDetail=ResponseItem.ProgressDetail(current=null, total=null, start=null), progress=null, id=5e6ea30360a0, from=null, time=null, errorDetail=null, error=null, aux=null)
20:48:25.698 [docker-java-stream--1781977736] INFO 🐳 [mongo:4.4.2] - Pulling image layers:  9 pending,  3 downloaded,  0 extracted, (1 MB/? MB)
20:48:25.723 [docker-java-stream--1781977736] DEBUG com.github.dockerjava.zerodep.shaded.org.apache.hc.client5.http.wire - http-outgoing-1 << "ba[\r][\n]"
20:48:25.723 [docker-java-stream--1781977736] DEBUG com.github.dockerjava.zerodep.shaded.org.apache.hc.client5.http.wire - http-outgoing-1 << "{"status":"Downloading","progressDetail":{"current":28005,"total":2681902},"progress":"[\u003e                                                  ]     28kB/2.682MB","id":"b5906b3a79dd"}[\r][\n]"
20:48:25.723 [docker-java-stream--1781977736] DEBUG com.github.dockerjava.zerodep.shaded.org.apache.hc.client5.http.wire - http-outgoing-1 << "[\r][\n]"
20:48:25.723 [docker-java-stream--1781977736] DEBUG com.github.dockerjava.api.command.PullImageResultCallback - ResponseItem(stream=null, status=Downloading, progressDetail=ResponseItem.ProgressDetail(current=28005, total=2681902, start=null), progress=[>                                                  ]     28kB/2.682MB, id=b5906b3a79dd, from=null, time=null, errorDetail=null, error=null, aux=null)
20:48:25.754 [docker-java-stream--1781977736] DEBUG com.github.dockerjava.zerodep.shaded.org.apache.hc.client5.http.wire - http-outgoing-1 << "bd[\r][\n]"
20:48:25.754 [docker-java-stream--1781977736] DEBUG com.github.dockerjava.zerodep.shaded.org.apache.hc.client5.http.wire - http-outgoing-1 << "{"status":"Downloading","progressDetail":{"current":1958369,"total":23733196},"progress":"[====\u003e                                              ]  1.958MB/23.73MB","id":"04da93b342eb"}[\r][\n]"
20:48:25.754 [docker-java-stream--1781977736] DEBUG com.github.dockerjava.zerodep.shaded.org.apache.hc.client5.http.wire - http-outgoing-1 << "[\r][\n]"
20:48:25.754 [docker-java-stream--1781977736] DEBUG com.github.dockerjava.api.command.PullImageResultCallback - ResponseItem(stream=null, status=Downloading, progressDetail=ResponseItem.ProgressDetail(current=1958369, total=23733196, start=null), progress=[====>                                              ]  1.958MB/23.73MB, id=04da93b342eb, from=null, time=null, errorDetail=null, error=null, aux=null)
20:48:25.829 [docker-java-stream--1781977736] DEBUG com.github.dockerjava.zerodep.shaded.org.apache.hc.client5.http.wire - http-outgoing-1 << "bb[\r][\n]"
20:48:25.829 [docker-java-stream--1781977736] DEBUG com.github.dockerjava.zerodep.shaded.org.apache.hc.client5.http.wire - http-outgoing-1 << "{"status":"Downloading","progressDetail":{"current":295399,"total":2681902},"progress":"[=====\u003e                                             ]  295.4kB/2.682MB","id":"b5906b3a79dd"}[\r][\n]"
20:48:25.829 [docker-java-stream--1781977736] DEBUG com.github.dockerjava.zerodep.shaded.org.apache.hc.client5.http.wire - http-outgoing-1 << "[\r][\n]"
20:48:25.829 [docker-java-stream--1781977736] DEBUG com.github.dockerjava.api.command.PullImageResultCallback - ResponseItem(stream=null, status=Downloading, progressDetail=ResponseItem.ProgressDetail(current=295399, total=2681902, start=null), progress=[=====>                                             ]  295.4kB/2.682MB, id=b5906b3a79dd, from=null, time=null, errorDetail=null, error=null, aux=null)
20:48:25.895 [docker-java-stream--1781977736] DEBUG com.github.dockerjava.zerodep.shaded.org.apache.hc.client5.http.wire - http-outgoing-1 << "bd[\r][\n]"
20:48:25.895 [docker-java-stream--1781977736] DEBUG com.github.dockerjava.zerodep.shaded.org.apache.hc.client5.http.wire - http-outgoing-1 << "{"status":"Downloading","progressDetail":{"current":2699745,"total":23733196},"progress":"[=====\u003e                                             ]    2.7MB/23.73MB","id":"04da93b342eb"}[\r][\n]"
20:48:25.895 [docker-java-stream--1781977736] DEBUG com.github.dockerjava.zerodep.shaded.org.apache.hc.client5.http.wire - http-outgoing-1 << "[\r][\n]"
20:48:25.895 [docker-java-stream--1781977736] DEBUG com.github.dockerjava.api.command.PullImageResultCallback - ResponseItem(stream=null, status=Downloading, progressDetail=ResponseItem.ProgressDetail(current=2699745, total=23733196, start=null), progress=[=====>                                             ]    2.7MB/23.73MB, id=04da93b342eb, from=null, time=null, errorDetail=null, error=null, aux=null)
20:48:25.937 [docker-java-stream--1781977736] DEBUG com.github.dockerjava.zerodep.shaded.org.apache.hc.client5.http.wire - http-outgoing-1 << "bb[\r][\n]"
20:48:25.938 [docker-java-stream--1781977736] DEBUG com.github.dockerjava.zerodep.shaded.org.apache.hc.client5.http.wire - http-outgoing-1 << "{"status":"Downloading","progressDetail":{"current":602599,"total":2681902},"progress":"[===========\u003e                                       ]  602.6kB/2.682MB","id":"b5906b3a79dd"}[\r][\n]"
20:48:25.938 [docker-java-stream--1781977736] DEBUG com.github.dockerjava.zerodep.shaded.org.apache.hc.client5.http.wire - http-outgoing-1 << "[\r][\n]"
20:48:25.938 [docker-java-stream--1781977736] DEBUG com.github.dockerjava.api.command.PullImageResultCallback - ResponseItem(stream=null, status=Downloading, progressDetail=ResponseItem.ProgressDetail(current=602599, total=2681902, start=null), progress=[===========>                                       ]  602.6kB/2.682MB, id=b5906b3a79dd, from=null, time=null, errorDetail=null, error=null, aux=null)
20:48:26.009 [docker-java-stream--1781977736] DEBUG com.github.dockerjava.zerodep.shaded.org.apache.hc.client5.http.wire - http-outgoing-1 << "bd[\r][\n]"
20:48:26.009 [docker-java-stream--1781977736] DEBUG com.github.dockerjava.zerodep.shaded.org.apache.hc.client5.http.wire - http-outgoing-1 << "{"status":"Downloading","progressDetail":{"current":3187169,"total":23733196},"progress":"[======\u003e                                            ]  3.187MB/23.73MB","id":"04da93b342eb"}[\r][\n]"
20:48:26.009 [docker-java-stream--1781977736] DEBUG com.github.dockerjava.zerodep.shaded.org.apache.hc.client5.http.wire - http-outgoing-1 << "[\r][\n]"
20:48:26.009 [docker-java-stream--1781977736] DEBUG com.github.dockerjava.api.command.PullImageResultCallback - ResponseItem(stream=null, status=Downloading, progressDetail=ResponseItem.ProgressDetail(current=3187169, total=23733196, start=null), progress=[======>                                            ]  3.187MB/23.73MB, id=04da93b342eb, from=null, time=null, errorDetail=null, error=null, aux=null)
20:48:26.062 [docker-java-stream--1781977736] DEBUG com.github.dockerjava.zerodep.shaded.org.apache.hc.client5.http.wire - http-outgoing-1 << "bb[\r][\n]"
20:48:26.062 [docker-java-stream--1781977736] DEBUG com.github.dockerjava.zerodep.shaded.org.apache.hc.client5.http.wire - http-outgoing-1 << "{"status":"Downloading","progressDetail":{"current":963047,"total":2681902},"progress":"[=================\u003e                                 ]    963kB/2.682MB","id":"b5906b3a79dd"}[\r][\n]"
20:48:26.062 [docker-java-stream--1781977736] DEBUG com.github.dockerjava.zerodep.shaded.org.apache.hc.client5.http.wire - http-outgoing-1 << "[\r][\n]"
20:48:26.062 [docker-java-stream--1781977736] DEBUG com.github.dockerjava.api.command.PullImageResultCallback - ResponseItem(stream=null, status=Downloading, progressDetail=ResponseItem.ProgressDetail(current=963047, total=2681902, start=null), progress=[=================>                                 ]    963kB/2.682MB, id=b5906b3a79dd, from=null, time=null, errorDetail=null, error=null, aux=null)
20:48:26.136 [docker-java-stream--1781977736] DEBUG com.github.dockerjava.zerodep.shaded.org.apache.hc.client5.http.wire - http-outgoing-1 << "bd[\r][\n]"
20:48:26.136 [docker-java-stream--1781977736] DEBUG com.github.dockerjava.zerodep.shaded.org.apache.hc.client5.http.wire - http-outgoing-1 << "{"status":"Downloading","progressDetail":{"current":3924449,"total":23733196},"progress":"[========\u003e                                          ]  3.924MB/23.73MB","id":"04da93b342eb"}[\r][\n]"
20:48:26.136 [docker-java-stream--1781977736] DEBUG com.github.dockerjava.zerodep.shaded.org.apache.hc.client5.http.wire - http-outgoing-1 << "[\r][\n]"
20:48:26.136 [docker-java-stream--1781977736] DEBUG com.github.dockerjava.api.command.PullImageResultCallback - ResponseItem(stream=null, status=Downloading, progressDetail=ResponseItem.ProgressDetail(current=3924449, total=23733196, start=null), progress=[========>                                          ]  3.924MB/23.73MB, id=04da93b342eb, from=null, time=null, errorDetail=null, error=null, aux=null)
20:48:26.170 [docker-java-stream--1781977736] DEBUG com.github.dockerjava.zerodep.shaded.org.apache.hc.client5.http.wire - http-outgoing-1 << "bc[\r][\n]"
20:48:26.170 [docker-java-stream--1781977736] DEBUG com.github.dockerjava.zerodep.shaded.org.apache.hc.client5.http.wire - http-outgoing-1 << "{"status":"Downloading","progressDetail":{"current":1397223,"total":2681902},"progress":"[==========================\u003e                        ]  1.397MB/2.682MB","id":"b5906b3a79dd"}[\r][\n]"
20:48:26.170 [docker-java-stream--1781977736] DEBUG com.github.dockerjava.zerodep.shaded.org.apache.hc.client5.http.wire - http-outgoing-1 << "[\r][\n]"
20:48:26.170 [docker-java-stream--1781977736] DEBUG com.github.dockerjava.api.command.PullImageResultCallback - ResponseItem(stream=null, status=Downloading, progressDetail=ResponseItem.ProgressDetail(current=1397223, total=2681902, start=null), progress=[==========================>                        ]  1.397MB/2.682MB, id=b5906b3a79dd, from=null, time=null, errorDetail=null, error=null, aux=null)
20:48:26.268 [docker-java-stream--1781977736] DEBUG com.github.dockerjava.zerodep.shaded.org.apache.hc.client5.http.wire - http-outgoing-1 << "bc[\r][\n]"
20:48:26.268 [docker-java-stream--1781977736] DEBUG com.github.dockerjava.zerodep.shaded.org.apache.hc.client5.http.wire - http-outgoing-1 << "{"status":"Downloading","progressDetail":{"current":1888743,"total":2681902},"progress":"[===================================\u003e               ]  1.889MB/2.682MB","id":"b5906b3a79dd"}[\r][\n]"
20:48:26.268 [docker-java-stream--1781977736] DEBUG com.github.dockerjava.zerodep.shaded.org.apache.hc.client5.http.wire - http-outgoing-1 << "[\r][\n]"
20:48:26.268 [docker-java-stream--1781977736] DEBUG com.github.dockerjava.api.command.PullImageResultCallback - ResponseItem(stream=null, status=Downloading, progressDetail=ResponseItem.ProgressDetail(current=1888743, total=2681902, start=null), progress=[===================================>               ]  1.889MB/2.682MB, id=b5906b3a79dd, from=null, time=null, errorDetail=null, error=null, aux=null)
20:48:26.285 [docker-java-stream--1781977736] DEBUG com.github.dockerjava.zerodep.shaded.org.apache.hc.client5.http.wire - http-outgoing-1 << "bd[\r][\n]"
20:48:26.285 [docker-java-stream--1781977736] DEBUG com.github.dockerjava.zerodep.shaded.org.apache.hc.client5.http.wire - http-outgoing-1 << "{"status":"Downloading","progressDetail":{"current":4420065,"total":23733196},"progress":"[=========\u003e                                         ]   4.42MB/23.73MB","id":"04da93b342eb"}[\r][\n]"
20:48:26.285 [docker-java-stream--1781977736] DEBUG com.github.dockerjava.zerodep.shaded.org.apache.hc.client5.http.wire - http-outgoing-1 << "[\r][\n]"
20:48:26.285 [docker-java-stream--1781977736] DEBUG com.github.dockerjava.api.command.PullImageResultCallback - ResponseItem(stream=null, status=Downloading, progressDetail=ResponseItem.ProgressDetail(current=4420065, total=23733196, start=null), progress=[=========>                                         ]   4.42MB/23.73MB, id=04da93b342eb, from=null, time=null, errorDetail=null, error=null, aux=null)
20:48:26.370 [docker-java-stream--1781977736] DEBUG com.github.dockerjava.zerodep.shaded.org.apache.hc.client5.http.wire - http-outgoing-1 << "bc[\r][\n]"
20:48:26.370 [docker-java-stream--1781977736] DEBUG com.github.dockerjava.zerodep.shaded.org.apache.hc.client5.http.wire - http-outgoing-1 << "{"status":"Downloading","progressDetail":{"current":2413031,"total":2681902},"progress":"[============================================\u003e      ]  2.413MB/2.682MB","id":"b5906b3a79dd"}[\r][\n]"
20:48:26.370 [docker-java-stream--1781977736] DEBUG com.github.dockerjava.zerodep.shaded.org.apache.hc.client5.http.wire - http-outgoing-1 << "[\r][\n]"
20:48:26.370 [docker-java-stream--1781977736] DEBUG com.github.dockerjava.api.command.PullImageResultCallback - ResponseItem(stream=null, status=Downloading, progressDetail=ResponseItem.ProgressDetail(current=2413031, total=2681902, start=null), progress=[============================================>      ]  2.413MB/2.682MB, id=b5906b3a79dd, from=null, time=null, errorDetail=null, error=null, aux=null)
20:48:26.421 [docker-java-stream--1781977736] DEBUG com.github.dockerjava.zerodep.shaded.org.apache.hc.client5.http.wire - http-outgoing-1 << "91[\r][\n]"
20:48:26.421 [docker-java-stream--1781977736] DEBUG com.github.dockerjava.zerodep.shaded.org.apache.hc.client5.http.wire - http-outgoing-1 << "{"status":"Verifying Checksum","progressDetail":{},"id":"b5906b3a79dd"}[\r][\n]"
20:48:26.421 [docker-java-stream--1781977736] DEBUG com.github.dockerjava.zerodep.shaded.org.apache.hc.client5.http.wire - http-outgoing-1 << "{"status":"Download complete","progressDetail":{},"id":"b5906b3a79dd"}[\r][\n]"
20:48:26.421 [docker-java-stream--1781977736] DEBUG com.github.dockerjava.zerodep.shaded.org.apache.hc.client5.http.wire - http-outgoing-1 << "[\r][\n]"
20:48:26.421 [docker-java-stream--1781977736] DEBUG com.github.dockerjava.api.command.PullImageResultCallback - ResponseItem(stream=null, status=Verifying Checksum, progressDetail=ResponseItem.ProgressDetail(current=null, total=null, start=null), progress=null, id=b5906b3a79dd, from=null, time=null, errorDetail=null, error=null, aux=null)
20:48:26.421 [docker-java-stream--1781977736] DEBUG com.github.dockerjava.api.command.PullImageResultCallback - ResponseItem(stream=null, status=Download complete, progressDetail=ResponseItem.ProgressDetail(current=null, total=null, start=null), progress=null, id=b5906b3a79dd, from=null, time=null, errorDetail=null, error=null, aux=null)
20:48:26.421 [docker-java-stream--1781977736] INFO 🐳 [mongo:4.4.2] - Pulling image layers:  8 pending,  4 downloaded,  0 extracted, (6 MB/? MB)
20:48:26.432 [docker-java-stream--1781977736] DEBUG com.github.dockerjava.zerodep.shaded.org.apache.hc.client5.http.wire - http-outgoing-1 << "bd[\r][\n]"
20:48:26.432 [docker-java-stream--1781977736] DEBUG com.github.dockerjava.zerodep.shaded.org.apache.hc.client5.http.wire - http-outgoing-1 << "{"status":"Downloading","progressDetail":{"current":4911585,"total":23733196},"progress":"[==========\u003e                                        ]  4.912MB/23.73MB","id":"04da93b342eb"}[\r][\n]"
20:48:26.432 [docker-java-stream--1781977736] DEBUG com.github.dockerjava.zerodep.shaded.org.apache.hc.client5.http.wire - http-outgoing-1 << "[\r][\n]"
20:48:26.432 [docker-java-stream--1781977736] DEBUG com.github.dockerjava.api.command.PullImageResultCallback - ResponseItem(stream=null, status=Downloading, progressDetail=ResponseItem.ProgressDetail(current=4911585, total=23733196, start=null), progress=[==========>                                        ]  4.912MB/23.73MB, id=04da93b342eb, from=null, time=null, errorDetail=null, error=null, aux=null)
20:48:26.504 [docker-java-stream--1781977736] DEBUG com.github.dockerjava.zerodep.shaded.org.apache.hc.client5.http.wire - http-outgoing-1 << "ba[\r][\n]"
20:48:26.504 [docker-java-stream--1781977736] DEBUG com.github.dockerjava.zerodep.shaded.org.apache.hc.client5.http.wire - http-outgoing-1 << "{"status":"Downloading","progressDetail":{"current":53852,"total":5346719},"progress":"[\u003e                                                  ]  53.85kB/5.347MB","id":"18019bad1da0"}[\r][\n]"
20:48:26.504 [docker-java-stream--1781977736] DEBUG com.github.dockerjava.zerodep.shaded.org.apache.hc.client5.http.wire - http-outgoing-1 << "[\r][\n]"
20:48:26.504 [docker-java-stream--1781977736] DEBUG com.github.dockerjava.api.command.PullImageResultCallback - ResponseItem(stream=null, status=Downloading, progressDetail=ResponseItem.ProgressDetail(current=53852, total=5346719, start=null), progress=[>                                                  ]  53.85kB/5.347MB, id=18019bad1da0, from=null, time=null, errorDetail=null, error=null, aux=null)
20:48:26.567 [docker-java-stream--1781977736] DEBUG com.github.dockerjava.zerodep.shaded.org.apache.hc.client5.http.wire - http-outgoing-1 << "bd[\r][\n]"
20:48:26.567 [docker-java-stream--1781977736] DEBUG com.github.dockerjava.zerodep.shaded.org.apache.hc.client5.http.wire - http-outgoing-1 << "{"status":"Downloading","progressDetail":{"current":5644769,"total":23733196},"progress":"[===========\u003e                                       ]  5.645MB/23.73MB","id":"04da93b342eb"}[\r][\n]"
20:48:26.567 [docker-java-stream--1781977736] DEBUG com.github.dockerjava.zerodep.shaded.org.apache.hc.client5.http.wire - http-outgoing-1 << "[\r][\n]"
20:48:26.567 [docker-java-stream--1781977736] DEBUG com.github.dockerjava.api.command.PullImageResultCallback - ResponseItem(stream=null, status=Downloading, progressDetail=ResponseItem.ProgressDetail(current=5644769, total=23733196, start=null), progress=[===========>                                       ]  5.645MB/23.73MB, id=04da93b342eb, from=null, time=null, errorDetail=null, error=null, aux=null)
20:48:26.624 [docker-java-stream--1781977736] DEBUG com.github.dockerjava.zerodep.shaded.org.apache.hc.client5.http.wire - http-outgoing-1 << "bb[\r][\n]"
20:48:26.625 [docker-java-stream--1781977736] DEBUG com.github.dockerjava.zerodep.shaded.org.apache.hc.client5.http.wire - http-outgoing-1 << "{"status":"Downloading","progressDetail":{"current":494814,"total":5346719},"progress":"[====\u003e                                              ]  494.8kB/5.347MB","id":"18019bad1da0"}[\r][\n]"
20:48:26.625 [docker-java-stream--1781977736] DEBUG com.github.dockerjava.zerodep.shaded.org.apache.hc.client5.http.wire - http-outgoing-1 << "[\r][\n]"
20:48:26.625 [docker-java-stream--1781977736] DEBUG com.github.dockerjava.api.command.PullImageResultCallback - ResponseItem(stream=null, status=Downloading, progressDetail=ResponseItem.ProgressDetail(current=494814, total=5346719, start=null), progress=[====>                                              ]  494.8kB/5.347MB, id=18019bad1da0, from=null, time=null, errorDetail=null, error=null, aux=null)
20:48:26.736 [docker-java-stream--1781977736] DEBUG com.github.dockerjava.zerodep.shaded.org.apache.hc.client5.http.wire - http-outgoing-1 << "bd[\r][\n]"
20:48:26.736 [docker-java-stream--1781977736] DEBUG com.github.dockerjava.zerodep.shaded.org.apache.hc.client5.http.wire - http-outgoing-1 << "{"status":"Downloading","progressDetail":{"current":6382049,"total":23733196},"progress":"[=============\u003e                                     ]  6.382MB/23.73MB","id":"04da93b342eb"}[\r][\n]"
20:48:26.736 [docker-java-stream--1781977736] DEBUG com.github.dockerjava.zerodep.shaded.org.apache.hc.client5.http.wire - http-outgoing-1 << "[\r][\n]"
20:48:26.736 [docker-java-stream--1781977736] DEBUG com.github.dockerjava.api.command.PullImageResultCallback - ResponseItem(stream=null, status=Downloading, progressDetail=ResponseItem.ProgressDetail(current=6382049, total=23733196, start=null), progress=[=============>                                     ]  6.382MB/23.73MB, id=04da93b342eb, from=null, time=null, errorDetail=null, error=null, aux=null)
20:48:26.740 [docker-java-stream--1781977736] DEBUG com.github.dockerjava.zerodep.shaded.org.apache.hc.client5.http.wire - http-outgoing-1 << "bb[\r][\n]"
20:48:26.740 [docker-java-stream--1781977736] DEBUG com.github.dockerjava.zerodep.shaded.org.apache.hc.client5.http.wire - http-outgoing-1 << "{"status":"Downloading","progressDetail":{"current":955288,"total":5346719},"progress":"[========\u003e                                          ]  955.3kB/5.347MB","id":"18019bad1da0"}[\r][\n]"
20:48:26.740 [docker-java-stream--1781977736] DEBUG com.github.dockerjava.zerodep.shaded.org.apache.hc.client5.http.wire - http-outgoing-1 << "[\r][\n]"
20:48:26.741 [docker-java-stream--1781977736] DEBUG com.github.dockerjava.api.command.PullImageResultCallback - ResponseItem(stream=null, status=Downloading, progressDetail=ResponseItem.ProgressDetail(current=955288, total=5346719, start=null), progress=[========>                                          ]  955.3kB/5.347MB, id=18019bad1da0, from=null, time=null, errorDetail=null, error=null, aux=null)
20:48:26.842 [docker-java-stream--1781977736] DEBUG com.github.dockerjava.zerodep.shaded.org.apache.hc.client5.http.wire - http-outgoing-1 << "bc[\r][\n]"
20:48:26.842 [docker-java-stream--1781977736] DEBUG com.github.dockerjava.zerodep.shaded.org.apache.hc.client5.http.wire - http-outgoing-1 << "{"status":"Downloading","progressDetail":{"current":1348504,"total":5346719},"progress":"[============\u003e                                      ]  1.349MB/5.347MB","id":"18019bad1da0"}[\r][\n]"
20:48:26.842 [docker-java-stream--1781977736] DEBUG com.github.dockerjava.zerodep.shaded.org.apache.hc.client5.http.wire - http-outgoing-1 << "[\r][\n]"
20:48:26.842 [docker-java-stream--1781977736] DEBUG com.github.dockerjava.api.command.PullImageResultCallback - ResponseItem(stream=null, status=Downloading, progressDetail=ResponseItem.ProgressDetail(current=1348504, total=5346719, start=null), progress=[============>                                      ]  1.349MB/5.347MB, id=18019bad1da0, from=null, time=null, errorDetail=null, error=null, aux=null)
20:48:26.848 [docker-java-stream--1781977736] DEBUG com.github.dockerjava.zerodep.shaded.org.apache.hc.client5.http.wire - http-outgoing-1 << "bd[\r][\n]"
20:48:26.849 [docker-java-stream--1781977736] DEBUG com.github.dockerjava.zerodep.shaded.org.apache.hc.client5.http.wire - http-outgoing-1 << "{"status":"Downloading","progressDetail":{"current":6865377,"total":23733196},"progress":"[==============\u003e                                    ]  6.865MB/23.73MB","id":"04da93b342eb"}[\r][\n]"
20:48:26.849 [docker-java-stream--1781977736] DEBUG com.github.dockerjava.zerodep.shaded.org.apache.hc.client5.http.wire - http-outgoing-1 << "[\r][\n]"
20:48:26.849 [docker-java-stream--1781977736] DEBUG com.github.dockerjava.api.command.PullImageResultCallback - ResponseItem(stream=null, status=Downloading, progressDetail=ResponseItem.ProgressDetail(current=6865377, total=23733196, start=null), progress=[==============>                                    ]  6.865MB/23.73MB, id=04da93b342eb, from=null, time=null, errorDetail=null, error=null, aux=null)
20:48:26.960 [docker-java-stream--1781977736] DEBUG com.github.dockerjava.zerodep.shaded.org.apache.hc.client5.http.wire - http-outgoing-1 << "bc[\r][\n]"
20:48:26.960 [docker-java-stream--1781977736] DEBUG com.github.dockerjava.zerodep.shaded.org.apache.hc.client5.http.wire - http-outgoing-1 << "{"status":"Downloading","progressDetail":{"current":1807256,"total":5346719},"progress":"[================\u003e                                  ]  1.807MB/5.347MB","id":"18019bad1da0"}[\r][\n]"
20:48:26.960 [docker-java-stream--1781977736] DEBUG com.github.dockerjava.zerodep.shaded.org.apache.hc.client5.http.wire - http-outgoing-1 << "[\r][\n]"
20:48:26.960 [docker-java-stream--1781977736] DEBUG com.github.dockerjava.api.command.PullImageResultCallback - ResponseItem(stream=null, status=Downloading, progressDetail=ResponseItem.ProgressDetail(current=1807256, total=5346719, start=null), progress=[================>                                  ]  1.807MB/5.347MB, id=18019bad1da0, from=null, time=null, errorDetail=null, error=null, aux=null)
20:48:26.977 [docker-java-stream--1781977736] DEBUG com.github.dockerjava.zerodep.shaded.org.apache.hc.client5.http.wire - http-outgoing-1 << "bd[\r][\n]"
20:48:26.977 [docker-java-stream--1781977736] DEBUG com.github.dockerjava.zerodep.shaded.org.apache.hc.client5.http.wire - http-outgoing-1 << "{"status":"Downloading","progressDetail":{"current":7356897,"total":23733196},"progress":"[===============\u003e                                   ]  7.357MB/23.73MB","id":"04da93b342eb"}[\r][\n]"
20:48:26.977 [docker-java-stream--1781977736] DEBUG com.github.dockerjava.zerodep.shaded.org.apache.hc.client5.http.wire - http-outgoing-1 << "[\r][\n]"
20:48:26.977 [docker-java-stream--1781977736] DEBUG com.github.dockerjava.api.command.PullImageResultCallback - ResponseItem(stream=null, status=Downloading, progressDetail=ResponseItem.ProgressDetail(current=7356897, total=23733196, start=null), progress=[===============>                                   ]  7.357MB/23.73MB, id=04da93b342eb, from=null, time=null, errorDetail=null, error=null, aux=null)
20:48:27.069 [docker-java-stream--1781977736] DEBUG com.github.dockerjava.zerodep.shaded.org.apache.hc.client5.http.wire - http-outgoing-1 << "bc[\r][\n]"
20:48:27.069 [docker-java-stream--1781977736] DEBUG com.github.dockerjava.zerodep.shaded.org.apache.hc.client5.http.wire - http-outgoing-1 << "{"status":"Downloading","progressDetail":{"current":2126744,"total":5346719},"progress":"[===================\u003e                               ]  2.127MB/5.347MB","id":"18019bad1da0"}[\r][\n]"
20:48:27.069 [docker-java-stream--1781977736] DEBUG com.github.dockerjava.zerodep.shaded.org.apache.hc.client5.http.wire - http-outgoing-1 << "[\r][\n]"
20:48:27.069 [docker-java-stream--1781977736] DEBUG com.github.dockerjava.api.command.PullImageResultCallback - ResponseItem(stream=null, status=Downloading, progressDetail=ResponseItem.ProgressDetail(current=2126744, total=5346719, start=null), progress=[===================>                               ]  2.127MB/5.347MB, id=18019bad1da0, from=null, time=null, errorDetail=null, error=null, aux=null)
20:48:27.079 [docker-java-stream--1781977736] DEBUG com.github.dockerjava.zerodep.shaded.org.apache.hc.client5.http.wire - http-outgoing-1 << "142[\r][\n]"
20:48:27.079 [docker-java-stream--1781977736] DEBUG com.github.dockerjava.zerodep.shaded.org.apache.hc.client5.http.wire - http-outgoing-1 << "{"status":"Downloading","progressDetail":{"current":149,"total":149},"progress":"[==================================================\u003e]     149B/149B","id":"ed0caaa340ca"}[\r][\n]"
20:48:27.079 [docker-java-stream--1781977736] DEBUG com.github.dockerjava.zerodep.shaded.org.apache.hc.client5.http.wire - http-outgoing-1 << "{"status":"Verifying Checksum","progressDetail":{},"id":"ed0caaa340ca"}[\r][\n]"
20:48:27.079 [docker-java-stream--1781977736] DEBUG com.github.dockerjava.zerodep.shaded.org.apache.hc.client5.http.wire - http-outgoing-1 << "{"status":"Download complete","progressDetail":{},"id":"ed0caaa340ca"}[\r][\n]"
20:48:27.079 [docker-java-stream--1781977736] DEBUG com.github.dockerjava.zerodep.shaded.org.apache.hc.client5.http.wire - http-outgoing-1 << "[\r][\n]"
20:48:27.080 [docker-java-stream--1781977736] DEBUG com.github.dockerjava.api.command.PullImageResultCallback - ResponseItem(stream=null, status=Downloading, progressDetail=ResponseItem.ProgressDetail(current=149, total=149, start=null), progress=[==================================================>]     149B/149B, id=ed0caaa340ca, from=null, time=null, errorDetail=null, error=null, aux=null)
20:48:27.080 [docker-java-stream--1781977736] DEBUG com.github.dockerjava.api.command.PullImageResultCallback - ResponseItem(stream=null, status=Verifying Checksum, progressDetail=ResponseItem.ProgressDetail(current=null, total=null, start=null), progress=null, id=ed0caaa340ca, from=null, time=null, errorDetail=null, error=null, aux=null)
20:48:27.080 [docker-java-stream--1781977736] DEBUG com.github.dockerjava.api.command.PullImageResultCallback - ResponseItem(stream=null, status=Download complete, progressDetail=ResponseItem.ProgressDetail(current=null, total=null, start=null), progress=null, id=ed0caaa340ca, from=null, time=null, errorDetail=null, error=null, aux=null)
20:48:27.080 [docker-java-stream--1781977736] INFO 🐳 [mongo:4.4.2] - Pulling image layers:  7 pending,  5 downloaded,  0 extracted, (11 MB/? MB)
20:48:27.105 [docker-java-stream--1781977736] DEBUG com.github.dockerjava.zerodep.shaded.org.apache.hc.client5.http.wire - http-outgoing-1 << "bd[\r][\n]"
20:48:27.105 [docker-java-stream--1781977736] DEBUG com.github.dockerjava.zerodep.shaded.org.apache.hc.client5.http.wire - http-outgoing-1 << "{"status":"Downloading","progressDetail":{"current":8085985,"total":23733196},"progress":"[=================\u003e                                 ]  8.086MB/23.73MB","id":"04da93b342eb"}[\r][\n]"
20:48:27.105 [docker-java-stream--1781977736] DEBUG com.github.dockerjava.zerodep.shaded.org.apache.hc.client5.http.wire - http-outgoing-1 << "[\r][\n]"
20:48:27.105 [docker-java-stream--1781977736] DEBUG com.github.dockerjava.api.command.PullImageResultCallback - ResponseItem(stream=null, status=Downloading, progressDetail=ResponseItem.ProgressDetail(current=8085985, total=23733196, start=null), progress=[=================>                                 ]  8.086MB/23.73MB, id=04da93b342eb, from=null, time=null, errorDetail=null, error=null, aux=null)
20:48:27.170 [docker-java-stream--1781977736] DEBUG com.github.dockerjava.zerodep.shaded.org.apache.hc.client5.http.wire - http-outgoing-1 << "bc[\r][\n]"
20:48:27.171 [docker-java-stream--1781977736] DEBUG com.github.dockerjava.zerodep.shaded.org.apache.hc.client5.http.wire - http-outgoing-1 << "{"status":"Downloading","progressDetail":{"current":2454424,"total":5346719},"progress":"[======================\u003e                            ]  2.454MB/5.347MB","id":"18019bad1da0"}[\r][\n]"
20:48:27.171 [docker-java-stream--1781977736] DEBUG com.github.dockerjava.zerodep.shaded.org.apache.hc.client5.http.wire - http-outgoing-1 << "[\r][\n]"
20:48:27.171 [docker-java-stream--1781977736] DEBUG com.github.dockerjava.api.command.PullImageResultCallback - ResponseItem(stream=null, status=Downloading, progressDetail=ResponseItem.ProgressDetail(current=2454424, total=5346719, start=null), progress=[======================>                            ]  2.454MB/5.347MB, id=18019bad1da0, from=null, time=null, errorDetail=null, error=null, aux=null)
20:48:27.217 [docker-java-stream--1781977736] DEBUG com.github.dockerjava.zerodep.shaded.org.apache.hc.client5.http.wire - http-outgoing-1 << "bd[\r][\n]"
20:48:27.217 [docker-java-stream--1781977736] DEBUG com.github.dockerjava.zerodep.shaded.org.apache.hc.client5.http.wire - http-outgoing-1 << "{"status":"Downloading","progressDetail":{"current":8577505,"total":23733196},"progress":"[==================\u003e                                ]  8.578MB/23.73MB","id":"04da93b342eb"}[\r][\n]"
20:48:27.217 [docker-java-stream--1781977736] DEBUG com.github.dockerjava.zerodep.shaded.org.apache.hc.client5.http.wire - http-outgoing-1 << "[\r][\n]"
20:48:27.217 [docker-java-stream--1781977736] DEBUG com.github.dockerjava.api.command.PullImageResultCallback - ResponseItem(stream=null, status=Downloading, progressDetail=ResponseItem.ProgressDetail(current=8577505, total=23733196, start=null), progress=[==================>                                ]  8.578MB/23.73MB, id=04da93b342eb, from=null, time=null, errorDetail=null, error=null, aux=null)
20:48:27.293 [docker-java-stream--1781977736] DEBUG com.github.dockerjava.zerodep.shaded.org.apache.hc.client5.http.wire - http-outgoing-1 << "bc[\r][\n]"
20:48:27.293 [docker-java-stream--1781977736] DEBUG com.github.dockerjava.zerodep.shaded.org.apache.hc.client5.http.wire - http-outgoing-1 << "{"status":"Downloading","progressDetail":{"current":2847640,"total":5346719},"progress":"[==========================\u003e                        ]  2.848MB/5.347MB","id":"18019bad1da0"}[\r][\n]"
20:48:27.293 [docker-java-stream--1781977736] DEBUG com.github.dockerjava.zerodep.shaded.org.apache.hc.client5.http.wire - http-outgoing-1 << "[\r][\n]"
20:48:27.294 [docker-java-stream--1781977736] DEBUG com.github.dockerjava.api.command.PullImageResultCallback - ResponseItem(stream=null, status=Downloading, progressDetail=ResponseItem.ProgressDetail(current=2847640, total=5346719, start=null), progress=[==========================>                        ]  2.848MB/5.347MB, id=18019bad1da0, from=null, time=null, errorDetail=null, error=null, aux=null)
20:48:27.327 [docker-java-stream--1781977736] DEBUG com.github.dockerjava.zerodep.shaded.org.apache.hc.client5.http.wire - http-outgoing-1 << "bd[\r][\n]"
20:48:27.327 [docker-java-stream--1781977736] DEBUG com.github.dockerjava.zerodep.shaded.org.apache.hc.client5.http.wire - http-outgoing-1 << "{"status":"Downloading","progressDetail":{"current":9060833,"total":23733196},"progress":"[===================\u003e                               ]  9.061MB/23.73MB","id":"04da93b342eb"}[\r][\n]"
20:48:27.327 [docker-java-stream--1781977736] DEBUG com.github.dockerjava.zerodep.shaded.org.apache.hc.client5.http.wire - http-outgoing-1 << "[\r][\n]"
20:48:27.327 [docker-java-stream--1781977736] DEBUG com.github.dockerjava.api.command.PullImageResultCallback - ResponseItem(stream=null, status=Downloading, progressDetail=ResponseItem.ProgressDetail(current=9060833, total=23733196, start=null), progress=[===================>                               ]  9.061MB/23.73MB, id=04da93b342eb, from=null, time=null, errorDetail=null, error=null, aux=null)
20:48:27.406 [docker-java-stream--1781977736] DEBUG com.github.dockerjava.zerodep.shaded.org.apache.hc.client5.http.wire - http-outgoing-1 << "bc[\r][\n]"
20:48:27.406 [docker-java-stream--1781977736] DEBUG com.github.dockerjava.zerodep.shaded.org.apache.hc.client5.http.wire - http-outgoing-1 << "{"status":"Downloading","progressDetail":{"current":3306392,"total":5346719},"progress":"[==============================\u003e                    ]  3.306MB/5.347MB","id":"18019bad1da0"}[\r][\n]"
20:48:27.406 [docker-java-stream--1781977736] DEBUG com.github.dockerjava.zerodep.shaded.org.apache.hc.client5.http.wire - http-outgoing-1 << "[\r][\n]"
20:48:27.406 [docker-java-stream--1781977736] DEBUG com.github.dockerjava.api.command.PullImageResultCallback - ResponseItem(stream=null, status=Downloading, progressDetail=ResponseItem.ProgressDetail(current=3306392, total=5346719, start=null), progress=[==============================>                    ]  3.306MB/5.347MB, id=18019bad1da0, from=null, time=null, errorDetail=null, error=null, aux=null)
20:48:27.457 [docker-java-stream--1781977736] DEBUG com.github.dockerjava.zerodep.shaded.org.apache.hc.client5.http.wire - http-outgoing-1 << "bd[\r][\n]"
20:48:27.457 [docker-java-stream--1781977736] DEBUG com.github.dockerjava.zerodep.shaded.org.apache.hc.client5.http.wire - http-outgoing-1 << "{"status":"Downloading","progressDetail":{"current":9552353,"total":23733196},"progress":"[====================\u003e                              ]  9.552MB/23.73MB","id":"04da93b342eb"}[\r][\n]"
20:48:27.457 [docker-java-stream--1781977736] DEBUG com.github.dockerjava.zerodep.shaded.org.apache.hc.client5.http.wire - http-outgoing-1 << "[\r][\n]"
20:48:27.457 [docker-java-stream--1781977736] DEBUG com.github.dockerjava.api.command.PullImageResultCallback - ResponseItem(stream=null, status=Downloading, progressDetail=ResponseItem.ProgressDetail(current=9552353, total=23733196, start=null), progress=[====================>                              ]  9.552MB/23.73MB, id=04da93b342eb, from=null, time=null, errorDetail=null, error=null, aux=null)
20:48:27.503 [docker-java-stream--1781977736] DEBUG com.github.dockerjava.zerodep.shaded.org.apache.hc.client5.http.wire - http-outgoing-1 << "bc[\r][\n]"
20:48:27.503 [docker-java-stream--1781977736] DEBUG com.github.dockerjava.zerodep.shaded.org.apache.hc.client5.http.wire - http-outgoing-1 << "{"status":"Downloading","progressDetail":{"current":3765144,"total":5346719},"progress":"[===================================\u003e               ]  3.765MB/5.347MB","id":"18019bad1da0"}[\r][\n]"
20:48:27.503 [docker-java-stream--1781977736] DEBUG com.github.dockerjava.zerodep.shaded.org.apache.hc.client5.http.wire - http-outgoing-1 << "[\r][\n]"
20:48:27.503 [docker-java-stream--1781977736] DEBUG com.github.dockerjava.api.command.PullImageResultCallback - ResponseItem(stream=null, status=Downloading, progressDetail=ResponseItem.ProgressDetail(current=3765144, total=5346719, start=null), progress=[===================================>               ]  3.765MB/5.347MB, id=18019bad1da0, from=null, time=null, errorDetail=null, error=null, aux=null)
20:48:27.579 [docker-java-stream--1781977736] DEBUG com.github.dockerjava.zerodep.shaded.org.apache.hc.client5.http.wire - http-outgoing-1 << "be[\r][\n]"
20:48:27.579 [docker-java-stream--1781977736] DEBUG com.github.dockerjava.zerodep.shaded.org.apache.hc.client5.http.wire - http-outgoing-1 << "{"status":"Downloading","progressDetail":{"current":10043873,"total":23733196},"progress":"[=====================\u003e                             ]  10.04MB/23.73MB","id":"04da93b342eb"}[\r][\n]"
20:48:27.579 [docker-java-stream--1781977736] DEBUG com.github.dockerjava.zerodep.shaded.org.apache.hc.client5.http.wire - http-outgoing-1 << "[\r][\n]"
20:48:27.579 [docker-java-stream--1781977736] DEBUG com.github.dockerjava.api.command.PullImageResultCallback - ResponseItem(stream=null, status=Downloading, progressDetail=ResponseItem.ProgressDetail(current=10043873, total=23733196, start=null), progress=[=====================>                             ]  10.04MB/23.73MB, id=04da93b342eb, from=null, time=null, errorDetail=null, error=null, aux=null)
20:48:27.611 [docker-java-stream--1781977736] DEBUG com.github.dockerjava.zerodep.shaded.org.apache.hc.client5.http.wire - http-outgoing-1 << "bc[\r][\n]"
20:48:27.611 [docker-java-stream--1781977736] DEBUG com.github.dockerjava.zerodep.shaded.org.apache.hc.client5.http.wire - http-outgoing-1 << "{"status":"Downloading","progressDetail":{"current":4158360,"total":5346719},"progress":"[======================================\u003e            ]  4.158MB/5.347MB","id":"18019bad1da0"}[\r][\n]"
20:48:27.611 [docker-java-stream--1781977736] DEBUG com.github.dockerjava.zerodep.shaded.org.apache.hc.client5.http.wire - http-outgoing-1 << "[\r][\n]"
20:48:27.611 [docker-java-stream--1781977736] DEBUG com.github.dockerjava.api.command.PullImageResultCallback - ResponseItem(stream=null, status=Downloading, progressDetail=ResponseItem.ProgressDetail(current=4158360, total=5346719, start=null), progress=[======================================>            ]  4.158MB/5.347MB, id=18019bad1da0, from=null, time=null, errorDetail=null, error=null, aux=null)
20:48:27.689 [docker-java-stream--1781977736] DEBUG com.github.dockerjava.zerodep.shaded.org.apache.hc.client5.http.wire - http-outgoing-1 << "b5[\r][\n]"
20:48:27.689 [docker-java-stream--1781977736] DEBUG com.github.dockerjava.zerodep.shaded.org.apache.hc.client5.http.wire - http-outgoing-1 << "{"status":"Downloading","progressDetail":{"current":671,"total":1428},"progress":"[=======================\u003e                           ]     671B/1.428kB","id":"a4913f11c494"}[\r][\n]"
20:48:27.689 [docker-java-stream--1781977736] DEBUG com.github.dockerjava.zerodep.shaded.org.apache.hc.client5.http.wire - http-outgoing-1 << "[\r][\n]"
20:48:27.689 [docker-java-stream--1781977736] DEBUG com.github.dockerjava.api.command.PullImageResultCallback - ResponseItem(stream=null, status=Downloading, progressDetail=ResponseItem.ProgressDetail(current=671, total=1428, start=null), progress=[=======================>                           ]     671B/1.428kB, id=a4913f11c494, from=null, time=null, errorDetail=null, error=null, aux=null)
20:48:27.701 [docker-java-stream--1781977736] DEBUG com.github.dockerjava.zerodep.shaded.org.apache.hc.client5.http.wire - http-outgoing-1 << "be[\r][\n]"
20:48:27.701 [docker-java-stream--1781977736] DEBUG com.github.dockerjava.zerodep.shaded.org.apache.hc.client5.http.wire - http-outgoing-1 << "{"status":"Downloading","progressDetail":{"current":10519009,"total":23733196},"progress":"[======================\u003e                            ]  10.52MB/23.73MB","id":"04da93b342eb"}[\r][\n]"
20:48:27.701 [docker-java-stream--1781977736] DEBUG com.github.dockerjava.zerodep.shaded.org.apache.hc.client5.http.wire - http-outgoing-1 << "[\r][\n]"
20:48:27.702 [docker-java-stream--1781977736] DEBUG com.github.dockerjava.api.command.PullImageResultCallback - ResponseItem(stream=null, status=Downloading, progressDetail=ResponseItem.ProgressDetail(current=10519009, total=23733196, start=null), progress=[======================>                            ]  10.52MB/23.73MB, id=04da93b342eb, from=null, time=null, errorDetail=null, error=null, aux=null)
20:48:27.711 [docker-java-stream--1781977736] DEBUG com.github.dockerjava.zerodep.shaded.org.apache.hc.client5.http.wire - http-outgoing-1 << "bc[\r][\n]"
20:48:27.711 [docker-java-stream--1781977736] DEBUG com.github.dockerjava.zerodep.shaded.org.apache.hc.client5.http.wire - http-outgoing-1 << "{"status":"Downloading","progressDetail":{"current":4555672,"total":5346719},"progress":"[==========================================\u003e        ]  4.556MB/5.347MB","id":"18019bad1da0"}[\r][\n]"
20:48:27.711 [docker-java-stream--1781977736] DEBUG com.github.dockerjava.zerodep.shaded.org.apache.hc.client5.http.wire - http-outgoing-1 << "[\r][\n]"
20:48:27.711 [docker-java-stream--1781977736] DEBUG com.github.dockerjava.api.command.PullImageResultCallback - ResponseItem(stream=null, status=Downloading, progressDetail=ResponseItem.ProgressDetail(current=4555672, total=5346719, start=null), progress=[==========================================>        ]  4.556MB/5.347MB, id=18019bad1da0, from=null, time=null, errorDetail=null, error=null, aux=null)
20:48:27.730 [docker-java-stream--1781977736] DEBUG com.github.dockerjava.zerodep.shaded.org.apache.hc.client5.http.wire - http-outgoing-1 << "147[\r][\n]"
20:48:27.730 [docker-java-stream--1781977736] DEBUG com.github.dockerjava.zerodep.shaded.org.apache.hc.client5.http.wire - http-outgoing-1 << "{"status":"Downloading","progressDetail":{"current":1428,"total":1428},"progress":"[==================================================\u003e]  1.428kB/1.428kB","id":"a4913f11c494"}[\r][\n]"
20:48:27.730 [docker-java-stream--1781977736] DEBUG com.github.dockerjava.zerodep.shaded.org.apache.hc.client5.http.wire - http-outgoing-1 << "{"status":"Verifying Checksum","progressDetail":{},"id":"a4913f11c494"}[\r][\n]"
20:48:27.730 [docker-java-stream--1781977736] DEBUG com.github.dockerjava.zerodep.shaded.org.apache.hc.client5.http.wire - http-outgoing-1 << "{"status":"Download complete","progressDetail":{},"id":"a4913f11c494"}[\r][\n]"
20:48:27.730 [docker-java-stream--1781977736] DEBUG com.github.dockerjava.zerodep.shaded.org.apache.hc.client5.http.wire - http-outgoing-1 << "[\r][\n]"
20:48:27.730 [docker-java-stream--1781977736] DEBUG com.github.dockerjava.api.command.PullImageResultCallback - ResponseItem(stream=null, status=Downloading, progressDetail=ResponseItem.ProgressDetail(current=1428, total=1428, start=null), progress=[==================================================>]  1.428kB/1.428kB, id=a4913f11c494, from=null, time=null, errorDetail=null, error=null, aux=null)
20:48:27.730 [docker-java-stream--1781977736] DEBUG com.github.dockerjava.api.command.PullImageResultCallback - ResponseItem(stream=null, status=Verifying Checksum, progressDetail=ResponseItem.ProgressDetail(current=null, total=null, start=null), progress=null, id=a4913f11c494, from=null, time=null, errorDetail=null, error=null, aux=null)
20:48:27.730 [docker-java-stream--1781977736] DEBUG com.github.dockerjava.api.command.PullImageResultCallback - ResponseItem(stream=null, status=Download complete, progressDetail=ResponseItem.ProgressDetail(current=null, total=null, start=null), progress=null, id=a4913f11c494, from=null, time=null, errorDetail=null, error=null, aux=null)
20:48:27.730 [docker-java-stream--1781977736] INFO 🐳 [mongo:4.4.2] - Pulling image layers:  6 pending,  6 downloaded,  0 extracted, (16 MB/? MB)
20:48:27.813 [docker-java-stream--1781977736] DEBUG com.github.dockerjava.zerodep.shaded.org.apache.hc.client5.http.wire - http-outgoing-1 << "17a[\r][\n]"
20:48:27.813 [docker-java-stream--1781977736] DEBUG com.github.dockerjava.zerodep.shaded.org.apache.hc.client5.http.wire - http-outgoing-1 << "{"status":"Downloading","progressDetail":{"current":11002337,"total":23733196},"progress":"[=======================\u003e                           ]     11MB/23.73MB","id":"04da93b342eb"}[\r][\n]"
20:48:27.813 [docker-java-stream--1781977736] DEBUG com.github.dockerjava.zerodep.shaded.org.apache.hc.client5.http.wire - http-outgoing-1 << "{"status":"Downloading","progressDetail":{"current":4944792,"total":5346719},"progress":"[==============================================\u003e    ]  4.945MB/5.347MB","id":"18019bad1da0"}[\r][\n]"
20:48:27.813 [docker-java-stream--1781977736] DEBUG com.github.dockerjava.zerodep.shaded.org.apache.hc.client5.http.wire - http-outgoing-1 << "[\r][\n]"
20:48:27.813 [docker-java-stream--1781977736] DEBUG com.github.dockerjava.api.command.PullImageResultCallback - ResponseItem(stream=null, status=Downloading, progressDetail=ResponseItem.ProgressDetail(current=11002337, total=23733196, start=null), progress=[=======================>                           ]     11MB/23.73MB, id=04da93b342eb, from=null, time=null, errorDetail=null, error=null, aux=null)
20:48:27.813 [docker-java-stream--1781977736] DEBUG com.github.dockerjava.api.command.PullImageResultCallback - ResponseItem(stream=null, status=Downloading, progressDetail=ResponseItem.ProgressDetail(current=4944792, total=5346719, start=null), progress=[==============================================>    ]  4.945MB/5.347MB, id=18019bad1da0, from=null, time=null, errorDetail=null, error=null, aux=null)
20:48:27.925 [docker-java-stream--1781977736] DEBUG com.github.dockerjava.zerodep.shaded.org.apache.hc.client5.http.wire - http-outgoing-1 << "be[\r][\n]"
20:48:27.925 [docker-java-stream--1781977736] DEBUG com.github.dockerjava.zerodep.shaded.org.apache.hc.client5.http.wire - http-outgoing-1 << "{"status":"Downloading","progressDetail":{"current":11493857,"total":23733196},"progress":"[========================\u003e                          ]  11.49MB/23.73MB","id":"04da93b342eb"}[\r][\n]"
20:48:27.925 [docker-java-stream--1781977736] DEBUG com.github.dockerjava.zerodep.shaded.org.apache.hc.client5.http.wire - http-outgoing-1 << "[\r][\n]"
20:48:27.926 [docker-java-stream--1781977736] DEBUG com.github.dockerjava.api.command.PullImageResultCallback - ResponseItem(stream=null, status=Downloading, progressDetail=ResponseItem.ProgressDetail(current=11493857, total=23733196, start=null), progress=[========================>                          ]  11.49MB/23.73MB, id=04da93b342eb, from=null, time=null, errorDetail=null, error=null, aux=null)
20:48:27.949 [docker-java-stream--1781977736] DEBUG com.github.dockerjava.zerodep.shaded.org.apache.hc.client5.http.wire - http-outgoing-1 << "91[\r][\n]"
20:48:27.949 [docker-java-stream--1781977736] DEBUG com.github.dockerjava.zerodep.shaded.org.apache.hc.client5.http.wire - http-outgoing-1 << "{"status":"Verifying Checksum","progressDetail":{},"id":"18019bad1da0"}[\r][\n]"
20:48:27.949 [docker-java-stream--1781977736] DEBUG com.github.dockerjava.zerodep.shaded.org.apache.hc.client5.http.wire - http-outgoing-1 << "{"status":"Download complete","progressDetail":{},"id":"18019bad1da0"}[\r][\n]"
20:48:27.949 [docker-java-stream--1781977736] DEBUG com.github.dockerjava.zerodep.shaded.org.apache.hc.client5.http.wire - http-outgoing-1 << "[\r][\n]"
20:48:27.949 [docker-java-stream--1781977736] DEBUG com.github.dockerjava.api.command.PullImageResultCallback - ResponseItem(stream=null, status=Verifying Checksum, progressDetail=ResponseItem.ProgressDetail(current=null, total=null, start=null), progress=null, id=18019bad1da0, from=null, time=null, errorDetail=null, error=null, aux=null)
20:48:27.949 [docker-java-stream--1781977736] DEBUG com.github.dockerjava.api.command.PullImageResultCallback - ResponseItem(stream=null, status=Download complete, progressDetail=ResponseItem.ProgressDetail(current=null, total=null, start=null), progress=null, id=18019bad1da0, from=null, time=null, errorDetail=null, error=null, aux=null)
20:48:27.949 [docker-java-stream--1781977736] INFO 🐳 [mongo:4.4.2] - Pulling image layers:  5 pending,  7 downloaded,  0 extracted, (17 MB/? MB)
20:48:28.027 [docker-java-stream--1781977736] DEBUG com.github.dockerjava.zerodep.shaded.org.apache.hc.client5.http.wire - http-outgoing-1 << "be[\r][\n]"
20:48:28.027 [docker-java-stream--1781977736] DEBUG com.github.dockerjava.zerodep.shaded.org.apache.hc.client5.http.wire - http-outgoing-1 << "{"status":"Downloading","progressDetail":{"current":11989473,"total":23733196},"progress":"[=========================\u003e                         ]  11.99MB/23.73MB","id":"04da93b342eb"}[\r][\n]"
20:48:28.027 [docker-java-stream--1781977736] DEBUG com.github.dockerjava.zerodep.shaded.org.apache.hc.client5.http.wire - http-outgoing-1 << "[\r][\n]"
20:48:28.027 [docker-java-stream--1781977736] DEBUG com.github.dockerjava.api.command.PullImageResultCallback - ResponseItem(stream=null, status=Downloading, progressDetail=ResponseItem.ProgressDetail(current=11989473, total=23733196, start=null), progress=[=========================>                         ]  11.99MB/23.73MB, id=04da93b342eb, from=null, time=null, errorDetail=null, error=null, aux=null)
20:48:28.089 [docker-java-stream--1781977736] DEBUG com.github.dockerjava.zerodep.shaded.org.apache.hc.client5.http.wire - http-outgoing-1 << "b1[\r][\n]"
20:48:28.089 [docker-java-stream--1781977736] DEBUG com.github.dockerjava.zerodep.shaded.org.apache.hc.client5.http.wire - http-outgoing-1 << "{"status":"Downloading","progressDetail":{"current":239,"total":239},"progress":"[==================================================\u003e]     239B/239B","id":"ecdcb5672d7b"}[\r][\n]"
20:48:28.089 [docker-java-stream--1781977736] DEBUG com.github.dockerjava.zerodep.shaded.org.apache.hc.client5.http.wire - http-outgoing-1 << "[\r][\n]"
20:48:28.089 [docker-java-stream--1781977736] DEBUG com.github.dockerjava.api.command.PullImageResultCallback - ResponseItem(stream=null, status=Downloading, progressDetail=ResponseItem.ProgressDetail(current=239, total=239, start=null), progress=[==================================================>]     239B/239B, id=ecdcb5672d7b, from=null, time=null, errorDetail=null, error=null, aux=null)
20:48:28.089 [docker-java-stream--1781977736] DEBUG com.github.dockerjava.zerodep.shaded.org.apache.hc.client5.http.wire - http-outgoing-1 << "91[\r][\n]"
20:48:28.089 [docker-java-stream--1781977736] DEBUG com.github.dockerjava.zerodep.shaded.org.apache.hc.client5.http.wire - http-outgoing-1 << "{"status":"Verifying Checksum","progressDetail":{},"id":"ecdcb5672d7b"}[\r][\n]"
20:48:28.089 [docker-java-stream--1781977736] DEBUG com.github.dockerjava.zerodep.shaded.org.apache.hc.client5.http.wire - http-outgoing-1 << "{"status":"Download complete","progressDetail":{},"id":"ecdcb5672d7b"}[\r][\n]"
20:48:28.089 [docker-java-stream--1781977736] DEBUG com.github.dockerjava.zerodep.shaded.org.apache.hc.client5.http.wire - http-outgoing-1 << "[\r][\n]"
20:48:28.090 [docker-java-stream--1781977736] DEBUG com.github.dockerjava.api.command.PullImageResultCallback - ResponseItem(stream=null, status=Verifying Checksum, progressDetail=ResponseItem.ProgressDetail(current=null, total=null, start=null), progress=null, id=ecdcb5672d7b, from=null, time=null, errorDetail=null, error=null, aux=null)
20:48:28.090 [docker-java-stream--1781977736] DEBUG com.github.dockerjava.api.command.PullImageResultCallback - ResponseItem(stream=null, status=Download complete, progressDetail=ResponseItem.ProgressDetail(current=null, total=null, start=null), progress=null, id=ecdcb5672d7b, from=null, time=null, errorDetail=null, error=null, aux=null)
20:48:28.090 [docker-java-stream--1781977736] INFO 🐳 [mongo:4.4.2] - Pulling image layers:  4 pending,  8 downloaded,  0 extracted, (18 MB/? MB)
20:48:28.163 [docker-java-stream--1781977736] DEBUG com.github.dockerjava.zerodep.shaded.org.apache.hc.client5.http.wire - http-outgoing-1 << "be[\r][\n]"
20:48:28.163 [docker-java-stream--1781977736] DEBUG com.github.dockerjava.zerodep.shaded.org.apache.hc.client5.http.wire - http-outgoing-1 << "{"status":"Downloading","progressDetail":{"current":12718561,"total":23733196},"progress":"[==========================\u003e                        ]  12.72MB/23.73MB","id":"04da93b342eb"}[\r][\n]"
20:48:28.163 [docker-java-stream--1781977736] DEBUG com.github.dockerjava.zerodep.shaded.org.apache.hc.client5.http.wire - http-outgoing-1 << "[\r][\n]"
20:48:28.164 [docker-java-stream--1781977736] DEBUG com.github.dockerjava.api.command.PullImageResultCallback - ResponseItem(stream=null, status=Downloading, progressDetail=ResponseItem.ProgressDetail(current=12718561, total=23733196, start=null), progress=[==========================>                        ]  12.72MB/23.73MB, id=04da93b342eb, from=null, time=null, errorDetail=null, error=null, aux=null)
20:48:28.288 [docker-java-stream--1781977736] DEBUG com.github.dockerjava.zerodep.shaded.org.apache.hc.client5.http.wire - http-outgoing-1 << "bd[\r][\n]"
20:48:28.288 [docker-java-stream--1781977736] DEBUG com.github.dockerjava.zerodep.shaded.org.apache.hc.client5.http.wire - http-outgoing-1 << "{"status":"Downloading","progressDetail":{"current":537485,"total":136359405},"progress":"[\u003e                                                  ]  537.5kB/136.4MB","id":"0e2cf09fa7c7"}[\r][\n]"
20:48:28.288 [docker-java-stream--1781977736] DEBUG com.github.dockerjava.zerodep.shaded.org.apache.hc.client5.http.wire - http-outgoing-1 << "[\r][\n]"
20:48:28.288 [docker-java-stream--1781977736] DEBUG com.github.dockerjava.api.command.PullImageResultCallback - ResponseItem(stream=null, status=Downloading, progressDetail=ResponseItem.ProgressDetail(current=537485, total=136359405, start=null), progress=[>                                                  ]  537.5kB/136.4MB, id=0e2cf09fa7c7, from=null, time=null, errorDetail=null, error=null, aux=null)
20:48:28.309 [docker-java-stream--1781977736] DEBUG com.github.dockerjava.zerodep.shaded.org.apache.hc.client5.http.wire - http-outgoing-1 << "be[\r][\n]"
20:48:28.309 [docker-java-stream--1781977736] DEBUG com.github.dockerjava.zerodep.shaded.org.apache.hc.client5.http.wire - http-outgoing-1 << "{"status":"Downloading","progressDetail":{"current":13201889,"total":23733196},"progress":"[===========================\u003e                       ]   13.2MB/23.73MB","id":"04da93b342eb"}[\r][\n]"
20:48:28.309 [docker-java-stream--1781977736] DEBUG com.github.dockerjava.zerodep.shaded.org.apache.hc.client5.http.wire - http-outgoing-1 << "[\r][\n]"
20:48:28.310 [docker-java-stream--1781977736] DEBUG com.github.dockerjava.api.command.PullImageResultCallback - ResponseItem(stream=null, status=Downloading, progressDetail=ResponseItem.ProgressDetail(current=13201889, total=23733196, start=null), progress=[===========================>                       ]   13.2MB/23.73MB, id=04da93b342eb, from=null, time=null, errorDetail=null, error=null, aux=null)
20:48:28.393 [docker-java-stream--1781977736] DEBUG com.github.dockerjava.zerodep.shaded.org.apache.hc.client5.http.wire - http-outgoing-1 << "be[\r][\n]"
20:48:28.393 [docker-java-stream--1781977736] DEBUG com.github.dockerjava.zerodep.shaded.org.apache.hc.client5.http.wire - http-outgoing-1 << "{"status":"Downloading","progressDetail":{"current":1078157,"total":136359405},"progress":"[\u003e                                                  ]  1.078MB/136.4MB","id":"0e2cf09fa7c7"}[\r][\n]"
20:48:28.393 [docker-java-stream--1781977736] DEBUG com.github.dockerjava.zerodep.shaded.org.apache.hc.client5.http.wire - http-outgoing-1 << "[\r][\n]"
20:48:28.394 [docker-java-stream--1781977736] DEBUG com.github.dockerjava.api.command.PullImageResultCallback - ResponseItem(stream=null, status=Downloading, progressDetail=ResponseItem.ProgressDetail(current=1078157, total=136359405, start=null), progress=[>                                                  ]  1.078MB/136.4MB, id=0e2cf09fa7c7, from=null, time=null, errorDetail=null, error=null, aux=null)
20:48:28.477 [docker-java-stream--1781977736] DEBUG com.github.dockerjava.zerodep.shaded.org.apache.hc.client5.http.wire - http-outgoing-1 << "be[\r][\n]"
20:48:28.477 [docker-java-stream--1781977736] DEBUG com.github.dockerjava.zerodep.shaded.org.apache.hc.client5.http.wire - http-outgoing-1 << "{"status":"Downloading","progressDetail":{"current":13693409,"total":23733196},"progress":"[============================\u003e                      ]  13.69MB/23.73MB","id":"04da93b342eb"}[\r][\n]"
20:48:28.477 [docker-java-stream--1781977736] DEBUG com.github.dockerjava.zerodep.shaded.org.apache.hc.client5.http.wire - http-outgoing-1 << "[\r][\n]"
20:48:28.477 [docker-java-stream--1781977736] DEBUG com.github.dockerjava.api.command.PullImageResultCallback - ResponseItem(stream=null, status=Downloading, progressDetail=ResponseItem.ProgressDetail(current=13693409, total=23733196, start=null), progress=[============================>                      ]  13.69MB/23.73MB, id=04da93b342eb, from=null, time=null, errorDetail=null, error=null, aux=null)
20:48:28.510 [docker-java-stream--1781977736] DEBUG com.github.dockerjava.zerodep.shaded.org.apache.hc.client5.http.wire - http-outgoing-1 << "be[\r][\n]"
20:48:28.510 [docker-java-stream--1781977736] DEBUG com.github.dockerjava.zerodep.shaded.org.apache.hc.client5.http.wire - http-outgoing-1 << "{"status":"Downloading","progressDetail":{"current":1618829,"total":136359405},"progress":"[\u003e                                                  ]  1.619MB/136.4MB","id":"0e2cf09fa7c7"}[\r][\n]"
20:48:28.510 [docker-java-stream--1781977736] DEBUG com.github.dockerjava.zerodep.shaded.org.apache.hc.client5.http.wire - http-outgoing-1 << "[\r][\n]"
20:48:28.510 [docker-java-stream--1781977736] DEBUG com.github.dockerjava.api.command.PullImageResultCallback - ResponseItem(stream=null, status=Downloading, progressDetail=ResponseItem.ProgressDetail(current=1618829, total=136359405, start=null), progress=[>                                                  ]  1.619MB/136.4MB, id=0e2cf09fa7c7, from=null, time=null, errorDetail=null, error=null, aux=null)
20:48:28.610 [docker-java-stream--1781977736] DEBUG com.github.dockerjava.zerodep.shaded.org.apache.hc.client5.http.wire - http-outgoing-1 << "142[\r][\n]"
20:48:28.610 [docker-java-stream--1781977736] DEBUG com.github.dockerjava.zerodep.shaded.org.apache.hc.client5.http.wire - http-outgoing-1 << "{"status":"Downloading","progressDetail":{"current":170,"total":170},"progress":"[==================================================\u003e]     170B/170B","id":"ce365ba51645"}[\r][\n]"
20:48:28.610 [docker-java-stream--1781977736] DEBUG com.github.dockerjava.zerodep.shaded.org.apache.hc.client5.http.wire - http-outgoing-1 << "{"status":"Verifying Checksum","progressDetail":{},"id":"ce365ba51645"}[\r][\n]"
20:48:28.610 [docker-java-stream--1781977736] DEBUG com.github.dockerjava.zerodep.shaded.org.apache.hc.client5.http.wire - http-outgoing-1 << "{"status":"Download complete","progressDetail":{},"id":"ce365ba51645"}[\r][\n]"
20:48:28.610 [docker-java-stream--1781977736] DEBUG com.github.dockerjava.zerodep.shaded.org.apache.hc.client5.http.wire - http-outgoing-1 << "[\r][\n]"
20:48:28.610 [docker-java-stream--1781977736] DEBUG com.github.dockerjava.api.command.PullImageResultCallback - ResponseItem(stream=null, status=Downloading, progressDetail=ResponseItem.ProgressDetail(current=170, total=170, start=null), progress=[==================================================>]     170B/170B, id=ce365ba51645, from=null, time=null, errorDetail=null, error=null, aux=null)
20:48:28.611 [docker-java-stream--1781977736] DEBUG com.github.dockerjava.api.command.PullImageResultCallback - ResponseItem(stream=null, status=Verifying Checksum, progressDetail=ResponseItem.ProgressDetail(current=null, total=null, start=null), progress=null, id=ce365ba51645, from=null, time=null, errorDetail=null, error=null, aux=null)
20:48:28.611 [docker-java-stream--1781977736] DEBUG com.github.dockerjava.api.command.PullImageResultCallback - ResponseItem(stream=null, status=Download complete, progressDetail=ResponseItem.ProgressDetail(current=null, total=null, start=null), progress=null, id=ce365ba51645, from=null, time=null, errorDetail=null, error=null, aux=null)
20:48:28.611 [docker-java-stream--1781977736] INFO 🐳 [mongo:4.4.2] - Pulling image layers:  3 pending,  9 downloaded,  0 extracted, (21 MB/? MB)
20:48:28.619 [docker-java-stream--1781977736] DEBUG com.github.dockerjava.zerodep.shaded.org.apache.hc.client5.http.wire - http-outgoing-1 << "be[\r][\n]"
20:48:28.619 [docker-java-stream--1781977736] DEBUG com.github.dockerjava.zerodep.shaded.org.apache.hc.client5.http.wire - http-outgoing-1 << "{"status":"Downloading","progressDetail":{"current":2159501,"total":136359405},"progress":"[\u003e                                                  ]   2.16MB/136.4MB","id":"0e2cf09fa7c7"}[\r][\n]"
20:48:28.619 [docker-java-stream--1781977736] DEBUG com.github.dockerjava.zerodep.shaded.org.apache.hc.client5.http.wire - http-outgoing-1 << "[\r][\n]"
20:48:28.620 [docker-java-stream--1781977736] DEBUG com.github.dockerjava.api.command.PullImageResultCallback - ResponseItem(stream=null, status=Downloading, progressDetail=ResponseItem.ProgressDetail(current=2159501, total=136359405, start=null), progress=[>                                                  ]   2.16MB/136.4MB, id=0e2cf09fa7c7, from=null, time=null, errorDetail=null, error=null, aux=null)
20:48:28.644 [docker-java-stream--1781977736] DEBUG com.github.dockerjava.zerodep.shaded.org.apache.hc.client5.http.wire - http-outgoing-1 << "be[\r][\n]"
20:48:28.644 [docker-java-stream--1781977736] DEBUG com.github.dockerjava.zerodep.shaded.org.apache.hc.client5.http.wire - http-outgoing-1 << "{"status":"Downloading","progressDetail":{"current":14180833,"total":23733196},"progress":"[=============================\u003e                     ]  14.18MB/23.73MB","id":"04da93b342eb"}[\r][\n]"
20:48:28.644 [docker-java-stream--1781977736] DEBUG com.github.dockerjava.zerodep.shaded.org.apache.hc.client5.http.wire - http-outgoing-1 << "[\r][\n]"
20:48:28.645 [docker-java-stream--1781977736] DEBUG com.github.dockerjava.api.command.PullImageResultCallback - ResponseItem(stream=null, status=Downloading, progressDetail=ResponseItem.ProgressDetail(current=14180833, total=23733196, start=null), progress=[=============================>                     ]  14.18MB/23.73MB, id=04da93b342eb, from=null, time=null, errorDetail=null, error=null, aux=null)
20:48:28.763 [docker-java-stream--1781977736] DEBUG com.github.dockerjava.zerodep.shaded.org.apache.hc.client5.http.wire - http-outgoing-1 << "be[\r][\n]"
20:48:28.763 [docker-java-stream--1781977736] DEBUG com.github.dockerjava.zerodep.shaded.org.apache.hc.client5.http.wire - http-outgoing-1 << "{"status":"Downloading","progressDetail":{"current":2700173,"total":136359405},"progress":"[\u003e                                                  ]    2.7MB/136.4MB","id":"0e2cf09fa7c7"}[\r][\n]"
20:48:28.763 [docker-java-stream--1781977736] DEBUG com.github.dockerjava.zerodep.shaded.org.apache.hc.client5.http.wire - http-outgoing-1 << "[\r][\n]"
20:48:28.763 [docker-java-stream--1781977736] DEBUG com.github.dockerjava.api.command.PullImageResultCallback - ResponseItem(stream=null, status=Downloading, progressDetail=ResponseItem.ProgressDetail(current=2700173, total=136359405, start=null), progress=[>                                                  ]    2.7MB/136.4MB, id=0e2cf09fa7c7, from=null, time=null, errorDetail=null, error=null, aux=null)
20:48:28.797 [docker-java-stream--1781977736] DEBUG com.github.dockerjava.zerodep.shaded.org.apache.hc.client5.http.wire - http-outgoing-1 << "be[\r][\n]"
20:48:28.797 [docker-java-stream--1781977736] DEBUG com.github.dockerjava.zerodep.shaded.org.apache.hc.client5.http.wire - http-outgoing-1 << "{"status":"Downloading","progressDetail":{"current":14918113,"total":23733196},"progress":"[===============================\u003e                   ]  14.92MB/23.73MB","id":"04da93b342eb"}[\r][\n]"
20:48:28.797 [docker-java-stream--1781977736] DEBUG com.github.dockerjava.zerodep.shaded.org.apache.hc.client5.http.wire - http-outgoing-1 << "[\r][\n]"
20:48:28.797 [docker-java-stream--1781977736] DEBUG com.github.dockerjava.api.command.PullImageResultCallback - ResponseItem(stream=null, status=Downloading, progressDetail=ResponseItem.ProgressDetail(current=14918113, total=23733196, start=null), progress=[===============================>                   ]  14.92MB/23.73MB, id=04da93b342eb, from=null, time=null, errorDetail=null, error=null, aux=null)
20:48:28.891 [docker-java-stream--1781977736] DEBUG com.github.dockerjava.zerodep.shaded.org.apache.hc.client5.http.wire - http-outgoing-1 << "be[\r][\n]"
20:48:28.891 [docker-java-stream--1781977736] DEBUG com.github.dockerjava.zerodep.shaded.org.apache.hc.client5.http.wire - http-outgoing-1 << "{"status":"Downloading","progressDetail":{"current":3228557,"total":136359405},"progress":"[=\u003e                                                 ]  3.229MB/136.4MB","id":"0e2cf09fa7c7"}[\r][\n]"
20:48:28.891 [docker-java-stream--1781977736] DEBUG com.github.dockerjava.zerodep.shaded.org.apache.hc.client5.http.wire - http-outgoing-1 << "[\r][\n]"
20:48:28.891 [docker-java-stream--1781977736] DEBUG com.github.dockerjava.api.command.PullImageResultCallback - ResponseItem(stream=null, status=Downloading, progressDetail=ResponseItem.ProgressDetail(current=3228557, total=136359405, start=null), progress=[=>                                                 ]  3.229MB/136.4MB, id=0e2cf09fa7c7, from=null, time=null, errorDetail=null, error=null, aux=null)
20:48:28.927 [docker-java-stream--1781977736] DEBUG com.github.dockerjava.zerodep.shaded.org.apache.hc.client5.http.wire - http-outgoing-1 << "be[\r][\n]"
20:48:28.927 [docker-java-stream--1781977736] DEBUG com.github.dockerjava.zerodep.shaded.org.apache.hc.client5.http.wire - http-outgoing-1 << "{"status":"Downloading","progressDetail":{"current":15409633,"total":23733196},"progress":"[================================\u003e                  ]  15.41MB/23.73MB","id":"04da93b342eb"}[\r][\n]"
20:48:28.927 [docker-java-stream--1781977736] DEBUG com.github.dockerjava.zerodep.shaded.org.apache.hc.client5.http.wire - http-outgoing-1 << "[\r][\n]"
20:48:28.927 [docker-java-stream--1781977736] DEBUG com.github.dockerjava.api.command.PullImageResultCallback - ResponseItem(stream=null, status=Downloading, progressDetail=ResponseItem.ProgressDetail(current=15409633, total=23733196, start=null), progress=[================================>                  ]  15.41MB/23.73MB, id=04da93b342eb, from=null, time=null, errorDetail=null, error=null, aux=null)
20:48:29.014 [docker-java-stream--1781977736] DEBUG com.github.dockerjava.zerodep.shaded.org.apache.hc.client5.http.wire - http-outgoing-1 << "be[\r][\n]"
20:48:29.014 [docker-java-stream--1781977736] DEBUG com.github.dockerjava.zerodep.shaded.org.apache.hc.client5.http.wire - http-outgoing-1 << "{"status":"Downloading","progressDetail":{"current":3769229,"total":136359405},"progress":"[=\u003e                                                 ]  3.769MB/136.4MB","id":"0e2cf09fa7c7"}[\r][\n]"
20:48:29.014 [docker-java-stream--1781977736] DEBUG com.github.dockerjava.zerodep.shaded.org.apache.hc.client5.http.wire - http-outgoing-1 << "[\r][\n]"
20:48:29.015 [docker-java-stream--1781977736] DEBUG com.github.dockerjava.api.command.PullImageResultCallback - ResponseItem(stream=null, status=Downloading, progressDetail=ResponseItem.ProgressDetail(current=3769229, total=136359405, start=null), progress=[=>                                                 ]  3.769MB/136.4MB, id=0e2cf09fa7c7, from=null, time=null, errorDetail=null, error=null, aux=null)
20:48:29.059 [docker-java-stream--1781977736] DEBUG com.github.dockerjava.zerodep.shaded.org.apache.hc.client5.http.wire - http-outgoing-1 << "be[\r][\n]"
20:48:29.059 [docker-java-stream--1781977736] DEBUG com.github.dockerjava.zerodep.shaded.org.apache.hc.client5.http.wire - http-outgoing-1 << "{"status":"Downloading","progressDetail":{"current":15901153,"total":23733196},"progress":"[=================================\u003e                 ]   15.9MB/23.73MB","id":"04da93b342eb"}[\r][\n]"
20:48:29.059 [docker-java-stream--1781977736] DEBUG com.github.dockerjava.zerodep.shaded.org.apache.hc.client5.http.wire - http-outgoing-1 << "[\r][\n]"
20:48:29.059 [docker-java-stream--1781977736] DEBUG com.github.dockerjava.api.command.PullImageResultCallback - ResponseItem(stream=null, status=Downloading, progressDetail=ResponseItem.ProgressDetail(current=15901153, total=23733196, start=null), progress=[=================================>                 ]   15.9MB/23.73MB, id=04da93b342eb, from=null, time=null, errorDetail=null, error=null, aux=null)
20:48:29.144 [docker-java-stream--1781977736] DEBUG com.github.dockerjava.zerodep.shaded.org.apache.hc.client5.http.wire - http-outgoing-1 << "be[\r][\n]"
20:48:29.145 [docker-java-stream--1781977736] DEBUG com.github.dockerjava.zerodep.shaded.org.apache.hc.client5.http.wire - http-outgoing-1 << "{"status":"Downloading","progressDetail":{"current":4301709,"total":136359405},"progress":"[=\u003e                                                 ]  4.302MB/136.4MB","id":"0e2cf09fa7c7"}[\r][\n]"
20:48:29.145 [docker-java-stream--1781977736] DEBUG com.github.dockerjava.zerodep.shaded.org.apache.hc.client5.http.wire - http-outgoing-1 << "[\r][\n]"
20:48:29.145 [docker-java-stream--1781977736] DEBUG com.github.dockerjava.api.command.PullImageResultCallback - ResponseItem(stream=null, status=Downloading, progressDetail=ResponseItem.ProgressDetail(current=4301709, total=136359405, start=null), progress=[=>                                                 ]  4.302MB/136.4MB, id=0e2cf09fa7c7, from=null, time=null, errorDetail=null, error=null, aux=null)
20:48:29.188 [docker-java-stream--1781977736] DEBUG com.github.dockerjava.zerodep.shaded.org.apache.hc.client5.http.wire - http-outgoing-1 << "be[\r][\n]"
20:48:29.188 [docker-java-stream--1781977736] DEBUG com.github.dockerjava.zerodep.shaded.org.apache.hc.client5.http.wire - http-outgoing-1 << "{"status":"Downloading","progressDetail":{"current":16392673,"total":23733196},"progress":"[==================================\u003e                ]  16.39MB/23.73MB","id":"04da93b342eb"}[\r][\n]"
20:48:29.188 [docker-java-stream--1781977736] DEBUG com.github.dockerjava.zerodep.shaded.org.apache.hc.client5.http.wire - http-outgoing-1 << "[\r][\n]"
20:48:29.188 [docker-java-stream--1781977736] DEBUG com.github.dockerjava.api.command.PullImageResultCallback - ResponseItem(stream=null, status=Downloading, progressDetail=ResponseItem.ProgressDetail(current=16392673, total=23733196, start=null), progress=[==================================>                ]  16.39MB/23.73MB, id=04da93b342eb, from=null, time=null, errorDetail=null, error=null, aux=null)
20:48:29.239 [docker-java-stream--1781977736] DEBUG com.github.dockerjava.zerodep.shaded.org.apache.hc.client5.http.wire - http-outgoing-1 << "b5[\r][\n]"
20:48:29.239 [docker-java-stream--1781977736] DEBUG com.github.dockerjava.zerodep.shaded.org.apache.hc.client5.http.wire - http-outgoing-1 << "{"status":"Downloading","progressDetail":{"current":670,"total":4416},"progress":"[=======\u003e                                           ]     670B/4.416kB","id":"777375ed12b9"}[\r][\n]"
20:48:29.239 [docker-java-stream--1781977736] DEBUG com.github.dockerjava.zerodep.shaded.org.apache.hc.client5.http.wire - http-outgoing-1 << "[\r][\n]"
20:48:29.239 [docker-java-stream--1781977736] DEBUG com.github.dockerjava.api.command.PullImageResultCallback - ResponseItem(stream=null, status=Downloading, progressDetail=ResponseItem.ProgressDetail(current=670, total=4416, start=null), progress=[=======>                                           ]     670B/4.416kB, id=777375ed12b9, from=null, time=null, errorDetail=null, error=null, aux=null)
20:48:29.241 [docker-java-stream--1781977736] DEBUG com.github.dockerjava.zerodep.shaded.org.apache.hc.client5.http.wire - http-outgoing-1 << "147[\r][\n]"
20:48:29.241 [docker-java-stream--1781977736] DEBUG com.github.dockerjava.zerodep.shaded.org.apache.hc.client5.http.wire - http-outgoing-1 << "{"status":"Downloading","progressDetail":{"current":4416,"total":4416},"progress":"[==================================================\u003e]  4.416kB/4.416kB","id":"777375ed12b9"}[\r][\n]"
20:48:29.241 [docker-java-stream--1781977736] DEBUG com.github.dockerjava.zerodep.shaded.org.apache.hc.client5.http.wire - http-outgoing-1 << "{"status":"Verifying Checksum","progressDetail":{},"id":"777375ed12b9"}[\r][\n]"
20:48:29.241 [docker-java-stream--1781977736] DEBUG com.github.dockerjava.zerodep.shaded.org.apache.hc.client5.http.wire - http-outgoing-1 << "{"status":"Download complete","progressDetail":{},"id":"777375ed12b9"}[\r][\n]"
20:48:29.241 [docker-java-stream--1781977736] DEBUG com.github.dockerjava.zerodep.shaded.org.apache.hc.client5.http.wire - http-outgoing-1 << "[\r][\n]"
20:48:29.241 [docker-java-stream--1781977736] DEBUG com.github.dockerjava.api.command.PullImageResultCallback - ResponseItem(stream=null, status=Downloading, progressDetail=ResponseItem.ProgressDetail(current=4416, total=4416, start=null), progress=[==================================================>]  4.416kB/4.416kB, id=777375ed12b9, from=null, time=null, errorDetail=null, error=null, aux=null)
20:48:29.241 [docker-java-stream--1781977736] DEBUG com.github.dockerjava.api.command.PullImageResultCallback - ResponseItem(stream=null, status=Verifying Checksum, progressDetail=ResponseItem.ProgressDetail(current=null, total=null, start=null), progress=null, id=777375ed12b9, from=null, time=null, errorDetail=null, error=null, aux=null)
20:48:29.241 [docker-java-stream--1781977736] DEBUG com.github.dockerjava.api.command.PullImageResultCallback - ResponseItem(stream=null, status=Download complete, progressDetail=ResponseItem.ProgressDetail(current=null, total=null, start=null), progress=null, id=777375ed12b9, from=null, time=null, errorDetail=null, error=null, aux=null)
20:48:29.241 [docker-java-stream--1781977736] INFO 🐳 [mongo:4.4.2] - Pulling image layers:  2 pending, 10 downloaded,  0 extracted, (26 MB/? MB)
20:48:29.285 [docker-java-stream--1781977736] DEBUG com.github.dockerjava.zerodep.shaded.org.apache.hc.client5.http.wire - http-outgoing-1 << "be[\r][\n]"
20:48:29.285 [docker-java-stream--1781977736] DEBUG com.github.dockerjava.zerodep.shaded.org.apache.hc.client5.http.wire - http-outgoing-1 << "{"status":"Downloading","progressDetail":{"current":4838285,"total":136359405},"progress":"[=\u003e                                                 ]  4.838MB/136.4MB","id":"0e2cf09fa7c7"}[\r][\n]"
20:48:29.285 [docker-java-stream--1781977736] DEBUG com.github.dockerjava.zerodep.shaded.org.apache.hc.client5.http.wire - http-outgoing-1 << "[\r][\n]"
20:48:29.285 [docker-java-stream--1781977736] DEBUG com.github.dockerjava.api.command.PullImageResultCallback - ResponseItem(stream=null, status=Downloading, progressDetail=ResponseItem.ProgressDetail(current=4838285, total=136359405, start=null), progress=[=>                                                 ]  4.838MB/136.4MB, id=0e2cf09fa7c7, from=null, time=null, errorDetail=null, error=null, aux=null)
20:48:29.303 [docker-java-stream--1781977736] DEBUG com.github.dockerjava.zerodep.shaded.org.apache.hc.client5.http.wire - http-outgoing-1 << "be[\r][\n]"
20:48:29.303 [docker-java-stream--1781977736] DEBUG com.github.dockerjava.zerodep.shaded.org.apache.hc.client5.http.wire - http-outgoing-1 << "{"status":"Downloading","progressDetail":{"current":16888289,"total":23733196},"progress":"[===================================\u003e               ]  16.89MB/23.73MB","id":"04da93b342eb"}[\r][\n]"
20:48:29.303 [docker-java-stream--1781977736] DEBUG com.github.dockerjava.zerodep.shaded.org.apache.hc.client5.http.wire - http-outgoing-1 << "[\r][\n]"
20:48:29.303 [docker-java-stream--1781977736] DEBUG com.github.dockerjava.api.command.PullImageResultCallback - ResponseItem(stream=null, status=Downloading, progressDetail=ResponseItem.ProgressDetail(current=16888289, total=23733196, start=null), progress=[===================================>               ]  16.89MB/23.73MB, id=04da93b342eb, from=null, time=null, errorDetail=null, error=null, aux=null)
20:48:29.415 [docker-java-stream--1781977736] DEBUG com.github.dockerjava.zerodep.shaded.org.apache.hc.client5.http.wire - http-outgoing-1 << "be[\r][\n]"
20:48:29.415 [docker-java-stream--1781977736] DEBUG com.github.dockerjava.zerodep.shaded.org.apache.hc.client5.http.wire - http-outgoing-1 << "{"status":"Downloading","progressDetail":{"current":5370765,"total":136359405},"progress":"[=\u003e                                                 ]  5.371MB/136.4MB","id":"0e2cf09fa7c7"}[\r][\n]"
20:48:29.415 [docker-java-stream--1781977736] DEBUG com.github.dockerjava.zerodep.shaded.org.apache.hc.client5.http.wire - http-outgoing-1 << "[\r][\n]"
20:48:29.415 [docker-java-stream--1781977736] DEBUG com.github.dockerjava.api.command.PullImageResultCallback - ResponseItem(stream=null, status=Downloading, progressDetail=ResponseItem.ProgressDetail(current=5370765, total=136359405, start=null), progress=[=>                                                 ]  5.371MB/136.4MB, id=0e2cf09fa7c7, from=null, time=null, errorDetail=null, error=null, aux=null)
20:48:29.435 [docker-java-stream--1781977736] DEBUG com.github.dockerjava.zerodep.shaded.org.apache.hc.client5.http.wire - http-outgoing-1 << "be[\r][\n]"
20:48:29.435 [docker-java-stream--1781977736] DEBUG com.github.dockerjava.zerodep.shaded.org.apache.hc.client5.http.wire - http-outgoing-1 << "{"status":"Downloading","progressDetail":{"current":17379809,"total":23733196},"progress":"[====================================\u003e              ]  17.38MB/23.73MB","id":"04da93b342eb"}[\r][\n]"
20:48:29.435 [docker-java-stream--1781977736] DEBUG com.github.dockerjava.zerodep.shaded.org.apache.hc.client5.http.wire - http-outgoing-1 << "[\r][\n]"
20:48:29.435 [docker-java-stream--1781977736] DEBUG com.github.dockerjava.api.command.PullImageResultCallback - ResponseItem(stream=null, status=Downloading, progressDetail=ResponseItem.ProgressDetail(current=17379809, total=23733196, start=null), progress=[====================================>              ]  17.38MB/23.73MB, id=04da93b342eb, from=null, time=null, errorDetail=null, error=null, aux=null)
20:48:29.533 [docker-java-stream--1781977736] DEBUG com.github.dockerjava.zerodep.shaded.org.apache.hc.client5.http.wire - http-outgoing-1 << "be[\r][\n]"
20:48:29.533 [docker-java-stream--1781977736] DEBUG com.github.dockerjava.zerodep.shaded.org.apache.hc.client5.http.wire - http-outgoing-1 << "{"status":"Downloading","progressDetail":{"current":5911437,"total":136359405},"progress":"[==\u003e                                                ]  5.911MB/136.4MB","id":"0e2cf09fa7c7"}[\r][\n]"
20:48:29.533 [docker-java-stream--1781977736] DEBUG com.github.dockerjava.zerodep.shaded.org.apache.hc.client5.http.wire - http-outgoing-1 << "[\r][\n]"
20:48:29.534 [docker-java-stream--1781977736] DEBUG com.github.dockerjava.api.command.PullImageResultCallback - ResponseItem(stream=null, status=Downloading, progressDetail=ResponseItem.ProgressDetail(current=5911437, total=136359405, start=null), progress=[==>                                                ]  5.911MB/136.4MB, id=0e2cf09fa7c7, from=null, time=null, errorDetail=null, error=null, aux=null)
20:48:29.575 [docker-java-stream--1781977736] DEBUG com.github.dockerjava.zerodep.shaded.org.apache.hc.client5.http.wire - http-outgoing-1 << "be[\r][\n]"
20:48:29.575 [docker-java-stream--1781977736] DEBUG com.github.dockerjava.zerodep.shaded.org.apache.hc.client5.http.wire - http-outgoing-1 << "{"status":"Downloading","progressDetail":{"current":17871329,"total":23733196},"progress":"[=====================================\u003e             ]  17.87MB/23.73MB","id":"04da93b342eb"}[\r][\n]"
20:48:29.575 [docker-java-stream--1781977736] DEBUG com.github.dockerjava.zerodep.shaded.org.apache.hc.client5.http.wire - http-outgoing-1 << "[\r][\n]"
20:48:29.575 [docker-java-stream--1781977736] DEBUG com.github.dockerjava.api.command.PullImageResultCallback - ResponseItem(stream=null, status=Downloading, progressDetail=ResponseItem.ProgressDetail(current=17871329, total=23733196, start=null), progress=[=====================================>             ]  17.87MB/23.73MB, id=04da93b342eb, from=null, time=null, errorDetail=null, error=null, aux=null)
20:48:29.653 [docker-java-stream--1781977736] DEBUG com.github.dockerjava.zerodep.shaded.org.apache.hc.client5.http.wire - http-outgoing-1 << "be[\r][\n]"
20:48:29.654 [docker-java-stream--1781977736] DEBUG com.github.dockerjava.zerodep.shaded.org.apache.hc.client5.http.wire - http-outgoing-1 << "{"status":"Downloading","progressDetail":{"current":6452109,"total":136359405},"progress":"[==\u003e                                                ]  6.452MB/136.4MB","id":"0e2cf09fa7c7"}[\r][\n]"
20:48:29.654 [docker-java-stream--1781977736] DEBUG com.github.dockerjava.zerodep.shaded.org.apache.hc.client5.http.wire - http-outgoing-1 << "[\r][\n]"
20:48:29.654 [docker-java-stream--1781977736] DEBUG com.github.dockerjava.api.command.PullImageResultCallback - ResponseItem(stream=null, status=Downloading, progressDetail=ResponseItem.ProgressDetail(current=6452109, total=136359405, start=null), progress=[==>                                                ]  6.452MB/136.4MB, id=0e2cf09fa7c7, from=null, time=null, errorDetail=null, error=null, aux=null)
20:48:29.718 [docker-java-stream--1781977736] DEBUG com.github.dockerjava.zerodep.shaded.org.apache.hc.client5.http.wire - http-outgoing-1 << "be[\r][\n]"
20:48:29.718 [docker-java-stream--1781977736] DEBUG com.github.dockerjava.zerodep.shaded.org.apache.hc.client5.http.wire - http-outgoing-1 << "{"status":"Downloading","progressDetail":{"current":18366945,"total":23733196},"progress":"[======================================\u003e            ]  18.37MB/23.73MB","id":"04da93b342eb"}[\r][\n]"
20:48:29.718 [docker-java-stream--1781977736] DEBUG com.github.dockerjava.zerodep.shaded.org.apache.hc.client5.http.wire - http-outgoing-1 << "[\r][\n]"
20:48:29.718 [docker-java-stream--1781977736] DEBUG com.github.dockerjava.api.command.PullImageResultCallback - ResponseItem(stream=null, status=Downloading, progressDetail=ResponseItem.ProgressDetail(current=18366945, total=23733196, start=null), progress=[======================================>            ]  18.37MB/23.73MB, id=04da93b342eb, from=null, time=null, errorDetail=null, error=null, aux=null)
20:48:29.770 [docker-java-stream--1781977736] DEBUG com.github.dockerjava.zerodep.shaded.org.apache.hc.client5.http.wire - http-outgoing-1 << "be[\r][\n]"
20:48:29.770 [docker-java-stream--1781977736] DEBUG com.github.dockerjava.zerodep.shaded.org.apache.hc.client5.http.wire - http-outgoing-1 << "{"status":"Downloading","progressDetail":{"current":6988685,"total":136359405},"progress":"[==\u003e                                                ]  6.989MB/136.4MB","id":"0e2cf09fa7c7"}[\r][\n]"
20:48:29.770 [docker-java-stream--1781977736] DEBUG com.github.dockerjava.zerodep.shaded.org.apache.hc.client5.http.wire - http-outgoing-1 << "[\r][\n]"
20:48:29.770 [docker-java-stream--1781977736] DEBUG com.github.dockerjava.api.command.PullImageResultCallback - ResponseItem(stream=null, status=Downloading, progressDetail=ResponseItem.ProgressDetail(current=6988685, total=136359405, start=null), progress=[==>                                                ]  6.989MB/136.4MB, id=0e2cf09fa7c7, from=null, time=null, errorDetail=null, error=null, aux=null)
20:48:29.868 [docker-java-stream--1781977736] DEBUG com.github.dockerjava.zerodep.shaded.org.apache.hc.client5.http.wire - http-outgoing-1 << "be[\r][\n]"
20:48:29.868 [docker-java-stream--1781977736] DEBUG com.github.dockerjava.zerodep.shaded.org.apache.hc.client5.http.wire - http-outgoing-1 << "{"status":"Downloading","progressDetail":{"current":18858465,"total":23733196},"progress":"[=======================================\u003e           ]  18.86MB/23.73MB","id":"04da93b342eb"}[\r][\n]"
20:48:29.868 [docker-java-stream--1781977736] DEBUG com.github.dockerjava.zerodep.shaded.org.apache.hc.client5.http.wire - http-outgoing-1 << "[\r][\n]"
20:48:29.868 [docker-java-stream--1781977736] DEBUG com.github.dockerjava.api.command.PullImageResultCallback - ResponseItem(stream=null, status=Downloading, progressDetail=ResponseItem.ProgressDetail(current=18858465, total=23733196, start=null), progress=[=======================================>           ]  18.86MB/23.73MB, id=04da93b342eb, from=null, time=null, errorDetail=null, error=null, aux=null)
20:48:29.890 [docker-java-stream--1781977736] DEBUG com.github.dockerjava.zerodep.shaded.org.apache.hc.client5.http.wire - http-outgoing-1 << "be[\r][\n]"
20:48:29.890 [docker-java-stream--1781977736] DEBUG com.github.dockerjava.zerodep.shaded.org.apache.hc.client5.http.wire - http-outgoing-1 << "{"status":"Downloading","progressDetail":{"current":7529357,"total":136359405},"progress":"[==\u003e                                                ]  7.529MB/136.4MB","id":"0e2cf09fa7c7"}[\r][\n]"
20:48:29.890 [docker-java-stream--1781977736] DEBUG com.github.dockerjava.zerodep.shaded.org.apache.hc.client5.http.wire - http-outgoing-1 << "[\r][\n]"
20:48:29.890 [docker-java-stream--1781977736] DEBUG com.github.dockerjava.api.command.PullImageResultCallback - ResponseItem(stream=null, status=Downloading, progressDetail=ResponseItem.ProgressDetail(current=7529357, total=136359405, start=null), progress=[==>                                                ]  7.529MB/136.4MB, id=0e2cf09fa7c7, from=null, time=null, errorDetail=null, error=null, aux=null)
20:48:30.005 [docker-java-stream--1781977736] DEBUG com.github.dockerjava.zerodep.shaded.org.apache.hc.client5.http.wire - http-outgoing-1 << "17c[\r][\n]"
20:48:30.005 [docker-java-stream--1781977736] DEBUG com.github.dockerjava.zerodep.shaded.org.apache.hc.client5.http.wire - http-outgoing-1 << "{"status":"Downloading","progressDetail":{"current":19345889,"total":23733196},"progress":"[========================================\u003e          ]  19.35MB/23.73MB","id":"04da93b342eb"}[\r][\n]"
20:48:30.005 [docker-java-stream--1781977736] DEBUG com.github.dockerjava.zerodep.shaded.org.apache.hc.client5.http.wire - http-outgoing-1 << "{"status":"Downloading","progressDetail":{"current":8070029,"total":136359405},"progress":"[==\u003e                                                ]   8.07MB/136.4MB","id":"0e2cf09fa7c7"}[\r][\n]"
20:48:30.005 [docker-java-stream--1781977736] DEBUG com.github.dockerjava.zerodep.shaded.org.apache.hc.client5.http.wire - http-outgoing-1 << "[\r][\n]"
20:48:30.005 [docker-java-stream--1781977736] DEBUG com.github.dockerjava.api.command.PullImageResultCallback - ResponseItem(stream=null, status=Downloading, progressDetail=ResponseItem.ProgressDetail(current=19345889, total=23733196, start=null), progress=[========================================>          ]  19.35MB/23.73MB, id=04da93b342eb, from=null, time=null, errorDetail=null, error=null, aux=null)
20:48:30.005 [docker-java-stream--1781977736] DEBUG com.github.dockerjava.api.command.PullImageResultCallback - ResponseItem(stream=null, status=Downloading, progressDetail=ResponseItem.ProgressDetail(current=8070029, total=136359405, start=null), progress=[==>                                                ]   8.07MB/136.4MB, id=0e2cf09fa7c7, from=null, time=null, errorDetail=null, error=null, aux=null)
20:48:30.127 [docker-java-stream--1781977736] DEBUG com.github.dockerjava.zerodep.shaded.org.apache.hc.client5.http.wire - http-outgoing-1 << "be[\r][\n]"
20:48:30.127 [docker-java-stream--1781977736] DEBUG com.github.dockerjava.zerodep.shaded.org.apache.hc.client5.http.wire - http-outgoing-1 << "{"status":"Downloading","progressDetail":{"current":19591649,"total":23733196},"progress":"[=========================================\u003e         ]  19.59MB/23.73MB","id":"04da93b342eb"}[\r][\n]"
20:48:30.127 [docker-java-stream--1781977736] DEBUG com.github.dockerjava.zerodep.shaded.org.apache.hc.client5.http.wire - http-outgoing-1 << "[\r][\n]"
20:48:30.128 [docker-java-stream--1781977736] DEBUG com.github.dockerjava.api.command.PullImageResultCallback - ResponseItem(stream=null, status=Downloading, progressDetail=ResponseItem.ProgressDetail(current=19591649, total=23733196, start=null), progress=[=========================================>         ]  19.59MB/23.73MB, id=04da93b342eb, from=null, time=null, errorDetail=null, error=null, aux=null)
20:48:30.132 [docker-java-stream--1781977736] DEBUG com.github.dockerjava.zerodep.shaded.org.apache.hc.client5.http.wire - http-outgoing-1 << "be[\r][\n]"
20:48:30.132 [docker-java-stream--1781977736] DEBUG com.github.dockerjava.zerodep.shaded.org.apache.hc.client5.http.wire - http-outgoing-1 << "{"status":"Downloading","progressDetail":{"current":8610701,"total":136359405},"progress":"[===\u003e                                               ]  8.611MB/136.4MB","id":"0e2cf09fa7c7"}[\r][\n]"
20:48:30.132 [docker-java-stream--1781977736] DEBUG com.github.dockerjava.zerodep.shaded.org.apache.hc.client5.http.wire - http-outgoing-1 << "[\r][\n]"
20:48:30.132 [docker-java-stream--1781977736] DEBUG com.github.dockerjava.api.command.PullImageResultCallback - ResponseItem(stream=null, status=Downloading, progressDetail=ResponseItem.ProgressDetail(current=8610701, total=136359405, start=null), progress=[===>                                               ]  8.611MB/136.4MB, id=0e2cf09fa7c7, from=null, time=null, errorDetail=null, error=null, aux=null)
20:48:30.231 [docker-java-stream--1781977736] DEBUG com.github.dockerjava.zerodep.shaded.org.apache.hc.client5.http.wire - http-outgoing-1 << "be[\r][\n]"
20:48:30.232 [docker-java-stream--1781977736] DEBUG com.github.dockerjava.zerodep.shaded.org.apache.hc.client5.http.wire - http-outgoing-1 << "{"status":"Downloading","progressDetail":{"current":20087265,"total":23733196},"progress":"[==========================================\u003e        ]  20.09MB/23.73MB","id":"04da93b342eb"}[\r][\n]"
20:48:30.232 [docker-java-stream--1781977736] DEBUG com.github.dockerjava.zerodep.shaded.org.apache.hc.client5.http.wire - http-outgoing-1 << "[\r][\n]"
20:48:30.232 [docker-java-stream--1781977736] DEBUG com.github.dockerjava.api.command.PullImageResultCallback - ResponseItem(stream=null, status=Downloading, progressDetail=ResponseItem.ProgressDetail(current=20087265, total=23733196, start=null), progress=[==========================================>        ]  20.09MB/23.73MB, id=04da93b342eb, from=null, time=null, errorDetail=null, error=null, aux=null)
20:48:30.234 [docker-java-stream--1781977736] DEBUG com.github.dockerjava.zerodep.shaded.org.apache.hc.client5.http.wire - http-outgoing-1 << "be[\r][\n]"
20:48:30.234 [docker-java-stream--1781977736] DEBUG com.github.dockerjava.zerodep.shaded.org.apache.hc.client5.http.wire - http-outgoing-1 << "{"status":"Downloading","progressDetail":{"current":9151373,"total":136359405},"progress":"[===\u003e                                               ]  9.151MB/136.4MB","id":"0e2cf09fa7c7"}[\r][\n]"
20:48:30.234 [docker-java-stream--1781977736] DEBUG com.github.dockerjava.zerodep.shaded.org.apache.hc.client5.http.wire - http-outgoing-1 << "[\r][\n]"
20:48:30.234 [docker-java-stream--1781977736] DEBUG com.github.dockerjava.api.command.PullImageResultCallback - ResponseItem(stream=null, status=Downloading, progressDetail=ResponseItem.ProgressDetail(current=9151373, total=136359405, start=null), progress=[===>                                               ]  9.151MB/136.4MB, id=0e2cf09fa7c7, from=null, time=null, errorDetail=null, error=null, aux=null)
20:48:30.350 [docker-java-stream--1781977736] DEBUG com.github.dockerjava.zerodep.shaded.org.apache.hc.client5.http.wire - http-outgoing-1 << "be[\r][\n]"
20:48:30.350 [docker-java-stream--1781977736] DEBUG com.github.dockerjava.zerodep.shaded.org.apache.hc.client5.http.wire - http-outgoing-1 << "{"status":"Downloading","progressDetail":{"current":9692045,"total":136359405},"progress":"[===\u003e                                               ]  9.692MB/136.4MB","id":"0e2cf09fa7c7"}[\r][\n]"
20:48:30.350 [docker-java-stream--1781977736] DEBUG com.github.dockerjava.zerodep.shaded.org.apache.hc.client5.http.wire - http-outgoing-1 << "[\r][\n]"
20:48:30.351 [docker-java-stream--1781977736] DEBUG com.github.dockerjava.api.command.PullImageResultCallback - ResponseItem(stream=null, status=Downloading, progressDetail=ResponseItem.ProgressDetail(current=9692045, total=136359405, start=null), progress=[===>                                               ]  9.692MB/136.4MB, id=0e2cf09fa7c7, from=null, time=null, errorDetail=null, error=null, aux=null)
20:48:30.378 [docker-java-stream--1781977736] DEBUG com.github.dockerjava.zerodep.shaded.org.apache.hc.client5.http.wire - http-outgoing-1 << "be[\r][\n]"
20:48:30.378 [docker-java-stream--1781977736] DEBUG com.github.dockerjava.zerodep.shaded.org.apache.hc.client5.http.wire - http-outgoing-1 << "{"status":"Downloading","progressDetail":{"current":20578785,"total":23733196},"progress":"[===========================================\u003e       ]  20.58MB/23.73MB","id":"04da93b342eb"}[\r][\n]"
20:48:30.378 [docker-java-stream--1781977736] DEBUG com.github.dockerjava.zerodep.shaded.org.apache.hc.client5.http.wire - http-outgoing-1 << "[\r][\n]"
20:48:30.378 [docker-java-stream--1781977736] DEBUG com.github.dockerjava.api.command.PullImageResultCallback - ResponseItem(stream=null, status=Downloading, progressDetail=ResponseItem.ProgressDetail(current=20578785, total=23733196, start=null), progress=[===========================================>       ]  20.58MB/23.73MB, id=04da93b342eb, from=null, time=null, errorDetail=null, error=null, aux=null)
20:48:30.464 [docker-java-stream--1781977736] DEBUG com.github.dockerjava.zerodep.shaded.org.apache.hc.client5.http.wire - http-outgoing-1 << "bf[\r][\n]"
20:48:30.464 [docker-java-stream--1781977736] DEBUG com.github.dockerjava.zerodep.shaded.org.apache.hc.client5.http.wire - http-outgoing-1 << "{"status":"Downloading","progressDetail":{"current":10232717,"total":136359405},"progress":"[===\u003e                                               ]  10.23MB/136.4MB","id":"0e2cf09fa7c7"}[\r][\n]"
20:48:30.464 [docker-java-stream--1781977736] DEBUG com.github.dockerjava.zerodep.shaded.org.apache.hc.client5.http.wire - http-outgoing-1 << "[\r][\n]"
20:48:30.464 [docker-java-stream--1781977736] DEBUG com.github.dockerjava.api.command.PullImageResultCallback - ResponseItem(stream=null, status=Downloading, progressDetail=ResponseItem.ProgressDetail(current=10232717, total=136359405, start=null), progress=[===>                                               ]  10.23MB/136.4MB, id=0e2cf09fa7c7, from=null, time=null, errorDetail=null, error=null, aux=null)
20:48:30.539 [docker-java-stream--1781977736] DEBUG com.github.dockerjava.zerodep.shaded.org.apache.hc.client5.http.wire - http-outgoing-1 << "be[\r][\n]"
20:48:30.539 [docker-java-stream--1781977736] DEBUG com.github.dockerjava.zerodep.shaded.org.apache.hc.client5.http.wire - http-outgoing-1 << "{"status":"Downloading","progressDetail":{"current":21066209,"total":23733196},"progress":"[============================================\u003e      ]  21.07MB/23.73MB","id":"04da93b342eb"}[\r][\n]"
20:48:30.539 [docker-java-stream--1781977736] DEBUG com.github.dockerjava.zerodep.shaded.org.apache.hc.client5.http.wire - http-outgoing-1 << "[\r][\n]"
20:48:30.539 [docker-java-stream--1781977736] DEBUG com.github.dockerjava.api.command.PullImageResultCallback - ResponseItem(stream=null, status=Downloading, progressDetail=ResponseItem.ProgressDetail(current=21066209, total=23733196, start=null), progress=[============================================>      ]  21.07MB/23.73MB, id=04da93b342eb, from=null, time=null, errorDetail=null, error=null, aux=null)
20:48:30.570 [docker-java-stream--1781977736] DEBUG com.github.dockerjava.zerodep.shaded.org.apache.hc.client5.http.wire - http-outgoing-1 << "bf[\r][\n]"
20:48:30.570 [docker-java-stream--1781977736] DEBUG com.github.dockerjava.zerodep.shaded.org.apache.hc.client5.http.wire - http-outgoing-1 << "{"status":"Downloading","progressDetail":{"current":10769293,"total":136359405},"progress":"[===\u003e                                               ]  10.77MB/136.4MB","id":"0e2cf09fa7c7"}[\r][\n]"
20:48:30.570 [docker-java-stream--1781977736] DEBUG com.github.dockerjava.zerodep.shaded.org.apache.hc.client5.http.wire - http-outgoing-1 << "[\r][\n]"
20:48:30.570 [docker-java-stream--1781977736] DEBUG com.github.dockerjava.api.command.PullImageResultCallback - ResponseItem(stream=null, status=Downloading, progressDetail=ResponseItem.ProgressDetail(current=10769293, total=136359405, start=null), progress=[===>                                               ]  10.77MB/136.4MB, id=0e2cf09fa7c7, from=null, time=null, errorDetail=null, error=null, aux=null)
20:48:30.680 [docker-java-stream--1781977736] DEBUG com.github.dockerjava.zerodep.shaded.org.apache.hc.client5.http.wire - http-outgoing-1 << "bf[\r][\n]"
20:48:30.680 [docker-java-stream--1781977736] DEBUG com.github.dockerjava.zerodep.shaded.org.apache.hc.client5.http.wire - http-outgoing-1 << "{"status":"Downloading","progressDetail":{"current":11309965,"total":136359405},"progress":"[====\u003e                                              ]  11.31MB/136.4MB","id":"0e2cf09fa7c7"}[\r][\n]"
20:48:30.681 [docker-java-stream--1781977736] DEBUG com.github.dockerjava.zerodep.shaded.org.apache.hc.client5.http.wire - http-outgoing-1 << "[\r][\n]"
20:48:30.681 [docker-java-stream--1781977736] DEBUG com.github.dockerjava.api.command.PullImageResultCallback - ResponseItem(stream=null, status=Downloading, progressDetail=ResponseItem.ProgressDetail(current=11309965, total=136359405, start=null), progress=[====>                                              ]  11.31MB/136.4MB, id=0e2cf09fa7c7, from=null, time=null, errorDetail=null, error=null, aux=null)
20:48:30.700 [docker-java-stream--1781977736] DEBUG com.github.dockerjava.zerodep.shaded.org.apache.hc.client5.http.wire - http-outgoing-1 << "be[\r][\n]"
20:48:30.700 [docker-java-stream--1781977736] DEBUG com.github.dockerjava.zerodep.shaded.org.apache.hc.client5.http.wire - http-outgoing-1 << "{"status":"Downloading","progressDetail":{"current":21557729,"total":23733196},"progress":"[=============================================\u003e     ]  21.56MB/23.73MB","id":"04da93b342eb"}[\r][\n]"
20:48:30.700 [docker-java-stream--1781977736] DEBUG com.github.dockerjava.zerodep.shaded.org.apache.hc.client5.http.wire - http-outgoing-1 << "[\r][\n]"
20:48:30.701 [docker-java-stream--1781977736] DEBUG com.github.dockerjava.api.command.PullImageResultCallback - ResponseItem(stream=null, status=Downloading, progressDetail=ResponseItem.ProgressDetail(current=21557729, total=23733196, start=null), progress=[=============================================>     ]  21.56MB/23.73MB, id=04da93b342eb, from=null, time=null, errorDetail=null, error=null, aux=null)
20:48:30.796 [docker-java-stream--1781977736] DEBUG com.github.dockerjava.zerodep.shaded.org.apache.hc.client5.http.wire - http-outgoing-1 << "bf[\r][\n]"
20:48:30.796 [docker-java-stream--1781977736] DEBUG com.github.dockerjava.zerodep.shaded.org.apache.hc.client5.http.wire - http-outgoing-1 << "{"status":"Downloading","progressDetail":{"current":11850637,"total":136359405},"progress":"[====\u003e                                              ]  11.85MB/136.4MB","id":"0e2cf09fa7c7"}[\r][\n]"
20:48:30.796 [docker-java-stream--1781977736] DEBUG com.github.dockerjava.zerodep.shaded.org.apache.hc.client5.http.wire - http-outgoing-1 << "[\r][\n]"
20:48:30.796 [docker-java-stream--1781977736] DEBUG com.github.dockerjava.api.command.PullImageResultCallback - ResponseItem(stream=null, status=Downloading, progressDetail=ResponseItem.ProgressDetail(current=11850637, total=136359405, start=null), progress=[====>                                              ]  11.85MB/136.4MB, id=0e2cf09fa7c7, from=null, time=null, errorDetail=null, error=null, aux=null)
20:48:30.845 [docker-java-stream--1781977736] DEBUG com.github.dockerjava.zerodep.shaded.org.apache.hc.client5.http.wire - http-outgoing-1 << "be[\r][\n]"
20:48:30.845 [docker-java-stream--1781977736] DEBUG com.github.dockerjava.zerodep.shaded.org.apache.hc.client5.http.wire - http-outgoing-1 << "{"status":"Downloading","progressDetail":{"current":22053345,"total":23733196},"progress":"[==============================================\u003e    ]  22.05MB/23.73MB","id":"04da93b342eb"}[\r][\n]"
20:48:30.845 [docker-java-stream--1781977736] DEBUG com.github.dockerjava.zerodep.shaded.org.apache.hc.client5.http.wire - http-outgoing-1 << "[\r][\n]"
20:48:30.846 [docker-java-stream--1781977736] DEBUG com.github.dockerjava.api.command.PullImageResultCallback - ResponseItem(stream=null, status=Downloading, progressDetail=ResponseItem.ProgressDetail(current=22053345, total=23733196, start=null), progress=[==============================================>    ]  22.05MB/23.73MB, id=04da93b342eb, from=null, time=null, errorDetail=null, error=null, aux=null)
20:48:30.910 [docker-java-stream--1781977736] DEBUG com.github.dockerjava.zerodep.shaded.org.apache.hc.client5.http.wire - http-outgoing-1 << "bf[\r][\n]"
20:48:30.910 [docker-java-stream--1781977736] DEBUG com.github.dockerjava.zerodep.shaded.org.apache.hc.client5.http.wire - http-outgoing-1 << "{"status":"Downloading","progressDetail":{"current":12391309,"total":136359405},"progress":"[====\u003e                                              ]  12.39MB/136.4MB","id":"0e2cf09fa7c7"}[\r][\n]"
20:48:30.910 [docker-java-stream--1781977736] DEBUG com.github.dockerjava.zerodep.shaded.org.apache.hc.client5.http.wire - http-outgoing-1 << "[\r][\n]"
20:48:30.913 [docker-java-stream--1781977736] DEBUG com.github.dockerjava.api.command.PullImageResultCallback - ResponseItem(stream=null, status=Downloading, progressDetail=ResponseItem.ProgressDetail(current=12391309, total=136359405, start=null), progress=[====>                                              ]  12.39MB/136.4MB, id=0e2cf09fa7c7, from=null, time=null, errorDetail=null, error=null, aux=null)
20:48:31.007 [docker-java-stream--1781977736] DEBUG com.github.dockerjava.zerodep.shaded.org.apache.hc.client5.http.wire - http-outgoing-1 << "be[\r][\n]"
20:48:31.008 [docker-java-stream--1781977736] DEBUG com.github.dockerjava.zerodep.shaded.org.apache.hc.client5.http.wire - http-outgoing-1 << "{"status":"Downloading","progressDetail":{"current":22540769,"total":23733196},"progress":"[===============================================\u003e   ]  22.54MB/23.73MB","id":"04da93b342eb"}[\r][\n]"
20:48:31.008 [docker-java-stream--1781977736] DEBUG com.github.dockerjava.zerodep.shaded.org.apache.hc.client5.http.wire - http-outgoing-1 << "[\r][\n]"
20:48:31.008 [docker-java-stream--1781977736] DEBUG com.github.dockerjava.api.command.PullImageResultCallback - ResponseItem(stream=null, status=Downloading, progressDetail=ResponseItem.ProgressDetail(current=22540769, total=23733196, start=null), progress=[===============================================>   ]  22.54MB/23.73MB, id=04da93b342eb, from=null, time=null, errorDetail=null, error=null, aux=null)
20:48:31.011 [docker-java-stream--1781977736] DEBUG com.github.dockerjava.zerodep.shaded.org.apache.hc.client5.http.wire - http-outgoing-1 << "bf[\r][\n]"
20:48:31.011 [docker-java-stream--1781977736] DEBUG com.github.dockerjava.zerodep.shaded.org.apache.hc.client5.http.wire - http-outgoing-1 << "{"status":"Downloading","progressDetail":{"current":12931981,"total":136359405},"progress":"[====\u003e                                              ]  12.93MB/136.4MB","id":"0e2cf09fa7c7"}[\r][\n]"
20:48:31.011 [docker-java-stream--1781977736] DEBUG com.github.dockerjava.zerodep.shaded.org.apache.hc.client5.http.wire - http-outgoing-1 << "[\r][\n]"
20:48:31.011 [docker-java-stream--1781977736] DEBUG com.github.dockerjava.api.command.PullImageResultCallback - ResponseItem(stream=null, status=Downloading, progressDetail=ResponseItem.ProgressDetail(current=12931981, total=136359405, start=null), progress=[====>                                              ]  12.93MB/136.4MB, id=0e2cf09fa7c7, from=null, time=null, errorDetail=null, error=null, aux=null)
20:48:31.119 [docker-java-stream--1781977736] DEBUG com.github.dockerjava.zerodep.shaded.org.apache.hc.client5.http.wire - http-outgoing-1 << "bf[\r][\n]"
20:48:31.119 [docker-java-stream--1781977736] DEBUG com.github.dockerjava.zerodep.shaded.org.apache.hc.client5.http.wire - http-outgoing-1 << "{"status":"Downloading","progressDetail":{"current":13472653,"total":136359405},"progress":"[====\u003e                                              ]  13.47MB/136.4MB","id":"0e2cf09fa7c7"}[\r][\n]"
20:48:31.119 [docker-java-stream--1781977736] DEBUG com.github.dockerjava.zerodep.shaded.org.apache.hc.client5.http.wire - http-outgoing-1 << "[\r][\n]"
20:48:31.119 [docker-java-stream--1781977736] DEBUG com.github.dockerjava.api.command.PullImageResultCallback - ResponseItem(stream=null, status=Downloading, progressDetail=ResponseItem.ProgressDetail(current=13472653, total=136359405, start=null), progress=[====>                                              ]  13.47MB/136.4MB, id=0e2cf09fa7c7, from=null, time=null, errorDetail=null, error=null, aux=null)
20:48:31.191 [docker-java-stream--1781977736] DEBUG com.github.dockerjava.zerodep.shaded.org.apache.hc.client5.http.wire - http-outgoing-1 << "be[\r][\n]"
20:48:31.191 [docker-java-stream--1781977736] DEBUG com.github.dockerjava.zerodep.shaded.org.apache.hc.client5.http.wire - http-outgoing-1 << "{"status":"Downloading","progressDetail":{"current":23036385,"total":23733196},"progress":"[================================================\u003e  ]  23.04MB/23.73MB","id":"04da93b342eb"}[\r][\n]"
20:48:31.191 [docker-java-stream--1781977736] DEBUG com.github.dockerjava.zerodep.shaded.org.apache.hc.client5.http.wire - http-outgoing-1 << "[\r][\n]"
20:48:31.191 [docker-java-stream--1781977736] DEBUG com.github.dockerjava.api.command.PullImageResultCallback - ResponseItem(stream=null, status=Downloading, progressDetail=ResponseItem.ProgressDetail(current=23036385, total=23733196, start=null), progress=[================================================>  ]  23.04MB/23.73MB, id=04da93b342eb, from=null, time=null, errorDetail=null, error=null, aux=null)
20:48:31.219 [docker-java-stream--1781977736] DEBUG com.github.dockerjava.zerodep.shaded.org.apache.hc.client5.http.wire - http-outgoing-1 << "bf[\r][\n]"
20:48:31.219 [docker-java-stream--1781977736] DEBUG com.github.dockerjava.zerodep.shaded.org.apache.hc.client5.http.wire - http-outgoing-1 << "{"status":"Downloading","progressDetail":{"current":14013325,"total":136359405},"progress":"[=====\u003e                                             ]  14.01MB/136.4MB","id":"0e2cf09fa7c7"}[\r][\n]"
20:48:31.219 [docker-java-stream--1781977736] DEBUG com.github.dockerjava.zerodep.shaded.org.apache.hc.client5.http.wire - http-outgoing-1 << "[\r][\n]"
20:48:31.222 [docker-java-stream--1781977736] DEBUG com.github.dockerjava.api.command.PullImageResultCallback - ResponseItem(stream=null, status=Downloading, progressDetail=ResponseItem.ProgressDetail(current=14013325, total=136359405, start=null), progress=[=====>                                             ]  14.01MB/136.4MB, id=0e2cf09fa7c7, from=null, time=null, errorDetail=null, error=null, aux=null)
20:48:31.327 [docker-java-stream--1781977736] DEBUG com.github.dockerjava.zerodep.shaded.org.apache.hc.client5.http.wire - http-outgoing-1 << "bf[\r][\n]"
20:48:31.327 [docker-java-stream--1781977736] DEBUG com.github.dockerjava.zerodep.shaded.org.apache.hc.client5.http.wire - http-outgoing-1 << "{"status":"Downloading","progressDetail":{"current":14549901,"total":136359405},"progress":"[=====\u003e                                             ]  14.55MB/136.4MB","id":"0e2cf09fa7c7"}[\r][\n]"
20:48:31.327 [docker-java-stream--1781977736] DEBUG com.github.dockerjava.zerodep.shaded.org.apache.hc.client5.http.wire - http-outgoing-1 << "[\r][\n]"
20:48:31.328 [docker-java-stream--1781977736] DEBUG com.github.dockerjava.api.command.PullImageResultCallback - ResponseItem(stream=null, status=Downloading, progressDetail=ResponseItem.ProgressDetail(current=14549901, total=136359405, start=null), progress=[=====>                                             ]  14.55MB/136.4MB, id=0e2cf09fa7c7, from=null, time=null, errorDetail=null, error=null, aux=null)
20:48:31.361 [docker-java-stream--1781977736] DEBUG com.github.dockerjava.zerodep.shaded.org.apache.hc.client5.http.wire - http-outgoing-1 << "be[\r][\n]"
20:48:31.361 [docker-java-stream--1781977736] DEBUG com.github.dockerjava.zerodep.shaded.org.apache.hc.client5.http.wire - http-outgoing-1 << "{"status":"Downloading","progressDetail":{"current":23527905,"total":23733196},"progress":"[=================================================\u003e ]  23.53MB/23.73MB","id":"04da93b342eb"}[\r][\n]"
20:48:31.361 [docker-java-stream--1781977736] DEBUG com.github.dockerjava.zerodep.shaded.org.apache.hc.client5.http.wire - http-outgoing-1 << "[\r][\n]"
20:48:31.361 [docker-java-stream--1781977736] DEBUG com.github.dockerjava.api.command.PullImageResultCallback - ResponseItem(stream=null, status=Downloading, progressDetail=ResponseItem.ProgressDetail(current=23527905, total=23733196, start=null), progress=[=================================================> ]  23.53MB/23.73MB, id=04da93b342eb, from=null, time=null, errorDetail=null, error=null, aux=null)
20:48:31.445 [docker-java-stream--1781977736] DEBUG com.github.dockerjava.zerodep.shaded.org.apache.hc.client5.http.wire - http-outgoing-1 << "48[\r][\n]"
20:48:31.445 [docker-java-stream--1781977736] DEBUG com.github.dockerjava.zerodep.shaded.org.apache.hc.client5.http.wire - http-outgoing-1 << "{"status":"Download complete","progressDetail":{},"id":"04da93b342eb"}[\r][\n]"
20:48:31.445 [docker-java-stream--1781977736] DEBUG com.github.dockerjava.zerodep.shaded.org.apache.hc.client5.http.wire - http-outgoing-1 << "[\r][\n]"
20:48:31.446 [docker-java-stream--1781977736] DEBUG com.github.dockerjava.api.command.PullImageResultCallback - ResponseItem(stream=null, status=Download complete, progressDetail=ResponseItem.ProgressDetail(current=null, total=null, start=null), progress=null, id=04da93b342eb, from=null, time=null, errorDetail=null, error=null, aux=null)
20:48:31.451 [docker-java-stream--1781977736] INFO 🐳 [mongo:4.4.2] - Pulling image layers:  1 pending, 11 downloaded,  0 extracted, (43 MB/? MB)
20:48:31.501 [docker-java-stream--1781977736] DEBUG com.github.dockerjava.zerodep.shaded.org.apache.hc.client5.http.wire - http-outgoing-1 << "bf[\r][\n]"
20:48:31.501 [docker-java-stream--1781977736] DEBUG com.github.dockerjava.zerodep.shaded.org.apache.hc.client5.http.wire - http-outgoing-1 << "{"status":"Downloading","progressDetail":{"current":15627149,"total":136359405},"progress":"[=====\u003e                                             ]  15.63MB/136.4MB","id":"0e2cf09fa7c7"}[\r][\n]"
20:48:31.501 [docker-java-stream--1781977736] DEBUG com.github.dockerjava.zerodep.shaded.org.apache.hc.client5.http.wire - http-outgoing-1 << "[\r][\n]"
20:48:31.502 [docker-java-stream--1781977736] DEBUG com.github.dockerjava.api.command.PullImageResultCallback - ResponseItem(stream=null, status=Downloading, progressDetail=ResponseItem.ProgressDetail(current=15627149, total=136359405, start=null), progress=[=====>                                             ]  15.63MB/136.4MB, id=0e2cf09fa7c7, from=null, time=null, errorDetail=null, error=null, aux=null)
20:48:31.581 [docker-java-stream--1781977736] DEBUG com.github.dockerjava.zerodep.shaded.org.apache.hc.client5.http.wire - http-outgoing-1 << "bb[\r][\n]"
20:48:31.581 [docker-java-stream--1781977736] DEBUG com.github.dockerjava.zerodep.shaded.org.apache.hc.client5.http.wire - http-outgoing-1 << "{"status":"Extracting","progressDetail":{"current":262144,"total":23733196},"progress":"[\u003e                                                  ]  262.1kB/23.73MB","id":"04da93b342eb"}[\r][\n]"
20:48:31.581 [docker-java-stream--1781977736] DEBUG com.github.dockerjava.zerodep.shaded.org.apache.hc.client5.http.wire - http-outgoing-1 << "[\r][\n]"
20:48:31.582 [docker-java-stream--1781977736] DEBUG com.github.dockerjava.api.command.PullImageResultCallback - ResponseItem(stream=null, status=Extracting, progressDetail=ResponseItem.ProgressDetail(current=262144, total=23733196, start=null), progress=[>                                                  ]  262.1kB/23.73MB, id=04da93b342eb, from=null, time=null, errorDetail=null, error=null, aux=null)
20:48:31.668 [docker-java-stream--1781977736] DEBUG com.github.dockerjava.zerodep.shaded.org.apache.hc.client5.http.wire - http-outgoing-1 << "bf[\r][\n]"
20:48:31.668 [docker-java-stream--1781977736] DEBUG com.github.dockerjava.zerodep.shaded.org.apache.hc.client5.http.wire - http-outgoing-1 << "{"status":"Downloading","progressDetail":{"current":16708493,"total":136359405},"progress":"[======\u003e                                            ]  16.71MB/136.4MB","id":"0e2cf09fa7c7"}[\r][\n]"
20:48:31.668 [docker-java-stream--1781977736] DEBUG com.github.dockerjava.zerodep.shaded.org.apache.hc.client5.http.wire - http-outgoing-1 << "[\r][\n]"
20:48:31.668 [docker-java-stream--1781977736] DEBUG com.github.dockerjava.api.command.PullImageResultCallback - ResponseItem(stream=null, status=Downloading, progressDetail=ResponseItem.ProgressDetail(current=16708493, total=136359405, start=null), progress=[======>                                            ]  16.71MB/136.4MB, id=0e2cf09fa7c7, from=null, time=null, errorDetail=null, error=null, aux=null)
20:48:31.687 [docker-java-stream--1781977736] DEBUG com.github.dockerjava.zerodep.shaded.org.apache.hc.client5.http.wire - http-outgoing-1 << "bc[\r][\n]"
20:48:31.687 [docker-java-stream--1781977736] DEBUG com.github.dockerjava.zerodep.shaded.org.apache.hc.client5.http.wire - http-outgoing-1 << "{"status":"Extracting","progressDetail":{"current":2359296,"total":23733196},"progress":"[====\u003e                                              ]  2.359MB/23.73MB","id":"04da93b342eb"}[\r][\n]"
20:48:31.687 [docker-java-stream--1781977736] DEBUG com.github.dockerjava.zerodep.shaded.org.apache.hc.client5.http.wire - http-outgoing-1 << "[\r][\n]"
20:48:31.687 [docker-java-stream--1781977736] DEBUG com.github.dockerjava.api.command.PullImageResultCallback - ResponseItem(stream=null, status=Extracting, progressDetail=ResponseItem.ProgressDetail(current=2359296, total=23733196, start=null), progress=[====>                                              ]  2.359MB/23.73MB, id=04da93b342eb, from=null, time=null, errorDetail=null, error=null, aux=null)
20:48:31.791 [docker-java-stream--1781977736] DEBUG com.github.dockerjava.zerodep.shaded.org.apache.hc.client5.http.wire - http-outgoing-1 << "bc[\r][\n]"
20:48:31.791 [docker-java-stream--1781977736] DEBUG com.github.dockerjava.zerodep.shaded.org.apache.hc.client5.http.wire - http-outgoing-1 << "{"status":"Extracting","progressDetail":{"current":6029312,"total":23733196},"progress":"[============\u003e                                      ]  6.029MB/23.73MB","id":"04da93b342eb"}[\r][\n]"
20:48:31.791 [docker-java-stream--1781977736] DEBUG com.github.dockerjava.zerodep.shaded.org.apache.hc.client5.http.wire - http-outgoing-1 << "[\r][\n]"
20:48:31.792 [docker-java-stream--1781977736] DEBUG com.github.dockerjava.api.command.PullImageResultCallback - ResponseItem(stream=null, status=Extracting, progressDetail=ResponseItem.ProgressDetail(current=6029312, total=23733196, start=null), progress=[============>                                      ]  6.029MB/23.73MB, id=04da93b342eb, from=null, time=null, errorDetail=null, error=null, aux=null)
20:48:31.801 [docker-java-stream--1781977736] DEBUG com.github.dockerjava.zerodep.shaded.org.apache.hc.client5.http.wire - http-outgoing-1 << "bf[\r][\n]"
20:48:31.801 [docker-java-stream--1781977736] DEBUG com.github.dockerjava.zerodep.shaded.org.apache.hc.client5.http.wire - http-outgoing-1 << "{"status":"Downloading","progressDetail":{"current":17781645,"total":136359405},"progress":"[======\u003e                                            ]  17.78MB/136.4MB","id":"0e2cf09fa7c7"}[\r][\n]"
20:48:31.801 [docker-java-stream--1781977736] DEBUG com.github.dockerjava.zerodep.shaded.org.apache.hc.client5.http.wire - http-outgoing-1 << "[\r][\n]"
20:48:31.802 [docker-java-stream--1781977736] DEBUG com.github.dockerjava.api.command.PullImageResultCallback - ResponseItem(stream=null, status=Downloading, progressDetail=ResponseItem.ProgressDetail(current=17781645, total=136359405, start=null), progress=[======>                                            ]  17.78MB/136.4MB, id=0e2cf09fa7c7, from=null, time=null, errorDetail=null, error=null, aux=null)
20:48:31.891 [docker-java-stream--1781977736] DEBUG com.github.dockerjava.zerodep.shaded.org.apache.hc.client5.http.wire - http-outgoing-1 << "bc[\r][\n]"
20:48:31.891 [docker-java-stream--1781977736] DEBUG com.github.dockerjava.zerodep.shaded.org.apache.hc.client5.http.wire - http-outgoing-1 << "{"status":"Extracting","progressDetail":{"current":8388608,"total":23733196},"progress":"[=================\u003e                                 ]  8.389MB/23.73MB","id":"04da93b342eb"}[\r][\n]"
20:48:31.891 [docker-java-stream--1781977736] DEBUG com.github.dockerjava.zerodep.shaded.org.apache.hc.client5.http.wire - http-outgoing-1 << "[\r][\n]"
20:48:31.891 [docker-java-stream--1781977736] DEBUG com.github.dockerjava.api.command.PullImageResultCallback - ResponseItem(stream=null, status=Extracting, progressDetail=ResponseItem.ProgressDetail(current=8388608, total=23733196, start=null), progress=[=================>                                 ]  8.389MB/23.73MB, id=04da93b342eb, from=null, time=null, errorDetail=null, error=null, aux=null)
20:48:31.935 [docker-java-stream--1781977736] DEBUG com.github.dockerjava.zerodep.shaded.org.apache.hc.client5.http.wire - http-outgoing-1 << "bf[\r][\n]"
20:48:31.935 [docker-java-stream--1781977736] DEBUG com.github.dockerjava.zerodep.shaded.org.apache.hc.client5.http.wire - http-outgoing-1 << "{"status":"Downloading","progressDetail":{"current":18858893,"total":136359405},"progress":"[======\u003e                                            ]  18.86MB/136.4MB","id":"0e2cf09fa7c7"}[\r][\n]"
20:48:31.935 [docker-java-stream--1781977736] DEBUG com.github.dockerjava.zerodep.shaded.org.apache.hc.client5.http.wire - http-outgoing-1 << "[\r][\n]"
20:48:31.936 [docker-java-stream--1781977736] DEBUG com.github.dockerjava.api.command.PullImageResultCallback - ResponseItem(stream=null, status=Downloading, progressDetail=ResponseItem.ProgressDetail(current=18858893, total=136359405, start=null), progress=[======>                                            ]  18.86MB/136.4MB, id=0e2cf09fa7c7, from=null, time=null, errorDetail=null, error=null, aux=null)
20:48:31.992 [docker-java-stream--1781977736] DEBUG com.github.dockerjava.zerodep.shaded.org.apache.hc.client5.http.wire - http-outgoing-1 << "bd[\r][\n]"
20:48:31.992 [docker-java-stream--1781977736] DEBUG com.github.dockerjava.zerodep.shaded.org.apache.hc.client5.http.wire - http-outgoing-1 << "{"status":"Extracting","progressDetail":{"current":11272192,"total":23733196},"progress":"[=======================\u003e                           ]  11.27MB/23.73MB","id":"04da93b342eb"}[\r][\n]"
20:48:31.992 [docker-java-stream--1781977736] DEBUG com.github.dockerjava.zerodep.shaded.org.apache.hc.client5.http.wire - http-outgoing-1 << "[\r][\n]"
20:48:31.992 [docker-java-stream--1781977736] DEBUG com.github.dockerjava.api.command.PullImageResultCallback - ResponseItem(stream=null, status=Extracting, progressDetail=ResponseItem.ProgressDetail(current=11272192, total=23733196, start=null), progress=[=======================>                           ]  11.27MB/23.73MB, id=04da93b342eb, from=null, time=null, errorDetail=null, error=null, aux=null)
20:48:32.068 [docker-java-stream--1781977736] DEBUG com.github.dockerjava.zerodep.shaded.org.apache.hc.client5.http.wire - http-outgoing-1 << "bf[\r][\n]"
20:48:32.068 [docker-java-stream--1781977736] DEBUG com.github.dockerjava.zerodep.shaded.org.apache.hc.client5.http.wire - http-outgoing-1 << "{"status":"Downloading","progressDetail":{"current":19923853,"total":136359405},"progress":"[=======\u003e                                           ]  19.92MB/136.4MB","id":"0e2cf09fa7c7"}[\r][\n]"
20:48:32.068 [docker-java-stream--1781977736] DEBUG com.github.dockerjava.zerodep.shaded.org.apache.hc.client5.http.wire - http-outgoing-1 << "[\r][\n]"
20:48:32.068 [docker-java-stream--1781977736] DEBUG com.github.dockerjava.api.command.PullImageResultCallback - ResponseItem(stream=null, status=Downloading, progressDetail=ResponseItem.ProgressDetail(current=19923853, total=136359405, start=null), progress=[=======>                                           ]  19.92MB/136.4MB, id=0e2cf09fa7c7, from=null, time=null, errorDetail=null, error=null, aux=null)
20:48:32.106 [docker-java-stream--1781977736] DEBUG com.github.dockerjava.zerodep.shaded.org.apache.hc.client5.http.wire - http-outgoing-1 << "bd[\r][\n]"
20:48:32.106 [docker-java-stream--1781977736] DEBUG com.github.dockerjava.zerodep.shaded.org.apache.hc.client5.http.wire - http-outgoing-1 << "{"status":"Extracting","progressDetail":{"current":14417920,"total":23733196},"progress":"[==============================\u003e                    ]  14.42MB/23.73MB","id":"04da93b342eb"}[\r][\n]"
20:48:32.106 [docker-java-stream--1781977736] DEBUG com.github.dockerjava.zerodep.shaded.org.apache.hc.client5.http.wire - http-outgoing-1 << "[\r][\n]"
20:48:32.106 [docker-java-stream--1781977736] DEBUG com.github.dockerjava.api.command.PullImageResultCallback - ResponseItem(stream=null, status=Extracting, progressDetail=ResponseItem.ProgressDetail(current=14417920, total=23733196, start=null), progress=[==============================>                    ]  14.42MB/23.73MB, id=04da93b342eb, from=null, time=null, errorDetail=null, error=null, aux=null)
20:48:32.202 [docker-java-stream--1781977736] DEBUG com.github.dockerjava.zerodep.shaded.org.apache.hc.client5.http.wire - http-outgoing-1 << "bf[\r][\n]"
20:48:32.202 [docker-java-stream--1781977736] DEBUG com.github.dockerjava.zerodep.shaded.org.apache.hc.client5.http.wire - http-outgoing-1 << "{"status":"Downloading","progressDetail":{"current":21001101,"total":136359405},"progress":"[=======\u003e                                           ]     21MB/136.4MB","id":"0e2cf09fa7c7"}[\r][\n]"
20:48:32.202 [docker-java-stream--1781977736] DEBUG com.github.dockerjava.zerodep.shaded.org.apache.hc.client5.http.wire - http-outgoing-1 << "[\r][\n]"
20:48:32.202 [docker-java-stream--1781977736] DEBUG com.github.dockerjava.api.command.PullImageResultCallback - ResponseItem(stream=null, status=Downloading, progressDetail=ResponseItem.ProgressDetail(current=21001101, total=136359405, start=null), progress=[=======>                                           ]     21MB/136.4MB, id=0e2cf09fa7c7, from=null, time=null, errorDetail=null, error=null, aux=null)
20:48:32.212 [docker-java-stream--1781977736] DEBUG com.github.dockerjava.zerodep.shaded.org.apache.hc.client5.http.wire - http-outgoing-1 << "bd[\r][\n]"
20:48:32.212 [docker-java-stream--1781977736] DEBUG com.github.dockerjava.zerodep.shaded.org.apache.hc.client5.http.wire - http-outgoing-1 << "{"status":"Extracting","progressDetail":{"current":18087936,"total":23733196},"progress":"[======================================\u003e            ]  18.09MB/23.73MB","id":"04da93b342eb"}[\r][\n]"
20:48:32.212 [docker-java-stream--1781977736] DEBUG com.github.dockerjava.zerodep.shaded.org.apache.hc.client5.http.wire - http-outgoing-1 << "[\r][\n]"
20:48:32.212 [docker-java-stream--1781977736] DEBUG com.github.dockerjava.api.command.PullImageResultCallback - ResponseItem(stream=null, status=Extracting, progressDetail=ResponseItem.ProgressDetail(current=18087936, total=23733196, start=null), progress=[======================================>            ]  18.09MB/23.73MB, id=04da93b342eb, from=null, time=null, errorDetail=null, error=null, aux=null)
20:48:32.336 [docker-java-stream--1781977736] DEBUG com.github.dockerjava.zerodep.shaded.org.apache.hc.client5.http.wire - http-outgoing-1 << "bf[\r][\n]"
20:48:32.336 [docker-java-stream--1781977736] DEBUG com.github.dockerjava.zerodep.shaded.org.apache.hc.client5.http.wire - http-outgoing-1 << "{"status":"Downloading","progressDetail":{"current":22078349,"total":136359405},"progress":"[========\u003e                                          ]  22.08MB/136.4MB","id":"0e2cf09fa7c7"}[\r][\n]"
20:48:32.336 [docker-java-stream--1781977736] DEBUG com.github.dockerjava.zerodep.shaded.org.apache.hc.client5.http.wire - http-outgoing-1 << "[\r][\n]"
20:48:32.336 [docker-java-stream--1781977736] DEBUG com.github.dockerjava.api.command.PullImageResultCallback - ResponseItem(stream=null, status=Downloading, progressDetail=ResponseItem.ProgressDetail(current=22078349, total=136359405, start=null), progress=[========>                                          ]  22.08MB/136.4MB, id=0e2cf09fa7c7, from=null, time=null, errorDetail=null, error=null, aux=null)
20:48:32.383 [docker-java-stream--1781977736] DEBUG com.github.dockerjava.zerodep.shaded.org.apache.hc.client5.http.wire - http-outgoing-1 << "bd[\r][\n]"
20:48:32.383 [docker-java-stream--1781977736] DEBUG com.github.dockerjava.zerodep.shaded.org.apache.hc.client5.http.wire - http-outgoing-1 << "{"status":"Extracting","progressDetail":{"current":20447232,"total":23733196},"progress":"[===========================================\u003e       ]  20.45MB/23.73MB","id":"04da93b342eb"}[\r][\n]"
20:48:32.383 [docker-java-stream--1781977736] DEBUG com.github.dockerjava.zerodep.shaded.org.apache.hc.client5.http.wire - http-outgoing-1 << "[\r][\n]"
20:48:32.383 [docker-java-stream--1781977736] DEBUG com.github.dockerjava.api.command.PullImageResultCallback - ResponseItem(stream=null, status=Extracting, progressDetail=ResponseItem.ProgressDetail(current=20447232, total=23733196, start=null), progress=[===========================================>       ]  20.45MB/23.73MB, id=04da93b342eb, from=null, time=null, errorDetail=null, error=null, aux=null)
20:48:32.470 [docker-java-stream--1781977736] DEBUG com.github.dockerjava.zerodep.shaded.org.apache.hc.client5.http.wire - http-outgoing-1 << "bf[\r][\n]"
20:48:32.470 [docker-java-stream--1781977736] DEBUG com.github.dockerjava.zerodep.shaded.org.apache.hc.client5.http.wire - http-outgoing-1 << "{"status":"Downloading","progressDetail":{"current":23151501,"total":136359405},"progress":"[========\u003e                                          ]  23.15MB/136.4MB","id":"0e2cf09fa7c7"}[\r][\n]"
20:48:32.470 [docker-java-stream--1781977736] DEBUG com.github.dockerjava.zerodep.shaded.org.apache.hc.client5.http.wire - http-outgoing-1 << "[\r][\n]"
20:48:32.470 [docker-java-stream--1781977736] DEBUG com.github.dockerjava.api.command.PullImageResultCallback - ResponseItem(stream=null, status=Downloading, progressDetail=ResponseItem.ProgressDetail(current=23151501, total=136359405, start=null), progress=[========>                                          ]  23.15MB/136.4MB, id=0e2cf09fa7c7, from=null, time=null, errorDetail=null, error=null, aux=null)
20:48:32.496 [docker-java-stream--1781977736] DEBUG com.github.dockerjava.zerodep.shaded.org.apache.hc.client5.http.wire - http-outgoing-1 << "bd[\r][\n]"
20:48:32.496 [docker-java-stream--1781977736] DEBUG com.github.dockerjava.zerodep.shaded.org.apache.hc.client5.http.wire - http-outgoing-1 << "{"status":"Extracting","progressDetail":{"current":22544384,"total":23733196},"progress":"[===============================================\u003e   ]  22.54MB/23.73MB","id":"04da93b342eb"}[\r][\n]"
20:48:32.496 [docker-java-stream--1781977736] DEBUG com.github.dockerjava.zerodep.shaded.org.apache.hc.client5.http.wire - http-outgoing-1 << "[\r][\n]"
20:48:32.496 [docker-java-stream--1781977736] DEBUG com.github.dockerjava.api.command.PullImageResultCallback - ResponseItem(stream=null, status=Extracting, progressDetail=ResponseItem.ProgressDetail(current=22544384, total=23733196, start=null), progress=[===============================================>   ]  22.54MB/23.73MB, id=04da93b342eb, from=null, time=null, errorDetail=null, error=null, aux=null)
20:48:32.595 [docker-java-stream--1781977736] DEBUG com.github.dockerjava.zerodep.shaded.org.apache.hc.client5.http.wire - http-outgoing-1 << "bd[\r][\n]"
20:48:32.595 [docker-java-stream--1781977736] DEBUG com.github.dockerjava.zerodep.shaded.org.apache.hc.client5.http.wire - http-outgoing-1 << "{"status":"Extracting","progressDetail":{"current":23733196,"total":23733196},"progress":"[==================================================\u003e]  23.73MB/23.73MB","id":"04da93b342eb"}[\r][\n]"
20:48:32.595 [docker-java-stream--1781977736] DEBUG com.github.dockerjava.zerodep.shaded.org.apache.hc.client5.http.wire - http-outgoing-1 << "[\r][\n]"
20:48:32.595 [docker-java-stream--1781977736] DEBUG com.github.dockerjava.api.command.PullImageResultCallback - ResponseItem(stream=null, status=Extracting, progressDetail=ResponseItem.ProgressDetail(current=23733196, total=23733196, start=null), progress=[==================================================>]  23.73MB/23.73MB, id=04da93b342eb, from=null, time=null, errorDetail=null, error=null, aux=null)
20:48:32.606 [docker-java-stream--1781977736] DEBUG com.github.dockerjava.zerodep.shaded.org.apache.hc.client5.http.wire - http-outgoing-1 << "bf[\r][\n]"
20:48:32.606 [docker-java-stream--1781977736] DEBUG com.github.dockerjava.zerodep.shaded.org.apache.hc.client5.http.wire - http-outgoing-1 << "{"status":"Downloading","progressDetail":{"current":24228749,"total":136359405},"progress":"[========\u003e                                          ]  24.23MB/136.4MB","id":"0e2cf09fa7c7"}[\r][\n]"
20:48:32.606 [docker-java-stream--1781977736] DEBUG com.github.dockerjava.zerodep.shaded.org.apache.hc.client5.http.wire - http-outgoing-1 << "[\r][\n]"
20:48:32.607 [docker-java-stream--1781977736] DEBUG com.github.dockerjava.api.command.PullImageResultCallback - ResponseItem(stream=null, status=Downloading, progressDetail=ResponseItem.ProgressDetail(current=24228749, total=136359405, start=null), progress=[========>                                          ]  24.23MB/136.4MB, id=0e2cf09fa7c7, from=null, time=null, errorDetail=null, error=null, aux=null)
20:48:32.650 [docker-java-stream--1781977736] DEBUG com.github.dockerjava.zerodep.shaded.org.apache.hc.client5.http.wire - http-outgoing-1 << "44[\r][\n]"
20:48:32.650 [docker-java-stream--1781977736] DEBUG com.github.dockerjava.zerodep.shaded.org.apache.hc.client5.http.wire - http-outgoing-1 << "{"status":"Pull complete","progressDetail":{},"id":"04da93b342eb"}[\r][\n]"
20:48:32.650 [docker-java-stream--1781977736] DEBUG com.github.dockerjava.zerodep.shaded.org.apache.hc.client5.http.wire - http-outgoing-1 << "[\r][\n]"
20:48:32.650 [docker-java-stream--1781977736] DEBUG com.github.dockerjava.api.command.PullImageResultCallback - ResponseItem(stream=null, status=Pull complete, progressDetail=ResponseItem.ProgressDetail(current=null, total=null, start=null), progress=null, id=04da93b342eb, from=null, time=null, errorDetail=null, error=null, aux=null)
20:48:32.650 [docker-java-stream--1781977736] INFO 🐳 [mongo:4.4.2] - Pulling image layers:  1 pending, 11 downloaded,  1 extracted, (52 MB/? MB)
20:48:32.655 [docker-java-stream--1781977736] DEBUG com.github.dockerjava.zerodep.shaded.org.apache.hc.client5.http.wire - http-outgoing-1 << "b0[\r][\n]"
20:48:32.655 [docker-java-stream--1781977736] DEBUG com.github.dockerjava.zerodep.shaded.org.apache.hc.client5.http.wire - http-outgoing-1 << "{"status":"Extracting","progressDetail":{"current":855,"total":855},"progress":"[==================================================\u003e]     855B/855B","id":"b235194751de"}[\r][\n]"
20:48:32.655 [docker-java-stream--1781977736] DEBUG com.github.dockerjava.zerodep.shaded.org.apache.hc.client5.http.wire - http-outgoing-1 << "[\r][\n]"
20:48:32.655 [docker-java-stream--1781977736] DEBUG com.github.dockerjava.api.command.PullImageResultCallback - ResponseItem(stream=null, status=Extracting, progressDetail=ResponseItem.ProgressDetail(current=855, total=855, start=null), progress=[==================================================>]     855B/855B, id=b235194751de, from=null, time=null, errorDetail=null, error=null, aux=null)
20:48:32.657 [docker-java-stream--1781977736] DEBUG com.github.dockerjava.zerodep.shaded.org.apache.hc.client5.http.wire - http-outgoing-1 << "b0[\r][\n]"
20:48:32.657 [docker-java-stream--1781977736] DEBUG com.github.dockerjava.zerodep.shaded.org.apache.hc.client5.http.wire - http-outgoing-1 << "{"status":"Extracting","progressDetail":{"current":855,"total":855},"progress":"[==================================================\u003e]     855B/855B","id":"b235194751de"}[\r][\n]"
20:48:32.657 [docker-java-stream--1781977736] DEBUG com.github.dockerjava.zerodep.shaded.org.apache.hc.client5.http.wire - http-outgoing-1 << "[\r][\n]"
20:48:32.657 [docker-java-stream--1781977736] DEBUG com.github.dockerjava.api.command.PullImageResultCallback - ResponseItem(stream=null, status=Extracting, progressDetail=ResponseItem.ProgressDetail(current=855, total=855, start=null), progress=[==================================================>]     855B/855B, id=b235194751de, from=null, time=null, errorDetail=null, error=null, aux=null)
20:48:32.721 [docker-java-stream--1781977736] DEBUG com.github.dockerjava.zerodep.shaded.org.apache.hc.client5.http.wire - http-outgoing-1 << "44[\r][\n]"
20:48:32.721 [docker-java-stream--1781977736] DEBUG com.github.dockerjava.zerodep.shaded.org.apache.hc.client5.http.wire - http-outgoing-1 << "{"status":"Pull complete","progressDetail":{},"id":"b235194751de"}[\r][\n]"
20:48:32.721 [docker-java-stream--1781977736] DEBUG com.github.dockerjava.zerodep.shaded.org.apache.hc.client5.http.wire - http-outgoing-1 << "[\r][\n]"
20:48:32.721 [docker-java-stream--1781977736] DEBUG com.github.dockerjava.api.command.PullImageResultCallback - ResponseItem(stream=null, status=Pull complete, progressDetail=ResponseItem.ProgressDetail(current=null, total=null, start=null), progress=null, id=b235194751de, from=null, time=null, errorDetail=null, error=null, aux=null)
20:48:32.721 [docker-java-stream--1781977736] INFO 🐳 [mongo:4.4.2] - Pulling image layers:  1 pending, 11 downloaded,  2 extracted, (52 MB/? MB)
20:48:32.725 [docker-java-stream--1781977736] DEBUG com.github.dockerjava.zerodep.shaded.org.apache.hc.client5.http.wire - http-outgoing-1 << "b0[\r][\n]"
20:48:32.725 [docker-java-stream--1781977736] DEBUG com.github.dockerjava.zerodep.shaded.org.apache.hc.client5.http.wire - http-outgoing-1 << "{"status":"Extracting","progressDetail":{"current":188,"total":188},"progress":"[==================================================\u003e]     188B/188B","id":"606a67bb8db9"}[\r][\n]"
20:48:32.725 [docker-java-stream--1781977736] DEBUG com.github.dockerjava.zerodep.shaded.org.apache.hc.client5.http.wire - http-outgoing-1 << "[\r][\n]"
20:48:32.725 [docker-java-stream--1781977736] DEBUG com.github.dockerjava.api.command.PullImageResultCallback - ResponseItem(stream=null, status=Extracting, progressDetail=ResponseItem.ProgressDetail(current=188, total=188, start=null), progress=[==================================================>]     188B/188B, id=606a67bb8db9, from=null, time=null, errorDetail=null, error=null, aux=null)
20:48:32.726 [docker-java-stream--1781977736] DEBUG com.github.dockerjava.zerodep.shaded.org.apache.hc.client5.http.wire - http-outgoing-1 << "b0[\r][\n]"
20:48:32.726 [docker-java-stream--1781977736] DEBUG com.github.dockerjava.zerodep.shaded.org.apache.hc.client5.http.wire - http-outgoing-1 << "{"status":"Extracting","progressDetail":{"current":188,"total":188},"progress":"[==================================================\u003e]     188B/188B","id":"606a67bb8db9"}[\r][\n]"
20:48:32.726 [docker-java-stream--1781977736] DEBUG com.github.dockerjava.zerodep.shaded.org.apache.hc.client5.http.wire - http-outgoing-1 << "[\r][\n]"
20:48:32.726 [docker-java-stream--1781977736] DEBUG com.github.dockerjava.api.command.PullImageResultCallback - ResponseItem(stream=null, status=Extracting, progressDetail=ResponseItem.ProgressDetail(current=188, total=188, start=null), progress=[==================================================>]     188B/188B, id=606a67bb8db9, from=null, time=null, errorDetail=null, error=null, aux=null)
20:48:32.741 [docker-java-stream--1781977736] DEBUG com.github.dockerjava.zerodep.shaded.org.apache.hc.client5.http.wire - http-outgoing-1 << "bf[\r][\n]"
20:48:32.741 [docker-java-stream--1781977736] DEBUG com.github.dockerjava.zerodep.shaded.org.apache.hc.client5.http.wire - http-outgoing-1 << "{"status":"Downloading","progressDetail":{"current":25310093,"total":136359405},"progress":"[=========\u003e                                         ]  25.31MB/136.4MB","id":"0e2cf09fa7c7"}[\r][\n]"
20:48:32.741 [docker-java-stream--1781977736] DEBUG com.github.dockerjava.zerodep.shaded.org.apache.hc.client5.http.wire - http-outgoing-1 << "[\r][\n]"
20:48:32.741 [docker-java-stream--1781977736] DEBUG com.github.dockerjava.api.command.PullImageResultCallback - ResponseItem(stream=null, status=Downloading, progressDetail=ResponseItem.ProgressDetail(current=25310093, total=136359405, start=null), progress=[=========>                                         ]  25.31MB/136.4MB, id=0e2cf09fa7c7, from=null, time=null, errorDetail=null, error=null, aux=null)
20:48:32.779 [docker-java-stream--1781977736] DEBUG com.github.dockerjava.zerodep.shaded.org.apache.hc.client5.http.wire - http-outgoing-1 << "44[\r][\n]"
20:48:32.779 [docker-java-stream--1781977736] DEBUG com.github.dockerjava.zerodep.shaded.org.apache.hc.client5.http.wire - http-outgoing-1 << "{"status":"Pull complete","progressDetail":{},"id":"606a67bb8db9"}[\r][\n]"
20:48:32.779 [docker-java-stream--1781977736] DEBUG com.github.dockerjava.zerodep.shaded.org.apache.hc.client5.http.wire - http-outgoing-1 << "[\r][\n]"
20:48:32.779 [docker-java-stream--1781977736] DEBUG com.github.dockerjava.api.command.PullImageResultCallback - ResponseItem(stream=null, status=Pull complete, progressDetail=ResponseItem.ProgressDetail(current=null, total=null, start=null), progress=null, id=606a67bb8db9, from=null, time=null, errorDetail=null, error=null, aux=null)
20:48:32.780 [docker-java-stream--1781977736] INFO 🐳 [mongo:4.4.2] - Pulling image layers:  1 pending, 11 downloaded,  3 extracted, (53 MB/? MB)
20:48:32.784 [docker-java-stream--1781977736] DEBUG com.github.dockerjava.zerodep.shaded.org.apache.hc.client5.http.wire - http-outgoing-1 << "b5[\r][\n]"
20:48:32.785 [docker-java-stream--1781977736] DEBUG com.github.dockerjava.zerodep.shaded.org.apache.hc.client5.http.wire - http-outgoing-1 << "{"status":"Extracting","progressDetail":{"current":1885,"total":1885},"progress":"[==================================================\u003e]  1.885kB/1.885kB","id":"5e6ea30360a0"}[\r][\n]"
20:48:32.785 [docker-java-stream--1781977736] DEBUG com.github.dockerjava.zerodep.shaded.org.apache.hc.client5.http.wire - http-outgoing-1 << "[\r][\n]"
20:48:32.785 [docker-java-stream--1781977736] DEBUG com.github.dockerjava.api.command.PullImageResultCallback - ResponseItem(stream=null, status=Extracting, progressDetail=ResponseItem.ProgressDetail(current=1885, total=1885, start=null), progress=[==================================================>]  1.885kB/1.885kB, id=5e6ea30360a0, from=null, time=null, errorDetail=null, error=null, aux=null)
20:48:32.829 [docker-java-stream--1781977736] DEBUG com.github.dockerjava.zerodep.shaded.org.apache.hc.client5.http.wire - http-outgoing-1 << "b5[\r][\n]"
20:48:32.829 [docker-java-stream--1781977736] DEBUG com.github.dockerjava.zerodep.shaded.org.apache.hc.client5.http.wire - http-outgoing-1 << "{"status":"Extracting","progressDetail":{"current":1885,"total":1885},"progress":"[==================================================\u003e]  1.885kB/1.885kB","id":"5e6ea30360a0"}[\r][\n]"
20:48:32.829 [docker-java-stream--1781977736] DEBUG com.github.dockerjava.zerodep.shaded.org.apache.hc.client5.http.wire - http-outgoing-1 << "[\r][\n]"
20:48:32.829 [docker-java-stream--1781977736] DEBUG com.github.dockerjava.api.command.PullImageResultCallback - ResponseItem(stream=null, status=Extracting, progressDetail=ResponseItem.ProgressDetail(current=1885, total=1885, start=null), progress=[==================================================>]  1.885kB/1.885kB, id=5e6ea30360a0, from=null, time=null, errorDetail=null, error=null, aux=null)
20:48:32.852 [docker-java-stream--1781977736] DEBUG com.github.dockerjava.zerodep.shaded.org.apache.hc.client5.http.wire - http-outgoing-1 << "44[\r][\n]"
20:48:32.852 [docker-java-stream--1781977736] DEBUG com.github.dockerjava.zerodep.shaded.org.apache.hc.client5.http.wire - http-outgoing-1 << "{"status":"Pull complete","progressDetail":{},"id":"5e6ea30360a0"}[\r][\n]"
20:48:32.852 [docker-java-stream--1781977736] DEBUG com.github.dockerjava.zerodep.shaded.org.apache.hc.client5.http.wire - http-outgoing-1 << "[\r][\n]"
20:48:32.852 [docker-java-stream--1781977736] DEBUG com.github.dockerjava.api.command.PullImageResultCallback - ResponseItem(stream=null, status=Pull complete, progressDetail=ResponseItem.ProgressDetail(current=null, total=null, start=null), progress=null, id=5e6ea30360a0, from=null, time=null, errorDetail=null, error=null, aux=null)
20:48:32.852 [docker-java-stream--1781977736] INFO 🐳 [mongo:4.4.2] - Pulling image layers:  1 pending, 11 downloaded,  4 extracted, (53 MB/? MB)
20:48:32.857 [docker-java-stream--1781977736] DEBUG com.github.dockerjava.zerodep.shaded.org.apache.hc.client5.http.wire - http-outgoing-1 << "b9[\r][\n]"
20:48:32.857 [docker-java-stream--1781977736] DEBUG com.github.dockerjava.zerodep.shaded.org.apache.hc.client5.http.wire - http-outgoing-1 << "{"status":"Extracting","progressDetail":{"current":32768,"total":2681902},"progress":"[\u003e                                                  ]  32.77kB/2.682MB","id":"b5906b3a79dd"}[\r][\n]"
20:48:32.857 [docker-java-stream--1781977736] DEBUG com.github.dockerjava.zerodep.shaded.org.apache.hc.client5.http.wire - http-outgoing-1 << "[\r][\n]"
20:48:32.857 [docker-java-stream--1781977736] DEBUG com.github.dockerjava.api.command.PullImageResultCallback - ResponseItem(stream=null, status=Extracting, progressDetail=ResponseItem.ProgressDetail(current=32768, total=2681902, start=null), progress=[>                                                  ]  32.77kB/2.682MB, id=b5906b3a79dd, from=null, time=null, errorDetail=null, error=null, aux=null)
20:48:32.873 [docker-java-stream--1781977736] DEBUG com.github.dockerjava.zerodep.shaded.org.apache.hc.client5.http.wire - http-outgoing-1 << "bf[\r][\n]"
20:48:32.873 [docker-java-stream--1781977736] DEBUG com.github.dockerjava.zerodep.shaded.org.apache.hc.client5.http.wire - http-outgoing-1 << "{"status":"Downloading","progressDetail":{"current":26375053,"total":136359405},"progress":"[=========\u003e                                         ]  26.38MB/136.4MB","id":"0e2cf09fa7c7"}[\r][\n]"
20:48:32.873 [docker-java-stream--1781977736] DEBUG com.github.dockerjava.zerodep.shaded.org.apache.hc.client5.http.wire - http-outgoing-1 << "[\r][\n]"
20:48:32.873 [docker-java-stream--1781977736] DEBUG com.github.dockerjava.api.command.PullImageResultCallback - ResponseItem(stream=null, status=Downloading, progressDetail=ResponseItem.ProgressDetail(current=26375053, total=136359405, start=null), progress=[=========>                                         ]  26.38MB/136.4MB, id=0e2cf09fa7c7, from=null, time=null, errorDetail=null, error=null, aux=null)
20:48:32.956 [docker-java-stream--1781977736] DEBUG com.github.dockerjava.zerodep.shaded.org.apache.hc.client5.http.wire - http-outgoing-1 << "bb[\r][\n]"
20:48:32.956 [docker-java-stream--1781977736] DEBUG com.github.dockerjava.zerodep.shaded.org.apache.hc.client5.http.wire - http-outgoing-1 << "{"status":"Extracting","progressDetail":{"current":1802240,"total":2681902},"progress":"[=================================\u003e                 ]  1.802MB/2.682MB","id":"b5906b3a79dd"}[\r][\n]"
20:48:32.956 [docker-java-stream--1781977736] DEBUG com.github.dockerjava.zerodep.shaded.org.apache.hc.client5.http.wire - http-outgoing-1 << "[\r][\n]"
20:48:32.956 [docker-java-stream--1781977736] DEBUG com.github.dockerjava.api.command.PullImageResultCallback - ResponseItem(stream=null, status=Extracting, progressDetail=ResponseItem.ProgressDetail(current=1802240, total=2681902, start=null), progress=[=================================>                 ]  1.802MB/2.682MB, id=b5906b3a79dd, from=null, time=null, errorDetail=null, error=null, aux=null)
20:48:32.992 [docker-java-stream--1781977736] DEBUG com.github.dockerjava.zerodep.shaded.org.apache.hc.client5.http.wire - http-outgoing-1 << "bb[\r][\n]"
20:48:32.993 [docker-java-stream--1781977736] DEBUG com.github.dockerjava.zerodep.shaded.org.apache.hc.client5.http.wire - http-outgoing-1 << "{"status":"Extracting","progressDetail":{"current":2681902,"total":2681902},"progress":"[==================================================\u003e]  2.682MB/2.682MB","id":"b5906b3a79dd"}[\r][\n]"
20:48:32.993 [docker-java-stream--1781977736] DEBUG com.github.dockerjava.zerodep.shaded.org.apache.hc.client5.http.wire - http-outgoing-1 << "[\r][\n]"
20:48:32.993 [docker-java-stream--1781977736] DEBUG com.github.dockerjava.api.command.PullImageResultCallback - ResponseItem(stream=null, status=Extracting, progressDetail=ResponseItem.ProgressDetail(current=2681902, total=2681902, start=null), progress=[==================================================>]  2.682MB/2.682MB, id=b5906b3a79dd, from=null, time=null, errorDetail=null, error=null, aux=null)
20:48:32.995 [docker-java-stream--1781977736] DEBUG com.github.dockerjava.zerodep.shaded.org.apache.hc.client5.http.wire - http-outgoing-1 << "bb[\r][\n]"
20:48:32.995 [docker-java-stream--1781977736] DEBUG com.github.dockerjava.zerodep.shaded.org.apache.hc.client5.http.wire - http-outgoing-1 << "{"status":"Extracting","progressDetail":{"current":2681902,"total":2681902},"progress":"[==================================================\u003e]  2.682MB/2.682MB","id":"b5906b3a79dd"}[\r][\n]"
20:48:32.995 [docker-java-stream--1781977736] DEBUG com.github.dockerjava.zerodep.shaded.org.apache.hc.client5.http.wire - http-outgoing-1 << "[\r][\n]"
20:48:32.995 [docker-java-stream--1781977736] DEBUG com.github.dockerjava.api.command.PullImageResultCallback - ResponseItem(stream=null, status=Extracting, progressDetail=ResponseItem.ProgressDetail(current=2681902, total=2681902, start=null), progress=[==================================================>]  2.682MB/2.682MB, id=b5906b3a79dd, from=null, time=null, errorDetail=null, error=null, aux=null)
20:48:33.006 [docker-java-stream--1781977736] DEBUG com.github.dockerjava.zerodep.shaded.org.apache.hc.client5.http.wire - http-outgoing-1 << "bf[\r][\n]"
20:48:33.007 [docker-java-stream--1781977736] DEBUG com.github.dockerjava.zerodep.shaded.org.apache.hc.client5.http.wire - http-outgoing-1 << "{"status":"Downloading","progressDetail":{"current":27448205,"total":136359405},"progress":"[==========\u003e                                        ]  27.45MB/136.4MB","id":"0e2cf09fa7c7"}[\r][\n]"
20:48:33.007 [docker-java-stream--1781977736] DEBUG com.github.dockerjava.zerodep.shaded.org.apache.hc.client5.http.wire - http-outgoing-1 << "[\r][\n]"
20:48:33.007 [docker-java-stream--1781977736] DEBUG com.github.dockerjava.api.command.PullImageResultCallback - ResponseItem(stream=null, status=Downloading, progressDetail=ResponseItem.ProgressDetail(current=27448205, total=136359405, start=null), progress=[==========>                                        ]  27.45MB/136.4MB, id=0e2cf09fa7c7, from=null, time=null, errorDetail=null, error=null, aux=null)
20:48:33.012 [docker-java-stream--1781977736] DEBUG com.github.dockerjava.zerodep.shaded.org.apache.hc.client5.http.wire - http-outgoing-1 << "44[\r][\n]"
20:48:33.012 [docker-java-stream--1781977736] DEBUG com.github.dockerjava.zerodep.shaded.org.apache.hc.client5.http.wire - http-outgoing-1 << "{"status":"Pull complete","progressDetail":{},"id":"b5906b3a79dd"}[\r][\n]"
20:48:33.012 [docker-java-stream--1781977736] DEBUG com.github.dockerjava.zerodep.shaded.org.apache.hc.client5.http.wire - http-outgoing-1 << "[\r][\n]"
20:48:33.013 [docker-java-stream--1781977736] DEBUG com.github.dockerjava.api.command.PullImageResultCallback - ResponseItem(stream=null, status=Pull complete, progressDetail=ResponseItem.ProgressDetail(current=null, total=null, start=null), progress=null, id=b5906b3a79dd, from=null, time=null, errorDetail=null, error=null, aux=null)
20:48:33.013 [docker-java-stream--1781977736] INFO 🐳 [mongo:4.4.2] - Pulling image layers:  1 pending, 11 downloaded,  5 extracted, (56 MB/? MB)
20:48:33.050 [docker-java-stream--1781977736] DEBUG com.github.dockerjava.zerodep.shaded.org.apache.hc.client5.http.wire - http-outgoing-1 << "b9[\r][\n]"
20:48:33.050 [docker-java-stream--1781977736] DEBUG com.github.dockerjava.zerodep.shaded.org.apache.hc.client5.http.wire - http-outgoing-1 << "{"status":"Extracting","progressDetail":{"current":65536,"total":5346719},"progress":"[\u003e                                                  ]  65.54kB/5.347MB","id":"18019bad1da0"}[\r][\n]"
20:48:33.050 [docker-java-stream--1781977736] DEBUG com.github.dockerjava.zerodep.shaded.org.apache.hc.client5.http.wire - http-outgoing-1 << "[\r][\n]"
20:48:33.051 [docker-java-stream--1781977736] DEBUG com.github.dockerjava.api.command.PullImageResultCallback - ResponseItem(stream=null, status=Extracting, progressDetail=ResponseItem.ProgressDetail(current=65536, total=5346719, start=null), progress=[>                                                  ]  65.54kB/5.347MB, id=18019bad1da0, from=null, time=null, errorDetail=null, error=null, aux=null)
20:48:33.143 [docker-java-stream--1781977736] DEBUG com.github.dockerjava.zerodep.shaded.org.apache.hc.client5.http.wire - http-outgoing-1 << "bf[\r][\n]"
20:48:33.143 [docker-java-stream--1781977736] DEBUG com.github.dockerjava.zerodep.shaded.org.apache.hc.client5.http.wire - http-outgoing-1 << "{"status":"Downloading","progressDetail":{"current":28529549,"total":136359405},"progress":"[==========\u003e                                        ]  28.53MB/136.4MB","id":"0e2cf09fa7c7"}[\r][\n]"
20:48:33.143 [docker-java-stream--1781977736] DEBUG com.github.dockerjava.zerodep.shaded.org.apache.hc.client5.http.wire - http-outgoing-1 << "[\r][\n]"
20:48:33.143 [docker-java-stream--1781977736] DEBUG com.github.dockerjava.api.command.PullImageResultCallback - ResponseItem(stream=null, status=Downloading, progressDetail=ResponseItem.ProgressDetail(current=28529549, total=136359405, start=null), progress=[==========>                                        ]  28.53MB/136.4MB, id=0e2cf09fa7c7, from=null, time=null, errorDetail=null, error=null, aux=null)
20:48:33.150 [docker-java-stream--1781977736] DEBUG com.github.dockerjava.zerodep.shaded.org.apache.hc.client5.http.wire - http-outgoing-1 << "bb[\r][\n]"
20:48:33.150 [docker-java-stream--1781977736] DEBUG com.github.dockerjava.zerodep.shaded.org.apache.hc.client5.http.wire - http-outgoing-1 << "{"status":"Extracting","progressDetail":{"current":3866624,"total":5346719},"progress":"[====================================\u003e              ]  3.867MB/5.347MB","id":"18019bad1da0"}[\r][\n]"
20:48:33.150 [docker-java-stream--1781977736] DEBUG com.github.dockerjava.zerodep.shaded.org.apache.hc.client5.http.wire - http-outgoing-1 << "[\r][\n]"
20:48:33.150 [docker-java-stream--1781977736] DEBUG com.github.dockerjava.api.command.PullImageResultCallback - ResponseItem(stream=null, status=Extracting, progressDetail=ResponseItem.ProgressDetail(current=3866624, total=5346719, start=null), progress=[====================================>              ]  3.867MB/5.347MB, id=18019bad1da0, from=null, time=null, errorDetail=null, error=null, aux=null)
20:48:33.220 [docker-java-stream--1781977736] DEBUG com.github.dockerjava.zerodep.shaded.org.apache.hc.client5.http.wire - http-outgoing-1 << "bb[\r][\n]"
20:48:33.220 [docker-java-stream--1781977736] DEBUG com.github.dockerjava.zerodep.shaded.org.apache.hc.client5.http.wire - http-outgoing-1 << "{"status":"Extracting","progressDetail":{"current":5346719,"total":5346719},"progress":"[==================================================\u003e]  5.347MB/5.347MB","id":"18019bad1da0"}[\r][\n]"
20:48:33.220 [docker-java-stream--1781977736] DEBUG com.github.dockerjava.zerodep.shaded.org.apache.hc.client5.http.wire - http-outgoing-1 << "[\r][\n]"
20:48:33.220 [docker-java-stream--1781977736] DEBUG com.github.dockerjava.api.command.PullImageResultCallback - ResponseItem(stream=null, status=Extracting, progressDetail=ResponseItem.ProgressDetail(current=5346719, total=5346719, start=null), progress=[==================================================>]  5.347MB/5.347MB, id=18019bad1da0, from=null, time=null, errorDetail=null, error=null, aux=null)
20:48:33.235 [docker-java-stream--1781977736] DEBUG com.github.dockerjava.zerodep.shaded.org.apache.hc.client5.http.wire - http-outgoing-1 << "44[\r][\n]"
20:48:33.235 [docker-java-stream--1781977736] DEBUG com.github.dockerjava.zerodep.shaded.org.apache.hc.client5.http.wire - http-outgoing-1 << "{"status":"Pull complete","progressDetail":{},"id":"18019bad1da0"}[\r][\n]"
20:48:33.235 [docker-java-stream--1781977736] DEBUG com.github.dockerjava.zerodep.shaded.org.apache.hc.client5.http.wire - http-outgoing-1 << "[\r][\n]"
20:48:33.235 [docker-java-stream--1781977736] DEBUG com.github.dockerjava.api.command.PullImageResultCallback - ResponseItem(stream=null, status=Pull complete, progressDetail=ResponseItem.ProgressDetail(current=null, total=null, start=null), progress=null, id=18019bad1da0, from=null, time=null, errorDetail=null, error=null, aux=null)
20:48:33.235 [docker-java-stream--1781977736] INFO 🐳 [mongo:4.4.2] - Pulling image layers:  1 pending, 11 downloaded,  6 extracted, (57 MB/? MB)
20:48:33.238 [docker-java-stream--1781977736] DEBUG com.github.dockerjava.zerodep.shaded.org.apache.hc.client5.http.wire - http-outgoing-1 << "b0[\r][\n]"
20:48:33.238 [docker-java-stream--1781977736] DEBUG com.github.dockerjava.zerodep.shaded.org.apache.hc.client5.http.wire - http-outgoing-1 << "{"status":"Extracting","progressDetail":{"current":149,"total":149},"progress":"[==================================================\u003e]     149B/149B","id":"ed0caaa340ca"}[\r][\n]"
20:48:33.238 [docker-java-stream--1781977736] DEBUG com.github.dockerjava.zerodep.shaded.org.apache.hc.client5.http.wire - http-outgoing-1 << "[\r][\n]"
20:48:33.238 [docker-java-stream--1781977736] DEBUG com.github.dockerjava.api.command.PullImageResultCallback - ResponseItem(stream=null, status=Extracting, progressDetail=ResponseItem.ProgressDetail(current=149, total=149, start=null), progress=[==================================================>]     149B/149B, id=ed0caaa340ca, from=null, time=null, errorDetail=null, error=null, aux=null)
20:48:33.239 [docker-java-stream--1781977736] DEBUG com.github.dockerjava.zerodep.shaded.org.apache.hc.client5.http.wire - http-outgoing-1 << "b0[\r][\n]"
20:48:33.239 [docker-java-stream--1781977736] DEBUG com.github.dockerjava.zerodep.shaded.org.apache.hc.client5.http.wire - http-outgoing-1 << "{"status":"Extracting","progressDetail":{"current":149,"total":149},"progress":"[==================================================\u003e]     149B/149B","id":"ed0caaa340ca"}[\r][\n]"
20:48:33.239 [docker-java-stream--1781977736] DEBUG com.github.dockerjava.zerodep.shaded.org.apache.hc.client5.http.wire - http-outgoing-1 << "[\r][\n]"
20:48:33.239 [docker-java-stream--1781977736] DEBUG com.github.dockerjava.api.command.PullImageResultCallback - ResponseItem(stream=null, status=Extracting, progressDetail=ResponseItem.ProgressDetail(current=149, total=149, start=null), progress=[==================================================>]     149B/149B, id=ed0caaa340ca, from=null, time=null, errorDetail=null, error=null, aux=null)
20:48:33.282 [docker-java-stream--1781977736] DEBUG com.github.dockerjava.zerodep.shaded.org.apache.hc.client5.http.wire - http-outgoing-1 << "bf[\r][\n]"
20:48:33.282 [docker-java-stream--1781977736] DEBUG com.github.dockerjava.zerodep.shaded.org.apache.hc.client5.http.wire - http-outgoing-1 << "{"status":"Downloading","progressDetail":{"current":29602701,"total":136359405},"progress":"[==========\u003e                                        ]   29.6MB/136.4MB","id":"0e2cf09fa7c7"}[\r][\n]"
20:48:33.282 [docker-java-stream--1781977736] DEBUG com.github.dockerjava.zerodep.shaded.org.apache.hc.client5.http.wire - http-outgoing-1 << "[\r][\n]"
20:48:33.282 [docker-java-stream--1781977736] DEBUG com.github.dockerjava.api.command.PullImageResultCallback - ResponseItem(stream=null, status=Downloading, progressDetail=ResponseItem.ProgressDetail(current=29602701, total=136359405, start=null), progress=[==========>                                        ]   29.6MB/136.4MB, id=0e2cf09fa7c7, from=null, time=null, errorDetail=null, error=null, aux=null)
20:48:33.287 [docker-java-stream--1781977736] DEBUG com.github.dockerjava.zerodep.shaded.org.apache.hc.client5.http.wire - http-outgoing-1 << "44[\r][\n]"
20:48:33.287 [docker-java-stream--1781977736] DEBUG com.github.dockerjava.zerodep.shaded.org.apache.hc.client5.http.wire - http-outgoing-1 << "{"status":"Pull complete","progressDetail":{},"id":"ed0caaa340ca"}[\r][\n]"
20:48:33.287 [docker-java-stream--1781977736] DEBUG com.github.dockerjava.zerodep.shaded.org.apache.hc.client5.http.wire - http-outgoing-1 << "[\r][\n]"
20:48:33.288 [docker-java-stream--1781977736] DEBUG com.github.dockerjava.api.command.PullImageResultCallback - ResponseItem(stream=null, status=Pull complete, progressDetail=ResponseItem.ProgressDetail(current=null, total=null, start=null), progress=null, id=ed0caaa340ca, from=null, time=null, errorDetail=null, error=null, aux=null)
20:48:33.288 [docker-java-stream--1781977736] INFO 🐳 [mongo:4.4.2] - Pulling image layers:  1 pending, 11 downloaded,  7 extracted, (58 MB/? MB)
20:48:33.293 [docker-java-stream--1781977736] DEBUG com.github.dockerjava.zerodep.shaded.org.apache.hc.client5.http.wire - http-outgoing-1 << "b5[\r][\n]"
20:48:33.293 [docker-java-stream--1781977736] DEBUG com.github.dockerjava.zerodep.shaded.org.apache.hc.client5.http.wire - http-outgoing-1 << "{"status":"Extracting","progressDetail":{"current":1428,"total":1428},"progress":"[==================================================\u003e]  1.428kB/1.428kB","id":"a4913f11c494"}[\r][\n]"
20:48:33.293 [docker-java-stream--1781977736] DEBUG com.github.dockerjava.zerodep.shaded.org.apache.hc.client5.http.wire - http-outgoing-1 << "[\r][\n]"
20:48:33.293 [docker-java-stream--1781977736] DEBUG com.github.dockerjava.api.command.PullImageResultCallback - ResponseItem(stream=null, status=Extracting, progressDetail=ResponseItem.ProgressDetail(current=1428, total=1428, start=null), progress=[==================================================>]  1.428kB/1.428kB, id=a4913f11c494, from=null, time=null, errorDetail=null, error=null, aux=null)
20:48:33.294 [docker-java-stream--1781977736] DEBUG com.github.dockerjava.zerodep.shaded.org.apache.hc.client5.http.wire - http-outgoing-1 << "b5[\r][\n]"
20:48:33.294 [docker-java-stream--1781977736] DEBUG com.github.dockerjava.zerodep.shaded.org.apache.hc.client5.http.wire - http-outgoing-1 << "{"status":"Extracting","progressDetail":{"current":1428,"total":1428},"progress":"[==================================================\u003e]  1.428kB/1.428kB","id":"a4913f11c494"}[\r][\n]"
20:48:33.294 [docker-java-stream--1781977736] DEBUG com.github.dockerjava.zerodep.shaded.org.apache.hc.client5.http.wire - http-outgoing-1 << "[\r][\n]"
20:48:33.294 [docker-java-stream--1781977736] DEBUG com.github.dockerjava.api.command.PullImageResultCallback - ResponseItem(stream=null, status=Extracting, progressDetail=ResponseItem.ProgressDetail(current=1428, total=1428, start=null), progress=[==================================================>]  1.428kB/1.428kB, id=a4913f11c494, from=null, time=null, errorDetail=null, error=null, aux=null)
20:48:33.345 [docker-java-stream--1781977736] DEBUG com.github.dockerjava.zerodep.shaded.org.apache.hc.client5.http.wire - http-outgoing-1 << "44[\r][\n]"
20:48:33.345 [docker-java-stream--1781977736] DEBUG com.github.dockerjava.zerodep.shaded.org.apache.hc.client5.http.wire - http-outgoing-1 << "{"status":"Pull complete","progressDetail":{},"id":"a4913f11c494"}[\r][\n]"
20:48:33.345 [docker-java-stream--1781977736] DEBUG com.github.dockerjava.zerodep.shaded.org.apache.hc.client5.http.wire - http-outgoing-1 << "[\r][\n]"
20:48:33.345 [docker-java-stream--1781977736] DEBUG com.github.dockerjava.api.command.PullImageResultCallback - ResponseItem(stream=null, status=Pull complete, progressDetail=ResponseItem.ProgressDetail(current=null, total=null, start=null), progress=null, id=a4913f11c494, from=null, time=null, errorDetail=null, error=null, aux=null)
20:48:33.346 [docker-java-stream--1781977736] INFO 🐳 [mongo:4.4.2] - Pulling image layers:  1 pending, 11 downloaded,  8 extracted, (58 MB/? MB)
20:48:33.349 [docker-java-stream--1781977736] DEBUG com.github.dockerjava.zerodep.shaded.org.apache.hc.client5.http.wire - http-outgoing-1 << "b0[\r][\n]"
20:48:33.349 [docker-java-stream--1781977736] DEBUG com.github.dockerjava.zerodep.shaded.org.apache.hc.client5.http.wire - http-outgoing-1 << "{"status":"Extracting","progressDetail":{"current":239,"total":239},"progress":"[==================================================\u003e]     239B/239B","id":"ecdcb5672d7b"}[\r][\n]"
20:48:33.349 [docker-java-stream--1781977736] DEBUG com.github.dockerjava.zerodep.shaded.org.apache.hc.client5.http.wire - http-outgoing-1 << "[\r][\n]"
20:48:33.349 [docker-java-stream--1781977736] DEBUG com.github.dockerjava.api.command.PullImageResultCallback - ResponseItem(stream=null, status=Extracting, progressDetail=ResponseItem.ProgressDetail(current=239, total=239, start=null), progress=[==================================================>]     239B/239B, id=ecdcb5672d7b, from=null, time=null, errorDetail=null, error=null, aux=null)
20:48:33.351 [docker-java-stream--1781977736] DEBUG com.github.dockerjava.zerodep.shaded.org.apache.hc.client5.http.wire - http-outgoing-1 << "b0[\r][\n]"
20:48:33.351 [docker-java-stream--1781977736] DEBUG com.github.dockerjava.zerodep.shaded.org.apache.hc.client5.http.wire - http-outgoing-1 << "{"status":"Extracting","progressDetail":{"current":239,"total":239},"progress":"[==================================================\u003e]     239B/239B","id":"ecdcb5672d7b"}[\r][\n]"
20:48:33.351 [docker-java-stream--1781977736] DEBUG com.github.dockerjava.zerodep.shaded.org.apache.hc.client5.http.wire - http-outgoing-1 << "[\r][\n]"
20:48:33.351 [docker-java-stream--1781977736] DEBUG com.github.dockerjava.api.command.PullImageResultCallback - ResponseItem(stream=null, status=Extracting, progressDetail=ResponseItem.ProgressDetail(current=239, total=239, start=null), progress=[==================================================>]     239B/239B, id=ecdcb5672d7b, from=null, time=null, errorDetail=null, error=null, aux=null)
20:48:33.411 [docker-java-stream--1781977736] DEBUG com.github.dockerjava.zerodep.shaded.org.apache.hc.client5.http.wire - http-outgoing-1 << "bf[\r][\n]"
20:48:33.411 [docker-java-stream--1781977736] DEBUG com.github.dockerjava.zerodep.shaded.org.apache.hc.client5.http.wire - http-outgoing-1 << "{"status":"Downloading","progressDetail":{"current":30684045,"total":136359405},"progress":"[===========\u003e                                       ]  30.68MB/136.4MB","id":"0e2cf09fa7c7"}[\r][\n]"
20:48:33.411 [docker-java-stream--1781977736] DEBUG com.github.dockerjava.zerodep.shaded.org.apache.hc.client5.http.wire - http-outgoing-1 << "[\r][\n]"
20:48:33.411 [docker-java-stream--1781977736] DEBUG com.github.dockerjava.api.command.PullImageResultCallback - ResponseItem(stream=null, status=Downloading, progressDetail=ResponseItem.ProgressDetail(current=30684045, total=136359405, start=null), progress=[===========>                                       ]  30.68MB/136.4MB, id=0e2cf09fa7c7, from=null, time=null, errorDetail=null, error=null, aux=null)
20:48:33.494 [docker-java-stream--1781977736] DEBUG com.github.dockerjava.zerodep.shaded.org.apache.hc.client5.http.wire - http-outgoing-1 << "44[\r][\n]"
20:48:33.495 [docker-java-stream--1781977736] DEBUG com.github.dockerjava.zerodep.shaded.org.apache.hc.client5.http.wire - http-outgoing-1 << "{"status":"Pull complete","progressDetail":{},"id":"ecdcb5672d7b"}[\r][\n]"
20:48:33.495 [docker-java-stream--1781977736] DEBUG com.github.dockerjava.zerodep.shaded.org.apache.hc.client5.http.wire - http-outgoing-1 << "[\r][\n]"
20:48:33.495 [docker-java-stream--1781977736] DEBUG com.github.dockerjava.api.command.PullImageResultCallback - ResponseItem(stream=null, status=Pull complete, progressDetail=ResponseItem.ProgressDetail(current=null, total=null, start=null), progress=null, id=ecdcb5672d7b, from=null, time=null, errorDetail=null, error=null, aux=null)
20:48:33.495 [docker-java-stream--1781977736] INFO 🐳 [mongo:4.4.2] - Pulling image layers:  1 pending, 11 downloaded,  9 extracted, (59 MB/? MB)
20:48:33.547 [docker-java-stream--1781977736] DEBUG com.github.dockerjava.zerodep.shaded.org.apache.hc.client5.http.wire - http-outgoing-1 << "bf[\r][\n]"
20:48:33.547 [docker-java-stream--1781977736] DEBUG com.github.dockerjava.zerodep.shaded.org.apache.hc.client5.http.wire - http-outgoing-1 << "{"status":"Downloading","progressDetail":{"current":31765389,"total":136359405},"progress":"[===========\u003e                                       ]  31.77MB/136.4MB","id":"0e2cf09fa7c7"}[\r][\n]"
20:48:33.547 [docker-java-stream--1781977736] DEBUG com.github.dockerjava.zerodep.shaded.org.apache.hc.client5.http.wire - http-outgoing-1 << "[\r][\n]"
20:48:33.547 [docker-java-stream--1781977736] DEBUG com.github.dockerjava.api.command.PullImageResultCallback - ResponseItem(stream=null, status=Downloading, progressDetail=ResponseItem.ProgressDetail(current=31765389, total=136359405, start=null), progress=[===========>                                       ]  31.77MB/136.4MB, id=0e2cf09fa7c7, from=null, time=null, errorDetail=null, error=null, aux=null)
20:48:33.679 [docker-java-stream--1781977736] DEBUG com.github.dockerjava.zerodep.shaded.org.apache.hc.client5.http.wire - http-outgoing-1 << "bf[\r][\n]"
20:48:33.679 [docker-java-stream--1781977736] DEBUG com.github.dockerjava.zerodep.shaded.org.apache.hc.client5.http.wire - http-outgoing-1 << "{"status":"Downloading","progressDetail":{"current":32830349,"total":136359405},"progress":"[============\u003e                                      ]  32.83MB/136.4MB","id":"0e2cf09fa7c7"}[\r][\n]"
20:48:33.679 [docker-java-stream--1781977736] DEBUG com.github.dockerjava.zerodep.shaded.org.apache.hc.client5.http.wire - http-outgoing-1 << "[\r][\n]"
20:48:33.679 [docker-java-stream--1781977736] DEBUG com.github.dockerjava.api.command.PullImageResultCallback - ResponseItem(stream=null, status=Downloading, progressDetail=ResponseItem.ProgressDetail(current=32830349, total=136359405, start=null), progress=[============>                                      ]  32.83MB/136.4MB, id=0e2cf09fa7c7, from=null, time=null, errorDetail=null, error=null, aux=null)
20:48:33.813 [docker-java-stream--1781977736] DEBUG com.github.dockerjava.zerodep.shaded.org.apache.hc.client5.http.wire - http-outgoing-1 << "bf[\r][\n]"
20:48:33.813 [docker-java-stream--1781977736] DEBUG com.github.dockerjava.zerodep.shaded.org.apache.hc.client5.http.wire - http-outgoing-1 << "{"status":"Downloading","progressDetail":{"current":33911693,"total":136359405},"progress":"[============\u003e                                      ]  33.91MB/136.4MB","id":"0e2cf09fa7c7"}[\r][\n]"
20:48:33.813 [docker-java-stream--1781977736] DEBUG com.github.dockerjava.zerodep.shaded.org.apache.hc.client5.http.wire - http-outgoing-1 << "[\r][\n]"
20:48:33.814 [docker-java-stream--1781977736] DEBUG com.github.dockerjava.api.command.PullImageResultCallback - ResponseItem(stream=null, status=Downloading, progressDetail=ResponseItem.ProgressDetail(current=33911693, total=136359405, start=null), progress=[============>                                      ]  33.91MB/136.4MB, id=0e2cf09fa7c7, from=null, time=null, errorDetail=null, error=null, aux=null)
20:48:33.949 [docker-java-stream--1781977736] DEBUG com.github.dockerjava.zerodep.shaded.org.apache.hc.client5.http.wire - http-outgoing-1 << "bf[\r][\n]"
20:48:33.949 [docker-java-stream--1781977736] DEBUG com.github.dockerjava.zerodep.shaded.org.apache.hc.client5.http.wire - http-outgoing-1 << "{"status":"Downloading","progressDetail":{"current":34984845,"total":136359405},"progress":"[============\u003e                                      ]  34.98MB/136.4MB","id":"0e2cf09fa7c7"}[\r][\n]"
20:48:33.949 [docker-java-stream--1781977736] DEBUG com.github.dockerjava.zerodep.shaded.org.apache.hc.client5.http.wire - http-outgoing-1 << "[\r][\n]"
20:48:33.949 [docker-java-stream--1781977736] DEBUG com.github.dockerjava.api.command.PullImageResultCallback - ResponseItem(stream=null, status=Downloading, progressDetail=ResponseItem.ProgressDetail(current=34984845, total=136359405, start=null), progress=[============>                                      ]  34.98MB/136.4MB, id=0e2cf09fa7c7, from=null, time=null, errorDetail=null, error=null, aux=null)
20:48:34.087 [docker-java-stream--1781977736] DEBUG com.github.dockerjava.zerodep.shaded.org.apache.hc.client5.http.wire - http-outgoing-1 << "bf[\r][\n]"
20:48:34.087 [docker-java-stream--1781977736] DEBUG com.github.dockerjava.zerodep.shaded.org.apache.hc.client5.http.wire - http-outgoing-1 << "{"status":"Downloading","progressDetail":{"current":36066189,"total":136359405},"progress":"[=============\u003e                                     ]  36.07MB/136.4MB","id":"0e2cf09fa7c7"}[\r][\n]"
20:48:34.087 [docker-java-stream--1781977736] DEBUG com.github.dockerjava.zerodep.shaded.org.apache.hc.client5.http.wire - http-outgoing-1 << "[\r][\n]"
20:48:34.087 [docker-java-stream--1781977736] DEBUG com.github.dockerjava.api.command.PullImageResultCallback - ResponseItem(stream=null, status=Downloading, progressDetail=ResponseItem.ProgressDetail(current=36066189, total=136359405, start=null), progress=[=============>                                     ]  36.07MB/136.4MB, id=0e2cf09fa7c7, from=null, time=null, errorDetail=null, error=null, aux=null)
20:48:34.217 [docker-java-stream--1781977736] DEBUG com.github.dockerjava.zerodep.shaded.org.apache.hc.client5.http.wire - http-outgoing-1 << "bf[\r][\n]"
20:48:34.217 [docker-java-stream--1781977736] DEBUG com.github.dockerjava.zerodep.shaded.org.apache.hc.client5.http.wire - http-outgoing-1 << "{"status":"Downloading","progressDetail":{"current":37147533,"total":136359405},"progress":"[=============\u003e                                     ]  37.15MB/136.4MB","id":"0e2cf09fa7c7"}[\r][\n]"
20:48:34.217 [docker-java-stream--1781977736] DEBUG com.github.dockerjava.zerodep.shaded.org.apache.hc.client5.http.wire - http-outgoing-1 << "[\r][\n]"
20:48:34.218 [docker-java-stream--1781977736] DEBUG com.github.dockerjava.api.command.PullImageResultCallback - ResponseItem(stream=null, status=Downloading, progressDetail=ResponseItem.ProgressDetail(current=37147533, total=136359405, start=null), progress=[=============>                                     ]  37.15MB/136.4MB, id=0e2cf09fa7c7, from=null, time=null, errorDetail=null, error=null, aux=null)
20:48:34.354 [docker-java-stream--1781977736] DEBUG com.github.dockerjava.zerodep.shaded.org.apache.hc.client5.http.wire - http-outgoing-1 << "bf[\r][\n]"
20:48:34.354 [docker-java-stream--1781977736] DEBUG com.github.dockerjava.zerodep.shaded.org.apache.hc.client5.http.wire - http-outgoing-1 << "{"status":"Downloading","progressDetail":{"current":38228877,"total":136359405},"progress":"[==============\u003e                                    ]  38.23MB/136.4MB","id":"0e2cf09fa7c7"}[\r][\n]"
20:48:34.354 [docker-java-stream--1781977736] DEBUG com.github.dockerjava.zerodep.shaded.org.apache.hc.client5.http.wire - http-outgoing-1 << "[\r][\n]"
20:48:34.354 [docker-java-stream--1781977736] DEBUG com.github.dockerjava.api.command.PullImageResultCallback - ResponseItem(stream=null, status=Downloading, progressDetail=ResponseItem.ProgressDetail(current=38228877, total=136359405, start=null), progress=[==============>                                    ]  38.23MB/136.4MB, id=0e2cf09fa7c7, from=null, time=null, errorDetail=null, error=null, aux=null)
20:48:34.489 [docker-java-stream--1781977736] DEBUG com.github.dockerjava.zerodep.shaded.org.apache.hc.client5.http.wire - http-outgoing-1 << "bf[\r][\n]"
20:48:34.489 [docker-java-stream--1781977736] DEBUG com.github.dockerjava.zerodep.shaded.org.apache.hc.client5.http.wire - http-outgoing-1 << "{"status":"Downloading","progressDetail":{"current":39310221,"total":136359405},"progress":"[==============\u003e                                    ]  39.31MB/136.4MB","id":"0e2cf09fa7c7"}[\r][\n]"
20:48:34.489 [docker-java-stream--1781977736] DEBUG com.github.dockerjava.zerodep.shaded.org.apache.hc.client5.http.wire - http-outgoing-1 << "[\r][\n]"
20:48:34.489 [docker-java-stream--1781977736] DEBUG com.github.dockerjava.api.command.PullImageResultCallback - ResponseItem(stream=null, status=Downloading, progressDetail=ResponseItem.ProgressDetail(current=39310221, total=136359405, start=null), progress=[==============>                                    ]  39.31MB/136.4MB, id=0e2cf09fa7c7, from=null, time=null, errorDetail=null, error=null, aux=null)
20:48:34.622 [docker-java-stream--1781977736] DEBUG com.github.dockerjava.zerodep.shaded.org.apache.hc.client5.http.wire - http-outgoing-1 << "bf[\r][\n]"
20:48:34.622 [docker-java-stream--1781977736] DEBUG com.github.dockerjava.zerodep.shaded.org.apache.hc.client5.http.wire - http-outgoing-1 << "{"status":"Downloading","progressDetail":{"current":40391565,"total":136359405},"progress":"[==============\u003e                                    ]  40.39MB/136.4MB","id":"0e2cf09fa7c7"}[\r][\n]"
20:48:34.622 [docker-java-stream--1781977736] DEBUG com.github.dockerjava.zerodep.shaded.org.apache.hc.client5.http.wire - http-outgoing-1 << "[\r][\n]"
20:48:34.623 [docker-java-stream--1781977736] DEBUG com.github.dockerjava.api.command.PullImageResultCallback - ResponseItem(stream=null, status=Downloading, progressDetail=ResponseItem.ProgressDetail(current=40391565, total=136359405, start=null), progress=[==============>                                    ]  40.39MB/136.4MB, id=0e2cf09fa7c7, from=null, time=null, errorDetail=null, error=null, aux=null)
20:48:34.762 [docker-java-stream--1781977736] DEBUG com.github.dockerjava.zerodep.shaded.org.apache.hc.client5.http.wire - http-outgoing-1 << "bf[\r][\n]"
20:48:34.762 [docker-java-stream--1781977736] DEBUG com.github.dockerjava.zerodep.shaded.org.apache.hc.client5.http.wire - http-outgoing-1 << "{"status":"Downloading","progressDetail":{"current":41460621,"total":136359405},"progress":"[===============\u003e                                   ]  41.46MB/136.4MB","id":"0e2cf09fa7c7"}[\r][\n]"
20:48:34.762 [docker-java-stream--1781977736] DEBUG com.github.dockerjava.zerodep.shaded.org.apache.hc.client5.http.wire - http-outgoing-1 << "[\r][\n]"
20:48:34.762 [docker-java-stream--1781977736] DEBUG com.github.dockerjava.api.command.PullImageResultCallback - ResponseItem(stream=null, status=Downloading, progressDetail=ResponseItem.ProgressDetail(current=41460621, total=136359405, start=null), progress=[===============>                                   ]  41.46MB/136.4MB, id=0e2cf09fa7c7, from=null, time=null, errorDetail=null, error=null, aux=null)
20:48:34.892 [docker-java-stream--1781977736] DEBUG com.github.dockerjava.zerodep.shaded.org.apache.hc.client5.http.wire - http-outgoing-1 << "bf[\r][\n]"
20:48:34.892 [docker-java-stream--1781977736] DEBUG com.github.dockerjava.zerodep.shaded.org.apache.hc.client5.http.wire - http-outgoing-1 << "{"status":"Downloading","progressDetail":{"current":42525581,"total":136359405},"progress":"[===============\u003e                                   ]  42.53MB/136.4MB","id":"0e2cf09fa7c7"}[\r][\n]"
20:48:34.892 [docker-java-stream--1781977736] DEBUG com.github.dockerjava.zerodep.shaded.org.apache.hc.client5.http.wire - http-outgoing-1 << "[\r][\n]"
20:48:34.893 [docker-java-stream--1781977736] DEBUG com.github.dockerjava.api.command.PullImageResultCallback - ResponseItem(stream=null, status=Downloading, progressDetail=ResponseItem.ProgressDetail(current=42525581, total=136359405, start=null), progress=[===============>                                   ]  42.53MB/136.4MB, id=0e2cf09fa7c7, from=null, time=null, errorDetail=null, error=null, aux=null)
20:48:35.023 [docker-java-stream--1781977736] DEBUG com.github.dockerjava.zerodep.shaded.org.apache.hc.client5.http.wire - http-outgoing-1 << "bf[\r][\n]"
20:48:35.023 [docker-java-stream--1781977736] DEBUG com.github.dockerjava.zerodep.shaded.org.apache.hc.client5.http.wire - http-outgoing-1 << "{"status":"Downloading","progressDetail":{"current":43594637,"total":136359405},"progress":"[===============\u003e                                   ]  43.59MB/136.4MB","id":"0e2cf09fa7c7"}[\r][\n]"
20:48:35.023 [docker-java-stream--1781977736] DEBUG com.github.dockerjava.zerodep.shaded.org.apache.hc.client5.http.wire - http-outgoing-1 << "[\r][\n]"
20:48:35.023 [docker-java-stream--1781977736] DEBUG com.github.dockerjava.api.command.PullImageResultCallback - ResponseItem(stream=null, status=Downloading, progressDetail=ResponseItem.ProgressDetail(current=43594637, total=136359405, start=null), progress=[===============>                                   ]  43.59MB/136.4MB, id=0e2cf09fa7c7, from=null, time=null, errorDetail=null, error=null, aux=null)
20:48:35.158 [docker-java-stream--1781977736] DEBUG com.github.dockerjava.zerodep.shaded.org.apache.hc.client5.http.wire - http-outgoing-1 << "bf[\r][\n]"
20:48:35.158 [docker-java-stream--1781977736] DEBUG com.github.dockerjava.zerodep.shaded.org.apache.hc.client5.http.wire - http-outgoing-1 << "{"status":"Downloading","progressDetail":{"current":44663693,"total":136359405},"progress":"[================\u003e                                  ]  44.66MB/136.4MB","id":"0e2cf09fa7c7"}[\r][\n]"
20:48:35.158 [docker-java-stream--1781977736] DEBUG com.github.dockerjava.zerodep.shaded.org.apache.hc.client5.http.wire - http-outgoing-1 << "[\r][\n]"
20:48:35.159 [docker-java-stream--1781977736] DEBUG com.github.dockerjava.api.command.PullImageResultCallback - ResponseItem(stream=null, status=Downloading, progressDetail=ResponseItem.ProgressDetail(current=44663693, total=136359405, start=null), progress=[================>                                  ]  44.66MB/136.4MB, id=0e2cf09fa7c7, from=null, time=null, errorDetail=null, error=null, aux=null)
20:48:35.291 [docker-java-stream--1781977736] DEBUG com.github.dockerjava.zerodep.shaded.org.apache.hc.client5.http.wire - http-outgoing-1 << "bf[\r][\n]"
20:48:35.292 [docker-java-stream--1781977736] DEBUG com.github.dockerjava.zerodep.shaded.org.apache.hc.client5.http.wire - http-outgoing-1 << "{"status":"Downloading","progressDetail":{"current":45740941,"total":136359405},"progress":"[================\u003e                                  ]  45.74MB/136.4MB","id":"0e2cf09fa7c7"}[\r][\n]"
20:48:35.292 [docker-java-stream--1781977736] DEBUG com.github.dockerjava.zerodep.shaded.org.apache.hc.client5.http.wire - http-outgoing-1 << "[\r][\n]"
20:48:35.292 [docker-java-stream--1781977736] DEBUG com.github.dockerjava.api.command.PullImageResultCallback - ResponseItem(stream=null, status=Downloading, progressDetail=ResponseItem.ProgressDetail(current=45740941, total=136359405, start=null), progress=[================>                                  ]  45.74MB/136.4MB, id=0e2cf09fa7c7, from=null, time=null, errorDetail=null, error=null, aux=null)
20:48:35.426 [docker-java-stream--1781977736] DEBUG com.github.dockerjava.zerodep.shaded.org.apache.hc.client5.http.wire - http-outgoing-1 << "bf[\r][\n]"
20:48:35.427 [docker-java-stream--1781977736] DEBUG com.github.dockerjava.zerodep.shaded.org.apache.hc.client5.http.wire - http-outgoing-1 << "{"status":"Downloading","progressDetail":{"current":46809997,"total":136359405},"progress":"[=================\u003e                                 ]  46.81MB/136.4MB","id":"0e2cf09fa7c7"}[\r][\n]"
20:48:35.427 [docker-java-stream--1781977736] DEBUG com.github.dockerjava.zerodep.shaded.org.apache.hc.client5.http.wire - http-outgoing-1 << "[\r][\n]"
20:48:35.427 [docker-java-stream--1781977736] DEBUG com.github.dockerjava.api.command.PullImageResultCallback - ResponseItem(stream=null, status=Downloading, progressDetail=ResponseItem.ProgressDetail(current=46809997, total=136359405, start=null), progress=[=================>                                 ]  46.81MB/136.4MB, id=0e2cf09fa7c7, from=null, time=null, errorDetail=null, error=null, aux=null)
20:48:35.560 [docker-java-stream--1781977736] DEBUG com.github.dockerjava.zerodep.shaded.org.apache.hc.client5.http.wire - http-outgoing-1 << "bf[\r][\n]"
20:48:35.560 [docker-java-stream--1781977736] DEBUG com.github.dockerjava.zerodep.shaded.org.apache.hc.client5.http.wire - http-outgoing-1 << "{"status":"Downloading","progressDetail":{"current":47887245,"total":136359405},"progress":"[=================\u003e                                 ]  47.89MB/136.4MB","id":"0e2cf09fa7c7"}[\r][\n]"
20:48:35.560 [docker-java-stream--1781977736] DEBUG com.github.dockerjava.zerodep.shaded.org.apache.hc.client5.http.wire - http-outgoing-1 << "[\r][\n]"
20:48:35.561 [docker-java-stream--1781977736] DEBUG com.github.dockerjava.api.command.PullImageResultCallback - ResponseItem(stream=null, status=Downloading, progressDetail=ResponseItem.ProgressDetail(current=47887245, total=136359405, start=null), progress=[=================>                                 ]  47.89MB/136.4MB, id=0e2cf09fa7c7, from=null, time=null, errorDetail=null, error=null, aux=null)
20:48:35.698 [docker-java-stream--1781977736] DEBUG com.github.dockerjava.zerodep.shaded.org.apache.hc.client5.http.wire - http-outgoing-1 << "bf[\r][\n]"
20:48:35.698 [docker-java-stream--1781977736] DEBUG com.github.dockerjava.zerodep.shaded.org.apache.hc.client5.http.wire - http-outgoing-1 << "{"status":"Downloading","progressDetail":{"current":48964493,"total":136359405},"progress":"[=================\u003e                                 ]  48.96MB/136.4MB","id":"0e2cf09fa7c7"}[\r][\n]"
20:48:35.698 [docker-java-stream--1781977736] DEBUG com.github.dockerjava.zerodep.shaded.org.apache.hc.client5.http.wire - http-outgoing-1 << "[\r][\n]"
20:48:35.699 [docker-java-stream--1781977736] DEBUG com.github.dockerjava.api.command.PullImageResultCallback - ResponseItem(stream=null, status=Downloading, progressDetail=ResponseItem.ProgressDetail(current=48964493, total=136359405, start=null), progress=[=================>                                 ]  48.96MB/136.4MB, id=0e2cf09fa7c7, from=null, time=null, errorDetail=null, error=null, aux=null)
20:48:35.830 [docker-java-stream--1781977736] DEBUG com.github.dockerjava.zerodep.shaded.org.apache.hc.client5.http.wire - http-outgoing-1 << "bf[\r][\n]"
20:48:35.830 [docker-java-stream--1781977736] DEBUG com.github.dockerjava.zerodep.shaded.org.apache.hc.client5.http.wire - http-outgoing-1 << "{"status":"Downloading","progressDetail":{"current":50045837,"total":136359405},"progress":"[==================\u003e                                ]  50.05MB/136.4MB","id":"0e2cf09fa7c7"}[\r][\n]"
20:48:35.830 [docker-java-stream--1781977736] DEBUG com.github.dockerjava.zerodep.shaded.org.apache.hc.client5.http.wire - http-outgoing-1 << "[\r][\n]"
20:48:35.831 [docker-java-stream--1781977736] DEBUG com.github.dockerjava.api.command.PullImageResultCallback - ResponseItem(stream=null, status=Downloading, progressDetail=ResponseItem.ProgressDetail(current=50045837, total=136359405, start=null), progress=[==================>                                ]  50.05MB/136.4MB, id=0e2cf09fa7c7, from=null, time=null, errorDetail=null, error=null, aux=null)
20:48:35.966 [docker-java-stream--1781977736] DEBUG com.github.dockerjava.zerodep.shaded.org.apache.hc.client5.http.wire - http-outgoing-1 << "bf[\r][\n]"
20:48:35.966 [docker-java-stream--1781977736] DEBUG com.github.dockerjava.zerodep.shaded.org.apache.hc.client5.http.wire - http-outgoing-1 << "{"status":"Downloading","progressDetail":{"current":51127181,"total":136359405},"progress":"[==================\u003e                                ]  51.13MB/136.4MB","id":"0e2cf09fa7c7"}[\r][\n]"
20:48:35.966 [docker-java-stream--1781977736] DEBUG com.github.dockerjava.zerodep.shaded.org.apache.hc.client5.http.wire - http-outgoing-1 << "[\r][\n]"
20:48:35.967 [docker-java-stream--1781977736] DEBUG com.github.dockerjava.api.command.PullImageResultCallback - ResponseItem(stream=null, status=Downloading, progressDetail=ResponseItem.ProgressDetail(current=51127181, total=136359405, start=null), progress=[==================>                                ]  51.13MB/136.4MB, id=0e2cf09fa7c7, from=null, time=null, errorDetail=null, error=null, aux=null)
20:48:36.098 [docker-java-stream--1781977736] DEBUG com.github.dockerjava.zerodep.shaded.org.apache.hc.client5.http.wire - http-outgoing-1 << "bf[\r][\n]"
20:48:36.099 [docker-java-stream--1781977736] DEBUG com.github.dockerjava.zerodep.shaded.org.apache.hc.client5.http.wire - http-outgoing-1 << "{"status":"Downloading","progressDetail":{"current":52208525,"total":136359405},"progress":"[===================\u003e                               ]  52.21MB/136.4MB","id":"0e2cf09fa7c7"}[\r][\n]"
20:48:36.099 [docker-java-stream--1781977736] DEBUG com.github.dockerjava.zerodep.shaded.org.apache.hc.client5.http.wire - http-outgoing-1 << "[\r][\n]"
20:48:36.099 [docker-java-stream--1781977736] DEBUG com.github.dockerjava.api.command.PullImageResultCallback - ResponseItem(stream=null, status=Downloading, progressDetail=ResponseItem.ProgressDetail(current=52208525, total=136359405, start=null), progress=[===================>                               ]  52.21MB/136.4MB, id=0e2cf09fa7c7, from=null, time=null, errorDetail=null, error=null, aux=null)
20:48:36.236 [docker-java-stream--1781977736] DEBUG com.github.dockerjava.zerodep.shaded.org.apache.hc.client5.http.wire - http-outgoing-1 << "bf[\r][\n]"
20:48:36.236 [docker-java-stream--1781977736] DEBUG com.github.dockerjava.zerodep.shaded.org.apache.hc.client5.http.wire - http-outgoing-1 << "{"status":"Downloading","progressDetail":{"current":53281677,"total":136359405},"progress":"[===================\u003e                               ]  53.28MB/136.4MB","id":"0e2cf09fa7c7"}[\r][\n]"
20:48:36.236 [docker-java-stream--1781977736] DEBUG com.github.dockerjava.zerodep.shaded.org.apache.hc.client5.http.wire - http-outgoing-1 << "[\r][\n]"
20:48:36.237 [docker-java-stream--1781977736] DEBUG com.github.dockerjava.api.command.PullImageResultCallback - ResponseItem(stream=null, status=Downloading, progressDetail=ResponseItem.ProgressDetail(current=53281677, total=136359405, start=null), progress=[===================>                               ]  53.28MB/136.4MB, id=0e2cf09fa7c7, from=null, time=null, errorDetail=null, error=null, aux=null)
20:48:36.369 [docker-java-stream--1781977736] DEBUG com.github.dockerjava.zerodep.shaded.org.apache.hc.client5.http.wire - http-outgoing-1 << "bf[\r][\n]"
20:48:36.369 [docker-java-stream--1781977736] DEBUG com.github.dockerjava.zerodep.shaded.org.apache.hc.client5.http.wire - http-outgoing-1 << "{"status":"Downloading","progressDetail":{"current":54363021,"total":136359405},"progress":"[===================\u003e                               ]  54.36MB/136.4MB","id":"0e2cf09fa7c7"}[\r][\n]"
20:48:36.369 [docker-java-stream--1781977736] DEBUG com.github.dockerjava.zerodep.shaded.org.apache.hc.client5.http.wire - http-outgoing-1 << "[\r][\n]"
20:48:36.369 [docker-java-stream--1781977736] DEBUG com.github.dockerjava.api.command.PullImageResultCallback - ResponseItem(stream=null, status=Downloading, progressDetail=ResponseItem.ProgressDetail(current=54363021, total=136359405, start=null), progress=[===================>                               ]  54.36MB/136.4MB, id=0e2cf09fa7c7, from=null, time=null, errorDetail=null, error=null, aux=null)
20:48:36.503 [docker-java-stream--1781977736] DEBUG com.github.dockerjava.zerodep.shaded.org.apache.hc.client5.http.wire - http-outgoing-1 << "bf[\r][\n]"
20:48:36.503 [docker-java-stream--1781977736] DEBUG com.github.dockerjava.zerodep.shaded.org.apache.hc.client5.http.wire - http-outgoing-1 << "{"status":"Downloading","progressDetail":{"current":55440269,"total":136359405},"progress":"[====================\u003e                              ]  55.44MB/136.4MB","id":"0e2cf09fa7c7"}[\r][\n]"
20:48:36.503 [docker-java-stream--1781977736] DEBUG com.github.dockerjava.zerodep.shaded.org.apache.hc.client5.http.wire - http-outgoing-1 << "[\r][\n]"
20:48:36.503 [docker-java-stream--1781977736] DEBUG com.github.dockerjava.api.command.PullImageResultCallback - ResponseItem(stream=null, status=Downloading, progressDetail=ResponseItem.ProgressDetail(current=55440269, total=136359405, start=null), progress=[====================>                              ]  55.44MB/136.4MB, id=0e2cf09fa7c7, from=null, time=null, errorDetail=null, error=null, aux=null)
20:48:36.636 [docker-java-stream--1781977736] DEBUG com.github.dockerjava.zerodep.shaded.org.apache.hc.client5.http.wire - http-outgoing-1 << "bf[\r][\n]"
20:48:36.636 [docker-java-stream--1781977736] DEBUG com.github.dockerjava.zerodep.shaded.org.apache.hc.client5.http.wire - http-outgoing-1 << "{"status":"Downloading","progressDetail":{"current":56509325,"total":136359405},"progress":"[====================\u003e                              ]  56.51MB/136.4MB","id":"0e2cf09fa7c7"}[\r][\n]"
20:48:36.636 [docker-java-stream--1781977736] DEBUG com.github.dockerjava.zerodep.shaded.org.apache.hc.client5.http.wire - http-outgoing-1 << "[\r][\n]"
20:48:36.636 [docker-java-stream--1781977736] DEBUG com.github.dockerjava.api.command.PullImageResultCallback - ResponseItem(stream=null, status=Downloading, progressDetail=ResponseItem.ProgressDetail(current=56509325, total=136359405, start=null), progress=[====================>                              ]  56.51MB/136.4MB, id=0e2cf09fa7c7, from=null, time=null, errorDetail=null, error=null, aux=null)
20:48:36.775 [docker-java-stream--1781977736] DEBUG com.github.dockerjava.zerodep.shaded.org.apache.hc.client5.http.wire - http-outgoing-1 << "bf[\r][\n]"
20:48:36.775 [docker-java-stream--1781977736] DEBUG com.github.dockerjava.zerodep.shaded.org.apache.hc.client5.http.wire - http-outgoing-1 << "{"status":"Downloading","progressDetail":{"current":57574285,"total":136359405},"progress":"[=====================\u003e                             ]  57.57MB/136.4MB","id":"0e2cf09fa7c7"}[\r][\n]"
20:48:36.775 [docker-java-stream--1781977736] DEBUG com.github.dockerjava.zerodep.shaded.org.apache.hc.client5.http.wire - http-outgoing-1 << "[\r][\n]"
20:48:36.775 [docker-java-stream--1781977736] DEBUG com.github.dockerjava.api.command.PullImageResultCallback - ResponseItem(stream=null, status=Downloading, progressDetail=ResponseItem.ProgressDetail(current=57574285, total=136359405, start=null), progress=[=====================>                             ]  57.57MB/136.4MB, id=0e2cf09fa7c7, from=null, time=null, errorDetail=null, error=null, aux=null)
20:48:36.903 [docker-java-stream--1781977736] DEBUG com.github.dockerjava.zerodep.shaded.org.apache.hc.client5.http.wire - http-outgoing-1 << "bf[\r][\n]"
20:48:36.903 [docker-java-stream--1781977736] DEBUG com.github.dockerjava.zerodep.shaded.org.apache.hc.client5.http.wire - http-outgoing-1 << "{"status":"Downloading","progressDetail":{"current":58655629,"total":136359405},"progress":"[=====================\u003e                             ]  58.66MB/136.4MB","id":"0e2cf09fa7c7"}[\r][\n]"
20:48:36.903 [docker-java-stream--1781977736] DEBUG com.github.dockerjava.zerodep.shaded.org.apache.hc.client5.http.wire - http-outgoing-1 << "[\r][\n]"
20:48:36.903 [docker-java-stream--1781977736] DEBUG com.github.dockerjava.api.command.PullImageResultCallback - ResponseItem(stream=null, status=Downloading, progressDetail=ResponseItem.ProgressDetail(current=58655629, total=136359405, start=null), progress=[=====================>                             ]  58.66MB/136.4MB, id=0e2cf09fa7c7, from=null, time=null, errorDetail=null, error=null, aux=null)
20:48:37.038 [docker-java-stream--1781977736] DEBUG com.github.dockerjava.zerodep.shaded.org.apache.hc.client5.http.wire - http-outgoing-1 << "bf[\r][\n]"
20:48:37.038 [docker-java-stream--1781977736] DEBUG com.github.dockerjava.zerodep.shaded.org.apache.hc.client5.http.wire - http-outgoing-1 << "{"status":"Downloading","progressDetail":{"current":59724685,"total":136359405},"progress":"[=====================\u003e                             ]  59.72MB/136.4MB","id":"0e2cf09fa7c7"}[\r][\n]"
20:48:37.038 [docker-java-stream--1781977736] DEBUG com.github.dockerjava.zerodep.shaded.org.apache.hc.client5.http.wire - http-outgoing-1 << "[\r][\n]"
20:48:37.038 [docker-java-stream--1781977736] DEBUG com.github.dockerjava.api.command.PullImageResultCallback - ResponseItem(stream=null, status=Downloading, progressDetail=ResponseItem.ProgressDetail(current=59724685, total=136359405, start=null), progress=[=====================>                             ]  59.72MB/136.4MB, id=0e2cf09fa7c7, from=null, time=null, errorDetail=null, error=null, aux=null)
20:48:37.174 [docker-java-stream--1781977736] DEBUG com.github.dockerjava.zerodep.shaded.org.apache.hc.client5.http.wire - http-outgoing-1 << "bf[\r][\n]"
20:48:37.175 [docker-java-stream--1781977736] DEBUG com.github.dockerjava.zerodep.shaded.org.apache.hc.client5.http.wire - http-outgoing-1 << "{"status":"Downloading","progressDetail":{"current":60806029,"total":136359405},"progress":"[======================\u003e                            ]  60.81MB/136.4MB","id":"0e2cf09fa7c7"}[\r][\n]"
20:48:37.175 [docker-java-stream--1781977736] DEBUG com.github.dockerjava.zerodep.shaded.org.apache.hc.client5.http.wire - http-outgoing-1 << "[\r][\n]"
20:48:37.175 [docker-java-stream--1781977736] DEBUG com.github.dockerjava.api.command.PullImageResultCallback - ResponseItem(stream=null, status=Downloading, progressDetail=ResponseItem.ProgressDetail(current=60806029, total=136359405, start=null), progress=[======================>                            ]  60.81MB/136.4MB, id=0e2cf09fa7c7, from=null, time=null, errorDetail=null, error=null, aux=null)
20:48:37.306 [docker-java-stream--1781977736] DEBUG com.github.dockerjava.zerodep.shaded.org.apache.hc.client5.http.wire - http-outgoing-1 << "bf[\r][\n]"
20:48:37.306 [docker-java-stream--1781977736] DEBUG com.github.dockerjava.zerodep.shaded.org.apache.hc.client5.http.wire - http-outgoing-1 << "{"status":"Downloading","progressDetail":{"current":61887373,"total":136359405},"progress":"[======================\u003e                            ]  61.89MB/136.4MB","id":"0e2cf09fa7c7"}[\r][\n]"
20:48:37.306 [docker-java-stream--1781977736] DEBUG com.github.dockerjava.zerodep.shaded.org.apache.hc.client5.http.wire - http-outgoing-1 << "[\r][\n]"
20:48:37.307 [docker-java-stream--1781977736] DEBUG com.github.dockerjava.api.command.PullImageResultCallback - ResponseItem(stream=null, status=Downloading, progressDetail=ResponseItem.ProgressDetail(current=61887373, total=136359405, start=null), progress=[======================>                            ]  61.89MB/136.4MB, id=0e2cf09fa7c7, from=null, time=null, errorDetail=null, error=null, aux=null)
20:48:37.442 [docker-java-stream--1781977736] DEBUG com.github.dockerjava.zerodep.shaded.org.apache.hc.client5.http.wire - http-outgoing-1 << "bf[\r][\n]"
20:48:37.442 [docker-java-stream--1781977736] DEBUG com.github.dockerjava.zerodep.shaded.org.apache.hc.client5.http.wire - http-outgoing-1 << "{"status":"Downloading","progressDetail":{"current":62956429,"total":136359405},"progress":"[=======================\u003e                           ]  62.96MB/136.4MB","id":"0e2cf09fa7c7"}[\r][\n]"
20:48:37.442 [docker-java-stream--1781977736] DEBUG com.github.dockerjava.zerodep.shaded.org.apache.hc.client5.http.wire - http-outgoing-1 << "[\r][\n]"
20:48:37.442 [docker-java-stream--1781977736] DEBUG com.github.dockerjava.api.command.PullImageResultCallback - ResponseItem(stream=null, status=Downloading, progressDetail=ResponseItem.ProgressDetail(current=62956429, total=136359405, start=null), progress=[=======================>                           ]  62.96MB/136.4MB, id=0e2cf09fa7c7, from=null, time=null, errorDetail=null, error=null, aux=null)
20:48:37.587 [docker-java-stream--1781977736] DEBUG com.github.dockerjava.zerodep.shaded.org.apache.hc.client5.http.wire - http-outgoing-1 << "bf[\r][\n]"
20:48:37.587 [docker-java-stream--1781977736] DEBUG com.github.dockerjava.zerodep.shaded.org.apache.hc.client5.http.wire - http-outgoing-1 << "{"status":"Downloading","progressDetail":{"current":64037773,"total":136359405},"progress":"[=======================\u003e                           ]  64.04MB/136.4MB","id":"0e2cf09fa7c7"}[\r][\n]"
20:48:37.587 [docker-java-stream--1781977736] DEBUG com.github.dockerjava.zerodep.shaded.org.apache.hc.client5.http.wire - http-outgoing-1 << "[\r][\n]"
20:48:37.588 [docker-java-stream--1781977736] DEBUG com.github.dockerjava.api.command.PullImageResultCallback - ResponseItem(stream=null, status=Downloading, progressDetail=ResponseItem.ProgressDetail(current=64037773, total=136359405, start=null), progress=[=======================>                           ]  64.04MB/136.4MB, id=0e2cf09fa7c7, from=null, time=null, errorDetail=null, error=null, aux=null)
20:48:37.714 [docker-java-stream--1781977736] DEBUG com.github.dockerjava.zerodep.shaded.org.apache.hc.client5.http.wire - http-outgoing-1 << "bf[\r][\n]"
20:48:37.714 [docker-java-stream--1781977736] DEBUG com.github.dockerjava.zerodep.shaded.org.apache.hc.client5.http.wire - http-outgoing-1 << "{"status":"Downloading","progressDetail":{"current":65115021,"total":136359405},"progress":"[=======================\u003e                           ]  65.12MB/136.4MB","id":"0e2cf09fa7c7"}[\r][\n]"
20:48:37.714 [docker-java-stream--1781977736] DEBUG com.github.dockerjava.zerodep.shaded.org.apache.hc.client5.http.wire - http-outgoing-1 << "[\r][\n]"
20:48:37.714 [docker-java-stream--1781977736] DEBUG com.github.dockerjava.api.command.PullImageResultCallback - ResponseItem(stream=null, status=Downloading, progressDetail=ResponseItem.ProgressDetail(current=65115021, total=136359405, start=null), progress=[=======================>                           ]  65.12MB/136.4MB, id=0e2cf09fa7c7, from=null, time=null, errorDetail=null, error=null, aux=null)
20:48:37.847 [docker-java-stream--1781977736] DEBUG com.github.dockerjava.zerodep.shaded.org.apache.hc.client5.http.wire - http-outgoing-1 << "bf[\r][\n]"
20:48:37.847 [docker-java-stream--1781977736] DEBUG com.github.dockerjava.zerodep.shaded.org.apache.hc.client5.http.wire - http-outgoing-1 << "{"status":"Downloading","progressDetail":{"current":66196365,"total":136359405},"progress":"[========================\u003e                          ]   66.2MB/136.4MB","id":"0e2cf09fa7c7"}[\r][\n]"
20:48:37.847 [docker-java-stream--1781977736] DEBUG com.github.dockerjava.zerodep.shaded.org.apache.hc.client5.http.wire - http-outgoing-1 << "[\r][\n]"
20:48:37.847 [docker-java-stream--1781977736] DEBUG com.github.dockerjava.api.command.PullImageResultCallback - ResponseItem(stream=null, status=Downloading, progressDetail=ResponseItem.ProgressDetail(current=66196365, total=136359405, start=null), progress=[========================>                          ]   66.2MB/136.4MB, id=0e2cf09fa7c7, from=null, time=null, errorDetail=null, error=null, aux=null)
20:48:37.984 [docker-java-stream--1781977736] DEBUG com.github.dockerjava.zerodep.shaded.org.apache.hc.client5.http.wire - http-outgoing-1 << "bf[\r][\n]"
20:48:37.984 [docker-java-stream--1781977736] DEBUG com.github.dockerjava.zerodep.shaded.org.apache.hc.client5.http.wire - http-outgoing-1 << "{"status":"Downloading","progressDetail":{"current":67277709,"total":136359405},"progress":"[========================\u003e                          ]  67.28MB/136.4MB","id":"0e2cf09fa7c7"}[\r][\n]"
20:48:37.984 [docker-java-stream--1781977736] DEBUG com.github.dockerjava.zerodep.shaded.org.apache.hc.client5.http.wire - http-outgoing-1 << "[\r][\n]"
20:48:37.985 [docker-java-stream--1781977736] DEBUG com.github.dockerjava.api.command.PullImageResultCallback - ResponseItem(stream=null, status=Downloading, progressDetail=ResponseItem.ProgressDetail(current=67277709, total=136359405, start=null), progress=[========================>                          ]  67.28MB/136.4MB, id=0e2cf09fa7c7, from=null, time=null, errorDetail=null, error=null, aux=null)
20:48:38.115 [docker-java-stream--1781977736] DEBUG com.github.dockerjava.zerodep.shaded.org.apache.hc.client5.http.wire - http-outgoing-1 << "bf[\r][\n]"
20:48:38.115 [docker-java-stream--1781977736] DEBUG com.github.dockerjava.zerodep.shaded.org.apache.hc.client5.http.wire - http-outgoing-1 << "{"status":"Downloading","progressDetail":{"current":68342669,"total":136359405},"progress":"[=========================\u003e                         ]  68.34MB/136.4MB","id":"0e2cf09fa7c7"}[\r][\n]"
20:48:38.115 [docker-java-stream--1781977736] DEBUG com.github.dockerjava.zerodep.shaded.org.apache.hc.client5.http.wire - http-outgoing-1 << "[\r][\n]"
20:48:38.116 [docker-java-stream--1781977736] DEBUG com.github.dockerjava.api.command.PullImageResultCallback - ResponseItem(stream=null, status=Downloading, progressDetail=ResponseItem.ProgressDetail(current=68342669, total=136359405, start=null), progress=[=========================>                         ]  68.34MB/136.4MB, id=0e2cf09fa7c7, from=null, time=null, errorDetail=null, error=null, aux=null)
20:48:38.249 [docker-java-stream--1781977736] DEBUG com.github.dockerjava.zerodep.shaded.org.apache.hc.client5.http.wire - http-outgoing-1 << "bf[\r][\n]"
20:48:38.249 [docker-java-stream--1781977736] DEBUG com.github.dockerjava.zerodep.shaded.org.apache.hc.client5.http.wire - http-outgoing-1 << "{"status":"Downloading","progressDetail":{"current":69415821,"total":136359405},"progress":"[=========================\u003e                         ]  69.42MB/136.4MB","id":"0e2cf09fa7c7"}[\r][\n]"
20:48:38.249 [docker-java-stream--1781977736] DEBUG com.github.dockerjava.zerodep.shaded.org.apache.hc.client5.http.wire - http-outgoing-1 << "[\r][\n]"
20:48:38.250 [docker-java-stream--1781977736] DEBUG com.github.dockerjava.api.command.PullImageResultCallback - ResponseItem(stream=null, status=Downloading, progressDetail=ResponseItem.ProgressDetail(current=69415821, total=136359405, start=null), progress=[=========================>                         ]  69.42MB/136.4MB, id=0e2cf09fa7c7, from=null, time=null, errorDetail=null, error=null, aux=null)
20:48:38.384 [docker-java-stream--1781977736] DEBUG com.github.dockerjava.zerodep.shaded.org.apache.hc.client5.http.wire - http-outgoing-1 << "bf[\r][\n]"
20:48:38.384 [docker-java-stream--1781977736] DEBUG com.github.dockerjava.zerodep.shaded.org.apache.hc.client5.http.wire - http-outgoing-1 << "{"status":"Downloading","progressDetail":{"current":70497165,"total":136359405},"progress":"[=========================\u003e                         ]   70.5MB/136.4MB","id":"0e2cf09fa7c7"}[\r][\n]"
20:48:38.384 [docker-java-stream--1781977736] DEBUG com.github.dockerjava.zerodep.shaded.org.apache.hc.client5.http.wire - http-outgoing-1 << "[\r][\n]"
20:48:38.385 [docker-java-stream--1781977736] DEBUG com.github.dockerjava.api.command.PullImageResultCallback - ResponseItem(stream=null, status=Downloading, progressDetail=ResponseItem.ProgressDetail(current=70497165, total=136359405, start=null), progress=[=========================>                         ]   70.5MB/136.4MB, id=0e2cf09fa7c7, from=null, time=null, errorDetail=null, error=null, aux=null)
20:48:38.517 [docker-java-stream--1781977736] DEBUG com.github.dockerjava.zerodep.shaded.org.apache.hc.client5.http.wire - http-outgoing-1 << "bf[\r][\n]"
20:48:38.517 [docker-java-stream--1781977736] DEBUG com.github.dockerjava.zerodep.shaded.org.apache.hc.client5.http.wire - http-outgoing-1 << "{"status":"Downloading","progressDetail":{"current":71558029,"total":136359405},"progress":"[==========================\u003e                        ]  71.56MB/136.4MB","id":"0e2cf09fa7c7"}[\r][\n]"
20:48:38.517 [docker-java-stream--1781977736] DEBUG com.github.dockerjava.zerodep.shaded.org.apache.hc.client5.http.wire - http-outgoing-1 << "[\r][\n]"
20:48:38.518 [docker-java-stream--1781977736] DEBUG com.github.dockerjava.api.command.PullImageResultCallback - ResponseItem(stream=null, status=Downloading, progressDetail=ResponseItem.ProgressDetail(current=71558029, total=136359405, start=null), progress=[==========================>                        ]  71.56MB/136.4MB, id=0e2cf09fa7c7, from=null, time=null, errorDetail=null, error=null, aux=null)
20:48:38.655 [docker-java-stream--1781977736] DEBUG com.github.dockerjava.zerodep.shaded.org.apache.hc.client5.http.wire - http-outgoing-1 << "bf[\r][\n]"
20:48:38.655 [docker-java-stream--1781977736] DEBUG com.github.dockerjava.zerodep.shaded.org.apache.hc.client5.http.wire - http-outgoing-1 << "{"status":"Downloading","progressDetail":{"current":72627085,"total":136359405},"progress":"[==========================\u003e                        ]  72.63MB/136.4MB","id":"0e2cf09fa7c7"}[\r][\n]"
20:48:38.655 [docker-java-stream--1781977736] DEBUG com.github.dockerjava.zerodep.shaded.org.apache.hc.client5.http.wire - http-outgoing-1 << "[\r][\n]"
20:48:38.655 [docker-java-stream--1781977736] DEBUG com.github.dockerjava.api.command.PullImageResultCallback - ResponseItem(stream=null, status=Downloading, progressDetail=ResponseItem.ProgressDetail(current=72627085, total=136359405, start=null), progress=[==========================>                        ]  72.63MB/136.4MB, id=0e2cf09fa7c7, from=null, time=null, errorDetail=null, error=null, aux=null)
20:48:38.783 [docker-java-stream--1781977736] DEBUG com.github.dockerjava.zerodep.shaded.org.apache.hc.client5.http.wire - http-outgoing-1 << "bf[\r][\n]"
20:48:38.784 [docker-java-stream--1781977736] DEBUG com.github.dockerjava.zerodep.shaded.org.apache.hc.client5.http.wire - http-outgoing-1 << "{"status":"Downloading","progressDetail":{"current":73696141,"total":136359405},"progress":"[===========================\u003e                       ]   73.7MB/136.4MB","id":"0e2cf09fa7c7"}[\r][\n]"
20:48:38.784 [docker-java-stream--1781977736] DEBUG com.github.dockerjava.zerodep.shaded.org.apache.hc.client5.http.wire - http-outgoing-1 << "[\r][\n]"
20:48:38.784 [docker-java-stream--1781977736] DEBUG com.github.dockerjava.api.command.PullImageResultCallback - ResponseItem(stream=null, status=Downloading, progressDetail=ResponseItem.ProgressDetail(current=73696141, total=136359405, start=null), progress=[===========================>                       ]   73.7MB/136.4MB, id=0e2cf09fa7c7, from=null, time=null, errorDetail=null, error=null, aux=null)
20:48:38.919 [docker-java-stream--1781977736] DEBUG com.github.dockerjava.zerodep.shaded.org.apache.hc.client5.http.wire - http-outgoing-1 << "bf[\r][\n]"
20:48:38.919 [docker-java-stream--1781977736] DEBUG com.github.dockerjava.zerodep.shaded.org.apache.hc.client5.http.wire - http-outgoing-1 << "{"status":"Downloading","progressDetail":{"current":74765197,"total":136359405},"progress":"[===========================\u003e                       ]  74.77MB/136.4MB","id":"0e2cf09fa7c7"}[\r][\n]"
20:48:38.919 [docker-java-stream--1781977736] DEBUG com.github.dockerjava.zerodep.shaded.org.apache.hc.client5.http.wire - http-outgoing-1 << "[\r][\n]"
20:48:38.920 [docker-java-stream--1781977736] DEBUG com.github.dockerjava.api.command.PullImageResultCallback - ResponseItem(stream=null, status=Downloading, progressDetail=ResponseItem.ProgressDetail(current=74765197, total=136359405, start=null), progress=[===========================>                       ]  74.77MB/136.4MB, id=0e2cf09fa7c7, from=null, time=null, errorDetail=null, error=null, aux=null)
20:48:39.053 [docker-java-stream--1781977736] DEBUG com.github.dockerjava.zerodep.shaded.org.apache.hc.client5.http.wire - http-outgoing-1 << "bf[\r][\n]"
20:48:39.053 [docker-java-stream--1781977736] DEBUG com.github.dockerjava.zerodep.shaded.org.apache.hc.client5.http.wire - http-outgoing-1 << "{"status":"Downloading","progressDetail":{"current":75846541,"total":136359405},"progress":"[===========================\u003e                       ]  75.85MB/136.4MB","id":"0e2cf09fa7c7"}[\r][\n]"
20:48:39.053 [docker-java-stream--1781977736] DEBUG com.github.dockerjava.zerodep.shaded.org.apache.hc.client5.http.wire - http-outgoing-1 << "[\r][\n]"
20:48:39.053 [docker-java-stream--1781977736] DEBUG com.github.dockerjava.api.command.PullImageResultCallback - ResponseItem(stream=null, status=Downloading, progressDetail=ResponseItem.ProgressDetail(current=75846541, total=136359405, start=null), progress=[===========================>                       ]  75.85MB/136.4MB, id=0e2cf09fa7c7, from=null, time=null, errorDetail=null, error=null, aux=null)
20:48:39.189 [docker-java-stream--1781977736] DEBUG com.github.dockerjava.zerodep.shaded.org.apache.hc.client5.http.wire - http-outgoing-1 << "bf[\r][\n]"
20:48:39.189 [docker-java-stream--1781977736] DEBUG com.github.dockerjava.zerodep.shaded.org.apache.hc.client5.http.wire - http-outgoing-1 << "{"status":"Downloading","progressDetail":{"current":76903309,"total":136359405},"progress":"[============================\u003e                      ]   76.9MB/136.4MB","id":"0e2cf09fa7c7"}[\r][\n]"
20:48:39.189 [docker-java-stream--1781977736] DEBUG com.github.dockerjava.zerodep.shaded.org.apache.hc.client5.http.wire - http-outgoing-1 << "[\r][\n]"
20:48:39.189 [docker-java-stream--1781977736] DEBUG com.github.dockerjava.api.command.PullImageResultCallback - ResponseItem(stream=null, status=Downloading, progressDetail=ResponseItem.ProgressDetail(current=76903309, total=136359405, start=null), progress=[============================>                      ]   76.9MB/136.4MB, id=0e2cf09fa7c7, from=null, time=null, errorDetail=null, error=null, aux=null)
20:48:39.343 [docker-java-stream--1781977736] DEBUG com.github.dockerjava.zerodep.shaded.org.apache.hc.client5.http.wire - http-outgoing-1 << "bf[\r][\n]"
20:48:39.343 [docker-java-stream--1781977736] DEBUG com.github.dockerjava.zerodep.shaded.org.apache.hc.client5.http.wire - http-outgoing-1 << "{"status":"Downloading","progressDetail":{"current":77972365,"total":136359405},"progress":"[============================\u003e                      ]  77.97MB/136.4MB","id":"0e2cf09fa7c7"}[\r][\n]"
20:48:39.343 [docker-java-stream--1781977736] DEBUG com.github.dockerjava.zerodep.shaded.org.apache.hc.client5.http.wire - http-outgoing-1 << "[\r][\n]"
20:48:39.343 [docker-java-stream--1781977736] DEBUG com.github.dockerjava.api.command.PullImageResultCallback - ResponseItem(stream=null, status=Downloading, progressDetail=ResponseItem.ProgressDetail(current=77972365, total=136359405, start=null), progress=[============================>                      ]  77.97MB/136.4MB, id=0e2cf09fa7c7, from=null, time=null, errorDetail=null, error=null, aux=null)
20:48:39.450 [docker-java-stream--1781977736] DEBUG com.github.dockerjava.zerodep.shaded.org.apache.hc.client5.http.wire - http-outgoing-1 << "bf[\r][\n]"
20:48:39.450 [docker-java-stream--1781977736] DEBUG com.github.dockerjava.zerodep.shaded.org.apache.hc.client5.http.wire - http-outgoing-1 << "{"status":"Downloading","progressDetail":{"current":79045517,"total":136359405},"progress":"[============================\u003e                      ]  79.05MB/136.4MB","id":"0e2cf09fa7c7"}[\r][\n]"
20:48:39.450 [docker-java-stream--1781977736] DEBUG com.github.dockerjava.zerodep.shaded.org.apache.hc.client5.http.wire - http-outgoing-1 << "[\r][\n]"
20:48:39.450 [docker-java-stream--1781977736] DEBUG com.github.dockerjava.api.command.PullImageResultCallback - ResponseItem(stream=null, status=Downloading, progressDetail=ResponseItem.ProgressDetail(current=79045517, total=136359405, start=null), progress=[============================>                      ]  79.05MB/136.4MB, id=0e2cf09fa7c7, from=null, time=null, errorDetail=null, error=null, aux=null)
20:48:39.589 [docker-java-stream--1781977736] DEBUG com.github.dockerjava.zerodep.shaded.org.apache.hc.client5.http.wire - http-outgoing-1 << "bf[\r][\n]"
20:48:39.589 [docker-java-stream--1781977736] DEBUG com.github.dockerjava.zerodep.shaded.org.apache.hc.client5.http.wire - http-outgoing-1 << "{"status":"Downloading","progressDetail":{"current":80122765,"total":136359405},"progress":"[=============================\u003e                     ]  80.12MB/136.4MB","id":"0e2cf09fa7c7"}[\r][\n]"
20:48:39.589 [docker-java-stream--1781977736] DEBUG com.github.dockerjava.zerodep.shaded.org.apache.hc.client5.http.wire - http-outgoing-1 << "[\r][\n]"
20:48:39.590 [docker-java-stream--1781977736] DEBUG com.github.dockerjava.api.command.PullImageResultCallback - ResponseItem(stream=null, status=Downloading, progressDetail=ResponseItem.ProgressDetail(current=80122765, total=136359405, start=null), progress=[=============================>                     ]  80.12MB/136.4MB, id=0e2cf09fa7c7, from=null, time=null, errorDetail=null, error=null, aux=null)
20:48:39.720 [docker-java-stream--1781977736] DEBUG com.github.dockerjava.zerodep.shaded.org.apache.hc.client5.http.wire - http-outgoing-1 << "bf[\r][\n]"
20:48:39.721 [docker-java-stream--1781977736] DEBUG com.github.dockerjava.zerodep.shaded.org.apache.hc.client5.http.wire - http-outgoing-1 << "{"status":"Downloading","progressDetail":{"current":81200013,"total":136359405},"progress":"[=============================\u003e                     ]   81.2MB/136.4MB","id":"0e2cf09fa7c7"}[\r][\n]"
20:48:39.721 [docker-java-stream--1781977736] DEBUG com.github.dockerjava.zerodep.shaded.org.apache.hc.client5.http.wire - http-outgoing-1 << "[\r][\n]"
20:48:39.721 [docker-java-stream--1781977736] DEBUG com.github.dockerjava.api.command.PullImageResultCallback - ResponseItem(stream=null, status=Downloading, progressDetail=ResponseItem.ProgressDetail(current=81200013, total=136359405, start=null), progress=[=============================>                     ]   81.2MB/136.4MB, id=0e2cf09fa7c7, from=null, time=null, errorDetail=null, error=null, aux=null)
20:48:39.852 [docker-java-stream--1781977736] DEBUG com.github.dockerjava.zerodep.shaded.org.apache.hc.client5.http.wire - http-outgoing-1 << "bf[\r][\n]"
20:48:39.853 [docker-java-stream--1781977736] DEBUG com.github.dockerjava.zerodep.shaded.org.apache.hc.client5.http.wire - http-outgoing-1 << "{"status":"Downloading","progressDetail":{"current":82264973,"total":136359405},"progress":"[==============================\u003e                    ]  82.26MB/136.4MB","id":"0e2cf09fa7c7"}[\r][\n]"
20:48:39.853 [docker-java-stream--1781977736] DEBUG com.github.dockerjava.zerodep.shaded.org.apache.hc.client5.http.wire - http-outgoing-1 << "[\r][\n]"
20:48:39.854 [docker-java-stream--1781977736] DEBUG com.github.dockerjava.api.command.PullImageResultCallback - ResponseItem(stream=null, status=Downloading, progressDetail=ResponseItem.ProgressDetail(current=82264973, total=136359405, start=null), progress=[==============================>                    ]  82.26MB/136.4MB, id=0e2cf09fa7c7, from=null, time=null, errorDetail=null, error=null, aux=null)
20:48:39.986 [docker-java-stream--1781977736] DEBUG com.github.dockerjava.zerodep.shaded.org.apache.hc.client5.http.wire - http-outgoing-1 << "bf[\r][\n]"
20:48:39.986 [docker-java-stream--1781977736] DEBUG com.github.dockerjava.zerodep.shaded.org.apache.hc.client5.http.wire - http-outgoing-1 << "{"status":"Downloading","progressDetail":{"current":83338125,"total":136359405},"progress":"[==============================\u003e                    ]  83.34MB/136.4MB","id":"0e2cf09fa7c7"}[\r][\n]"
20:48:39.986 [docker-java-stream--1781977736] DEBUG com.github.dockerjava.zerodep.shaded.org.apache.hc.client5.http.wire - http-outgoing-1 << "[\r][\n]"
20:48:39.987 [docker-java-stream--1781977736] DEBUG com.github.dockerjava.api.command.PullImageResultCallback - ResponseItem(stream=null, status=Downloading, progressDetail=ResponseItem.ProgressDetail(current=83338125, total=136359405, start=null), progress=[==============================>                    ]  83.34MB/136.4MB, id=0e2cf09fa7c7, from=null, time=null, errorDetail=null, error=null, aux=null)
20:48:40.123 [docker-java-stream--1781977736] DEBUG com.github.dockerjava.zerodep.shaded.org.apache.hc.client5.http.wire - http-outgoing-1 << "bf[\r][\n]"
20:48:40.123 [docker-java-stream--1781977736] DEBUG com.github.dockerjava.zerodep.shaded.org.apache.hc.client5.http.wire - http-outgoing-1 << "{"status":"Downloading","progressDetail":{"current":84419469,"total":136359405},"progress":"[==============================\u003e                    ]  84.42MB/136.4MB","id":"0e2cf09fa7c7"}[\r][\n]"
20:48:40.123 [docker-java-stream--1781977736] DEBUG com.github.dockerjava.zerodep.shaded.org.apache.hc.client5.http.wire - http-outgoing-1 << "[\r][\n]"
20:48:40.123 [docker-java-stream--1781977736] DEBUG com.github.dockerjava.api.command.PullImageResultCallback - ResponseItem(stream=null, status=Downloading, progressDetail=ResponseItem.ProgressDetail(current=84419469, total=136359405, start=null), progress=[==============================>                    ]  84.42MB/136.4MB, id=0e2cf09fa7c7, from=null, time=null, errorDetail=null, error=null, aux=null)
20:48:40.258 [docker-java-stream--1781977736] DEBUG com.github.dockerjava.zerodep.shaded.org.apache.hc.client5.http.wire - http-outgoing-1 << "bf[\r][\n]"
20:48:40.258 [docker-java-stream--1781977736] DEBUG com.github.dockerjava.zerodep.shaded.org.apache.hc.client5.http.wire - http-outgoing-1 << "{"status":"Downloading","progressDetail":{"current":85492621,"total":136359405},"progress":"[===============================\u003e                   ]  85.49MB/136.4MB","id":"0e2cf09fa7c7"}[\r][\n]"
20:48:40.258 [docker-java-stream--1781977736] DEBUG com.github.dockerjava.zerodep.shaded.org.apache.hc.client5.http.wire - http-outgoing-1 << "[\r][\n]"
20:48:40.258 [docker-java-stream--1781977736] DEBUG com.github.dockerjava.api.command.PullImageResultCallback - ResponseItem(stream=null, status=Downloading, progressDetail=ResponseItem.ProgressDetail(current=85492621, total=136359405, start=null), progress=[===============================>                   ]  85.49MB/136.4MB, id=0e2cf09fa7c7, from=null, time=null, errorDetail=null, error=null, aux=null)
20:48:40.390 [docker-java-stream--1781977736] DEBUG com.github.dockerjava.zerodep.shaded.org.apache.hc.client5.http.wire - http-outgoing-1 << "bf[\r][\n]"
20:48:40.390 [docker-java-stream--1781977736] DEBUG com.github.dockerjava.zerodep.shaded.org.apache.hc.client5.http.wire - http-outgoing-1 << "{"status":"Downloading","progressDetail":{"current":86561677,"total":136359405},"progress":"[===============================\u003e                   ]  86.56MB/136.4MB","id":"0e2cf09fa7c7"}[\r][\n]"
20:48:40.390 [docker-java-stream--1781977736] DEBUG com.github.dockerjava.zerodep.shaded.org.apache.hc.client5.http.wire - http-outgoing-1 << "[\r][\n]"
20:48:40.390 [docker-java-stream--1781977736] DEBUG com.github.dockerjava.api.command.PullImageResultCallback - ResponseItem(stream=null, status=Downloading, progressDetail=ResponseItem.ProgressDetail(current=86561677, total=136359405, start=null), progress=[===============================>                   ]  86.56MB/136.4MB, id=0e2cf09fa7c7, from=null, time=null, errorDetail=null, error=null, aux=null)
20:48:40.525 [docker-java-stream--1781977736] DEBUG com.github.dockerjava.zerodep.shaded.org.apache.hc.client5.http.wire - http-outgoing-1 << "bf[\r][\n]"
20:48:40.525 [docker-java-stream--1781977736] DEBUG com.github.dockerjava.zerodep.shaded.org.apache.hc.client5.http.wire - http-outgoing-1 << "{"status":"Downloading","progressDetail":{"current":87643021,"total":136359405},"progress":"[================================\u003e                  ]  87.64MB/136.4MB","id":"0e2cf09fa7c7"}[\r][\n]"
20:48:40.525 [docker-java-stream--1781977736] DEBUG com.github.dockerjava.zerodep.shaded.org.apache.hc.client5.http.wire - http-outgoing-1 << "[\r][\n]"
20:48:40.525 [docker-java-stream--1781977736] DEBUG com.github.dockerjava.api.command.PullImageResultCallback - ResponseItem(stream=null, status=Downloading, progressDetail=ResponseItem.ProgressDetail(current=87643021, total=136359405, start=null), progress=[================================>                  ]  87.64MB/136.4MB, id=0e2cf09fa7c7, from=null, time=null, errorDetail=null, error=null, aux=null)
20:48:40.657 [docker-java-stream--1781977736] DEBUG com.github.dockerjava.zerodep.shaded.org.apache.hc.client5.http.wire - http-outgoing-1 << "bf[\r][\n]"
20:48:40.657 [docker-java-stream--1781977736] DEBUG com.github.dockerjava.zerodep.shaded.org.apache.hc.client5.http.wire - http-outgoing-1 << "{"status":"Downloading","progressDetail":{"current":88712077,"total":136359405},"progress":"[================================\u003e                  ]  88.71MB/136.4MB","id":"0e2cf09fa7c7"}[\r][\n]"
20:48:40.657 [docker-java-stream--1781977736] DEBUG com.github.dockerjava.zerodep.shaded.org.apache.hc.client5.http.wire - http-outgoing-1 << "[\r][\n]"
20:48:40.657 [docker-java-stream--1781977736] DEBUG com.github.dockerjava.api.command.PullImageResultCallback - ResponseItem(stream=null, status=Downloading, progressDetail=ResponseItem.ProgressDetail(current=88712077, total=136359405, start=null), progress=[================================>                  ]  88.71MB/136.4MB, id=0e2cf09fa7c7, from=null, time=null, errorDetail=null, error=null, aux=null)
20:48:40.791 [docker-java-stream--1781977736] DEBUG com.github.dockerjava.zerodep.shaded.org.apache.hc.client5.http.wire - http-outgoing-1 << "bf[\r][\n]"
20:48:40.791 [docker-java-stream--1781977736] DEBUG com.github.dockerjava.zerodep.shaded.org.apache.hc.client5.http.wire - http-outgoing-1 << "{"status":"Downloading","progressDetail":{"current":89781133,"total":136359405},"progress":"[================================\u003e                  ]  89.78MB/136.4MB","id":"0e2cf09fa7c7"}[\r][\n]"
20:48:40.791 [docker-java-stream--1781977736] DEBUG com.github.dockerjava.zerodep.shaded.org.apache.hc.client5.http.wire - http-outgoing-1 << "[\r][\n]"
20:48:40.791 [docker-java-stream--1781977736] DEBUG com.github.dockerjava.api.command.PullImageResultCallback - ResponseItem(stream=null, status=Downloading, progressDetail=ResponseItem.ProgressDetail(current=89781133, total=136359405, start=null), progress=[================================>                  ]  89.78MB/136.4MB, id=0e2cf09fa7c7, from=null, time=null, errorDetail=null, error=null, aux=null)
20:48:40.925 [docker-java-stream--1781977736] DEBUG com.github.dockerjava.zerodep.shaded.org.apache.hc.client5.http.wire - http-outgoing-1 << "bf[\r][\n]"
20:48:40.925 [docker-java-stream--1781977736] DEBUG com.github.dockerjava.zerodep.shaded.org.apache.hc.client5.http.wire - http-outgoing-1 << "{"status":"Downloading","progressDetail":{"current":90854285,"total":136359405},"progress":"[=================================\u003e                 ]  90.85MB/136.4MB","id":"0e2cf09fa7c7"}[\r][\n]"
20:48:40.925 [docker-java-stream--1781977736] DEBUG com.github.dockerjava.zerodep.shaded.org.apache.hc.client5.http.wire - http-outgoing-1 << "[\r][\n]"
20:48:40.926 [docker-java-stream--1781977736] DEBUG com.github.dockerjava.api.command.PullImageResultCallback - ResponseItem(stream=null, status=Downloading, progressDetail=ResponseItem.ProgressDetail(current=90854285, total=136359405, start=null), progress=[=================================>                 ]  90.85MB/136.4MB, id=0e2cf09fa7c7, from=null, time=null, errorDetail=null, error=null, aux=null)
20:48:41.060 [docker-java-stream--1781977736] DEBUG com.github.dockerjava.zerodep.shaded.org.apache.hc.client5.http.wire - http-outgoing-1 << "bf[\r][\n]"
20:48:41.060 [docker-java-stream--1781977736] DEBUG com.github.dockerjava.zerodep.shaded.org.apache.hc.client5.http.wire - http-outgoing-1 << "{"status":"Downloading","progressDetail":{"current":91935629,"total":136359405},"progress":"[=================================\u003e                 ]  91.94MB/136.4MB","id":"0e2cf09fa7c7"}[\r][\n]"
20:48:41.060 [docker-java-stream--1781977736] DEBUG com.github.dockerjava.zerodep.shaded.org.apache.hc.client5.http.wire - http-outgoing-1 << "[\r][\n]"
20:48:41.061 [docker-java-stream--1781977736] DEBUG com.github.dockerjava.api.command.PullImageResultCallback - ResponseItem(stream=null, status=Downloading, progressDetail=ResponseItem.ProgressDetail(current=91935629, total=136359405, start=null), progress=[=================================>                 ]  91.94MB/136.4MB, id=0e2cf09fa7c7, from=null, time=null, errorDetail=null, error=null, aux=null)
20:48:41.194 [docker-java-stream--1781977736] DEBUG com.github.dockerjava.zerodep.shaded.org.apache.hc.client5.http.wire - http-outgoing-1 << "bf[\r][\n]"
20:48:41.194 [docker-java-stream--1781977736] DEBUG com.github.dockerjava.zerodep.shaded.org.apache.hc.client5.http.wire - http-outgoing-1 << "{"status":"Downloading","progressDetail":{"current":93004685,"total":136359405},"progress":"[==================================\u003e                ]     93MB/136.4MB","id":"0e2cf09fa7c7"}[\r][\n]"
20:48:41.194 [docker-java-stream--1781977736] DEBUG com.github.dockerjava.zerodep.shaded.org.apache.hc.client5.http.wire - http-outgoing-1 << "[\r][\n]"
20:48:41.194 [docker-java-stream--1781977736] DEBUG com.github.dockerjava.api.command.PullImageResultCallback - ResponseItem(stream=null, status=Downloading, progressDetail=ResponseItem.ProgressDetail(current=93004685, total=136359405, start=null), progress=[==================================>                ]     93MB/136.4MB, id=0e2cf09fa7c7, from=null, time=null, errorDetail=null, error=null, aux=null)
20:48:41.327 [docker-java-stream--1781977736] DEBUG com.github.dockerjava.zerodep.shaded.org.apache.hc.client5.http.wire - http-outgoing-1 << "bf[\r][\n]"
20:48:41.327 [docker-java-stream--1781977736] DEBUG com.github.dockerjava.zerodep.shaded.org.apache.hc.client5.http.wire - http-outgoing-1 << "{"status":"Downloading","progressDetail":{"current":94065549,"total":136359405},"progress":"[==================================\u003e                ]  94.07MB/136.4MB","id":"0e2cf09fa7c7"}[\r][\n]"
20:48:41.327 [docker-java-stream--1781977736] DEBUG com.github.dockerjava.zerodep.shaded.org.apache.hc.client5.http.wire - http-outgoing-1 << "[\r][\n]"
20:48:41.328 [docker-java-stream--1781977736] DEBUG com.github.dockerjava.api.command.PullImageResultCallback - ResponseItem(stream=null, status=Downloading, progressDetail=ResponseItem.ProgressDetail(current=94065549, total=136359405, start=null), progress=[==================================>                ]  94.07MB/136.4MB, id=0e2cf09fa7c7, from=null, time=null, errorDetail=null, error=null, aux=null)
20:48:41.466 [docker-java-stream--1781977736] DEBUG com.github.dockerjava.zerodep.shaded.org.apache.hc.client5.http.wire - http-outgoing-1 << "bf[\r][\n]"
20:48:41.466 [docker-java-stream--1781977736] DEBUG com.github.dockerjava.zerodep.shaded.org.apache.hc.client5.http.wire - http-outgoing-1 << "{"status":"Downloading","progressDetail":{"current":95138701,"total":136359405},"progress":"[==================================\u003e                ]  95.14MB/136.4MB","id":"0e2cf09fa7c7"}[\r][\n]"
20:48:41.466 [docker-java-stream--1781977736] DEBUG com.github.dockerjava.zerodep.shaded.org.apache.hc.client5.http.wire - http-outgoing-1 << "[\r][\n]"
20:48:41.466 [docker-java-stream--1781977736] DEBUG com.github.dockerjava.api.command.PullImageResultCallback - ResponseItem(stream=null, status=Downloading, progressDetail=ResponseItem.ProgressDetail(current=95138701, total=136359405, start=null), progress=[==================================>                ]  95.14MB/136.4MB, id=0e2cf09fa7c7, from=null, time=null, errorDetail=null, error=null, aux=null)
20:48:41.815 [docker-java-stream--1781977736] DEBUG com.github.dockerjava.zerodep.shaded.org.apache.hc.client5.http.wire - http-outgoing-1 << "bf[\r][\n]"
20:48:41.815 [docker-java-stream--1781977736] DEBUG com.github.dockerjava.zerodep.shaded.org.apache.hc.client5.http.wire - http-outgoing-1 << "{"status":"Downloading","progressDetail":{"current":96220045,"total":136359405},"progress":"[===================================\u003e               ]  96.22MB/136.4MB","id":"0e2cf09fa7c7"}[\r][\n]"
20:48:41.815 [docker-java-stream--1781977736] DEBUG com.github.dockerjava.zerodep.shaded.org.apache.hc.client5.http.wire - http-outgoing-1 << "[\r][\n]"
20:48:41.816 [docker-java-stream--1781977736] DEBUG com.github.dockerjava.api.command.PullImageResultCallback - ResponseItem(stream=null, status=Downloading, progressDetail=ResponseItem.ProgressDetail(current=96220045, total=136359405, start=null), progress=[===================================>               ]  96.22MB/136.4MB, id=0e2cf09fa7c7, from=null, time=null, errorDetail=null, error=null, aux=null)
20:48:41.942 [docker-java-stream--1781977736] DEBUG com.github.dockerjava.zerodep.shaded.org.apache.hc.client5.http.wire - http-outgoing-1 << "bf[\r][\n]"
20:48:41.942 [docker-java-stream--1781977736] DEBUG com.github.dockerjava.zerodep.shaded.org.apache.hc.client5.http.wire - http-outgoing-1 << "{"status":"Downloading","progressDetail":{"current":97301389,"total":136359405},"progress":"[===================================\u003e               ]   97.3MB/136.4MB","id":"0e2cf09fa7c7"}[\r][\n]"
20:48:41.942 [docker-java-stream--1781977736] DEBUG com.github.dockerjava.zerodep.shaded.org.apache.hc.client5.http.wire - http-outgoing-1 << "[\r][\n]"
20:48:41.943 [docker-java-stream--1781977736] DEBUG com.github.dockerjava.api.command.PullImageResultCallback - ResponseItem(stream=null, status=Downloading, progressDetail=ResponseItem.ProgressDetail(current=97301389, total=136359405, start=null), progress=[===================================>               ]   97.3MB/136.4MB, id=0e2cf09fa7c7, from=null, time=null, errorDetail=null, error=null, aux=null)
20:48:42.077 [docker-java-stream--1781977736] DEBUG com.github.dockerjava.zerodep.shaded.org.apache.hc.client5.http.wire - http-outgoing-1 << "bf[\r][\n]"
20:48:42.077 [docker-java-stream--1781977736] DEBUG com.github.dockerjava.zerodep.shaded.org.apache.hc.client5.http.wire - http-outgoing-1 << "{"status":"Downloading","progressDetail":{"current":98382733,"total":136359405},"progress":"[====================================\u003e              ]  98.38MB/136.4MB","id":"0e2cf09fa7c7"}[\r][\n]"
20:48:42.077 [docker-java-stream--1781977736] DEBUG com.github.dockerjava.zerodep.shaded.org.apache.hc.client5.http.wire - http-outgoing-1 << "[\r][\n]"
20:48:42.078 [docker-java-stream--1781977736] DEBUG com.github.dockerjava.api.command.PullImageResultCallback - ResponseItem(stream=null, status=Downloading, progressDetail=ResponseItem.ProgressDetail(current=98382733, total=136359405, start=null), progress=[====================================>              ]  98.38MB/136.4MB, id=0e2cf09fa7c7, from=null, time=null, errorDetail=null, error=null, aux=null)
20:48:42.213 [docker-java-stream--1781977736] DEBUG com.github.dockerjava.zerodep.shaded.org.apache.hc.client5.http.wire - http-outgoing-1 << "bf[\r][\n]"
20:48:42.213 [docker-java-stream--1781977736] DEBUG com.github.dockerjava.zerodep.shaded.org.apache.hc.client5.http.wire - http-outgoing-1 << "{"status":"Downloading","progressDetail":{"current":99464077,"total":136359405},"progress":"[====================================\u003e              ]  99.46MB/136.4MB","id":"0e2cf09fa7c7"}[\r][\n]"
20:48:42.213 [docker-java-stream--1781977736] DEBUG com.github.dockerjava.zerodep.shaded.org.apache.hc.client5.http.wire - http-outgoing-1 << "[\r][\n]"
20:48:42.213 [docker-java-stream--1781977736] DEBUG com.github.dockerjava.api.command.PullImageResultCallback - ResponseItem(stream=null, status=Downloading, progressDetail=ResponseItem.ProgressDetail(current=99464077, total=136359405, start=null), progress=[====================================>              ]  99.46MB/136.4MB, id=0e2cf09fa7c7, from=null, time=null, errorDetail=null, error=null, aux=null)
20:48:42.346 [docker-java-stream--1781977736] DEBUG com.github.dockerjava.zerodep.shaded.org.apache.hc.client5.http.wire - http-outgoing-1 << "c0[\r][\n]"
20:48:42.346 [docker-java-stream--1781977736] DEBUG com.github.dockerjava.zerodep.shaded.org.apache.hc.client5.http.wire - http-outgoing-1 << "{"status":"Downloading","progressDetail":{"current":100545421,"total":136359405},"progress":"[====================================\u003e              ]  100.5MB/136.4MB","id":"0e2cf09fa7c7"}[\r][\n]"
20:48:42.346 [docker-java-stream--1781977736] DEBUG com.github.dockerjava.zerodep.shaded.org.apache.hc.client5.http.wire - http-outgoing-1 << "[\r][\n]"
20:48:42.346 [docker-java-stream--1781977736] DEBUG com.github.dockerjava.api.command.PullImageResultCallback - ResponseItem(stream=null, status=Downloading, progressDetail=ResponseItem.ProgressDetail(current=100545421, total=136359405, start=null), progress=[====================================>              ]  100.5MB/136.4MB, id=0e2cf09fa7c7, from=null, time=null, errorDetail=null, error=null, aux=null)
20:48:42.481 [docker-java-stream--1781977736] DEBUG com.github.dockerjava.zerodep.shaded.org.apache.hc.client5.http.wire - http-outgoing-1 << "c0[\r][\n]"
20:48:42.481 [docker-java-stream--1781977736] DEBUG com.github.dockerjava.zerodep.shaded.org.apache.hc.client5.http.wire - http-outgoing-1 << "{"status":"Downloading","progressDetail":{"current":101622669,"total":136359405},"progress":"[=====================================\u003e             ]  101.6MB/136.4MB","id":"0e2cf09fa7c7"}[\r][\n]"
20:48:42.481 [docker-java-stream--1781977736] DEBUG com.github.dockerjava.zerodep.shaded.org.apache.hc.client5.http.wire - http-outgoing-1 << "[\r][\n]"
20:48:42.481 [docker-java-stream--1781977736] DEBUG com.github.dockerjava.api.command.PullImageResultCallback - ResponseItem(stream=null, status=Downloading, progressDetail=ResponseItem.ProgressDetail(current=101622669, total=136359405, start=null), progress=[=====================================>             ]  101.6MB/136.4MB, id=0e2cf09fa7c7, from=null, time=null, errorDetail=null, error=null, aux=null)
20:48:42.619 [docker-java-stream--1781977736] DEBUG com.github.dockerjava.zerodep.shaded.org.apache.hc.client5.http.wire - http-outgoing-1 << "c0[\r][\n]"
20:48:42.619 [docker-java-stream--1781977736] DEBUG com.github.dockerjava.zerodep.shaded.org.apache.hc.client5.http.wire - http-outgoing-1 << "{"status":"Downloading","progressDetail":{"current":102704013,"total":136359405},"progress":"[=====================================\u003e             ]  102.7MB/136.4MB","id":"0e2cf09fa7c7"}[\r][\n]"
20:48:42.619 [docker-java-stream--1781977736] DEBUG com.github.dockerjava.zerodep.shaded.org.apache.hc.client5.http.wire - http-outgoing-1 << "[\r][\n]"
20:48:42.619 [docker-java-stream--1781977736] DEBUG com.github.dockerjava.api.command.PullImageResultCallback - ResponseItem(stream=null, status=Downloading, progressDetail=ResponseItem.ProgressDetail(current=102704013, total=136359405, start=null), progress=[=====================================>             ]  102.7MB/136.4MB, id=0e2cf09fa7c7, from=null, time=null, errorDetail=null, error=null, aux=null)
20:48:42.751 [docker-java-stream--1781977736] DEBUG com.github.dockerjava.zerodep.shaded.org.apache.hc.client5.http.wire - http-outgoing-1 << "c0[\r][\n]"
20:48:42.752 [docker-java-stream--1781977736] DEBUG com.github.dockerjava.zerodep.shaded.org.apache.hc.client5.http.wire - http-outgoing-1 << "{"status":"Downloading","progressDetail":{"current":103785357,"total":136359405},"progress":"[======================================\u003e            ]  103.8MB/136.4MB","id":"0e2cf09fa7c7"}[\r][\n]"
20:48:42.752 [docker-java-stream--1781977736] DEBUG com.github.dockerjava.zerodep.shaded.org.apache.hc.client5.http.wire - http-outgoing-1 << "[\r][\n]"
20:48:42.752 [docker-java-stream--1781977736] DEBUG com.github.dockerjava.api.command.PullImageResultCallback - ResponseItem(stream=null, status=Downloading, progressDetail=ResponseItem.ProgressDetail(current=103785357, total=136359405, start=null), progress=[======================================>            ]  103.8MB/136.4MB, id=0e2cf09fa7c7, from=null, time=null, errorDetail=null, error=null, aux=null)
20:48:42.882 [docker-java-stream--1781977736] DEBUG com.github.dockerjava.zerodep.shaded.org.apache.hc.client5.http.wire - http-outgoing-1 << "c0[\r][\n]"
20:48:42.883 [docker-java-stream--1781977736] DEBUG com.github.dockerjava.zerodep.shaded.org.apache.hc.client5.http.wire - http-outgoing-1 << "{"status":"Downloading","progressDetail":{"current":104842125,"total":136359405},"progress":"[======================================\u003e            ]  104.8MB/136.4MB","id":"0e2cf09fa7c7"}[\r][\n]"
20:48:42.883 [docker-java-stream--1781977736] DEBUG com.github.dockerjava.zerodep.shaded.org.apache.hc.client5.http.wire - http-outgoing-1 << "[\r][\n]"
20:48:42.883 [docker-java-stream--1781977736] DEBUG com.github.dockerjava.api.command.PullImageResultCallback - ResponseItem(stream=null, status=Downloading, progressDetail=ResponseItem.ProgressDetail(current=104842125, total=136359405, start=null), progress=[======================================>            ]  104.8MB/136.4MB, id=0e2cf09fa7c7, from=null, time=null, errorDetail=null, error=null, aux=null)
20:48:43.018 [docker-java-stream--1781977736] DEBUG com.github.dockerjava.zerodep.shaded.org.apache.hc.client5.http.wire - http-outgoing-1 << "c0[\r][\n]"
20:48:43.018 [docker-java-stream--1781977736] DEBUG com.github.dockerjava.zerodep.shaded.org.apache.hc.client5.http.wire - http-outgoing-1 << "{"status":"Downloading","progressDetail":{"current":105923469,"total":136359405},"progress":"[======================================\u003e            ]  105.9MB/136.4MB","id":"0e2cf09fa7c7"}[\r][\n]"
20:48:43.018 [docker-java-stream--1781977736] DEBUG com.github.dockerjava.zerodep.shaded.org.apache.hc.client5.http.wire - http-outgoing-1 << "[\r][\n]"
20:48:43.018 [docker-java-stream--1781977736] DEBUG com.github.dockerjava.api.command.PullImageResultCallback - ResponseItem(stream=null, status=Downloading, progressDetail=ResponseItem.ProgressDetail(current=105923469, total=136359405, start=null), progress=[======================================>            ]  105.9MB/136.4MB, id=0e2cf09fa7c7, from=null, time=null, errorDetail=null, error=null, aux=null)
20:48:43.150 [docker-java-stream--1781977736] DEBUG com.github.dockerjava.zerodep.shaded.org.apache.hc.client5.http.wire - http-outgoing-1 << "c0[\r][\n]"
20:48:43.150 [docker-java-stream--1781977736] DEBUG com.github.dockerjava.zerodep.shaded.org.apache.hc.client5.http.wire - http-outgoing-1 << "{"status":"Downloading","progressDetail":{"current":106996621,"total":136359405},"progress":"[=======================================\u003e           ]    107MB/136.4MB","id":"0e2cf09fa7c7"}[\r][\n]"
20:48:43.150 [docker-java-stream--1781977736] DEBUG com.github.dockerjava.zerodep.shaded.org.apache.hc.client5.http.wire - http-outgoing-1 << "[\r][\n]"
20:48:43.151 [docker-java-stream--1781977736] DEBUG com.github.dockerjava.api.command.PullImageResultCallback - ResponseItem(stream=null, status=Downloading, progressDetail=ResponseItem.ProgressDetail(current=106996621, total=136359405, start=null), progress=[=======================================>           ]    107MB/136.4MB, id=0e2cf09fa7c7, from=null, time=null, errorDetail=null, error=null, aux=null)
20:48:43.287 [docker-java-stream--1781977736] DEBUG com.github.dockerjava.zerodep.shaded.org.apache.hc.client5.http.wire - http-outgoing-1 << "c0[\r][\n]"
20:48:43.287 [docker-java-stream--1781977736] DEBUG com.github.dockerjava.zerodep.shaded.org.apache.hc.client5.http.wire - http-outgoing-1 << "{"status":"Downloading","progressDetail":{"current":108077965,"total":136359405},"progress":"[=======================================\u003e           ]  108.1MB/136.4MB","id":"0e2cf09fa7c7"}[\r][\n]"
20:48:43.287 [docker-java-stream--1781977736] DEBUG com.github.dockerjava.zerodep.shaded.org.apache.hc.client5.http.wire - http-outgoing-1 << "[\r][\n]"
20:48:43.288 [docker-java-stream--1781977736] DEBUG com.github.dockerjava.api.command.PullImageResultCallback - ResponseItem(stream=null, status=Downloading, progressDetail=ResponseItem.ProgressDetail(current=108077965, total=136359405, start=null), progress=[=======================================>           ]  108.1MB/136.4MB, id=0e2cf09fa7c7, from=null, time=null, errorDetail=null, error=null, aux=null)
20:48:43.424 [docker-java-stream--1781977736] DEBUG com.github.dockerjava.zerodep.shaded.org.apache.hc.client5.http.wire - http-outgoing-1 << "c0[\r][\n]"
20:48:43.424 [docker-java-stream--1781977736] DEBUG com.github.dockerjava.zerodep.shaded.org.apache.hc.client5.http.wire - http-outgoing-1 << "{"status":"Downloading","progressDetail":{"current":109155213,"total":136359405},"progress":"[========================================\u003e          ]  109.2MB/136.4MB","id":"0e2cf09fa7c7"}[\r][\n]"
20:48:43.424 [docker-java-stream--1781977736] DEBUG com.github.dockerjava.zerodep.shaded.org.apache.hc.client5.http.wire - http-outgoing-1 << "[\r][\n]"
20:48:43.424 [docker-java-stream--1781977736] DEBUG com.github.dockerjava.api.command.PullImageResultCallback - ResponseItem(stream=null, status=Downloading, progressDetail=ResponseItem.ProgressDetail(current=109155213, total=136359405, start=null), progress=[========================================>          ]  109.2MB/136.4MB, id=0e2cf09fa7c7, from=null, time=null, errorDetail=null, error=null, aux=null)
20:48:43.555 [docker-java-stream--1781977736] DEBUG com.github.dockerjava.zerodep.shaded.org.apache.hc.client5.http.wire - http-outgoing-1 << "c0[\r][\n]"
20:48:43.556 [docker-java-stream--1781977736] DEBUG com.github.dockerjava.zerodep.shaded.org.apache.hc.client5.http.wire - http-outgoing-1 << "{"status":"Downloading","progressDetail":{"current":110232461,"total":136359405},"progress":"[========================================\u003e          ]  110.2MB/136.4MB","id":"0e2cf09fa7c7"}[\r][\n]"
20:48:43.556 [docker-java-stream--1781977736] DEBUG com.github.dockerjava.zerodep.shaded.org.apache.hc.client5.http.wire - http-outgoing-1 << "[\r][\n]"
20:48:43.556 [docker-java-stream--1781977736] DEBUG com.github.dockerjava.api.command.PullImageResultCallback - ResponseItem(stream=null, status=Downloading, progressDetail=ResponseItem.ProgressDetail(current=110232461, total=136359405, start=null), progress=[========================================>          ]  110.2MB/136.4MB, id=0e2cf09fa7c7, from=null, time=null, errorDetail=null, error=null, aux=null)
20:48:43.692 [docker-java-stream--1781977736] DEBUG com.github.dockerjava.zerodep.shaded.org.apache.hc.client5.http.wire - http-outgoing-1 << "c0[\r][\n]"
20:48:43.692 [docker-java-stream--1781977736] DEBUG com.github.dockerjava.zerodep.shaded.org.apache.hc.client5.http.wire - http-outgoing-1 << "{"status":"Downloading","progressDetail":{"current":111313805,"total":136359405},"progress":"[========================================\u003e          ]  111.3MB/136.4MB","id":"0e2cf09fa7c7"}[\r][\n]"
20:48:43.692 [docker-java-stream--1781977736] DEBUG com.github.dockerjava.zerodep.shaded.org.apache.hc.client5.http.wire - http-outgoing-1 << "[\r][\n]"
20:48:43.693 [docker-java-stream--1781977736] DEBUG com.github.dockerjava.api.command.PullImageResultCallback - ResponseItem(stream=null, status=Downloading, progressDetail=ResponseItem.ProgressDetail(current=111313805, total=136359405, start=null), progress=[========================================>          ]  111.3MB/136.4MB, id=0e2cf09fa7c7, from=null, time=null, errorDetail=null, error=null, aux=null)
20:48:43.826 [docker-java-stream--1781977736] DEBUG com.github.dockerjava.zerodep.shaded.org.apache.hc.client5.http.wire - http-outgoing-1 << "c0[\r][\n]"
20:48:43.826 [docker-java-stream--1781977736] DEBUG com.github.dockerjava.zerodep.shaded.org.apache.hc.client5.http.wire - http-outgoing-1 << "{"status":"Downloading","progressDetail":{"current":112391053,"total":136359405},"progress":"[=========================================\u003e         ]  112.4MB/136.4MB","id":"0e2cf09fa7c7"}[\r][\n]"
20:48:43.826 [docker-java-stream--1781977736] DEBUG com.github.dockerjava.zerodep.shaded.org.apache.hc.client5.http.wire - http-outgoing-1 << "[\r][\n]"
20:48:43.827 [docker-java-stream--1781977736] DEBUG com.github.dockerjava.api.command.PullImageResultCallback - ResponseItem(stream=null, status=Downloading, progressDetail=ResponseItem.ProgressDetail(current=112391053, total=136359405, start=null), progress=[=========================================>         ]  112.4MB/136.4MB, id=0e2cf09fa7c7, from=null, time=null, errorDetail=null, error=null, aux=null)
20:48:43.975 [docker-java-stream--1781977736] DEBUG com.github.dockerjava.zerodep.shaded.org.apache.hc.client5.http.wire - http-outgoing-1 << "c0[\r][\n]"
20:48:43.975 [docker-java-stream--1781977736] DEBUG com.github.dockerjava.zerodep.shaded.org.apache.hc.client5.http.wire - http-outgoing-1 << "{"status":"Downloading","progressDetail":{"current":113472397,"total":136359405},"progress":"[=========================================\u003e         ]  113.5MB/136.4MB","id":"0e2cf09fa7c7"}[\r][\n]"
20:48:43.975 [docker-java-stream--1781977736] DEBUG com.github.dockerjava.zerodep.shaded.org.apache.hc.client5.http.wire - http-outgoing-1 << "[\r][\n]"
20:48:43.975 [docker-java-stream--1781977736] DEBUG com.github.dockerjava.api.command.PullImageResultCallback - ResponseItem(stream=null, status=Downloading, progressDetail=ResponseItem.ProgressDetail(current=113472397, total=136359405, start=null), progress=[=========================================>         ]  113.5MB/136.4MB, id=0e2cf09fa7c7, from=null, time=null, errorDetail=null, error=null, aux=null)
20:48:44.101 [docker-java-stream--1781977736] DEBUG com.github.dockerjava.zerodep.shaded.org.apache.hc.client5.http.wire - http-outgoing-1 << "c0[\r][\n]"
20:48:44.101 [docker-java-stream--1781977736] DEBUG com.github.dockerjava.zerodep.shaded.org.apache.hc.client5.http.wire - http-outgoing-1 << "{"status":"Downloading","progressDetail":{"current":114549645,"total":136359405},"progress":"[==========================================\u003e        ]  114.5MB/136.4MB","id":"0e2cf09fa7c7"}[\r][\n]"
20:48:44.101 [docker-java-stream--1781977736] DEBUG com.github.dockerjava.zerodep.shaded.org.apache.hc.client5.http.wire - http-outgoing-1 << "[\r][\n]"
20:48:44.101 [docker-java-stream--1781977736] DEBUG com.github.dockerjava.api.command.PullImageResultCallback - ResponseItem(stream=null, status=Downloading, progressDetail=ResponseItem.ProgressDetail(current=114549645, total=136359405, start=null), progress=[==========================================>        ]  114.5MB/136.4MB, id=0e2cf09fa7c7, from=null, time=null, errorDetail=null, error=null, aux=null)
20:48:44.237 [docker-java-stream--1781977736] DEBUG com.github.dockerjava.zerodep.shaded.org.apache.hc.client5.http.wire - http-outgoing-1 << "c0[\r][\n]"
20:48:44.238 [docker-java-stream--1781977736] DEBUG com.github.dockerjava.zerodep.shaded.org.apache.hc.client5.http.wire - http-outgoing-1 << "{"status":"Downloading","progressDetail":{"current":115630989,"total":136359405},"progress":"[==========================================\u003e        ]  115.6MB/136.4MB","id":"0e2cf09fa7c7"}[\r][\n]"
20:48:44.238 [docker-java-stream--1781977736] DEBUG com.github.dockerjava.zerodep.shaded.org.apache.hc.client5.http.wire - http-outgoing-1 << "[\r][\n]"
20:48:44.239 [docker-java-stream--1781977736] DEBUG com.github.dockerjava.api.command.PullImageResultCallback - ResponseItem(stream=null, status=Downloading, progressDetail=ResponseItem.ProgressDetail(current=115630989, total=136359405, start=null), progress=[==========================================>        ]  115.6MB/136.4MB, id=0e2cf09fa7c7, from=null, time=null, errorDetail=null, error=null, aux=null)
20:48:44.371 [docker-java-stream--1781977736] DEBUG com.github.dockerjava.zerodep.shaded.org.apache.hc.client5.http.wire - http-outgoing-1 << "c0[\r][\n]"
20:48:44.371 [docker-java-stream--1781977736] DEBUG com.github.dockerjava.zerodep.shaded.org.apache.hc.client5.http.wire - http-outgoing-1 << "{"status":"Downloading","progressDetail":{"current":116708237,"total":136359405},"progress":"[==========================================\u003e        ]  116.7MB/136.4MB","id":"0e2cf09fa7c7"}[\r][\n]"
20:48:44.371 [docker-java-stream--1781977736] DEBUG com.github.dockerjava.zerodep.shaded.org.apache.hc.client5.http.wire - http-outgoing-1 << "[\r][\n]"
20:48:44.371 [docker-java-stream--1781977736] DEBUG com.github.dockerjava.api.command.PullImageResultCallback - ResponseItem(stream=null, status=Downloading, progressDetail=ResponseItem.ProgressDetail(current=116708237, total=136359405, start=null), progress=[==========================================>        ]  116.7MB/136.4MB, id=0e2cf09fa7c7, from=null, time=null, errorDetail=null, error=null, aux=null)
20:48:44.505 [docker-java-stream--1781977736] DEBUG com.github.dockerjava.zerodep.shaded.org.apache.hc.client5.http.wire - http-outgoing-1 << "c0[\r][\n]"
20:48:44.505 [docker-java-stream--1781977736] DEBUG com.github.dockerjava.zerodep.shaded.org.apache.hc.client5.http.wire - http-outgoing-1 << "{"status":"Downloading","progressDetail":{"current":117769101,"total":136359405},"progress":"[===========================================\u003e       ]  117.8MB/136.4MB","id":"0e2cf09fa7c7"}[\r][\n]"
20:48:44.505 [docker-java-stream--1781977736] DEBUG com.github.dockerjava.zerodep.shaded.org.apache.hc.client5.http.wire - http-outgoing-1 << "[\r][\n]"
20:48:44.506 [docker-java-stream--1781977736] DEBUG com.github.dockerjava.api.command.PullImageResultCallback - ResponseItem(stream=null, status=Downloading, progressDetail=ResponseItem.ProgressDetail(current=117769101, total=136359405, start=null), progress=[===========================================>       ]  117.8MB/136.4MB, id=0e2cf09fa7c7, from=null, time=null, errorDetail=null, error=null, aux=null)
20:48:44.639 [docker-java-stream--1781977736] DEBUG com.github.dockerjava.zerodep.shaded.org.apache.hc.client5.http.wire - http-outgoing-1 << "c0[\r][\n]"
20:48:44.639 [docker-java-stream--1781977736] DEBUG com.github.dockerjava.zerodep.shaded.org.apache.hc.client5.http.wire - http-outgoing-1 << "{"status":"Downloading","progressDetail":{"current":118850445,"total":136359405},"progress":"[===========================================\u003e       ]  118.9MB/136.4MB","id":"0e2cf09fa7c7"}[\r][\n]"
20:48:44.639 [docker-java-stream--1781977736] DEBUG com.github.dockerjava.zerodep.shaded.org.apache.hc.client5.http.wire - http-outgoing-1 << "[\r][\n]"
20:48:44.639 [docker-java-stream--1781977736] DEBUG com.github.dockerjava.api.command.PullImageResultCallback - ResponseItem(stream=null, status=Downloading, progressDetail=ResponseItem.ProgressDetail(current=118850445, total=136359405, start=null), progress=[===========================================>       ]  118.9MB/136.4MB, id=0e2cf09fa7c7, from=null, time=null, errorDetail=null, error=null, aux=null)
20:48:44.773 [docker-java-stream--1781977736] DEBUG com.github.dockerjava.zerodep.shaded.org.apache.hc.client5.http.wire - http-outgoing-1 << "c0[\r][\n]"
20:48:44.773 [docker-java-stream--1781977736] DEBUG com.github.dockerjava.zerodep.shaded.org.apache.hc.client5.http.wire - http-outgoing-1 << "{"status":"Downloading","progressDetail":{"current":119931789,"total":136359405},"progress":"[===========================================\u003e       ]  119.9MB/136.4MB","id":"0e2cf09fa7c7"}[\r][\n]"
20:48:44.773 [docker-java-stream--1781977736] DEBUG com.github.dockerjava.zerodep.shaded.org.apache.hc.client5.http.wire - http-outgoing-1 << "[\r][\n]"
20:48:44.773 [docker-java-stream--1781977736] DEBUG com.github.dockerjava.api.command.PullImageResultCallback - ResponseItem(stream=null, status=Downloading, progressDetail=ResponseItem.ProgressDetail(current=119931789, total=136359405, start=null), progress=[===========================================>       ]  119.9MB/136.4MB, id=0e2cf09fa7c7, from=null, time=null, errorDetail=null, error=null, aux=null)
20:48:44.907 [docker-java-stream--1781977736] DEBUG com.github.dockerjava.zerodep.shaded.org.apache.hc.client5.http.wire - http-outgoing-1 << "c0[\r][\n]"
20:48:44.907 [docker-java-stream--1781977736] DEBUG com.github.dockerjava.zerodep.shaded.org.apache.hc.client5.http.wire - http-outgoing-1 << "{"status":"Downloading","progressDetail":{"current":121000845,"total":136359405},"progress":"[============================================\u003e      ]    121MB/136.4MB","id":"0e2cf09fa7c7"}[\r][\n]"
20:48:44.907 [docker-java-stream--1781977736] DEBUG com.github.dockerjava.zerodep.shaded.org.apache.hc.client5.http.wire - http-outgoing-1 << "[\r][\n]"
20:48:44.908 [docker-java-stream--1781977736] DEBUG com.github.dockerjava.api.command.PullImageResultCallback - ResponseItem(stream=null, status=Downloading, progressDetail=ResponseItem.ProgressDetail(current=121000845, total=136359405, start=null), progress=[============================================>      ]    121MB/136.4MB, id=0e2cf09fa7c7, from=null, time=null, errorDetail=null, error=null, aux=null)
20:48:45.040 [docker-java-stream--1781977736] DEBUG com.github.dockerjava.zerodep.shaded.org.apache.hc.client5.http.wire - http-outgoing-1 << "c0[\r][\n]"
20:48:45.040 [docker-java-stream--1781977736] DEBUG com.github.dockerjava.zerodep.shaded.org.apache.hc.client5.http.wire - http-outgoing-1 << "{"status":"Downloading","progressDetail":{"current":122069901,"total":136359405},"progress":"[============================================\u003e      ]  122.1MB/136.4MB","id":"0e2cf09fa7c7"}[\r][\n]"
20:48:45.040 [docker-java-stream--1781977736] DEBUG com.github.dockerjava.zerodep.shaded.org.apache.hc.client5.http.wire - http-outgoing-1 << "[\r][\n]"
20:48:45.041 [docker-java-stream--1781977736] DEBUG com.github.dockerjava.api.command.PullImageResultCallback - ResponseItem(stream=null, status=Downloading, progressDetail=ResponseItem.ProgressDetail(current=122069901, total=136359405, start=null), progress=[============================================>      ]  122.1MB/136.4MB, id=0e2cf09fa7c7, from=null, time=null, errorDetail=null, error=null, aux=null)
20:48:45.174 [docker-java-stream--1781977736] DEBUG com.github.dockerjava.zerodep.shaded.org.apache.hc.client5.http.wire - http-outgoing-1 << "c0[\r][\n]"
20:48:45.175 [docker-java-stream--1781977736] DEBUG com.github.dockerjava.zerodep.shaded.org.apache.hc.client5.http.wire - http-outgoing-1 << "{"status":"Downloading","progressDetail":{"current":123147149,"total":136359405},"progress":"[=============================================\u003e     ]  123.1MB/136.4MB","id":"0e2cf09fa7c7"}[\r][\n]"
20:48:45.175 [docker-java-stream--1781977736] DEBUG com.github.dockerjava.zerodep.shaded.org.apache.hc.client5.http.wire - http-outgoing-1 << "[\r][\n]"
20:48:45.175 [docker-java-stream--1781977736] DEBUG com.github.dockerjava.api.command.PullImageResultCallback - ResponseItem(stream=null, status=Downloading, progressDetail=ResponseItem.ProgressDetail(current=123147149, total=136359405, start=null), progress=[=============================================>     ]  123.1MB/136.4MB, id=0e2cf09fa7c7, from=null, time=null, errorDetail=null, error=null, aux=null)
20:48:45.310 [docker-java-stream--1781977736] DEBUG com.github.dockerjava.zerodep.shaded.org.apache.hc.client5.http.wire - http-outgoing-1 << "c0[\r][\n]"
20:48:45.310 [docker-java-stream--1781977736] DEBUG com.github.dockerjava.zerodep.shaded.org.apache.hc.client5.http.wire - http-outgoing-1 << "{"status":"Downloading","progressDetail":{"current":124228493,"total":136359405},"progress":"[=============================================\u003e     ]  124.2MB/136.4MB","id":"0e2cf09fa7c7"}[\r][\n]"
20:48:45.310 [docker-java-stream--1781977736] DEBUG com.github.dockerjava.zerodep.shaded.org.apache.hc.client5.http.wire - http-outgoing-1 << "[\r][\n]"
20:48:45.310 [docker-java-stream--1781977736] DEBUG com.github.dockerjava.api.command.PullImageResultCallback - ResponseItem(stream=null, status=Downloading, progressDetail=ResponseItem.ProgressDetail(current=124228493, total=136359405, start=null), progress=[=============================================>     ]  124.2MB/136.4MB, id=0e2cf09fa7c7, from=null, time=null, errorDetail=null, error=null, aux=null)
20:48:45.443 [docker-java-stream--1781977736] DEBUG com.github.dockerjava.zerodep.shaded.org.apache.hc.client5.http.wire - http-outgoing-1 << "c0[\r][\n]"
20:48:45.443 [docker-java-stream--1781977736] DEBUG com.github.dockerjava.zerodep.shaded.org.apache.hc.client5.http.wire - http-outgoing-1 << "{"status":"Downloading","progressDetail":{"current":125289357,"total":136359405},"progress":"[=============================================\u003e     ]  125.3MB/136.4MB","id":"0e2cf09fa7c7"}[\r][\n]"
20:48:45.443 [docker-java-stream--1781977736] DEBUG com.github.dockerjava.zerodep.shaded.org.apache.hc.client5.http.wire - http-outgoing-1 << "[\r][\n]"
20:48:45.443 [docker-java-stream--1781977736] DEBUG com.github.dockerjava.api.command.PullImageResultCallback - ResponseItem(stream=null, status=Downloading, progressDetail=ResponseItem.ProgressDetail(current=125289357, total=136359405, start=null), progress=[=============================================>     ]  125.3MB/136.4MB, id=0e2cf09fa7c7, from=null, time=null, errorDetail=null, error=null, aux=null)
20:48:45.582 [docker-java-stream--1781977736] DEBUG com.github.dockerjava.zerodep.shaded.org.apache.hc.client5.http.wire - http-outgoing-1 << "c0[\r][\n]"
20:48:45.582 [docker-java-stream--1781977736] DEBUG com.github.dockerjava.zerodep.shaded.org.apache.hc.client5.http.wire - http-outgoing-1 << "{"status":"Downloading","progressDetail":{"current":126370701,"total":136359405},"progress":"[==============================================\u003e    ]  126.4MB/136.4MB","id":"0e2cf09fa7c7"}[\r][\n]"
20:48:45.582 [docker-java-stream--1781977736] DEBUG com.github.dockerjava.zerodep.shaded.org.apache.hc.client5.http.wire - http-outgoing-1 << "[\r][\n]"
20:48:45.582 [docker-java-stream--1781977736] DEBUG com.github.dockerjava.api.command.PullImageResultCallback - ResponseItem(stream=null, status=Downloading, progressDetail=ResponseItem.ProgressDetail(current=126370701, total=136359405, start=null), progress=[==============================================>    ]  126.4MB/136.4MB, id=0e2cf09fa7c7, from=null, time=null, errorDetail=null, error=null, aux=null)
20:48:45.714 [docker-java-stream--1781977736] DEBUG com.github.dockerjava.zerodep.shaded.org.apache.hc.client5.http.wire - http-outgoing-1 << "c0[\r][\n]"
20:48:45.714 [docker-java-stream--1781977736] DEBUG com.github.dockerjava.zerodep.shaded.org.apache.hc.client5.http.wire - http-outgoing-1 << "{"status":"Downloading","progressDetail":{"current":127452045,"total":136359405},"progress":"[==============================================\u003e    ]  127.5MB/136.4MB","id":"0e2cf09fa7c7"}[\r][\n]"
20:48:45.714 [docker-java-stream--1781977736] DEBUG com.github.dockerjava.zerodep.shaded.org.apache.hc.client5.http.wire - http-outgoing-1 << "[\r][\n]"
20:48:45.715 [docker-java-stream--1781977736] DEBUG com.github.dockerjava.api.command.PullImageResultCallback - ResponseItem(stream=null, status=Downloading, progressDetail=ResponseItem.ProgressDetail(current=127452045, total=136359405, start=null), progress=[==============================================>    ]  127.5MB/136.4MB, id=0e2cf09fa7c7, from=null, time=null, errorDetail=null, error=null, aux=null)
20:48:45.845 [docker-java-stream--1781977736] DEBUG com.github.dockerjava.zerodep.shaded.org.apache.hc.client5.http.wire - http-outgoing-1 << "c0[\r][\n]"
20:48:45.845 [docker-java-stream--1781977736] DEBUG com.github.dockerjava.zerodep.shaded.org.apache.hc.client5.http.wire - http-outgoing-1 << "{"status":"Downloading","progressDetail":{"current":128521101,"total":136359405},"progress":"[===============================================\u003e   ]  128.5MB/136.4MB","id":"0e2cf09fa7c7"}[\r][\n]"
20:48:45.845 [docker-java-stream--1781977736] DEBUG com.github.dockerjava.zerodep.shaded.org.apache.hc.client5.http.wire - http-outgoing-1 << "[\r][\n]"
20:48:45.846 [docker-java-stream--1781977736] DEBUG com.github.dockerjava.api.command.PullImageResultCallback - ResponseItem(stream=null, status=Downloading, progressDetail=ResponseItem.ProgressDetail(current=128521101, total=136359405, start=null), progress=[===============================================>   ]  128.5MB/136.4MB, id=0e2cf09fa7c7, from=null, time=null, errorDetail=null, error=null, aux=null)
20:48:45.980 [docker-java-stream--1781977736] DEBUG com.github.dockerjava.zerodep.shaded.org.apache.hc.client5.http.wire - http-outgoing-1 << "c0[\r][\n]"
20:48:45.980 [docker-java-stream--1781977736] DEBUG com.github.dockerjava.zerodep.shaded.org.apache.hc.client5.http.wire - http-outgoing-1 << "{"status":"Downloading","progressDetail":{"current":129590157,"total":136359405},"progress":"[===============================================\u003e   ]  129.6MB/136.4MB","id":"0e2cf09fa7c7"}[\r][\n]"
20:48:45.980 [docker-java-stream--1781977736] DEBUG com.github.dockerjava.zerodep.shaded.org.apache.hc.client5.http.wire - http-outgoing-1 << "[\r][\n]"
20:48:45.981 [docker-java-stream--1781977736] DEBUG com.github.dockerjava.api.command.PullImageResultCallback - ResponseItem(stream=null, status=Downloading, progressDetail=ResponseItem.ProgressDetail(current=129590157, total=136359405, start=null), progress=[===============================================>   ]  129.6MB/136.4MB, id=0e2cf09fa7c7, from=null, time=null, errorDetail=null, error=null, aux=null)
20:48:46.110 [docker-java-stream--1781977736] DEBUG com.github.dockerjava.zerodep.shaded.org.apache.hc.client5.http.wire - http-outgoing-1 << "c0[\r][\n]"
20:48:46.110 [docker-java-stream--1781977736] DEBUG com.github.dockerjava.zerodep.shaded.org.apache.hc.client5.http.wire - http-outgoing-1 << "{"status":"Downloading","progressDetail":{"current":130651021,"total":136359405},"progress":"[===============================================\u003e   ]  130.7MB/136.4MB","id":"0e2cf09fa7c7"}[\r][\n]"
20:48:46.110 [docker-java-stream--1781977736] DEBUG com.github.dockerjava.zerodep.shaded.org.apache.hc.client5.http.wire - http-outgoing-1 << "[\r][\n]"
20:48:46.111 [docker-java-stream--1781977736] DEBUG com.github.dockerjava.api.command.PullImageResultCallback - ResponseItem(stream=null, status=Downloading, progressDetail=ResponseItem.ProgressDetail(current=130651021, total=136359405, start=null), progress=[===============================================>   ]  130.7MB/136.4MB, id=0e2cf09fa7c7, from=null, time=null, errorDetail=null, error=null, aux=null)
20:48:46.249 [docker-java-stream--1781977736] DEBUG com.github.dockerjava.zerodep.shaded.org.apache.hc.client5.http.wire - http-outgoing-1 << "c0[\r][\n]"
20:48:46.249 [docker-java-stream--1781977736] DEBUG com.github.dockerjava.zerodep.shaded.org.apache.hc.client5.http.wire - http-outgoing-1 << "{"status":"Downloading","progressDetail":{"current":131732365,"total":136359405},"progress":"[================================================\u003e  ]  131.7MB/136.4MB","id":"0e2cf09fa7c7"}[\r][\n]"
20:48:46.249 [docker-java-stream--1781977736] DEBUG com.github.dockerjava.zerodep.shaded.org.apache.hc.client5.http.wire - http-outgoing-1 << "[\r][\n]"
20:48:46.249 [docker-java-stream--1781977736] DEBUG com.github.dockerjava.api.command.PullImageResultCallback - ResponseItem(stream=null, status=Downloading, progressDetail=ResponseItem.ProgressDetail(current=131732365, total=136359405, start=null), progress=[================================================>  ]  131.7MB/136.4MB, id=0e2cf09fa7c7, from=null, time=null, errorDetail=null, error=null, aux=null)
20:48:46.381 [docker-java-stream--1781977736] DEBUG com.github.dockerjava.zerodep.shaded.org.apache.hc.client5.http.wire - http-outgoing-1 << "c0[\r][\n]"
20:48:46.381 [docker-java-stream--1781977736] DEBUG com.github.dockerjava.zerodep.shaded.org.apache.hc.client5.http.wire - http-outgoing-1 << "{"status":"Downloading","progressDetail":{"current":132813709,"total":136359405},"progress":"[================================================\u003e  ]  132.8MB/136.4MB","id":"0e2cf09fa7c7"}[\r][\n]"
20:48:46.381 [docker-java-stream--1781977736] DEBUG com.github.dockerjava.zerodep.shaded.org.apache.hc.client5.http.wire - http-outgoing-1 << "[\r][\n]"
20:48:46.382 [docker-java-stream--1781977736] DEBUG com.github.dockerjava.api.command.PullImageResultCallback - ResponseItem(stream=null, status=Downloading, progressDetail=ResponseItem.ProgressDetail(current=132813709, total=136359405, start=null), progress=[================================================>  ]  132.8MB/136.4MB, id=0e2cf09fa7c7, from=null, time=null, errorDetail=null, error=null, aux=null)
20:48:46.516 [docker-java-stream--1781977736] DEBUG com.github.dockerjava.zerodep.shaded.org.apache.hc.client5.http.wire - http-outgoing-1 << "c0[\r][\n]"
20:48:46.517 [docker-java-stream--1781977736] DEBUG com.github.dockerjava.zerodep.shaded.org.apache.hc.client5.http.wire - http-outgoing-1 << "{"status":"Downloading","progressDetail":{"current":133895053,"total":136359405},"progress":"[=================================================\u003e ]  133.9MB/136.4MB","id":"0e2cf09fa7c7"}[\r][\n]"
20:48:46.517 [docker-java-stream--1781977736] DEBUG com.github.dockerjava.zerodep.shaded.org.apache.hc.client5.http.wire - http-outgoing-1 << "[\r][\n]"
20:48:46.517 [docker-java-stream--1781977736] DEBUG com.github.dockerjava.api.command.PullImageResultCallback - ResponseItem(stream=null, status=Downloading, progressDetail=ResponseItem.ProgressDetail(current=133895053, total=136359405, start=null), progress=[=================================================> ]  133.9MB/136.4MB, id=0e2cf09fa7c7, from=null, time=null, errorDetail=null, error=null, aux=null)
20:48:46.652 [docker-java-stream--1781977736] DEBUG com.github.dockerjava.zerodep.shaded.org.apache.hc.client5.http.wire - http-outgoing-1 << "c0[\r][\n]"
20:48:46.653 [docker-java-stream--1781977736] DEBUG com.github.dockerjava.zerodep.shaded.org.apache.hc.client5.http.wire - http-outgoing-1 << "{"status":"Downloading","progressDetail":{"current":134968205,"total":136359405},"progress":"[=================================================\u003e ]    135MB/136.4MB","id":"0e2cf09fa7c7"}[\r][\n]"
20:48:46.653 [docker-java-stream--1781977736] DEBUG com.github.dockerjava.zerodep.shaded.org.apache.hc.client5.http.wire - http-outgoing-1 << "[\r][\n]"
20:48:46.653 [docker-java-stream--1781977736] DEBUG com.github.dockerjava.api.command.PullImageResultCallback - ResponseItem(stream=null, status=Downloading, progressDetail=ResponseItem.ProgressDetail(current=134968205, total=136359405, start=null), progress=[=================================================> ]    135MB/136.4MB, id=0e2cf09fa7c7, from=null, time=null, errorDetail=null, error=null, aux=null)
20:48:46.784 [docker-java-stream--1781977736] DEBUG com.github.dockerjava.zerodep.shaded.org.apache.hc.client5.http.wire - http-outgoing-1 << "c0[\r][\n]"
20:48:46.785 [docker-java-stream--1781977736] DEBUG com.github.dockerjava.zerodep.shaded.org.apache.hc.client5.http.wire - http-outgoing-1 << "{"status":"Downloading","progressDetail":{"current":136049549,"total":136359405},"progress":"[=================================================\u003e ]    136MB/136.4MB","id":"0e2cf09fa7c7"}[\r][\n]"
20:48:46.785 [docker-java-stream--1781977736] DEBUG com.github.dockerjava.zerodep.shaded.org.apache.hc.client5.http.wire - http-outgoing-1 << "[\r][\n]"
20:48:46.785 [docker-java-stream--1781977736] DEBUG com.github.dockerjava.api.command.PullImageResultCallback - ResponseItem(stream=null, status=Downloading, progressDetail=ResponseItem.ProgressDetail(current=136049549, total=136359405, start=null), progress=[=================================================> ]    136MB/136.4MB, id=0e2cf09fa7c7, from=null, time=null, errorDetail=null, error=null, aux=null)
20:48:46.827 [docker-java-stream--1781977736] DEBUG com.github.dockerjava.zerodep.shaded.org.apache.hc.client5.http.wire - http-outgoing-1 << "91[\r][\n]"
20:48:46.827 [docker-java-stream--1781977736] DEBUG com.github.dockerjava.zerodep.shaded.org.apache.hc.client5.http.wire - http-outgoing-1 << "{"status":"Verifying Checksum","progressDetail":{},"id":"0e2cf09fa7c7"}[\r][\n]"
20:48:46.827 [docker-java-stream--1781977736] DEBUG com.github.dockerjava.zerodep.shaded.org.apache.hc.client5.http.wire - http-outgoing-1 << "{"status":"Download complete","progressDetail":{},"id":"0e2cf09fa7c7"}[\r][\n]"
20:48:46.827 [docker-java-stream--1781977736] DEBUG com.github.dockerjava.zerodep.shaded.org.apache.hc.client5.http.wire - http-outgoing-1 << "[\r][\n]"
20:48:46.828 [docker-java-stream--1781977736] DEBUG com.github.dockerjava.api.command.PullImageResultCallback - ResponseItem(stream=null, status=Verifying Checksum, progressDetail=ResponseItem.ProgressDetail(current=null, total=null, start=null), progress=null, id=0e2cf09fa7c7, from=null, time=null, errorDetail=null, error=null, aux=null)
20:48:46.828 [docker-java-stream--1781977736] DEBUG com.github.dockerjava.api.command.PullImageResultCallback - ResponseItem(stream=null, status=Download complete, progressDetail=ResponseItem.ProgressDetail(current=null, total=null, start=null), progress=null, id=0e2cf09fa7c7, from=null, time=null, errorDetail=null, error=null, aux=null)
20:48:46.828 [docker-java-stream--1781977736] INFO 🐳 [mongo:4.4.2] - Pulling image layers:  0 pending, 12 downloaded,  9 extracted, (160 MB/160 MB)
20:48:46.955 [docker-java-stream--1781977736] DEBUG com.github.dockerjava.zerodep.shaded.org.apache.hc.client5.http.wire - http-outgoing-1 << "bc[\r][\n]"
20:48:46.955 [docker-java-stream--1781977736] DEBUG com.github.dockerjava.zerodep.shaded.org.apache.hc.client5.http.wire - http-outgoing-1 << "{"status":"Extracting","progressDetail":{"current":557056,"total":136359405},"progress":"[\u003e                                                  ]  557.1kB/136.4MB","id":"0e2cf09fa7c7"}[\r][\n]"
20:48:46.955 [docker-java-stream--1781977736] DEBUG com.github.dockerjava.zerodep.shaded.org.apache.hc.client5.http.wire - http-outgoing-1 << "[\r][\n]"
20:48:46.955 [docker-java-stream--1781977736] DEBUG com.github.dockerjava.api.command.PullImageResultCallback - ResponseItem(stream=null, status=Extracting, progressDetail=ResponseItem.ProgressDetail(current=557056, total=136359405, start=null), progress=[>                                                  ]  557.1kB/136.4MB, id=0e2cf09fa7c7, from=null, time=null, errorDetail=null, error=null, aux=null)
20:48:47.067 [docker-java-stream--1781977736] DEBUG com.github.dockerjava.zerodep.shaded.org.apache.hc.client5.http.wire - http-outgoing-1 << "bd[\r][\n]"
20:48:47.067 [docker-java-stream--1781977736] DEBUG com.github.dockerjava.zerodep.shaded.org.apache.hc.client5.http.wire - http-outgoing-1 << "{"status":"Extracting","progressDetail":{"current":4456448,"total":136359405},"progress":"[=\u003e                                                 ]  4.456MB/136.4MB","id":"0e2cf09fa7c7"}[\r][\n]"
20:48:47.067 [docker-java-stream--1781977736] DEBUG com.github.dockerjava.zerodep.shaded.org.apache.hc.client5.http.wire - http-outgoing-1 << "[\r][\n]"
20:48:47.068 [docker-java-stream--1781977736] DEBUG com.github.dockerjava.api.command.PullImageResultCallback - ResponseItem(stream=null, status=Extracting, progressDetail=ResponseItem.ProgressDetail(current=4456448, total=136359405, start=null), progress=[=>                                                 ]  4.456MB/136.4MB, id=0e2cf09fa7c7, from=null, time=null, errorDetail=null, error=null, aux=null)
20:48:47.178 [docker-java-stream--1781977736] DEBUG com.github.dockerjava.zerodep.shaded.org.apache.hc.client5.http.wire - http-outgoing-1 << "be[\r][\n]"
20:48:47.178 [docker-java-stream--1781977736] DEBUG com.github.dockerjava.zerodep.shaded.org.apache.hc.client5.http.wire - http-outgoing-1 << "{"status":"Extracting","progressDetail":{"current":10584064,"total":136359405},"progress":"[===\u003e                                               ]  10.58MB/136.4MB","id":"0e2cf09fa7c7"}[\r][\n]"
20:48:47.178 [docker-java-stream--1781977736] DEBUG com.github.dockerjava.zerodep.shaded.org.apache.hc.client5.http.wire - http-outgoing-1 << "[\r][\n]"
20:48:47.178 [docker-java-stream--1781977736] DEBUG com.github.dockerjava.api.command.PullImageResultCallback - ResponseItem(stream=null, status=Extracting, progressDetail=ResponseItem.ProgressDetail(current=10584064, total=136359405, start=null), progress=[===>                                               ]  10.58MB/136.4MB, id=0e2cf09fa7c7, from=null, time=null, errorDetail=null, error=null, aux=null)
20:48:47.279 [docker-java-stream--1781977736] DEBUG com.github.dockerjava.zerodep.shaded.org.apache.hc.client5.http.wire - http-outgoing-1 << "be[\r][\n]"
20:48:47.279 [docker-java-stream--1781977736] DEBUG com.github.dockerjava.zerodep.shaded.org.apache.hc.client5.http.wire - http-outgoing-1 << "{"status":"Extracting","progressDetail":{"current":15040512,"total":136359405},"progress":"[=====\u003e                                             ]  15.04MB/136.4MB","id":"0e2cf09fa7c7"}[\r][\n]"
20:48:47.279 [docker-java-stream--1781977736] DEBUG com.github.dockerjava.zerodep.shaded.org.apache.hc.client5.http.wire - http-outgoing-1 << "[\r][\n]"
20:48:47.279 [docker-java-stream--1781977736] DEBUG com.github.dockerjava.api.command.PullImageResultCallback - ResponseItem(stream=null, status=Extracting, progressDetail=ResponseItem.ProgressDetail(current=15040512, total=136359405, start=null), progress=[=====>                                             ]  15.04MB/136.4MB, id=0e2cf09fa7c7, from=null, time=null, errorDetail=null, error=null, aux=null)
20:48:47.387 [docker-java-stream--1781977736] DEBUG com.github.dockerjava.zerodep.shaded.org.apache.hc.client5.http.wire - http-outgoing-1 << "be[\r][\n]"
20:48:47.387 [docker-java-stream--1781977736] DEBUG com.github.dockerjava.zerodep.shaded.org.apache.hc.client5.http.wire - http-outgoing-1 << "{"status":"Extracting","progressDetail":{"current":20054016,"total":136359405},"progress":"[=======\u003e                                           ]  20.05MB/136.4MB","id":"0e2cf09fa7c7"}[\r][\n]"
20:48:47.387 [docker-java-stream--1781977736] DEBUG com.github.dockerjava.zerodep.shaded.org.apache.hc.client5.http.wire - http-outgoing-1 << "[\r][\n]"
20:48:47.388 [docker-java-stream--1781977736] DEBUG com.github.dockerjava.api.command.PullImageResultCallback - ResponseItem(stream=null, status=Extracting, progressDetail=ResponseItem.ProgressDetail(current=20054016, total=136359405, start=null), progress=[=======>                                           ]  20.05MB/136.4MB, id=0e2cf09fa7c7, from=null, time=null, errorDetail=null, error=null, aux=null)
20:48:47.499 [docker-java-stream--1781977736] DEBUG com.github.dockerjava.zerodep.shaded.org.apache.hc.client5.http.wire - http-outgoing-1 << "be[\r][\n]"
20:48:47.499 [docker-java-stream--1781977736] DEBUG com.github.dockerjava.zerodep.shaded.org.apache.hc.client5.http.wire - http-outgoing-1 << "{"status":"Extracting","progressDetail":{"current":25624576,"total":136359405},"progress":"[=========\u003e                                         ]  25.62MB/136.4MB","id":"0e2cf09fa7c7"}[\r][\n]"
20:48:47.499 [docker-java-stream--1781977736] DEBUG com.github.dockerjava.zerodep.shaded.org.apache.hc.client5.http.wire - http-outgoing-1 << "[\r][\n]"
20:48:47.499 [docker-java-stream--1781977736] DEBUG com.github.dockerjava.api.command.PullImageResultCallback - ResponseItem(stream=null, status=Extracting, progressDetail=ResponseItem.ProgressDetail(current=25624576, total=136359405, start=null), progress=[=========>                                         ]  25.62MB/136.4MB, id=0e2cf09fa7c7, from=null, time=null, errorDetail=null, error=null, aux=null)
20:48:47.603 [docker-java-stream--1781977736] DEBUG com.github.dockerjava.zerodep.shaded.org.apache.hc.client5.http.wire - http-outgoing-1 << "be[\r][\n]"
20:48:47.603 [docker-java-stream--1781977736] DEBUG com.github.dockerjava.zerodep.shaded.org.apache.hc.client5.http.wire - http-outgoing-1 << "{"status":"Extracting","progressDetail":{"current":29523968,"total":136359405},"progress":"[==========\u003e                                        ]  29.52MB/136.4MB","id":"0e2cf09fa7c7"}[\r][\n]"
20:48:47.603 [docker-java-stream--1781977736] DEBUG com.github.dockerjava.zerodep.shaded.org.apache.hc.client5.http.wire - http-outgoing-1 << "[\r][\n]"
20:48:47.604 [docker-java-stream--1781977736] DEBUG com.github.dockerjava.api.command.PullImageResultCallback - ResponseItem(stream=null, status=Extracting, progressDetail=ResponseItem.ProgressDetail(current=29523968, total=136359405, start=null), progress=[==========>                                        ]  29.52MB/136.4MB, id=0e2cf09fa7c7, from=null, time=null, errorDetail=null, error=null, aux=null)
20:48:47.705 [docker-java-stream--1781977736] DEBUG com.github.dockerjava.zerodep.shaded.org.apache.hc.client5.http.wire - http-outgoing-1 << "be[\r][\n]"
20:48:47.705 [docker-java-stream--1781977736] DEBUG com.github.dockerjava.zerodep.shaded.org.apache.hc.client5.http.wire - http-outgoing-1 << "{"status":"Extracting","progressDetail":{"current":33980416,"total":136359405},"progress":"[============\u003e                                      ]  33.98MB/136.4MB","id":"0e2cf09fa7c7"}[\r][\n]"
20:48:47.705 [docker-java-stream--1781977736] DEBUG com.github.dockerjava.zerodep.shaded.org.apache.hc.client5.http.wire - http-outgoing-1 << "[\r][\n]"
20:48:47.706 [docker-java-stream--1781977736] DEBUG com.github.dockerjava.api.command.PullImageResultCallback - ResponseItem(stream=null, status=Extracting, progressDetail=ResponseItem.ProgressDetail(current=33980416, total=136359405, start=null), progress=[============>                                      ]  33.98MB/136.4MB, id=0e2cf09fa7c7, from=null, time=null, errorDetail=null, error=null, aux=null)
20:48:47.816 [docker-java-stream--1781977736] DEBUG com.github.dockerjava.zerodep.shaded.org.apache.hc.client5.http.wire - http-outgoing-1 << "be[\r][\n]"
20:48:47.817 [docker-java-stream--1781977736] DEBUG com.github.dockerjava.zerodep.shaded.org.apache.hc.client5.http.wire - http-outgoing-1 << "{"status":"Extracting","progressDetail":{"current":38993920,"total":136359405},"progress":"[==============\u003e                                    ]  38.99MB/136.4MB","id":"0e2cf09fa7c7"}[\r][\n]"
20:48:47.817 [docker-java-stream--1781977736] DEBUG com.github.dockerjava.zerodep.shaded.org.apache.hc.client5.http.wire - http-outgoing-1 << "[\r][\n]"
20:48:47.817 [docker-java-stream--1781977736] DEBUG com.github.dockerjava.api.command.PullImageResultCallback - ResponseItem(stream=null, status=Extracting, progressDetail=ResponseItem.ProgressDetail(current=38993920, total=136359405, start=null), progress=[==============>                                    ]  38.99MB/136.4MB, id=0e2cf09fa7c7, from=null, time=null, errorDetail=null, error=null, aux=null)
20:48:47.923 [docker-java-stream--1781977736] DEBUG com.github.dockerjava.zerodep.shaded.org.apache.hc.client5.http.wire - http-outgoing-1 << "be[\r][\n]"
20:48:47.923 [docker-java-stream--1781977736] DEBUG com.github.dockerjava.zerodep.shaded.org.apache.hc.client5.http.wire - http-outgoing-1 << "{"status":"Extracting","progressDetail":{"current":44007424,"total":136359405},"progress":"[================\u003e                                  ]  44.01MB/136.4MB","id":"0e2cf09fa7c7"}[\r][\n]"
20:48:47.923 [docker-java-stream--1781977736] DEBUG com.github.dockerjava.zerodep.shaded.org.apache.hc.client5.http.wire - http-outgoing-1 << "[\r][\n]"
20:48:47.923 [docker-java-stream--1781977736] DEBUG com.github.dockerjava.api.command.PullImageResultCallback - ResponseItem(stream=null, status=Extracting, progressDetail=ResponseItem.ProgressDetail(current=44007424, total=136359405, start=null), progress=[================>                                  ]  44.01MB/136.4MB, id=0e2cf09fa7c7, from=null, time=null, errorDetail=null, error=null, aux=null)
20:48:48.035 [docker-java-stream--1781977736] DEBUG com.github.dockerjava.zerodep.shaded.org.apache.hc.client5.http.wire - http-outgoing-1 << "be[\r][\n]"
20:48:48.036 [docker-java-stream--1781977736] DEBUG com.github.dockerjava.zerodep.shaded.org.apache.hc.client5.http.wire - http-outgoing-1 << "{"status":"Extracting","progressDetail":{"current":50135040,"total":136359405},"progress":"[==================\u003e                                ]  50.14MB/136.4MB","id":"0e2cf09fa7c7"}[\r][\n]"
20:48:48.036 [docker-java-stream--1781977736] DEBUG com.github.dockerjava.zerodep.shaded.org.apache.hc.client5.http.wire - http-outgoing-1 << "[\r][\n]"
20:48:48.036 [docker-java-stream--1781977736] DEBUG com.github.dockerjava.api.command.PullImageResultCallback - ResponseItem(stream=null, status=Extracting, progressDetail=ResponseItem.ProgressDetail(current=50135040, total=136359405, start=null), progress=[==================>                                ]  50.14MB/136.4MB, id=0e2cf09fa7c7, from=null, time=null, errorDetail=null, error=null, aux=null)
20:48:48.138 [docker-java-stream--1781977736] DEBUG com.github.dockerjava.zerodep.shaded.org.apache.hc.client5.http.wire - http-outgoing-1 << "be[\r][\n]"
20:48:48.139 [docker-java-stream--1781977736] DEBUG com.github.dockerjava.zerodep.shaded.org.apache.hc.client5.http.wire - http-outgoing-1 << "{"status":"Extracting","progressDetail":{"current":54591488,"total":136359405},"progress":"[====================\u003e                              ]  54.59MB/136.4MB","id":"0e2cf09fa7c7"}[\r][\n]"
20:48:48.139 [docker-java-stream--1781977736] DEBUG com.github.dockerjava.zerodep.shaded.org.apache.hc.client5.http.wire - http-outgoing-1 << "[\r][\n]"
20:48:48.139 [docker-java-stream--1781977736] DEBUG com.github.dockerjava.api.command.PullImageResultCallback - ResponseItem(stream=null, status=Extracting, progressDetail=ResponseItem.ProgressDetail(current=54591488, total=136359405, start=null), progress=[====================>                              ]  54.59MB/136.4MB, id=0e2cf09fa7c7, from=null, time=null, errorDetail=null, error=null, aux=null)
20:48:48.259 [docker-java-stream--1781977736] DEBUG com.github.dockerjava.zerodep.shaded.org.apache.hc.client5.http.wire - http-outgoing-1 << "be[\r][\n]"
20:48:48.259 [docker-java-stream--1781977736] DEBUG com.github.dockerjava.zerodep.shaded.org.apache.hc.client5.http.wire - http-outgoing-1 << "{"status":"Extracting","progressDetail":{"current":58490880,"total":136359405},"progress":"[=====================\u003e                             ]  58.49MB/136.4MB","id":"0e2cf09fa7c7"}[\r][\n]"
20:48:48.259 [docker-java-stream--1781977736] DEBUG com.github.dockerjava.zerodep.shaded.org.apache.hc.client5.http.wire - http-outgoing-1 << "[\r][\n]"
20:48:48.260 [docker-java-stream--1781977736] DEBUG com.github.dockerjava.api.command.PullImageResultCallback - ResponseItem(stream=null, status=Extracting, progressDetail=ResponseItem.ProgressDetail(current=58490880, total=136359405, start=null), progress=[=====================>                             ]  58.49MB/136.4MB, id=0e2cf09fa7c7, from=null, time=null, errorDetail=null, error=null, aux=null)
20:48:48.367 [docker-java-stream--1781977736] DEBUG com.github.dockerjava.zerodep.shaded.org.apache.hc.client5.http.wire - http-outgoing-1 << "be[\r][\n]"
20:48:48.367 [docker-java-stream--1781977736] DEBUG com.github.dockerjava.zerodep.shaded.org.apache.hc.client5.http.wire - http-outgoing-1 << "{"status":"Extracting","progressDetail":{"current":64618496,"total":136359405},"progress":"[=======================\u003e                           ]  64.62MB/136.4MB","id":"0e2cf09fa7c7"}[\r][\n]"
20:48:48.367 [docker-java-stream--1781977736] DEBUG com.github.dockerjava.zerodep.shaded.org.apache.hc.client5.http.wire - http-outgoing-1 << "[\r][\n]"
20:48:48.367 [docker-java-stream--1781977736] DEBUG com.github.dockerjava.api.command.PullImageResultCallback - ResponseItem(stream=null, status=Extracting, progressDetail=ResponseItem.ProgressDetail(current=64618496, total=136359405, start=null), progress=[=======================>                           ]  64.62MB/136.4MB, id=0e2cf09fa7c7, from=null, time=null, errorDetail=null, error=null, aux=null)
20:48:48.480 [docker-java-stream--1781977736] DEBUG com.github.dockerjava.zerodep.shaded.org.apache.hc.client5.http.wire - http-outgoing-1 << "be[\r][\n]"
20:48:48.480 [docker-java-stream--1781977736] DEBUG com.github.dockerjava.zerodep.shaded.org.apache.hc.client5.http.wire - http-outgoing-1 << "{"status":"Extracting","progressDetail":{"current":67960832,"total":136359405},"progress":"[========================\u003e                          ]  67.96MB/136.4MB","id":"0e2cf09fa7c7"}[\r][\n]"
20:48:48.480 [docker-java-stream--1781977736] DEBUG com.github.dockerjava.zerodep.shaded.org.apache.hc.client5.http.wire - http-outgoing-1 << "[\r][\n]"
20:48:48.481 [docker-java-stream--1781977736] DEBUG com.github.dockerjava.api.command.PullImageResultCallback - ResponseItem(stream=null, status=Extracting, progressDetail=ResponseItem.ProgressDetail(current=67960832, total=136359405, start=null), progress=[========================>                          ]  67.96MB/136.4MB, id=0e2cf09fa7c7, from=null, time=null, errorDetail=null, error=null, aux=null)
20:48:48.586 [docker-java-stream--1781977736] DEBUG com.github.dockerjava.zerodep.shaded.org.apache.hc.client5.http.wire - http-outgoing-1 << "be[\r][\n]"
20:48:48.586 [docker-java-stream--1781977736] DEBUG com.github.dockerjava.zerodep.shaded.org.apache.hc.client5.http.wire - http-outgoing-1 << "{"status":"Extracting","progressDetail":{"current":74088448,"total":136359405},"progress":"[===========================\u003e                       ]  74.09MB/136.4MB","id":"0e2cf09fa7c7"}[\r][\n]"
20:48:48.586 [docker-java-stream--1781977736] DEBUG com.github.dockerjava.zerodep.shaded.org.apache.hc.client5.http.wire - http-outgoing-1 << "[\r][\n]"
20:48:48.586 [docker-java-stream--1781977736] DEBUG com.github.dockerjava.api.command.PullImageResultCallback - ResponseItem(stream=null, status=Extracting, progressDetail=ResponseItem.ProgressDetail(current=74088448, total=136359405, start=null), progress=[===========================>                       ]  74.09MB/136.4MB, id=0e2cf09fa7c7, from=null, time=null, errorDetail=null, error=null, aux=null)
20:48:48.698 [docker-java-stream--1781977736] DEBUG com.github.dockerjava.zerodep.shaded.org.apache.hc.client5.http.wire - http-outgoing-1 << "be[\r][\n]"
20:48:48.698 [docker-java-stream--1781977736] DEBUG com.github.dockerjava.zerodep.shaded.org.apache.hc.client5.http.wire - http-outgoing-1 << "{"status":"Extracting","progressDetail":{"current":79659008,"total":136359405},"progress":"[=============================\u003e                     ]  79.66MB/136.4MB","id":"0e2cf09fa7c7"}[\r][\n]"
20:48:48.698 [docker-java-stream--1781977736] DEBUG com.github.dockerjava.zerodep.shaded.org.apache.hc.client5.http.wire - http-outgoing-1 << "[\r][\n]"
20:48:48.698 [docker-java-stream--1781977736] DEBUG com.github.dockerjava.api.command.PullImageResultCallback - ResponseItem(stream=null, status=Extracting, progressDetail=ResponseItem.ProgressDetail(current=79659008, total=136359405, start=null), progress=[=============================>                     ]  79.66MB/136.4MB, id=0e2cf09fa7c7, from=null, time=null, errorDetail=null, error=null, aux=null)
20:48:48.808 [docker-java-stream--1781977736] DEBUG com.github.dockerjava.zerodep.shaded.org.apache.hc.client5.http.wire - http-outgoing-1 << "be[\r][\n]"
20:48:48.808 [docker-java-stream--1781977736] DEBUG com.github.dockerjava.zerodep.shaded.org.apache.hc.client5.http.wire - http-outgoing-1 << "{"status":"Extracting","progressDetail":{"current":83558400,"total":136359405},"progress":"[==============================\u003e                    ]  83.56MB/136.4MB","id":"0e2cf09fa7c7"}[\r][\n]"
20:48:48.808 [docker-java-stream--1781977736] DEBUG com.github.dockerjava.zerodep.shaded.org.apache.hc.client5.http.wire - http-outgoing-1 << "[\r][\n]"
20:48:48.808 [docker-java-stream--1781977736] DEBUG com.github.dockerjava.api.command.PullImageResultCallback - ResponseItem(stream=null, status=Extracting, progressDetail=ResponseItem.ProgressDetail(current=83558400, total=136359405, start=null), progress=[==============================>                    ]  83.56MB/136.4MB, id=0e2cf09fa7c7, from=null, time=null, errorDetail=null, error=null, aux=null)
20:48:48.916 [docker-java-stream--1781977736] DEBUG com.github.dockerjava.zerodep.shaded.org.apache.hc.client5.http.wire - http-outgoing-1 << "be[\r][\n]"
20:48:48.916 [docker-java-stream--1781977736] DEBUG com.github.dockerjava.zerodep.shaded.org.apache.hc.client5.http.wire - http-outgoing-1 << "{"status":"Extracting","progressDetail":{"current":90243072,"total":136359405},"progress":"[=================================\u003e                 ]  90.24MB/136.4MB","id":"0e2cf09fa7c7"}[\r][\n]"
20:48:48.916 [docker-java-stream--1781977736] DEBUG com.github.dockerjava.zerodep.shaded.org.apache.hc.client5.http.wire - http-outgoing-1 << "[\r][\n]"
20:48:48.916 [docker-java-stream--1781977736] DEBUG com.github.dockerjava.api.command.PullImageResultCallback - ResponseItem(stream=null, status=Extracting, progressDetail=ResponseItem.ProgressDetail(current=90243072, total=136359405, start=null), progress=[=================================>                 ]  90.24MB/136.4MB, id=0e2cf09fa7c7, from=null, time=null, errorDetail=null, error=null, aux=null)
20:48:49.017 [docker-java-stream--1781977736] DEBUG com.github.dockerjava.zerodep.shaded.org.apache.hc.client5.http.wire - http-outgoing-1 << "be[\r][\n]"
20:48:49.017 [docker-java-stream--1781977736] DEBUG com.github.dockerjava.zerodep.shaded.org.apache.hc.client5.http.wire - http-outgoing-1 << "{"status":"Extracting","progressDetail":{"current":95813632,"total":136359405},"progress":"[===================================\u003e               ]  95.81MB/136.4MB","id":"0e2cf09fa7c7"}[\r][\n]"
20:48:49.017 [docker-java-stream--1781977736] DEBUG com.github.dockerjava.zerodep.shaded.org.apache.hc.client5.http.wire - http-outgoing-1 << "[\r][\n]"
20:48:49.018 [docker-java-stream--1781977736] DEBUG com.github.dockerjava.api.command.PullImageResultCallback - ResponseItem(stream=null, status=Extracting, progressDetail=ResponseItem.ProgressDetail(current=95813632, total=136359405, start=null), progress=[===================================>               ]  95.81MB/136.4MB, id=0e2cf09fa7c7, from=null, time=null, errorDetail=null, error=null, aux=null)
20:48:49.117 [docker-java-stream--1781977736] DEBUG com.github.dockerjava.zerodep.shaded.org.apache.hc.client5.http.wire - http-outgoing-1 << "bf[\r][\n]"
20:48:49.117 [docker-java-stream--1781977736] DEBUG com.github.dockerjava.zerodep.shaded.org.apache.hc.client5.http.wire - http-outgoing-1 << "{"status":"Extracting","progressDetail":{"current":100270080,"total":136359405},"progress":"[====================================\u003e              ]  100.3MB/136.4MB","id":"0e2cf09fa7c7"}[\r][\n]"
20:48:49.117 [docker-java-stream--1781977736] DEBUG com.github.dockerjava.zerodep.shaded.org.apache.hc.client5.http.wire - http-outgoing-1 << "[\r][\n]"
20:48:49.118 [docker-java-stream--1781977736] DEBUG com.github.dockerjava.api.command.PullImageResultCallback - ResponseItem(stream=null, status=Extracting, progressDetail=ResponseItem.ProgressDetail(current=100270080, total=136359405, start=null), progress=[====================================>              ]  100.3MB/136.4MB, id=0e2cf09fa7c7, from=null, time=null, errorDetail=null, error=null, aux=null)
20:48:49.224 [docker-java-stream--1781977736] DEBUG com.github.dockerjava.zerodep.shaded.org.apache.hc.client5.http.wire - http-outgoing-1 << "bf[\r][\n]"
20:48:49.224 [docker-java-stream--1781977736] DEBUG com.github.dockerjava.zerodep.shaded.org.apache.hc.client5.http.wire - http-outgoing-1 << "{"status":"Extracting","progressDetail":{"current":105283584,"total":136359405},"progress":"[======================================\u003e            ]  105.3MB/136.4MB","id":"0e2cf09fa7c7"}[\r][\n]"
20:48:49.224 [docker-java-stream--1781977736] DEBUG com.github.dockerjava.zerodep.shaded.org.apache.hc.client5.http.wire - http-outgoing-1 << "[\r][\n]"
20:48:49.224 [docker-java-stream--1781977736] DEBUG com.github.dockerjava.api.command.PullImageResultCallback - ResponseItem(stream=null, status=Extracting, progressDetail=ResponseItem.ProgressDetail(current=105283584, total=136359405, start=null), progress=[======================================>            ]  105.3MB/136.4MB, id=0e2cf09fa7c7, from=null, time=null, errorDetail=null, error=null, aux=null)
20:48:49.324 [docker-java-stream--1781977736] DEBUG com.github.dockerjava.zerodep.shaded.org.apache.hc.client5.http.wire - http-outgoing-1 << "bf[\r][\n]"
20:48:49.324 [docker-java-stream--1781977736] DEBUG com.github.dockerjava.zerodep.shaded.org.apache.hc.client5.http.wire - http-outgoing-1 << "{"status":"Extracting","progressDetail":{"current":109740032,"total":136359405},"progress":"[========================================\u003e          ]  109.7MB/136.4MB","id":"0e2cf09fa7c7"}[\r][\n]"
20:48:49.324 [docker-java-stream--1781977736] DEBUG com.github.dockerjava.zerodep.shaded.org.apache.hc.client5.http.wire - http-outgoing-1 << "[\r][\n]"
20:48:49.325 [docker-java-stream--1781977736] DEBUG com.github.dockerjava.api.command.PullImageResultCallback - ResponseItem(stream=null, status=Extracting, progressDetail=ResponseItem.ProgressDetail(current=109740032, total=136359405, start=null), progress=[========================================>          ]  109.7MB/136.4MB, id=0e2cf09fa7c7, from=null, time=null, errorDetail=null, error=null, aux=null)
20:48:49.436 [docker-java-stream--1781977736] DEBUG com.github.dockerjava.zerodep.shaded.org.apache.hc.client5.http.wire - http-outgoing-1 << "bf[\r][\n]"
20:48:49.436 [docker-java-stream--1781977736] DEBUG com.github.dockerjava.zerodep.shaded.org.apache.hc.client5.http.wire - http-outgoing-1 << "{"status":"Extracting","progressDetail":{"current":115867648,"total":136359405},"progress":"[==========================================\u003e        ]  115.9MB/136.4MB","id":"0e2cf09fa7c7"}[\r][\n]"
20:48:49.436 [docker-java-stream--1781977736] DEBUG com.github.dockerjava.zerodep.shaded.org.apache.hc.client5.http.wire - http-outgoing-1 << "[\r][\n]"
20:48:49.437 [docker-java-stream--1781977736] DEBUG com.github.dockerjava.api.command.PullImageResultCallback - ResponseItem(stream=null, status=Extracting, progressDetail=ResponseItem.ProgressDetail(current=115867648, total=136359405, start=null), progress=[==========================================>        ]  115.9MB/136.4MB, id=0e2cf09fa7c7, from=null, time=null, errorDetail=null, error=null, aux=null)
20:48:49.548 [docker-java-stream--1781977736] DEBUG com.github.dockerjava.zerodep.shaded.org.apache.hc.client5.http.wire - http-outgoing-1 << "bf[\r][\n]"
20:48:49.548 [docker-java-stream--1781977736] DEBUG com.github.dockerjava.zerodep.shaded.org.apache.hc.client5.http.wire - http-outgoing-1 << "{"status":"Extracting","progressDetail":{"current":120324096,"total":136359405},"progress":"[============================================\u003e      ]  120.3MB/136.4MB","id":"0e2cf09fa7c7"}[\r][\n]"
20:48:49.548 [docker-java-stream--1781977736] DEBUG com.github.dockerjava.zerodep.shaded.org.apache.hc.client5.http.wire - http-outgoing-1 << "[\r][\n]"
20:48:49.549 [docker-java-stream--1781977736] DEBUG com.github.dockerjava.api.command.PullImageResultCallback - ResponseItem(stream=null, status=Extracting, progressDetail=ResponseItem.ProgressDetail(current=120324096, total=136359405, start=null), progress=[============================================>      ]  120.3MB/136.4MB, id=0e2cf09fa7c7, from=null, time=null, errorDetail=null, error=null, aux=null)
20:48:49.651 [docker-java-stream--1781977736] DEBUG com.github.dockerjava.zerodep.shaded.org.apache.hc.client5.http.wire - http-outgoing-1 << "bf[\r][\n]"
20:48:49.651 [docker-java-stream--1781977736] DEBUG com.github.dockerjava.zerodep.shaded.org.apache.hc.client5.http.wire - http-outgoing-1 << "{"status":"Extracting","progressDetail":{"current":124223488,"total":136359405},"progress":"[=============================================\u003e     ]  124.2MB/136.4MB","id":"0e2cf09fa7c7"}[\r][\n]"
20:48:49.651 [docker-java-stream--1781977736] DEBUG com.github.dockerjava.zerodep.shaded.org.apache.hc.client5.http.wire - http-outgoing-1 << "[\r][\n]"
20:48:49.651 [docker-java-stream--1781977736] DEBUG com.github.dockerjava.api.command.PullImageResultCallback - ResponseItem(stream=null, status=Extracting, progressDetail=ResponseItem.ProgressDetail(current=124223488, total=136359405, start=null), progress=[=============================================>     ]  124.2MB/136.4MB, id=0e2cf09fa7c7, from=null, time=null, errorDetail=null, error=null, aux=null)
20:48:49.764 [docker-java-stream--1781977736] DEBUG com.github.dockerjava.zerodep.shaded.org.apache.hc.client5.http.wire - http-outgoing-1 << "bf[\r][\n]"
20:48:49.764 [docker-java-stream--1781977736] DEBUG com.github.dockerjava.zerodep.shaded.org.apache.hc.client5.http.wire - http-outgoing-1 << "{"status":"Extracting","progressDetail":{"current":129794048,"total":136359405},"progress":"[===============================================\u003e   ]  129.8MB/136.4MB","id":"0e2cf09fa7c7"}[\r][\n]"
20:48:49.764 [docker-java-stream--1781977736] DEBUG com.github.dockerjava.zerodep.shaded.org.apache.hc.client5.http.wire - http-outgoing-1 << "[\r][\n]"
20:48:49.764 [docker-java-stream--1781977736] DEBUG com.github.dockerjava.api.command.PullImageResultCallback - ResponseItem(stream=null, status=Extracting, progressDetail=ResponseItem.ProgressDetail(current=129794048, total=136359405, start=null), progress=[===============================================>   ]  129.8MB/136.4MB, id=0e2cf09fa7c7, from=null, time=null, errorDetail=null, error=null, aux=null)
20:48:49.944 [docker-java-stream--1781977736] DEBUG com.github.dockerjava.zerodep.shaded.org.apache.hc.client5.http.wire - http-outgoing-1 << "bf[\r][\n]"
20:48:49.944 [docker-java-stream--1781977736] DEBUG com.github.dockerjava.zerodep.shaded.org.apache.hc.client5.http.wire - http-outgoing-1 << "{"status":"Extracting","progressDetail":{"current":135921664,"total":136359405},"progress":"[=================================================\u003e ]  135.9MB/136.4MB","id":"0e2cf09fa7c7"}[\r][\n]"
20:48:49.944 [docker-java-stream--1781977736] DEBUG com.github.dockerjava.zerodep.shaded.org.apache.hc.client5.http.wire - http-outgoing-1 << "[\r][\n]"
20:48:49.945 [docker-java-stream--1781977736] DEBUG com.github.dockerjava.api.command.PullImageResultCallback - ResponseItem(stream=null, status=Extracting, progressDetail=ResponseItem.ProgressDetail(current=135921664, total=136359405, start=null), progress=[=================================================> ]  135.9MB/136.4MB, id=0e2cf09fa7c7, from=null, time=null, errorDetail=null, error=null, aux=null)
20:48:49.961 [docker-java-stream--1781977736] DEBUG com.github.dockerjava.zerodep.shaded.org.apache.hc.client5.http.wire - http-outgoing-1 << "bf[\r][\n]"
20:48:49.962 [docker-java-stream--1781977736] DEBUG com.github.dockerjava.zerodep.shaded.org.apache.hc.client5.http.wire - http-outgoing-1 << "{"status":"Extracting","progressDetail":{"current":136359405,"total":136359405},"progress":"[==================================================\u003e]  136.4MB/136.4MB","id":"0e2cf09fa7c7"}[\r][\n]"
20:48:49.962 [docker-java-stream--1781977736] DEBUG com.github.dockerjava.zerodep.shaded.org.apache.hc.client5.http.wire - http-outgoing-1 << "[\r][\n]"
20:48:49.962 [docker-java-stream--1781977736] DEBUG com.github.dockerjava.api.command.PullImageResultCallback - ResponseItem(stream=null, status=Extracting, progressDetail=ResponseItem.ProgressDetail(current=136359405, total=136359405, start=null), progress=[==================================================>]  136.4MB/136.4MB, id=0e2cf09fa7c7, from=null, time=null, errorDetail=null, error=null, aux=null)
20:48:49.987 [docker-java-stream--1781977736] DEBUG com.github.dockerjava.zerodep.shaded.org.apache.hc.client5.http.wire - http-outgoing-1 << "44[\r][\n]"
20:48:49.987 [docker-java-stream--1781977736] DEBUG com.github.dockerjava.zerodep.shaded.org.apache.hc.client5.http.wire - http-outgoing-1 << "{"status":"Pull complete","progressDetail":{},"id":"0e2cf09fa7c7"}[\r][\n]"
20:48:49.987 [docker-java-stream--1781977736] DEBUG com.github.dockerjava.zerodep.shaded.org.apache.hc.client5.http.wire - http-outgoing-1 << "[\r][\n]"
20:48:49.988 [docker-java-stream--1781977736] DEBUG com.github.dockerjava.api.command.PullImageResultCallback - ResponseItem(stream=null, status=Pull complete, progressDetail=ResponseItem.ProgressDetail(current=null, total=null, start=null), progress=null, id=0e2cf09fa7c7, from=null, time=null, errorDetail=null, error=null, aux=null)
20:48:49.988 [docker-java-stream--1781977736] INFO 🐳 [mongo:4.4.2] - Pulling image layers:  0 pending, 12 downloaded, 10 extracted, (160 MB/160 MB)
20:48:49.991 [docker-java-stream--1781977736] DEBUG com.github.dockerjava.zerodep.shaded.org.apache.hc.client5.http.wire - http-outgoing-1 << "b0[\r][\n]"
20:48:49.991 [docker-java-stream--1781977736] DEBUG com.github.dockerjava.zerodep.shaded.org.apache.hc.client5.http.wire - http-outgoing-1 << "{"status":"Extracting","progressDetail":{"current":170,"total":170},"progress":"[==================================================\u003e]     170B/170B","id":"ce365ba51645"}[\r][\n]"
20:48:49.991 [docker-java-stream--1781977736] DEBUG com.github.dockerjava.zerodep.shaded.org.apache.hc.client5.http.wire - http-outgoing-1 << "[\r][\n]"
20:48:49.991 [docker-java-stream--1781977736] DEBUG com.github.dockerjava.api.command.PullImageResultCallback - ResponseItem(stream=null, status=Extracting, progressDetail=ResponseItem.ProgressDetail(current=170, total=170, start=null), progress=[==================================================>]     170B/170B, id=ce365ba51645, from=null, time=null, errorDetail=null, error=null, aux=null)
20:48:49.994 [docker-java-stream--1781977736] DEBUG com.github.dockerjava.zerodep.shaded.org.apache.hc.client5.http.wire - http-outgoing-1 << "b0[\r][\n]"
20:48:49.994 [docker-java-stream--1781977736] DEBUG com.github.dockerjava.zerodep.shaded.org.apache.hc.client5.http.wire - http-outgoing-1 << "{"status":"Extracting","progressDetail":{"current":170,"total":170},"progress":"[==================================================\u003e]     170B/170B","id":"ce365ba51645"}[\r][\n]"
20:48:49.994 [docker-java-stream--1781977736] DEBUG com.github.dockerjava.zerodep.shaded.org.apache.hc.client5.http.wire - http-outgoing-1 << "[\r][\n]"
20:48:49.994 [docker-java-stream--1781977736] DEBUG com.github.dockerjava.api.command.PullImageResultCallback - ResponseItem(stream=null, status=Extracting, progressDetail=ResponseItem.ProgressDetail(current=170, total=170, start=null), progress=[==================================================>]     170B/170B, id=ce365ba51645, from=null, time=null, errorDetail=null, error=null, aux=null)
20:48:50.040 [docker-java-stream--1781977736] DEBUG com.github.dockerjava.zerodep.shaded.org.apache.hc.client5.http.wire - http-outgoing-1 << "44[\r][\n]"
20:48:50.040 [docker-java-stream--1781977736] DEBUG com.github.dockerjava.zerodep.shaded.org.apache.hc.client5.http.wire - http-outgoing-1 << "{"status":"Pull complete","progressDetail":{},"id":"ce365ba51645"}[\r][\n]"
20:48:50.040 [docker-java-stream--1781977736] DEBUG com.github.dockerjava.zerodep.shaded.org.apache.hc.client5.http.wire - http-outgoing-1 << "[\r][\n]"
20:48:50.041 [docker-java-stream--1781977736] DEBUG com.github.dockerjava.api.command.PullImageResultCallback - ResponseItem(stream=null, status=Pull complete, progressDetail=ResponseItem.ProgressDetail(current=null, total=null, start=null), progress=null, id=ce365ba51645, from=null, time=null, errorDetail=null, error=null, aux=null)
20:48:50.041 [docker-java-stream--1781977736] INFO 🐳 [mongo:4.4.2] - Pulling image layers:  0 pending, 12 downloaded, 11 extracted, (160 MB/160 MB)
20:48:50.044 [docker-java-stream--1781977736] DEBUG com.github.dockerjava.zerodep.shaded.org.apache.hc.client5.http.wire - http-outgoing-1 << "b5[\r][\n]"
20:48:50.044 [docker-java-stream--1781977736] DEBUG com.github.dockerjava.zerodep.shaded.org.apache.hc.client5.http.wire - http-outgoing-1 << "{"status":"Extracting","progressDetail":{"current":4416,"total":4416},"progress":"[==================================================\u003e]  4.416kB/4.416kB","id":"777375ed12b9"}[\r][\n]"
20:48:50.044 [docker-java-stream--1781977736] DEBUG com.github.dockerjava.zerodep.shaded.org.apache.hc.client5.http.wire - http-outgoing-1 << "[\r][\n]"
20:48:50.044 [docker-java-stream--1781977736] DEBUG com.github.dockerjava.api.command.PullImageResultCallback - ResponseItem(stream=null, status=Extracting, progressDetail=ResponseItem.ProgressDetail(current=4416, total=4416, start=null), progress=[==================================================>]  4.416kB/4.416kB, id=777375ed12b9, from=null, time=null, errorDetail=null, error=null, aux=null)
20:48:50.045 [docker-java-stream--1781977736] DEBUG com.github.dockerjava.zerodep.shaded.org.apache.hc.client5.http.wire - http-outgoing-1 << "b5[\r][\n]"
20:48:50.045 [docker-java-stream--1781977736] DEBUG com.github.dockerjava.zerodep.shaded.org.apache.hc.client5.http.wire - http-outgoing-1 << "{"status":"Extracting","progressDetail":{"current":4416,"total":4416},"progress":"[==================================================\u003e]  4.416kB/4.416kB","id":"777375ed12b9"}[\r][\n]"
20:48:50.045 [docker-java-stream--1781977736] DEBUG com.github.dockerjava.zerodep.shaded.org.apache.hc.client5.http.wire - http-outgoing-1 << "[\r][\n]"
20:48:50.045 [docker-java-stream--1781977736] DEBUG com.github.dockerjava.api.command.PullImageResultCallback - ResponseItem(stream=null, status=Extracting, progressDetail=ResponseItem.ProgressDetail(current=4416, total=4416, start=null), progress=[==================================================>]  4.416kB/4.416kB, id=777375ed12b9, from=null, time=null, errorDetail=null, error=null, aux=null)
20:48:50.086 [docker-java-stream--1781977736] DEBUG com.github.dockerjava.zerodep.shaded.org.apache.hc.client5.http.wire - http-outgoing-1 << "44[\r][\n]"
20:48:50.086 [docker-java-stream--1781977736] DEBUG com.github.dockerjava.zerodep.shaded.org.apache.hc.client5.http.wire - http-outgoing-1 << "{"status":"Pull complete","progressDetail":{},"id":"777375ed12b9"}[\r][\n]"
20:48:50.086 [docker-java-stream--1781977736] DEBUG com.github.dockerjava.zerodep.shaded.org.apache.hc.client5.http.wire - http-outgoing-1 << "[\r][\n]"
20:48:50.086 [docker-java-stream--1781977736] DEBUG com.github.dockerjava.api.command.PullImageResultCallback - ResponseItem(stream=null, status=Pull complete, progressDetail=ResponseItem.ProgressDetail(current=null, total=null, start=null), progress=null, id=777375ed12b9, from=null, time=null, errorDetail=null, error=null, aux=null)
20:48:50.086 [docker-java-stream--1781977736] INFO 🐳 [mongo:4.4.2] - Pulling image layers:  0 pending, 12 downloaded, 12 extracted, (160 MB/160 MB)
20:48:50.097 [docker-java-stream--1781977736] DEBUG com.github.dockerjava.zerodep.shaded.org.apache.hc.client5.http.wire - http-outgoing-1 << "5e[\r][\n]"
20:48:50.097 [docker-java-stream--1781977736] DEBUG com.github.dockerjava.zerodep.shaded.org.apache.hc.client5.http.wire - http-outgoing-1 << "{"status":"Digest: sha256:02e9941ddcb949424fa4eb01f9d235da91a5b7b64feb5887eab77e1ef84a3bad"}[\r][\n]"
20:48:50.097 [docker-java-stream--1781977736] DEBUG com.github.dockerjava.zerodep.shaded.org.apache.hc.client5.http.wire - http-outgoing-1 << "[\r][\n]"
20:48:50.097 [docker-java-stream--1781977736] DEBUG com.github.dockerjava.api.command.PullImageResultCallback - ResponseItem(stream=null, status=Digest: sha256:02e9941ddcb949424fa4eb01f9d235da91a5b7b64feb5887eab77e1ef84a3bad, progressDetail=null, progress=null, id=null, from=null, time=null, errorDetail=null, error=null, aux=null)
20:48:50.099 [docker-java-stream--1781977736] DEBUG com.github.dockerjava.zerodep.shaded.org.apache.hc.client5.http.wire - http-outgoing-1 << "3d[\r][\n]"
20:48:50.099 [docker-java-stream--1781977736] DEBUG com.github.dockerjava.zerodep.shaded.org.apache.hc.client5.http.wire - http-outgoing-1 << "{"status":"Status: Downloaded newer image for mongo:4.4.2"}[\r][\n]"
20:48:50.099 [docker-java-stream--1781977736] DEBUG com.github.dockerjava.zerodep.shaded.org.apache.hc.client5.http.wire - http-outgoing-1 << "[\r][\n]"
20:48:50.099 [docker-java-stream--1781977736] DEBUG com.github.dockerjava.api.command.PullImageResultCallback - ResponseItem(stream=null, status=Status: Downloaded newer image for mongo:4.4.2, progressDetail=null, progress=null, id=null, from=null, time=null, errorDetail=null, error=null, aux=null)
20:48:50.107 [docker-java-stream--1781977736] DEBUG com.github.dockerjava.zerodep.shaded.org.apache.hc.client5.http.wire - http-outgoing-1 << "0[\r][\n]"
20:48:50.107 [docker-java-stream--1781977736] DEBUG com.github.dockerjava.zerodep.shaded.org.apache.hc.client5.http.wire - http-outgoing-1 << "[\r][\n]"
20:48:50.107 [docker-java-stream--1781977736] DEBUG com.github.dockerjava.zerodep.shaded.org.apache.hc.client5.http.impl.classic.InternalHttpClient - ep-0000000C: releasing valid endpoint
20:48:50.107 [docker-java-stream--1781977736] DEBUG com.github.dockerjava.zerodep.shaded.org.apache.hc.client5.http.impl.io.PoolingHttpClientConnectionManager - ep-0000000C: releasing endpoint
20:48:50.108 [docker-java-stream--1781977736] DEBUG com.github.dockerjava.zerodep.shaded.org.apache.hc.client5.http.impl.io.PoolingHttpClientConnectionManager - ep-0000000C: connection http-outgoing-1 can be kept alive for 3 MINUTES
20:48:50.108 [docker-java-stream--1781977736] DEBUG com.github.dockerjava.zerodep.shaded.org.apache.hc.client5.http.impl.io.PoolingHttpClientConnectionManager - ep-0000000C: connection released [route: {}->unix://localhost:2375][total available: 1; route allocated: 1 of 2147483647; total allocated: 1 of 2147483647]
20:48:50.108 [docker-java-stream--1781977736] INFO 🐳 [mongo:4.4.2] - Pull complete. 12 layers, pulled in 25s (downloaded 160 MB at 6 MB/s)
20:48:50.109 [main] DEBUG org.testcontainers.shaded.com.github.dockerjava.core.command.AbstrDockerCmd - Cmd: mongo:4.4.2
20:48:50.110 [main] DEBUG com.github.dockerjava.zerodep.shaded.org.apache.hc.client5.http.impl.classic.InternalHttpClient - ex-0000000E: preparing request execution
20:48:50.110 [main] DEBUG com.github.dockerjava.zerodep.shaded.org.apache.hc.client5.http.protocol.RequestAddCookies - Cookie spec selected: strict
20:48:50.110 [main] DEBUG com.github.dockerjava.zerodep.shaded.org.apache.hc.client5.http.protocol.RequestAuthCache - Auth cache not set in the context
20:48:50.111 [main] DEBUG com.github.dockerjava.zerodep.shaded.org.apache.hc.client5.http.impl.classic.ProtocolExec - ex-0000000E: target auth state: UNCHALLENGED
20:48:50.111 [main] DEBUG com.github.dockerjava.zerodep.shaded.org.apache.hc.client5.http.impl.classic.ProtocolExec - ex-0000000E: proxy auth state: UNCHALLENGED
20:48:50.111 [main] DEBUG com.github.dockerjava.zerodep.shaded.org.apache.hc.client5.http.impl.classic.ConnectExec - ex-0000000E: acquiring connection with route {}->unix://localhost:2375
20:48:50.111 [main] DEBUG com.github.dockerjava.zerodep.shaded.org.apache.hc.client5.http.impl.classic.InternalHttpClient - ex-0000000E: acquiring endpoint (3 MINUTES)
20:48:50.111 [main] DEBUG com.github.dockerjava.zerodep.shaded.org.apache.hc.client5.http.impl.io.PoolingHttpClientConnectionManager - ex-0000000E: endpoint lease request (3 MINUTES) [route: {}->unix://localhost:2375][total available: 1; route allocated: 1 of 2147483647; total allocated: 1 of 2147483647]
20:48:50.111 [main] DEBUG com.github.dockerjava.zerodep.shaded.org.apache.hc.client5.http.impl.io.PoolingHttpClientConnectionManager - ex-0000000E: endpoint leased [route: {}->unix://localhost:2375][total available: 0; route allocated: 1 of 2147483647; total allocated: 1 of 2147483647]
20:48:50.111 [main] DEBUG com.github.dockerjava.zerodep.shaded.org.apache.hc.client5.http.impl.io.PoolingHttpClientConnectionManager - ex-0000000E: acquired ep-0000000D
20:48:50.111 [main] DEBUG com.github.dockerjava.zerodep.shaded.org.apache.hc.client5.http.impl.classic.InternalHttpClient - ex-0000000E: acquired endpoint ep-0000000D
20:48:50.111 [main] DEBUG com.github.dockerjava.zerodep.shaded.org.apache.hc.client5.http.impl.classic.MainClientExec - ex-0000000E: executing GET /v1.32/images/mongo:4.4.2/json HTTP/1.1
20:48:50.111 [main] DEBUG com.github.dockerjava.zerodep.shaded.org.apache.hc.client5.http.impl.classic.InternalHttpClient - ep-0000000D: start execution ex-0000000E
20:48:50.111 [main] DEBUG com.github.dockerjava.zerodep.shaded.org.apache.hc.client5.http.impl.io.PoolingHttpClientConnectionManager - ep-0000000D: executing exchange ex-0000000E over http-outgoing-1
20:48:50.111 [main] DEBUG com.github.dockerjava.zerodep.shaded.org.apache.hc.client5.http.headers - http-outgoing-1 >> GET /v1.32/images/mongo:4.4.2/json HTTP/1.1
20:48:50.111 [main] DEBUG com.github.dockerjava.zerodep.shaded.org.apache.hc.client5.http.headers - http-outgoing-1 >> accept: application/json
20:48:50.111 [main] DEBUG com.github.dockerjava.zerodep.shaded.org.apache.hc.client5.http.headers - http-outgoing-1 >> x-tc-sid: 79c75580-927c-468d-9dfa-ca38cb35a17d
20:48:50.111 [main] DEBUG com.github.dockerjava.zerodep.shaded.org.apache.hc.client5.http.headers - http-outgoing-1 >> Accept-Encoding: gzip, x-gzip, deflate
20:48:50.111 [main] DEBUG com.github.dockerjava.zerodep.shaded.org.apache.hc.client5.http.headers - http-outgoing-1 >> Host: localhost:2375
20:48:50.111 [main] DEBUG com.github.dockerjava.zerodep.shaded.org.apache.hc.client5.http.headers - http-outgoing-1 >> Connection: keep-alive
20:48:50.111 [main] DEBUG com.github.dockerjava.zerodep.shaded.org.apache.hc.client5.http.headers - http-outgoing-1 >> User-Agent: Apache-HttpClient/5.0.3 (Java/17.0.2)
20:48:50.111 [main] DEBUG com.github.dockerjava.zerodep.shaded.org.apache.hc.client5.http.wire - http-outgoing-1 >> "GET /v1.32/images/mongo:4.4.2/json HTTP/1.1[\r][\n]"
20:48:50.111 [main] DEBUG com.github.dockerjava.zerodep.shaded.org.apache.hc.client5.http.wire - http-outgoing-1 >> "accept: application/json[\r][\n]"
20:48:50.111 [main] DEBUG com.github.dockerjava.zerodep.shaded.org.apache.hc.client5.http.wire - http-outgoing-1 >> "x-tc-sid: 79c75580-927c-468d-9dfa-ca38cb35a17d[\r][\n]"
20:48:50.111 [main] DEBUG com.github.dockerjava.zerodep.shaded.org.apache.hc.client5.http.wire - http-outgoing-1 >> "Accept-Encoding: gzip, x-gzip, deflate[\r][\n]"
20:48:50.111 [main] DEBUG com.github.dockerjava.zerodep.shaded.org.apache.hc.client5.http.wire - http-outgoing-1 >> "Host: localhost:2375[\r][\n]"
20:48:50.111 [main] DEBUG com.github.dockerjava.zerodep.shaded.org.apache.hc.client5.http.wire - http-outgoing-1 >> "Connection: keep-alive[\r][\n]"
20:48:50.111 [main] DEBUG com.github.dockerjava.zerodep.shaded.org.apache.hc.client5.http.wire - http-outgoing-1 >> "User-Agent: Apache-HttpClient/5.0.3 (Java/17.0.2)[\r][\n]"
20:48:50.111 [main] DEBUG com.github.dockerjava.zerodep.shaded.org.apache.hc.client5.http.wire - http-outgoing-1 >> "[\r][\n]"
20:48:50.121 [main] DEBUG com.github.dockerjava.zerodep.shaded.org.apache.hc.client5.http.wire - http-outgoing-1 << "HTTP/1.1 200 OK[\r][\n]"
20:48:50.121 [main] DEBUG com.github.dockerjava.zerodep.shaded.org.apache.hc.client5.http.wire - http-outgoing-1 << "Api-Version: 1.41[\r][\n]"
20:48:50.121 [main] DEBUG com.github.dockerjava.zerodep.shaded.org.apache.hc.client5.http.wire - http-outgoing-1 << "Content-Type: application/json[\r][\n]"
20:48:50.121 [main] DEBUG com.github.dockerjava.zerodep.shaded.org.apache.hc.client5.http.wire - http-outgoing-1 << "Date: Fri, 19 Aug 2022 00:48:50 GMT[\r][\n]"
20:48:50.121 [main] DEBUG com.github.dockerjava.zerodep.shaded.org.apache.hc.client5.http.wire - http-outgoing-1 << "Docker-Experimental: false[\r][\n]"
20:48:50.121 [main] DEBUG com.github.dockerjava.zerodep.shaded.org.apache.hc.client5.http.wire - http-outgoing-1 << "Ostype: linux[\r][\n]"
20:48:50.121 [main] DEBUG com.github.dockerjava.zerodep.shaded.org.apache.hc.client5.http.wire - http-outgoing-1 << "Server: Docker/20.10.14 (linux)[\r][\n]"
20:48:50.121 [main] DEBUG com.github.dockerjava.zerodep.shaded.org.apache.hc.client5.http.wire - http-outgoing-1 << "Transfer-Encoding: chunked[\r][\n]"
20:48:50.121 [main] DEBUG com.github.dockerjava.zerodep.shaded.org.apache.hc.client5.http.wire - http-outgoing-1 << "[\r][\n]"
20:48:50.121 [main] DEBUG com.github.dockerjava.zerodep.shaded.org.apache.hc.client5.http.headers - http-outgoing-1 << HTTP/1.1 200 OK
20:48:50.121 [main] DEBUG com.github.dockerjava.zerodep.shaded.org.apache.hc.client5.http.headers - http-outgoing-1 << Api-Version: 1.41
20:48:50.121 [main] DEBUG com.github.dockerjava.zerodep.shaded.org.apache.hc.client5.http.headers - http-outgoing-1 << Content-Type: application/json
20:48:50.121 [main] DEBUG com.github.dockerjava.zerodep.shaded.org.apache.hc.client5.http.headers - http-outgoing-1 << Date: Fri, 19 Aug 2022 00:48:50 GMT
20:48:50.121 [main] DEBUG com.github.dockerjava.zerodep.shaded.org.apache.hc.client5.http.headers - http-outgoing-1 << Docker-Experimental: false
20:48:50.121 [main] DEBUG com.github.dockerjava.zerodep.shaded.org.apache.hc.client5.http.headers - http-outgoing-1 << Ostype: linux
20:48:50.121 [main] DEBUG com.github.dockerjava.zerodep.shaded.org.apache.hc.client5.http.headers - http-outgoing-1 << Server: Docker/20.10.14 (linux)
20:48:50.121 [main] DEBUG com.github.dockerjava.zerodep.shaded.org.apache.hc.client5.http.headers - http-outgoing-1 << Transfer-Encoding: chunked
20:48:50.121 [main] DEBUG com.github.dockerjava.zerodep.shaded.org.apache.hc.client5.http.impl.classic.MainClientExec - ex-0000000E: connection can be kept alive for 3 MINUTES
20:48:50.121 [main] DEBUG com.github.dockerjava.zerodep.shaded.org.apache.hc.client5.http.wire - http-outgoing-1 << "10d2[\r][\n]"
20:48:50.121 [main] DEBUG com.github.dockerjava.zerodep.shaded.org.apache.hc.client5.http.wire - http-outgoing-1 << "{"Id":"sha256:03ece9302b7e3ce2fd8b2bf1bd349964196e532b44e2c6cd365748c8e060c151","RepoTags":["mongo:4.4.2"],"RepoDigests":["mongo@sha256:02e9941ddcb949424fa4eb01f9d235da91a5b7b64feb5887eab77e1ef84a3bad"],"Parent":"","Comment":"","Created":"2020-12-11T02:16:48.212611341Z","Container":"247df1c0d5a377d12ccb352a74346c94321dd08d8a78fbacdabd85f4902e56db","ContainerConfig":{"Hostname":"247df1c0d5a3","Domainname":"","User":"","AttachStdin":false,"AttachStdout":false,"AttachStderr":false,"ExposedPorts":{"27017/tcp":{}},"Tty":false,"OpenStdin":false,"StdinOnce":false,"Env":["PATH=/usr/local/sbin:/usr/local/bin:/usr/sbin:/usr/bin:/sbin:/bin","GOSU_VERSION=1.12","JSYAML_VERSION=3.13.1","GPG_KEYS=20691EEC35216C63CAF66CE1656408E390CFB1F5","MONGO_PACKAGE=mongodb-org","MONGO_REPO=repo.mongodb.org","MONGO_MAJOR=4.4","MONGO_VERSION=4.4.2"],"Cmd":["/bin/sh","-c","#(nop) ","CMD [\"mongod\"]"],"Image":"sha256:4accce5278f61394f32ad97e908f71609d820e15155f001fbf26fa713c0fc2d8","Volumes":{"/data/configdb":{},"/data/db":{}},"WorkingDir":"","Entrypoint":["docker-entrypoint.sh"],"OnBuild":null,"Labels":{}},"DockerVersion":"19.03.12","Author":"","Config":{"Hostname":"","Domainname":"","User":"","AttachStdin":false,"AttachStdout":false,"AttachStderr":false,"ExposedPorts":{"27017/tcp":{}},"Tty":false,"OpenStdin":false,"StdinOnce":false,"Env":["PATH=/usr/local/sbin:/usr/local/bin:/usr/sbin:/usr/bin:/sbin:/bin","GOSU_VERSION=1.12","JSYAML_VERSION=3.13.1","GPG_KEYS=20691EEC35216C63CAF66CE1656408E390CFB1F5","MONGO_PACKAGE=mongodb-org","MONGO_REPO=repo.mongodb.org","MONGO_MAJOR=4.4","MONGO_VERSION=4.4.2"],"Cmd":["mongod"],"Image":"sha256:4accce5278f61394f32ad97e908f71609d820e15155f001fbf26fa713c0fc2d8","Volumes":{"/data/configdb":{},"/data/db":{}},"WorkingDir":"","Entrypoint":["docker-entrypoint.sh"],"OnBuild":null,"Labels":null},"Architecture":"arm64","Os":"linux","Size":469024153,"VirtualSize":469024153,"GraphDriver":{"Data":{"LowerDir":"/var/lib/docker/overlay2/c7792b9e0460bc42d5ca681dc8af05fac973c820cc518fceb8a34a25adb7ca0d/diff:/var/lib/docker/overlay2/9411da1495de0766fd4577cca8869746f661159e4117ebd650e261a2fe4d8ce6/diff:/var/lib/docker/overlay2/974b1b929f4b90d98409d7d18e8d758f749711057e7a3046ce98bd9ab10b8daa/diff:/var/lib/docker/overlay2/c1a666d26af908851cd79eb23c344dd48bd3158490954bde18b246b55aabb1ef/diff:/var/lib/docker/overlay2/47f7106c576526badb0aa1cb6d8335d8b4ff14e53b868b340784fc0abaef3a5c/diff:/var/lib/docker/overlay2/060cc5ad3209aefa630c0bbd3c3ab2b03215b1a1f27742201ac3ccd80e0b1fa4/diff:/var/lib/docker/overlay2/a9673b97b7d57628f38e668761169eea162b4bc73a56685810d499d43eb1a609/diff:/var/lib/docker/overlay2/cf72ad88e66c5a4369e09fc8b6ddd4c67e14247545a7d34e9b7bf7cdaf0f8760/diff:/var/lib/docker/overlay2/560b3914def4ba751c26636ab8dcfa11639e0b8a4811e9041d73861ab816e8a7/diff:/var/lib/docker/overlay2/8f85b54c5ba6f896090224f1e40791c6f69dc7ca8bdbf9e7c722b5e1d61e25d9/diff:/var/lib/docker/overlay2/31316f945bb5b37b8f1d53f585024cb988d00179191f3443e99caddde4321fde/diff","MergedDir":"/var/lib/docker/overlay2/adacc029b21827647b5145b6125fcc328b61f8f279178bc45cc26f9fbebf4c74/merged","UpperDir":"/var/lib/docker/overlay2/adacc029b21827647b5145b6125fcc328b61f8f279178bc45cc26f9fbebf4c74/diff","WorkDir":"/var/lib/docker/overlay2/adacc029b21827647b5145b6125fcc328b61f8f279178bc45cc26f9fbebf4c74/work"},"Name":"overlay2"},"RootFS":{"Type":"layers","Layers":["sha256:0447c1aa276497ad5424dd1f8597b7f667126d868489277bab7aea547a4aa982","sha256:7461c187a69c81083316387661575ae0fd56742126123c13c42b2de8f929dafb","sha256:0f533543808d24ce01fd768cc9e742d119f2f9ffa3f82d0869adc79ce1b5ca4c","sha256:a9acebe2d3b551e10544586435a8855c7422c0f56f19011ff4533af9669fcb51","sha256:b9e2d15b088542d6792cfc3656118505aeae808b1e2e5b42f5e25b21974afec2","sha256:8161e3202c9209e00862c7060237974fb2ad63d0dc023e79da237e7fa61dfdfc","sha256:5f2cdf9bbcd76a936c55f116608f30be0e4bf5aea91d80dab4e65870e1ae4a9a","sha256:b7be3da1d237d8a422001667a187a860bf6cecbbc7cffcc42b964410adbadf13","sha256:e1d69deb70605cb2c3fd85e31d5b2ae0c70a60a22cdab70164521a64563d10c4","sha256:9e624a39aa281596e8dca1486d35425986357412f9b7c854e275e6b716afcdea","sha256:2486db2b71953e7c634de933a1a29abb56927b327cdf4024a61befcdb5688e7d","sha256:0fc82fdf9a6d526a21a9648489e49f25058f2dfa142f96fbc8a3d953af85163a"]},"Metadata":{"LastTagTime":"0001-01-01T00:00:00Z"}}[\n]"
20:48:50.121 [main] DEBUG com.github.dockerjava.zerodep.shaded.org.apache.hc.client5.http.wire - http-outgoing-1 << "[\r][\n]"
20:48:50.121 [main] DEBUG com.github.dockerjava.zerodep.shaded.org.apache.hc.client5.http.wire - http-outgoing-1 << "0[\r][\n]"
20:48:50.121 [main] DEBUG com.github.dockerjava.zerodep.shaded.org.apache.hc.client5.http.wire - http-outgoing-1 << "[\r][\n]"
20:48:50.124 [main] DEBUG com.github.dockerjava.zerodep.shaded.org.apache.hc.client5.http.impl.classic.InternalHttpClient - ep-0000000D: releasing valid endpoint
20:48:50.124 [main] DEBUG com.github.dockerjava.zerodep.shaded.org.apache.hc.client5.http.impl.io.PoolingHttpClientConnectionManager - ep-0000000D: releasing endpoint
20:48:50.124 [main] DEBUG com.github.dockerjava.zerodep.shaded.org.apache.hc.client5.http.impl.io.PoolingHttpClientConnectionManager - ep-0000000D: connection http-outgoing-1 can be kept alive for 3 MINUTES
20:48:50.124 [main] DEBUG com.github.dockerjava.zerodep.shaded.org.apache.hc.client5.http.impl.io.PoolingHttpClientConnectionManager - ep-0000000D: connection released [route: {}->unix://localhost:2375][total available: 1; route allocated: 1 of 2147483647; total allocated: 1 of 2147483647]
20:48:50.125 [main] DEBUG 🐳 [mongo:4.4.2] - Starting container: mongo:4.4.2
20:48:50.125 [main] DEBUG 🐳 [mongo:4.4.2] - Trying to start container: mongo:4.4.2 (attempt 1/1)
20:48:50.125 [main] DEBUG 🐳 [mongo:4.4.2] - Starting container: mongo:4.4.2
20:48:50.125 [main] INFO 🐳 [mongo:4.4.2] - Creating container for image: mongo:4.4.2
20:48:50.125 [main] DEBUG org.testcontainers.utility.RegistryAuthLocator - Looking up auth config for image: mongo:4.4.2 at registry: https://index.docker.io/v1/
20:48:50.125 [main] DEBUG org.testcontainers.utility.RegistryAuthLocator - Cached auth found: [AuthConfig{username=fabrice7891, password=hidden non-blank value, auth=blank, email=null, registryAddress=https://index.docker.io/v1/, registryToken=blank}]
20:48:50.125 [main] DEBUG org.testcontainers.dockerclient.AuthDelegatingDockerClientConfig - Effective auth config [AuthConfig{username=fabrice7891, password=hidden non-blank value, auth=blank, email=null, registryAddress=https://index.docker.io/v1/, registryToken=blank}]
20:48:50.126 [main] DEBUG org.testcontainers.shaded.com.github.dockerjava.core.command.AbstrDockerCmd - Cmd: org.testcontainers.shaded.com.github.dockerjava.core.command.CreateContainerCmdImpl@7c1c5936[aliases=<null>,argsEscaped=<null>,attachStderr=<null>,attachStdin=<null>,attachStdout=<null>,authConfig=AuthConfig(username=fabrice7891, email=null, registryAddress=https://index.docker.io/v1/, stackOrchestrator=null),cmd={--replSet,docker-rs},domainName=<null>,entrypoint=<null>,env={},exposedPorts=ExposedPorts(exposedPorts=[27017/tcp]),healthcheck=<null>,hostConfig=HostConfig(binds=[], blkioWeight=null, blkioWeightDevice=null, blkioDeviceReadBps=null, blkioDeviceWriteBps=null, blkioDeviceReadIOps=null, blkioDeviceWriteIOps=null, memorySwappiness=null, nanoCPUs=null, capAdd=null, capDrop=null, containerIDFile=null, cpuPeriod=null, cpuRealtimePeriod=null, cpuRealtimeRuntime=null, cpuShares=null, cpuQuota=null, cpusetCpus=null, cpusetMems=null, devices=null, deviceCgroupRules=null, deviceRequests=null, diskQuota=null, dns=null, dnsOptions=null, dnsSearch=null, extraHosts=[], groupAdd=null, ipcMode=null, cgroup=null, links=[], logConfig=LogConfig(type=null, config=null), lxcConf=null, memory=null, memorySwap=null, memoryReservation=null, kernelMemory=null, networkMode=null, oomKillDisable=null, init=null, autoRemove=null, oomScoreAdj=null, portBindings={27017/tcp=[Lcom.github.dockerjava.api.model.Ports$Binding;@38018b62}, privileged=null, publishAllPorts=null, readonlyRootfs=null, restartPolicy=null, ulimits=null, cpuCount=null, cpuPercent=null, ioMaximumIOps=null, ioMaximumBandwidth=null, volumesFrom=[], mounts=null, pidMode=null, isolation=null, securityOpts=null, storageOpt=null, cgroupParent=null, volumeDriver=null, shmSize=null, pidsLimit=null, runtime=null, tmpFs=null, utSMode=null, usernsMode=null, sysctls=null, consoleSize=null, cgroupnsMode=null),hostName=<null>,image=mongo:4.4.2,ipv4Address=<null>,ipv6Address=<null>,labels={org.testcontainers=true, org.testcontainers.sessionId=79c75580-927c-468d-9dfa-ca38cb35a17d},macAddress=<null>,name=<null>,networkDisabled=<null>,networkingConfig=<null>,onBuild=<null>,platform=<null>,portSpecs=<null>,shell=<null>,stdInOnce=<null>,stdinOpen=<null>,stopSignal=<null>,stopTimeout=<null>,tty=<null>,user=<null>,volumes=Volumes(volumes=[]),workingDir=<null>]
20:48:50.130 [main] DEBUG com.github.dockerjava.zerodep.shaded.org.apache.hc.client5.http.impl.classic.InternalHttpClient - ex-0000000F: preparing request execution
20:48:50.130 [main] DEBUG com.github.dockerjava.zerodep.shaded.org.apache.hc.client5.http.protocol.RequestAddCookies - Cookie spec selected: strict
20:48:50.130 [main] DEBUG com.github.dockerjava.zerodep.shaded.org.apache.hc.client5.http.protocol.RequestAuthCache - Auth cache not set in the context
20:48:50.130 [main] DEBUG com.github.dockerjava.zerodep.shaded.org.apache.hc.client5.http.impl.classic.ProtocolExec - ex-0000000F: target auth state: UNCHALLENGED
20:48:50.130 [main] DEBUG com.github.dockerjava.zerodep.shaded.org.apache.hc.client5.http.impl.classic.ProtocolExec - ex-0000000F: proxy auth state: UNCHALLENGED
20:48:50.130 [main] DEBUG com.github.dockerjava.zerodep.shaded.org.apache.hc.client5.http.impl.classic.ConnectExec - ex-0000000F: acquiring connection with route {}->unix://localhost:2375
20:48:50.130 [main] DEBUG com.github.dockerjava.zerodep.shaded.org.apache.hc.client5.http.impl.classic.InternalHttpClient - ex-0000000F: acquiring endpoint (3 MINUTES)
20:48:50.130 [main] DEBUG com.github.dockerjava.zerodep.shaded.org.apache.hc.client5.http.impl.io.PoolingHttpClientConnectionManager - ex-0000000F: endpoint lease request (3 MINUTES) [route: {}->unix://localhost:2375][total available: 1; route allocated: 1 of 2147483647; total allocated: 1 of 2147483647]
20:48:50.130 [main] DEBUG com.github.dockerjava.zerodep.shaded.org.apache.hc.client5.http.impl.io.PoolingHttpClientConnectionManager - ex-0000000F: endpoint leased [route: {}->unix://localhost:2375][total available: 0; route allocated: 1 of 2147483647; total allocated: 1 of 2147483647]
20:48:50.130 [main] DEBUG com.github.dockerjava.zerodep.shaded.org.apache.hc.client5.http.impl.io.PoolingHttpClientConnectionManager - ex-0000000F: acquired ep-0000000E
20:48:50.130 [main] DEBUG com.github.dockerjava.zerodep.shaded.org.apache.hc.client5.http.impl.classic.InternalHttpClient - ex-0000000F: acquired endpoint ep-0000000E
20:48:50.130 [main] DEBUG com.github.dockerjava.zerodep.shaded.org.apache.hc.client5.http.impl.classic.MainClientExec - ex-0000000F: executing POST /v1.32/containers/create HTTP/1.1
20:48:50.130 [main] DEBUG com.github.dockerjava.zerodep.shaded.org.apache.hc.client5.http.impl.classic.InternalHttpClient - ep-0000000E: start execution ex-0000000F
20:48:50.131 [main] DEBUG com.github.dockerjava.zerodep.shaded.org.apache.hc.client5.http.impl.io.PoolingHttpClientConnectionManager - ep-0000000E: executing exchange ex-0000000F over http-outgoing-1
20:48:50.131 [main] DEBUG com.github.dockerjava.zerodep.shaded.org.apache.hc.client5.http.headers - http-outgoing-1 >> POST /v1.32/containers/create HTTP/1.1
20:48:50.131 [main] DEBUG com.github.dockerjava.zerodep.shaded.org.apache.hc.client5.http.headers - http-outgoing-1 >> X-Registry-Auth: eyJ1c2VybmFtZSI6ImZhYnJpY2U3ODkxIiwicGFzc3dvcmQiOiJkY2tyX3BhdF9wTmdubHJ1RVJqeXN4X0YxeGpMT0p4bU1HMEEiLCJlbWFpbCI6bnVsbCwic2VydmVyYWRkcmVzcyI6Imh0dHBzOi8vaW5kZXguZG9ja2VyLmlvL3YxLyIsImF1dGgiOm51bGwsInJlZ2lzdHJ5dG9rZW4iOm51bGwsImlkZW50aXR5dG9rZW4iOm51bGwsInN0YWNrT3JjaGVzdHJhdG9yIjpudWxsfQ==
20:48:50.131 [main] DEBUG com.github.dockerjava.zerodep.shaded.org.apache.hc.client5.http.headers - http-outgoing-1 >> accept: application/json
20:48:50.131 [main] DEBUG com.github.dockerjava.zerodep.shaded.org.apache.hc.client5.http.headers - http-outgoing-1 >> content-type: application/json
20:48:50.131 [main] DEBUG com.github.dockerjava.zerodep.shaded.org.apache.hc.client5.http.headers - http-outgoing-1 >> x-tc-sid: 79c75580-927c-468d-9dfa-ca38cb35a17d
20:48:50.131 [main] DEBUG com.github.dockerjava.zerodep.shaded.org.apache.hc.client5.http.headers - http-outgoing-1 >> Accept-Encoding: gzip, x-gzip, deflate
20:48:50.131 [main] DEBUG com.github.dockerjava.zerodep.shaded.org.apache.hc.client5.http.headers - http-outgoing-1 >> Content-Length: 1918
20:48:50.131 [main] DEBUG com.github.dockerjava.zerodep.shaded.org.apache.hc.client5.http.headers - http-outgoing-1 >> Host: localhost:2375
20:48:50.131 [main] DEBUG com.github.dockerjava.zerodep.shaded.org.apache.hc.client5.http.headers - http-outgoing-1 >> Connection: keep-alive
20:48:50.131 [main] DEBUG com.github.dockerjava.zerodep.shaded.org.apache.hc.client5.http.headers - http-outgoing-1 >> User-Agent: Apache-HttpClient/5.0.3 (Java/17.0.2)
20:48:50.131 [main] DEBUG com.github.dockerjava.zerodep.shaded.org.apache.hc.client5.http.wire - http-outgoing-1 >> "POST /v1.32/containers/create HTTP/1.1[\r][\n]"
20:48:50.131 [main] DEBUG com.github.dockerjava.zerodep.shaded.org.apache.hc.client5.http.wire - http-outgoing-1 >> "X-Registry-Auth: eyJ1c2VybmFtZSI6ImZhYnJpY2U3ODkxIiwicGFzc3dvcmQiOiJkY2tyX3BhdF9wTmdubHJ1RVJqeXN4X0YxeGpMT0p4bU1HMEEiLCJlbWFpbCI6bnVsbCwic2VydmVyYWRkcmVzcyI6Imh0dHBzOi8vaW5kZXguZG9ja2VyLmlvL3YxLyIsImF1dGgiOm51bGwsInJlZ2lzdHJ5dG9rZW4iOm51bGwsImlkZW50aXR5dG9rZW4iOm51bGwsInN0YWNrT3JjaGVzdHJhdG9yIjpudWxsfQ==[\r][\n]"
20:48:50.131 [main] DEBUG com.github.dockerjava.zerodep.shaded.org.apache.hc.client5.http.wire - http-outgoing-1 >> "accept: application/json[\r][\n]"
20:48:50.131 [main] DEBUG com.github.dockerjava.zerodep.shaded.org.apache.hc.client5.http.wire - http-outgoing-1 >> "content-type: application/json[\r][\n]"
20:48:50.131 [main] DEBUG com.github.dockerjava.zerodep.shaded.org.apache.hc.client5.http.wire - http-outgoing-1 >> "x-tc-sid: 79c75580-927c-468d-9dfa-ca38cb35a17d[\r][\n]"
20:48:50.131 [main] DEBUG com.github.dockerjava.zerodep.shaded.org.apache.hc.client5.http.wire - http-outgoing-1 >> "Accept-Encoding: gzip, x-gzip, deflate[\r][\n]"
20:48:50.131 [main] DEBUG com.github.dockerjava.zerodep.shaded.org.apache.hc.client5.http.wire - http-outgoing-1 >> "Content-Length: 1918[\r][\n]"
20:48:50.131 [main] DEBUG com.github.dockerjava.zerodep.shaded.org.apache.hc.client5.http.wire - http-outgoing-1 >> "Host: localhost:2375[\r][\n]"
20:48:50.131 [main] DEBUG com.github.dockerjava.zerodep.shaded.org.apache.hc.client5.http.wire - http-outgoing-1 >> "Connection: keep-alive[\r][\n]"
20:48:50.131 [main] DEBUG com.github.dockerjava.zerodep.shaded.org.apache.hc.client5.http.wire - http-outgoing-1 >> "User-Agent: Apache-HttpClient/5.0.3 (Java/17.0.2)[\r][\n]"
20:48:50.131 [main] DEBUG com.github.dockerjava.zerodep.shaded.org.apache.hc.client5.http.wire - http-outgoing-1 >> "[\r][\n]"
20:48:50.131 [main] DEBUG com.github.dockerjava.zerodep.shaded.org.apache.hc.client5.http.wire - http-outgoing-1 >> "{"Hostname":null,"Domainname":null,"User":null,"AttachStdin":null,"AttachStdout":null,"AttachStderr":null,"PortSpecs":null,"Tty":null,"OpenStdin":null,"StdinOnce":null,"Env":[],"Cmd":["--replSet","docker-rs"],"Healthcheck":null,"ArgsEscaped":null,"Entrypoint":null,"Image":"mongo:4.4.2","Volumes":{},"WorkingDir":null,"MacAddress":null,"OnBuild":null,"NetworkDisabled":null,"ExposedPorts":{"27017/tcp":{}},"StopSignal":null,"StopTimeout":null,"HostConfig":{"Binds":[],"BlkioWeight":null,"BlkioWeightDevice":null,"BlkioDeviceReadBps":null,"BlkioDeviceWriteBps":null,"BlkioDeviceReadIOps":null,"BlkioDeviceWriteIOps":null,"MemorySwappiness":null,"NanoCpus":null,"CapAdd":null,"CapDrop":null,"ContainerIDFile":null,"CpuPeriod":null,"CpuRealtimePeriod":null,"CpuRealtimeRuntime":null,"CpuShares":null,"CpuQuota":null,"CpusetCpus":null,"CpusetMems":null,"Devices":null,"DeviceCgroupRules":null,"DeviceRequests":null,"DiskQuota":null,"Dns":null,"DnsOptions":null,"DnsSearch":null,"ExtraHosts":[],"GroupAdd":null,"IpcMode":null,"Cgroup":null,"Links":[],"LogConfig":null,"LxcConf":null,"Memory":null,"MemorySwap":null,"MemoryReservation":null,"KernelMemory":null,"NetworkMode":null,"OomKillDisable":null,"Init":null,"AutoRemove":null,"OomScoreAdj":null,"PortBindings":{"27017/tcp":[{"HostIp":"","HostPort":""}]},"Privileged":null,"PublishAllPorts":null,"ReadonlyRootfs":null,"RestartPolicy":null,"Ulimits":null,"CpuCount":null,"CpuPercent":null,"IOMaximumIOps":null,"IOMaximumBandwidth":null,"VolumesFrom":[],"Mounts":null,"PidMode":null,"Isolation":null,"SecurityOpt":null,"StorageOpt":null,"CgroupParent":null,"VolumeDriver":null,"ShmSize":null,"PidsLimit":null,"Runtime":null,"Tmpfs":null,"UTSMode":null,"UsernsMode":null,"Sysctls":null,"ConsoleSize":null,"CgroupnsMode":null},"Labels":{"org.testcontainers":"true","org.testcontainers.sessionId":"79c75580-927c-468d-9dfa-ca38cb35a17d"},"Shell":null,"NetworkingConfig":null}"
20:48:50.473 [main] DEBUG com.github.dockerjava.zerodep.shaded.org.apache.hc.client5.http.wire - http-outgoing-1 << "HTTP/1.1 201 Created[\r][\n]"
20:48:50.473 [main] DEBUG com.github.dockerjava.zerodep.shaded.org.apache.hc.client5.http.wire - http-outgoing-1 << "Api-Version: 1.41[\r][\n]"
20:48:50.473 [main] DEBUG com.github.dockerjava.zerodep.shaded.org.apache.hc.client5.http.wire - http-outgoing-1 << "Content-Type: application/json[\r][\n]"
20:48:50.473 [main] DEBUG com.github.dockerjava.zerodep.shaded.org.apache.hc.client5.http.wire - http-outgoing-1 << "Date: Fri, 19 Aug 2022 00:48:50 GMT[\r][\n]"
20:48:50.473 [main] DEBUG com.github.dockerjava.zerodep.shaded.org.apache.hc.client5.http.wire - http-outgoing-1 << "Docker-Experimental: false[\r][\n]"
20:48:50.473 [main] DEBUG com.github.dockerjava.zerodep.shaded.org.apache.hc.client5.http.wire - http-outgoing-1 << "Ostype: linux[\r][\n]"
20:48:50.473 [main] DEBUG com.github.dockerjava.zerodep.shaded.org.apache.hc.client5.http.wire - http-outgoing-1 << "Server: Docker/20.10.14 (linux)[\r][\n]"
20:48:50.473 [main] DEBUG com.github.dockerjava.zerodep.shaded.org.apache.hc.client5.http.wire - http-outgoing-1 << "Transfer-Encoding: chunked[\r][\n]"
20:48:50.473 [main] DEBUG com.github.dockerjava.zerodep.shaded.org.apache.hc.client5.http.wire - http-outgoing-1 << "[\r][\n]"
20:48:50.473 [main] DEBUG com.github.dockerjava.zerodep.shaded.org.apache.hc.client5.http.headers - http-outgoing-1 << HTTP/1.1 201 Created
20:48:50.473 [main] DEBUG com.github.dockerjava.zerodep.shaded.org.apache.hc.client5.http.headers - http-outgoing-1 << Api-Version: 1.41
20:48:50.473 [main] DEBUG com.github.dockerjava.zerodep.shaded.org.apache.hc.client5.http.headers - http-outgoing-1 << Content-Type: application/json
20:48:50.473 [main] DEBUG com.github.dockerjava.zerodep.shaded.org.apache.hc.client5.http.headers - http-outgoing-1 << Date: Fri, 19 Aug 2022 00:48:50 GMT
20:48:50.473 [main] DEBUG com.github.dockerjava.zerodep.shaded.org.apache.hc.client5.http.headers - http-outgoing-1 << Docker-Experimental: false
20:48:50.473 [main] DEBUG com.github.dockerjava.zerodep.shaded.org.apache.hc.client5.http.headers - http-outgoing-1 << Ostype: linux
20:48:50.473 [main] DEBUG com.github.dockerjava.zerodep.shaded.org.apache.hc.client5.http.headers - http-outgoing-1 << Server: Docker/20.10.14 (linux)
20:48:50.473 [main] DEBUG com.github.dockerjava.zerodep.shaded.org.apache.hc.client5.http.headers - http-outgoing-1 << Transfer-Encoding: chunked
20:48:50.474 [main] DEBUG com.github.dockerjava.zerodep.shaded.org.apache.hc.client5.http.impl.classic.MainClientExec - ex-0000000F: connection can be kept alive for 3 MINUTES
20:48:50.474 [main] DEBUG com.github.dockerjava.zerodep.shaded.org.apache.hc.client5.http.wire - http-outgoing-1 << "58[\r][\n]"
20:48:50.474 [main] DEBUG com.github.dockerjava.zerodep.shaded.org.apache.hc.client5.http.wire - http-outgoing-1 << "{"Id":"55e8a39051746b6add291684a287f011921e67a19f796223d78b88cd90f88574","Warnings":[]}[\n]"
20:48:50.474 [main] DEBUG com.github.dockerjava.zerodep.shaded.org.apache.hc.client5.http.wire - http-outgoing-1 << "[\r][\n]"
20:48:50.474 [main] DEBUG com.github.dockerjava.zerodep.shaded.org.apache.hc.client5.http.wire - http-outgoing-1 << "0[\r][\n]"
20:48:50.474 [main] DEBUG com.github.dockerjava.zerodep.shaded.org.apache.hc.client5.http.wire - http-outgoing-1 << "[\r][\n]"
20:48:50.474 [main] DEBUG com.github.dockerjava.zerodep.shaded.org.apache.hc.client5.http.impl.classic.InternalHttpClient - ep-0000000E: releasing valid endpoint
20:48:50.474 [main] DEBUG com.github.dockerjava.zerodep.shaded.org.apache.hc.client5.http.impl.io.PoolingHttpClientConnectionManager - ep-0000000E: releasing endpoint
20:48:50.474 [main] DEBUG com.github.dockerjava.zerodep.shaded.org.apache.hc.client5.http.impl.io.PoolingHttpClientConnectionManager - ep-0000000E: connection http-outgoing-1 can be kept alive for 3 MINUTES
20:48:50.474 [main] DEBUG com.github.dockerjava.zerodep.shaded.org.apache.hc.client5.http.impl.io.PoolingHttpClientConnectionManager - ep-0000000E: connection released [route: {}->unix://localhost:2375][total available: 1; route allocated: 1 of 2147483647; total allocated: 1 of 2147483647]
20:48:50.474 [main] INFO 🐳 [mongo:4.4.2] - Container mongo:4.4.2 is starting: 55e8a39051746b6add291684a287f011921e67a19f796223d78b88cd90f88574
20:48:50.474 [main] DEBUG org.testcontainers.shaded.com.github.dockerjava.core.command.AbstrDockerCmd - Cmd: 55e8a39051746b6add291684a287f011921e67a19f796223d78b88cd90f88574
20:48:50.474 [main] DEBUG com.github.dockerjava.zerodep.shaded.org.apache.hc.client5.http.impl.classic.InternalHttpClient - ex-00000010: preparing request execution
20:48:50.474 [main] DEBUG com.github.dockerjava.zerodep.shaded.org.apache.hc.client5.http.protocol.RequestAddCookies - Cookie spec selected: strict
20:48:50.474 [main] DEBUG com.github.dockerjava.zerodep.shaded.org.apache.hc.client5.http.protocol.RequestAuthCache - Auth cache not set in the context
20:48:50.474 [main] DEBUG com.github.dockerjava.zerodep.shaded.org.apache.hc.client5.http.impl.classic.ProtocolExec - ex-00000010: target auth state: UNCHALLENGED
20:48:50.474 [main] DEBUG com.github.dockerjava.zerodep.shaded.org.apache.hc.client5.http.impl.classic.ProtocolExec - ex-00000010: proxy auth state: UNCHALLENGED
20:48:50.475 [main] DEBUG com.github.dockerjava.zerodep.shaded.org.apache.hc.client5.http.impl.classic.ConnectExec - ex-00000010: acquiring connection with route {}->unix://localhost:2375
20:48:50.475 [main] DEBUG com.github.dockerjava.zerodep.shaded.org.apache.hc.client5.http.impl.classic.InternalHttpClient - ex-00000010: acquiring endpoint (3 MINUTES)
20:48:50.475 [main] DEBUG com.github.dockerjava.zerodep.shaded.org.apache.hc.client5.http.impl.io.PoolingHttpClientConnectionManager - ex-00000010: endpoint lease request (3 MINUTES) [route: {}->unix://localhost:2375][total available: 1; route allocated: 1 of 2147483647; total allocated: 1 of 2147483647]
20:48:50.475 [main] DEBUG com.github.dockerjava.zerodep.shaded.org.apache.hc.client5.http.impl.io.PoolingHttpClientConnectionManager - ex-00000010: endpoint leased [route: {}->unix://localhost:2375][total available: 0; route allocated: 1 of 2147483647; total allocated: 1 of 2147483647]
20:48:50.475 [main] DEBUG com.github.dockerjava.zerodep.shaded.org.apache.hc.client5.http.impl.io.PoolingHttpClientConnectionManager - ex-00000010: acquired ep-0000000F
20:48:50.475 [main] DEBUG com.github.dockerjava.zerodep.shaded.org.apache.hc.client5.http.impl.classic.InternalHttpClient - ex-00000010: acquired endpoint ep-0000000F
20:48:50.475 [main] DEBUG com.github.dockerjava.zerodep.shaded.org.apache.hc.client5.http.impl.classic.MainClientExec - ex-00000010: executing POST /v1.32/containers/55e8a39051746b6add291684a287f011921e67a19f796223d78b88cd90f88574/start HTTP/1.1
20:48:50.475 [main] DEBUG com.github.dockerjava.zerodep.shaded.org.apache.hc.client5.http.impl.classic.InternalHttpClient - ep-0000000F: start execution ex-00000010
20:48:50.475 [main] DEBUG com.github.dockerjava.zerodep.shaded.org.apache.hc.client5.http.impl.io.PoolingHttpClientConnectionManager - ep-0000000F: executing exchange ex-00000010 over http-outgoing-1
20:48:50.475 [main] DEBUG com.github.dockerjava.zerodep.shaded.org.apache.hc.client5.http.headers - http-outgoing-1 >> POST /v1.32/containers/55e8a39051746b6add291684a287f011921e67a19f796223d78b88cd90f88574/start HTTP/1.1
20:48:50.475 [main] DEBUG com.github.dockerjava.zerodep.shaded.org.apache.hc.client5.http.headers - http-outgoing-1 >> accept: application/json
20:48:50.475 [main] DEBUG com.github.dockerjava.zerodep.shaded.org.apache.hc.client5.http.headers - http-outgoing-1 >> content-type: application/json
20:48:50.475 [main] DEBUG com.github.dockerjava.zerodep.shaded.org.apache.hc.client5.http.headers - http-outgoing-1 >> x-tc-sid: 79c75580-927c-468d-9dfa-ca38cb35a17d
20:48:50.475 [main] DEBUG com.github.dockerjava.zerodep.shaded.org.apache.hc.client5.http.headers - http-outgoing-1 >> Accept-Encoding: gzip, x-gzip, deflate
20:48:50.475 [main] DEBUG com.github.dockerjava.zerodep.shaded.org.apache.hc.client5.http.headers - http-outgoing-1 >> Host: localhost:2375
20:48:50.475 [main] DEBUG com.github.dockerjava.zerodep.shaded.org.apache.hc.client5.http.headers - http-outgoing-1 >> Connection: keep-alive
20:48:50.475 [main] DEBUG com.github.dockerjava.zerodep.shaded.org.apache.hc.client5.http.headers - http-outgoing-1 >> User-Agent: Apache-HttpClient/5.0.3 (Java/17.0.2)
20:48:50.475 [main] DEBUG com.github.dockerjava.zerodep.shaded.org.apache.hc.client5.http.wire - http-outgoing-1 >> "POST /v1.32/containers/55e8a39051746b6add291684a287f011921e67a19f796223d78b88cd90f88574/start HTTP/1.1[\r][\n]"
20:48:50.475 [main] DEBUG com.github.dockerjava.zerodep.shaded.org.apache.hc.client5.http.wire - http-outgoing-1 >> "accept: application/json[\r][\n]"
20:48:50.475 [main] DEBUG com.github.dockerjava.zerodep.shaded.org.apache.hc.client5.http.wire - http-outgoing-1 >> "content-type: application/json[\r][\n]"
20:48:50.475 [main] DEBUG com.github.dockerjava.zerodep.shaded.org.apache.hc.client5.http.wire - http-outgoing-1 >> "x-tc-sid: 79c75580-927c-468d-9dfa-ca38cb35a17d[\r][\n]"
20:48:50.475 [main] DEBUG com.github.dockerjava.zerodep.shaded.org.apache.hc.client5.http.wire - http-outgoing-1 >> "Accept-Encoding: gzip, x-gzip, deflate[\r][\n]"
20:48:50.475 [main] DEBUG com.github.dockerjava.zerodep.shaded.org.apache.hc.client5.http.wire - http-outgoing-1 >> "Host: localhost:2375[\r][\n]"
20:48:50.475 [main] DEBUG com.github.dockerjava.zerodep.shaded.org.apache.hc.client5.http.wire - http-outgoing-1 >> "Connection: keep-alive[\r][\n]"
20:48:50.475 [main] DEBUG com.github.dockerjava.zerodep.shaded.org.apache.hc.client5.http.wire - http-outgoing-1 >> "User-Agent: Apache-HttpClient/5.0.3 (Java/17.0.2)[\r][\n]"
20:48:50.475 [main] DEBUG com.github.dockerjava.zerodep.shaded.org.apache.hc.client5.http.wire - http-outgoing-1 >> "[\r][\n]"
20:48:50.716 [main] DEBUG com.github.dockerjava.zerodep.shaded.org.apache.hc.client5.http.wire - http-outgoing-1 << "HTTP/1.1 204 No Content[\r][\n]"
20:48:50.716 [main] DEBUG com.github.dockerjava.zerodep.shaded.org.apache.hc.client5.http.wire - http-outgoing-1 << "Api-Version: 1.41[\r][\n]"
20:48:50.716 [main] DEBUG com.github.dockerjava.zerodep.shaded.org.apache.hc.client5.http.wire - http-outgoing-1 << "Date: Fri, 19 Aug 2022 00:48:50 GMT[\r][\n]"
20:48:50.716 [main] DEBUG com.github.dockerjava.zerodep.shaded.org.apache.hc.client5.http.wire - http-outgoing-1 << "Docker-Experimental: false[\r][\n]"
20:48:50.716 [main] DEBUG com.github.dockerjava.zerodep.shaded.org.apache.hc.client5.http.wire - http-outgoing-1 << "Ostype: linux[\r][\n]"
20:48:50.716 [main] DEBUG com.github.dockerjava.zerodep.shaded.org.apache.hc.client5.http.wire - http-outgoing-1 << "Server: Docker/20.10.14 (linux)[\r][\n]"
20:48:50.716 [main] DEBUG com.github.dockerjava.zerodep.shaded.org.apache.hc.client5.http.wire - http-outgoing-1 << "[\r][\n]"
20:48:50.716 [main] DEBUG com.github.dockerjava.zerodep.shaded.org.apache.hc.client5.http.headers - http-outgoing-1 << HTTP/1.1 204 No Content
20:48:50.716 [main] DEBUG com.github.dockerjava.zerodep.shaded.org.apache.hc.client5.http.headers - http-outgoing-1 << Api-Version: 1.41
20:48:50.716 [main] DEBUG com.github.dockerjava.zerodep.shaded.org.apache.hc.client5.http.headers - http-outgoing-1 << Date: Fri, 19 Aug 2022 00:48:50 GMT
20:48:50.716 [main] DEBUG com.github.dockerjava.zerodep.shaded.org.apache.hc.client5.http.headers - http-outgoing-1 << Docker-Experimental: false
20:48:50.716 [main] DEBUG com.github.dockerjava.zerodep.shaded.org.apache.hc.client5.http.headers - http-outgoing-1 << Ostype: linux
20:48:50.716 [main] DEBUG com.github.dockerjava.zerodep.shaded.org.apache.hc.client5.http.headers - http-outgoing-1 << Server: Docker/20.10.14 (linux)
20:48:50.716 [main] DEBUG com.github.dockerjava.zerodep.shaded.org.apache.hc.client5.http.impl.classic.MainClientExec - ex-00000010: connection can be kept alive for 3 MINUTES
20:48:50.716 [main] DEBUG com.github.dockerjava.zerodep.shaded.org.apache.hc.client5.http.impl.classic.InternalHttpClient - ep-0000000F: releasing valid endpoint
20:48:50.716 [main] DEBUG com.github.dockerjava.zerodep.shaded.org.apache.hc.client5.http.impl.io.PoolingHttpClientConnectionManager - ep-0000000F: releasing endpoint
20:48:50.717 [main] DEBUG com.github.dockerjava.zerodep.shaded.org.apache.hc.client5.http.impl.io.PoolingHttpClientConnectionManager - ep-0000000F: connection http-outgoing-1 can be kept alive for 3 MINUTES
20:48:50.717 [main] DEBUG com.github.dockerjava.zerodep.shaded.org.apache.hc.client5.http.impl.io.PoolingHttpClientConnectionManager - ep-0000000F: connection released [route: {}->unix://localhost:2375][total available: 1; route allocated: 1 of 2147483647; total allocated: 1 of 2147483647]
20:48:50.717 [main] DEBUG org.testcontainers.shaded.com.github.dockerjava.core.command.AbstrDockerCmd - Cmd: 55e8a39051746b6add291684a287f011921e67a19f796223d78b88cd90f88574,false
20:48:50.717 [main] DEBUG org.testcontainers.shaded.com.github.dockerjava.core.exec.InspectContainerCmdExec - GET: DefaultWebTarget{path=[/containers/55e8a39051746b6add291684a287f011921e67a19f796223d78b88cd90f88574/json], queryParams={}}
20:48:50.718 [main] DEBUG com.github.dockerjava.zerodep.shaded.org.apache.hc.client5.http.impl.classic.InternalHttpClient - ex-00000011: preparing request execution
20:48:50.718 [main] DEBUG com.github.dockerjava.zerodep.shaded.org.apache.hc.client5.http.protocol.RequestAddCookies - Cookie spec selected: strict
20:48:50.718 [main] DEBUG com.github.dockerjava.zerodep.shaded.org.apache.hc.client5.http.protocol.RequestAuthCache - Auth cache not set in the context
20:48:50.718 [main] DEBUG com.github.dockerjava.zerodep.shaded.org.apache.hc.client5.http.impl.classic.ProtocolExec - ex-00000011: target auth state: UNCHALLENGED
20:48:50.718 [main] DEBUG com.github.dockerjava.zerodep.shaded.org.apache.hc.client5.http.impl.classic.ProtocolExec - ex-00000011: proxy auth state: UNCHALLENGED
20:48:50.718 [main] DEBUG com.github.dockerjava.zerodep.shaded.org.apache.hc.client5.http.impl.classic.ConnectExec - ex-00000011: acquiring connection with route {}->unix://localhost:2375
20:48:50.718 [main] DEBUG com.github.dockerjava.zerodep.shaded.org.apache.hc.client5.http.impl.classic.InternalHttpClient - ex-00000011: acquiring endpoint (3 MINUTES)
20:48:50.718 [main] DEBUG com.github.dockerjava.zerodep.shaded.org.apache.hc.client5.http.impl.io.PoolingHttpClientConnectionManager - ex-00000011: endpoint lease request (3 MINUTES) [route: {}->unix://localhost:2375][total available: 1; route allocated: 1 of 2147483647; total allocated: 1 of 2147483647]
20:48:50.718 [main] DEBUG com.github.dockerjava.zerodep.shaded.org.apache.hc.client5.http.impl.io.PoolingHttpClientConnectionManager - ex-00000011: endpoint leased [route: {}->unix://localhost:2375][total available: 0; route allocated: 1 of 2147483647; total allocated: 1 of 2147483647]
20:48:50.718 [main] DEBUG com.github.dockerjava.zerodep.shaded.org.apache.hc.client5.http.impl.io.PoolingHttpClientConnectionManager - ex-00000011: acquired ep-00000010
20:48:50.718 [main] DEBUG com.github.dockerjava.zerodep.shaded.org.apache.hc.client5.http.impl.classic.InternalHttpClient - ex-00000011: acquired endpoint ep-00000010
20:48:50.718 [main] DEBUG com.github.dockerjava.zerodep.shaded.org.apache.hc.client5.http.impl.classic.MainClientExec - ex-00000011: executing GET /v1.32/containers/55e8a39051746b6add291684a287f011921e67a19f796223d78b88cd90f88574/json HTTP/1.1
20:48:50.719 [main] DEBUG com.github.dockerjava.zerodep.shaded.org.apache.hc.client5.http.impl.classic.InternalHttpClient - ep-00000010: start execution ex-00000011
20:48:50.719 [main] DEBUG com.github.dockerjava.zerodep.shaded.org.apache.hc.client5.http.impl.io.PoolingHttpClientConnectionManager - ep-00000010: executing exchange ex-00000011 over http-outgoing-1
20:48:50.719 [main] DEBUG com.github.dockerjava.zerodep.shaded.org.apache.hc.client5.http.headers - http-outgoing-1 >> GET /v1.32/containers/55e8a39051746b6add291684a287f011921e67a19f796223d78b88cd90f88574/json HTTP/1.1
20:48:50.719 [main] DEBUG com.github.dockerjava.zerodep.shaded.org.apache.hc.client5.http.headers - http-outgoing-1 >> accept: application/json
20:48:50.719 [main] DEBUG com.github.dockerjava.zerodep.shaded.org.apache.hc.client5.http.headers - http-outgoing-1 >> x-tc-sid: 79c75580-927c-468d-9dfa-ca38cb35a17d
20:48:50.719 [main] DEBUG com.github.dockerjava.zerodep.shaded.org.apache.hc.client5.http.headers - http-outgoing-1 >> Accept-Encoding: gzip, x-gzip, deflate
20:48:50.719 [main] DEBUG com.github.dockerjava.zerodep.shaded.org.apache.hc.client5.http.headers - http-outgoing-1 >> Host: localhost:2375
20:48:50.719 [main] DEBUG com.github.dockerjava.zerodep.shaded.org.apache.hc.client5.http.headers - http-outgoing-1 >> Connection: keep-alive
20:48:50.719 [main] DEBUG com.github.dockerjava.zerodep.shaded.org.apache.hc.client5.http.headers - http-outgoing-1 >> User-Agent: Apache-HttpClient/5.0.3 (Java/17.0.2)
20:48:50.719 [main] DEBUG com.github.dockerjava.zerodep.shaded.org.apache.hc.client5.http.wire - http-outgoing-1 >> "GET /v1.32/containers/55e8a39051746b6add291684a287f011921e67a19f796223d78b88cd90f88574/json HTTP/1.1[\r][\n]"
20:48:50.719 [main] DEBUG com.github.dockerjava.zerodep.shaded.org.apache.hc.client5.http.wire - http-outgoing-1 >> "accept: application/json[\r][\n]"
20:48:50.719 [main] DEBUG com.github.dockerjava.zerodep.shaded.org.apache.hc.client5.http.wire - http-outgoing-1 >> "x-tc-sid: 79c75580-927c-468d-9dfa-ca38cb35a17d[\r][\n]"
20:48:50.719 [main] DEBUG com.github.dockerjava.zerodep.shaded.org.apache.hc.client5.http.wire - http-outgoing-1 >> "Accept-Encoding: gzip, x-gzip, deflate[\r][\n]"
20:48:50.719 [main] DEBUG com.github.dockerjava.zerodep.shaded.org.apache.hc.client5.http.wire - http-outgoing-1 >> "Host: localhost:2375[\r][\n]"
20:48:50.719 [main] DEBUG com.github.dockerjava.zerodep.shaded.org.apache.hc.client5.http.wire - http-outgoing-1 >> "Connection: keep-alive[\r][\n]"
20:48:50.719 [main] DEBUG com.github.dockerjava.zerodep.shaded.org.apache.hc.client5.http.wire - http-outgoing-1 >> "User-Agent: Apache-HttpClient/5.0.3 (Java/17.0.2)[\r][\n]"
20:48:50.719 [main] DEBUG com.github.dockerjava.zerodep.shaded.org.apache.hc.client5.http.wire - http-outgoing-1 >> "[\r][\n]"
20:48:50.721 [main] DEBUG com.github.dockerjava.zerodep.shaded.org.apache.hc.client5.http.wire - http-outgoing-1 << "HTTP/1.1 200 OK[\r][\n]"
20:48:50.721 [main] DEBUG com.github.dockerjava.zerodep.shaded.org.apache.hc.client5.http.wire - http-outgoing-1 << "Api-Version: 1.41[\r][\n]"
20:48:50.721 [main] DEBUG com.github.dockerjava.zerodep.shaded.org.apache.hc.client5.http.wire - http-outgoing-1 << "Content-Type: application/json[\r][\n]"
20:48:50.721 [main] DEBUG com.github.dockerjava.zerodep.shaded.org.apache.hc.client5.http.wire - http-outgoing-1 << "Date: Fri, 19 Aug 2022 00:48:50 GMT[\r][\n]"
20:48:50.721 [main] DEBUG com.github.dockerjava.zerodep.shaded.org.apache.hc.client5.http.wire - http-outgoing-1 << "Docker-Experimental: false[\r][\n]"
20:48:50.721 [main] DEBUG com.github.dockerjava.zerodep.shaded.org.apache.hc.client5.http.wire - http-outgoing-1 << "Ostype: linux[\r][\n]"
20:48:50.721 [main] DEBUG com.github.dockerjava.zerodep.shaded.org.apache.hc.client5.http.wire - http-outgoing-1 << "Server: Docker/20.10.14 (linux)[\r][\n]"
20:48:50.721 [main] DEBUG com.github.dockerjava.zerodep.shaded.org.apache.hc.client5.http.wire - http-outgoing-1 << "Transfer-Encoding: chunked[\r][\n]"
20:48:50.721 [main] DEBUG com.github.dockerjava.zerodep.shaded.org.apache.hc.client5.http.wire - http-outgoing-1 << "[\r][\n]"
20:48:50.721 [main] DEBUG com.github.dockerjava.zerodep.shaded.org.apache.hc.client5.http.headers - http-outgoing-1 << HTTP/1.1 200 OK
20:48:50.721 [main] DEBUG com.github.dockerjava.zerodep.shaded.org.apache.hc.client5.http.headers - http-outgoing-1 << Api-Version: 1.41
20:48:50.721 [main] DEBUG com.github.dockerjava.zerodep.shaded.org.apache.hc.client5.http.headers - http-outgoing-1 << Content-Type: application/json
20:48:50.721 [main] DEBUG com.github.dockerjava.zerodep.shaded.org.apache.hc.client5.http.headers - http-outgoing-1 << Date: Fri, 19 Aug 2022 00:48:50 GMT
20:48:50.721 [main] DEBUG com.github.dockerjava.zerodep.shaded.org.apache.hc.client5.http.headers - http-outgoing-1 << Docker-Experimental: false
20:48:50.721 [main] DEBUG com.github.dockerjava.zerodep.shaded.org.apache.hc.client5.http.headers - http-outgoing-1 << Ostype: linux
20:48:50.721 [main] DEBUG com.github.dockerjava.zerodep.shaded.org.apache.hc.client5.http.headers - http-outgoing-1 << Server: Docker/20.10.14 (linux)
20:48:50.721 [main] DEBUG com.github.dockerjava.zerodep.shaded.org.apache.hc.client5.http.headers - http-outgoing-1 << Transfer-Encoding: chunked
20:48:50.722 [main] DEBUG com.github.dockerjava.zerodep.shaded.org.apache.hc.client5.http.impl.classic.MainClientExec - ex-00000011: connection can be kept alive for 3 MINUTES
20:48:50.724 [main] DEBUG com.github.dockerjava.zerodep.shaded.org.apache.hc.client5.http.wire - http-outgoing-1 << "1a03[\r][\n]"
20:48:50.725 [main] DEBUG com.github.dockerjava.zerodep.shaded.org.apache.hc.client5.http.wire - http-outgoing-1 << "{"Id":"55e8a39051746b6add291684a287f011921e67a19f796223d78b88cd90f88574","Created":"2022-08-19T00:48:50.147558178Z","Path":"docker-entrypoint.sh","Args":["--replSet","docker-rs"],"State":{"Status":"running","Running":true,"Paused":false,"Restarting":false,"OOMKilled":false,"Dead":false,"Pid":3563,"ExitCode":0,"Error":"","StartedAt":"2022-08-19T00:48:50.711865261Z","FinishedAt":"0001-01-01T00:00:00Z"},"Image":"sha256:03ece9302b7e3ce2fd8b2bf1bd349964196e532b44e2c6cd365748c8e060c151","ResolvConfPath":"/var/lib/docker/containers/55e8a39051746b6add291684a287f011921e67a19f796223d78b88cd90f88574/resolv.conf","HostnamePath":"/var/lib/docker/containers/55e8a39051746b6add291684a287f011921e67a19f796223d78b88cd90f88574/hostname","HostsPath":"/var/lib/docker/containers/55e8a39051746b6add291684a287f011921e67a19f796223d78b88cd90f88574/hosts","LogPath":"/var/lib/docker/containers/55e8a39051746b6add291684a287f011921e67a19f796223d78b88cd90f88574/55e8a39051746b6add291684a287f011921e67a19f796223d78b88cd90f88574-json.log","Name":"/lucid_gauss","RestartCount":0,"Driver":"overlay2","Platform":"linux","MountLabel":"","ProcessLabel":"","AppArmorProfile":"","ExecIDs":null,"HostConfig":{"Binds":[],"ContainerIDFile":"","LogConfig":{"Type":"json-file","Config":{}},"NetworkMode":"default","PortBindings":{"27017/tcp":[{"HostIp":"0.0.0.0","HostPort":"0"}]},"RestartPolicy":{"Name":"","MaximumRetryCount":0},"AutoRemove":false,"VolumeDriver":"","VolumesFrom":[],"CapAdd":null,"CapDrop":null,"CgroupnsMode":"private","Dns":null,"DnsOptions":null,"DnsSearch":null,"ExtraHosts":[],"GroupAdd":null,"IpcMode":"shareable","Cgroup":"","Links":null,"OomScoreAdj":0,"PidMode":"","Privileged":false,"PublishAllPorts":false,"ReadonlyRootfs":false,"SecurityOpt":null,"UTSMode":"","UsernsMode":"","ShmSize":67108864,"Runtime":"runc","ConsoleSize":[0,0],"Isolation":"","CpuShares":0,"Memory":0,"NanoCpus":0,"CgroupParent":"","BlkioWeight":0,"BlkioWeightDevice":null,"BlkioDeviceReadBps":null,"BlkioDeviceWriteBps":null,"BlkioDeviceReadIOps":null,"BlkioDeviceWriteIOps":null,"CpuPeriod":0,"CpuQuota":0,"CpuRealtimePeriod":0,"CpuRealtimeRuntime":0,"CpusetCpus":"","CpusetMems":"","Devices":null,"DeviceCgroupRules":null,"DeviceRequests":null,"KernelMemory":0,"KernelMemoryTCP":0,"MemoryReservation":0,"MemorySwap":0,"MemorySwappiness":null,"OomKillDisable":null,"PidsLimit":null,"Ulimits":null,"CpuCount":0,"CpuPercent":0,"IOMaximumIOps":0,"IOMaximumBandwidth":0,"MaskedPaths":["/proc/asound","/proc/acpi","/proc/kcore","/proc/keys","/proc/latency_stats","/proc/timer_list","/proc/timer_stats","/proc/sched_debug","/proc/scsi","/sys/firmware"],"ReadonlyPaths":["/proc/bus","/proc/fs","/proc/irq","/proc/sys","/proc/sysrq-trigger"]},"GraphDriver":{"Data":{"LowerDir":"/var/lib/docker/overlay2/4371d8fad2dbb7dd263cd86f4d34d7dd01f2c3cab8e786fedc9b081e0395f98c-init/diff:/var/lib/docker/overlay2/adacc029b21827647b5145b6125fcc328b61f8f279178bc45cc26f9fbebf4c74/diff:/var/lib/docker/overlay2/c7792b9e0460bc42d5ca681dc8af05fac973c820cc518fceb8a34a25adb7ca0d/diff:/var/lib/docker/overlay2/9411da1495de0766fd4577cca8869746f661159e4117ebd650e261a2fe4d8ce6/diff:/var/lib/docker/overlay2/974b1b929f4b90d98409d7d18e8d758f749711057e7a3046ce98bd9ab10b8daa/diff:/var/lib/docker/overlay2/c1a666d26af908851cd79eb23c344dd48bd3158490954bde18b246b55aabb1ef/diff:/var/lib/docker/overlay2/47f7106c576526badb0aa1cb6d8335d8b4ff14e53b868b340784fc0abaef3a5c/diff:/var/lib/docker/overlay2/060cc5ad3209aefa630c0bbd3c3ab2b03215b1a1f27742201ac3ccd80e0b1fa4/diff:/var/lib/docker/overlay2/a9673b97b7d57628f38e668761169eea162b4bc73a56685810d499d43eb1a609/diff:/var/lib/docker/overlay2/cf72ad88e66c5a4369e09fc8b6ddd4c67e14247545a7d34e9b7bf7cdaf0f8760/diff:/var/lib/docker/overlay2/560b3914def4ba751c26636ab8dcfa11639e0b8a4811e9041d73861ab816e8a7/diff:/var/lib/docker/overlay2/8f85b54c5ba6f896090224f1e40791c6f69dc7ca8bdbf9e7c722b5e1d61e25d9/diff:/var/lib/docker/overlay2/31316f945bb5b37b8f1d53f585024cb988d00179191f3443e99caddde4321fde/diff","MergedDir":"/var/lib/docker/overlay2/4371d8fad2dbb7dd263cd86f4d34d7dd01f2c3cab8e786fedc9b081e0395f98c/merged","UpperDir":"/var/lib/docker/overlay2/4371d8fad2dbb7dd263cd86f4d34d7dd01f2c3cab8e786fedc9b081e0395f98c/diff","WorkDir":"/var/lib/docker/overlay2/4371d8fad2dbb7dd263cd86f4d34d7dd01f2c3cab8e786fedc9b081e0395f98c/work"},"Name":"overlay2"},"Mounts":[{"Type":"volume","Name":"1dee00eef12897573c4100a4b0d1301fd2ede334e7ec842235ad4ab5d4788aa2","Source":"/var/lib/docker/volumes/1dee00eef12897573c4100a4b0d1301fd2ede334e7ec842235ad4ab5d4788aa2/_data","Destination":"/data/configdb","Driver":"local","Mode":"","RW":true,"Propagation":""},{"Type":"volume","Name":"f02437526e2a78eeaee55d03d70c2e32af34a37798cbd8952be82821187983d1","Source":"/var/lib/docker/volumes/f02437526e2a78eeaee55d03d70c2e32af34a37798cbd8952be82821187983d1/_data","Destination":"/data/db","Driver":"local","Mode":"","RW":true,"Propagation":""}],"Config":{"Hostname":"55e8a3905174","Domainname":"","User":"","AttachStdin":false,"AttachStdout":false,"AttachStderr":false,"ExposedPorts":{"27017/tcp":{}},"Tty":false,"OpenStdin":false,"StdinOnce":false,"Env":["PATH=/usr/local/sbin:/usr/local/bin:/usr/sbin:/usr/bin:/sbin:/bin","GOSU_VERSION=1.12","JSYAML_VERSION=3.13.1","GPG_KEYS=20691EEC35216C63CAF66CE1656408E390CFB1F5","MONGO_PACKAGE=mongodb-org","MONGO_REPO=repo.mongodb.org","MONGO_MAJOR=4.4","MONGO_VERSION=4.4.2"],"Cmd":["--replSet","docker-rs"],"Image":"mongo:4.4.2","Volumes":{"/data/configdb":{},"/data/db":{}},"WorkingDir":"","Entrypoint":["docker-entrypoint.sh"],"OnBuild":null,"Labels":{"org.testcontainers":"true","org.testcontainers.sessionId":"79c75580-927c-468d-9dfa-ca38cb35a17d"}},"NetworkSettings":{"Bridge":"","SandboxID":"5b9d704daa27abebbed33591a5b7db5e005a795f2a6e074be0900ad92ceb6b91","HairpinMode":false,"LinkLocalIPv6Address":"","LinkLocalIPv6PrefixLen":0,"Ports":{"27017/tcp":[{"HostIp":"0.0.0.0","HostPort":"52586"}]},"SandboxKey":"/var/run/docker/netns/5b9d704daa27","SecondaryIPAddresses":null,"SecondaryIPv6Addresses":null,"EndpointID":"5184bda0f29022603f9c865b03815671b5395057cdc2d51d2274d1057e329d4c","Gateway":"172.17.0.1","GlobalIPv6Address":"","GlobalIPv6PrefixLen":0,"IPAddress":"172.17.0.4","IPPrefixLen":16,"IPv6Gateway":"","MacAddress":"02:42:ac:11:00:04","Networks":{"bridge":{"IPAMConfig":null,"Links":null,"Aliases":null,"NetworkID":"644ea9045ebb81721c7ca040ed253ef92251dc92cc502494cecd276dd0445850","EndpointID":"5184bda0f29022603f9c865b03815671b5395057cdc2d51d2274d1057e329d4c","Gateway":"172.17.0.1","IPAddress":"172.17.0.4","IPPrefixLen":16,"IPv6Gateway":"","GlobalIPv6Address":"","GlobalIPv6PrefixLen":0,"MacAddress":"02:42:ac:11:00:04","DriverOpts":null}}}}[\n]"
20:48:50.725 [main] DEBUG com.github.dockerjava.zerodep.shaded.org.apache.hc.client5.http.wire - http-outgoing-1 << "[\r][\n]"
20:48:50.727 [main] DEBUG com.github.dockerjava.zerodep.shaded.org.apache.hc.client5.http.wire - http-outgoing-1 << "0[\r][\n]"
20:48:50.727 [main] DEBUG com.github.dockerjava.zerodep.shaded.org.apache.hc.client5.http.wire - http-outgoing-1 << "[\r][\n]"
20:48:50.727 [main] DEBUG com.github.dockerjava.zerodep.shaded.org.apache.hc.client5.http.impl.classic.InternalHttpClient - ep-00000010: releasing valid endpoint
20:48:50.727 [main] DEBUG com.github.dockerjava.zerodep.shaded.org.apache.hc.client5.http.impl.io.PoolingHttpClientConnectionManager - ep-00000010: releasing endpoint
20:48:50.728 [main] DEBUG com.github.dockerjava.zerodep.shaded.org.apache.hc.client5.http.impl.io.PoolingHttpClientConnectionManager - ep-00000010: connection http-outgoing-1 can be kept alive for 3 MINUTES
20:48:50.728 [main] DEBUG com.github.dockerjava.zerodep.shaded.org.apache.hc.client5.http.impl.io.PoolingHttpClientConnectionManager - ep-00000010: connection released [route: {}->unix://localhost:2375][total available: 1; route allocated: 1 of 2147483647; total allocated: 1 of 2147483647]
20:48:50.730 [docker-java-stream--688846002] DEBUG com.github.dockerjava.zerodep.shaded.org.apache.hc.client5.http.impl.classic.InternalHttpClient - ex-00000012: preparing request execution
20:48:50.730 [docker-java-stream--688846002] DEBUG com.github.dockerjava.zerodep.shaded.org.apache.hc.client5.http.protocol.RequestAddCookies - Cookie spec selected: strict
20:48:50.730 [docker-java-stream--688846002] DEBUG com.github.dockerjava.zerodep.shaded.org.apache.hc.client5.http.protocol.RequestAuthCache - Auth cache not set in the context
20:48:50.730 [docker-java-stream--688846002] DEBUG com.github.dockerjava.zerodep.shaded.org.apache.hc.client5.http.impl.classic.ProtocolExec - ex-00000012: target auth state: UNCHALLENGED
20:48:50.730 [docker-java-stream--688846002] DEBUG com.github.dockerjava.zerodep.shaded.org.apache.hc.client5.http.impl.classic.ProtocolExec - ex-00000012: proxy auth state: UNCHALLENGED
20:48:50.730 [docker-java-stream--688846002] DEBUG com.github.dockerjava.zerodep.shaded.org.apache.hc.client5.http.impl.classic.ConnectExec - ex-00000012: acquiring connection with route {}->unix://localhost:2375
20:48:50.730 [docker-java-stream--688846002] DEBUG com.github.dockerjava.zerodep.shaded.org.apache.hc.client5.http.impl.classic.InternalHttpClient - ex-00000012: acquiring endpoint (3 MINUTES)
20:48:50.731 [docker-java-stream--688846002] DEBUG com.github.dockerjava.zerodep.shaded.org.apache.hc.client5.http.impl.io.PoolingHttpClientConnectionManager - ex-00000012: endpoint lease request (3 MINUTES) [route: {}->unix://localhost:2375][total available: 1; route allocated: 1 of 2147483647; total allocated: 1 of 2147483647]
20:48:50.731 [docker-java-stream--688846002] DEBUG com.github.dockerjava.zerodep.shaded.org.apache.hc.client5.http.impl.io.PoolingHttpClientConnectionManager - ex-00000012: endpoint leased [route: {}->unix://localhost:2375][total available: 0; route allocated: 1 of 2147483647; total allocated: 1 of 2147483647]
20:48:50.731 [docker-java-stream--688846002] DEBUG com.github.dockerjava.zerodep.shaded.org.apache.hc.client5.http.impl.io.PoolingHttpClientConnectionManager - ex-00000012: acquired ep-00000011
20:48:50.731 [docker-java-stream--688846002] DEBUG com.github.dockerjava.zerodep.shaded.org.apache.hc.client5.http.impl.classic.InternalHttpClient - ex-00000012: acquired endpoint ep-00000011
20:48:50.731 [docker-java-stream--688846002] DEBUG com.github.dockerjava.zerodep.shaded.org.apache.hc.client5.http.impl.classic.MainClientExec - ex-00000012: executing GET /v1.32/containers/55e8a39051746b6add291684a287f011921e67a19f796223d78b88cd90f88574/logs?stdout=true&stderr=true&follow=true&since=0 HTTP/1.1
20:48:50.731 [docker-java-stream--688846002] DEBUG com.github.dockerjava.zerodep.shaded.org.apache.hc.client5.http.impl.classic.InternalHttpClient - ep-00000011: start execution ex-00000012
20:48:50.731 [docker-java-stream--688846002] DEBUG com.github.dockerjava.zerodep.shaded.org.apache.hc.client5.http.impl.io.PoolingHttpClientConnectionManager - ep-00000011: executing exchange ex-00000012 over http-outgoing-1
20:48:50.731 [docker-java-stream--688846002] DEBUG com.github.dockerjava.zerodep.shaded.org.apache.hc.client5.http.headers - http-outgoing-1 >> GET /v1.32/containers/55e8a39051746b6add291684a287f011921e67a19f796223d78b88cd90f88574/logs?stdout=true&stderr=true&follow=true&since=0 HTTP/1.1
20:48:50.731 [docker-java-stream--688846002] DEBUG com.github.dockerjava.zerodep.shaded.org.apache.hc.client5.http.headers - http-outgoing-1 >> x-tc-sid: 79c75580-927c-468d-9dfa-ca38cb35a17d
20:48:50.731 [docker-java-stream--688846002] DEBUG com.github.dockerjava.zerodep.shaded.org.apache.hc.client5.http.headers - http-outgoing-1 >> Accept-Encoding: gzip, x-gzip, deflate
20:48:50.731 [docker-java-stream--688846002] DEBUG com.github.dockerjava.zerodep.shaded.org.apache.hc.client5.http.headers - http-outgoing-1 >> Host: localhost:2375
20:48:50.731 [docker-java-stream--688846002] DEBUG com.github.dockerjava.zerodep.shaded.org.apache.hc.client5.http.headers - http-outgoing-1 >> Connection: keep-alive
20:48:50.731 [docker-java-stream--688846002] DEBUG com.github.dockerjava.zerodep.shaded.org.apache.hc.client5.http.headers - http-outgoing-1 >> User-Agent: Apache-HttpClient/5.0.3 (Java/17.0.2)
20:48:50.731 [docker-java-stream--688846002] DEBUG com.github.dockerjava.zerodep.shaded.org.apache.hc.client5.http.wire - http-outgoing-1 >> "GET /v1.32/containers/55e8a39051746b6add291684a287f011921e67a19f796223d78b88cd90f88574/logs?stdout=true&stderr=true&follow=true&since=0 HTTP/1.1[\r][\n]"
20:48:50.731 [docker-java-stream--688846002] DEBUG com.github.dockerjava.zerodep.shaded.org.apache.hc.client5.http.wire - http-outgoing-1 >> "x-tc-sid: 79c75580-927c-468d-9dfa-ca38cb35a17d[\r][\n]"
20:48:50.731 [docker-java-stream--688846002] DEBUG com.github.dockerjava.zerodep.shaded.org.apache.hc.client5.http.wire - http-outgoing-1 >> "Accept-Encoding: gzip, x-gzip, deflate[\r][\n]"
20:48:50.731 [docker-java-stream--688846002] DEBUG com.github.dockerjava.zerodep.shaded.org.apache.hc.client5.http.wire - http-outgoing-1 >> "Host: localhost:2375[\r][\n]"
20:48:50.731 [docker-java-stream--688846002] DEBUG com.github.dockerjava.zerodep.shaded.org.apache.hc.client5.http.wire - http-outgoing-1 >> "Connection: keep-alive[\r][\n]"
20:48:50.731 [docker-java-stream--688846002] DEBUG com.github.dockerjava.zerodep.shaded.org.apache.hc.client5.http.wire - http-outgoing-1 >> "User-Agent: Apache-HttpClient/5.0.3 (Java/17.0.2)[\r][\n]"
20:48:50.731 [docker-java-stream--688846002] DEBUG com.github.dockerjava.zerodep.shaded.org.apache.hc.client5.http.wire - http-outgoing-1 >> "[\r][\n]"
20:48:50.737 [docker-java-stream--688846002] DEBUG com.github.dockerjava.zerodep.shaded.org.apache.hc.client5.http.wire - http-outgoing-1 << "HTTP/1.1 200 OK[\r][\n]"
20:48:50.737 [docker-java-stream--688846002] DEBUG com.github.dockerjava.zerodep.shaded.org.apache.hc.client5.http.wire - http-outgoing-1 << "Api-Version: 1.41[\r][\n]"
20:48:50.737 [docker-java-stream--688846002] DEBUG com.github.dockerjava.zerodep.shaded.org.apache.hc.client5.http.wire - http-outgoing-1 << "Date: Fri, 19 Aug 2022 00:48:50 GMT[\r][\n]"
20:48:50.737 [docker-java-stream--688846002] DEBUG com.github.dockerjava.zerodep.shaded.org.apache.hc.client5.http.wire - http-outgoing-1 << "Docker-Experimental: false[\r][\n]"
20:48:50.737 [docker-java-stream--688846002] DEBUG com.github.dockerjava.zerodep.shaded.org.apache.hc.client5.http.wire - http-outgoing-1 << "Ostype: linux[\r][\n]"
20:48:50.737 [docker-java-stream--688846002] DEBUG com.github.dockerjava.zerodep.shaded.org.apache.hc.client5.http.wire - http-outgoing-1 << "Server: Docker/20.10.14 (linux)[\r][\n]"
20:48:50.737 [docker-java-stream--688846002] DEBUG com.github.dockerjava.zerodep.shaded.org.apache.hc.client5.http.wire - http-outgoing-1 << "Transfer-Encoding: chunked[\r][\n]"
20:48:50.737 [docker-java-stream--688846002] DEBUG com.github.dockerjava.zerodep.shaded.org.apache.hc.client5.http.wire - http-outgoing-1 << "[\r][\n]"
20:48:50.737 [docker-java-stream--688846002] DEBUG com.github.dockerjava.zerodep.shaded.org.apache.hc.client5.http.headers - http-outgoing-1 << HTTP/1.1 200 OK
20:48:50.737 [docker-java-stream--688846002] DEBUG com.github.dockerjava.zerodep.shaded.org.apache.hc.client5.http.headers - http-outgoing-1 << Api-Version: 1.41
20:48:50.737 [docker-java-stream--688846002] DEBUG com.github.dockerjava.zerodep.shaded.org.apache.hc.client5.http.headers - http-outgoing-1 << Date: Fri, 19 Aug 2022 00:48:50 GMT
20:48:50.737 [docker-java-stream--688846002] DEBUG com.github.dockerjava.zerodep.shaded.org.apache.hc.client5.http.headers - http-outgoing-1 << Docker-Experimental: false
20:48:50.737 [docker-java-stream--688846002] DEBUG com.github.dockerjava.zerodep.shaded.org.apache.hc.client5.http.headers - http-outgoing-1 << Ostype: linux
20:48:50.737 [docker-java-stream--688846002] DEBUG com.github.dockerjava.zerodep.shaded.org.apache.hc.client5.http.headers - http-outgoing-1 << Server: Docker/20.10.14 (linux)
20:48:50.737 [docker-java-stream--688846002] DEBUG com.github.dockerjava.zerodep.shaded.org.apache.hc.client5.http.headers - http-outgoing-1 << Transfer-Encoding: chunked
20:48:50.737 [docker-java-stream--688846002] DEBUG com.github.dockerjava.zerodep.shaded.org.apache.hc.client5.http.impl.classic.MainClientExec - ex-00000012: connection can be kept alive for 3 MINUTES
20:48:50.769 [docker-java-stream--688846002] DEBUG com.github.dockerjava.zerodep.shaded.org.apache.hc.client5.http.wire - http-outgoing-1 << "d4[\r][\n]"
20:48:50.769 [docker-java-stream--688846002] DEBUG com.github.dockerjava.zerodep.shaded.org.apache.hc.client5.http.wire - http-outgoing-1 << "[0x1][0x0][0x0][0x0][0x0][0x0][0x0][0xffffffcc]{"t":{"$date":"2022-08-19T00:48:50.769+00:00"},"s":"I",  "c":"CONTROL",  "id":23285,   "ctx":"main","msg":"Automatically disabling TLS 1.0, to force-enable TLS 1.0 specify --sslDisabledProtocols 'none'"}[\n]"
20:48:50.769 [docker-java-stream--688846002] DEBUG com.github.dockerjava.zerodep.shaded.org.apache.hc.client5.http.wire - http-outgoing-1 << "[\r][\n]"
20:48:50.770 [main] DEBUG org.testcontainers.containers.output.WaitingConsumer - STDOUT: {"t":{"$date":"2022-08-19T00:48:50.769+00:00"},"s":"I",  "c":"CONTROL",  "id":23285,   "ctx":"main","msg":"Automatically disabling TLS 1.0, to force-enable TLS 1.0 specify --sslDisabledProtocols 'none'"}
20:48:50.771 [docker-java-stream--688846002] DEBUG com.github.dockerjava.zerodep.shaded.org.apache.hc.client5.http.wire - http-outgoing-1 << "25d[\r][\n]"
20:48:50.771 [docker-java-stream--688846002] DEBUG com.github.dockerjava.zerodep.shaded.org.apache.hc.client5.http.wire - http-outgoing-1 << "[0x1][0x0][0x0][0x0][0x0][0x0][0x0][0xffffffaa]{"t":{"$date":"2022-08-19T00:48:50.771+00:00"},"s":"W",  "c":"ASIO",     "id":22601,   "ctx":"main","msg":"No TransportLayer configured during NetworkInterface startup"}[\n]"
20:48:50.771 [docker-java-stream--688846002] DEBUG com.github.dockerjava.zerodep.shaded.org.apache.hc.client5.http.wire - http-outgoing-1 << "[0x1][0x0][0x0][0x0][0x0][0x0][0x0][0xfffffff1]{"t":{"$date":"2022-08-19T00:48:50.771+00:00"},"s":"I",  "c":"NETWORK",  "id":4648601, "ctx":"main","msg":"Implicit TCP FastOpen unavailable. If TCP FastOpen is required, set tcpFastOpenServer, tcpFastOpenClient, and tcpFastOpenQueueSize."}[\n]"
20:48:50.771 [docker-java-stream--688846002] DEBUG com.github.dockerjava.zerodep.shaded.org.apache.hc.client5.http.wire - http-outgoing-1 << "[0x1][0x0][0x0][0x0][0x0][0x0][0x0][0xffffffaa]{"t":{"$date":"2022-08-19T00:48:50.771+00:00"},"s":"W",  "c":"ASIO",     "id":22601,   "ctx":"main","msg":"No TransportLayer configured during NetworkInterface startup"}[\n]"
20:48:50.771 [docker-java-stream--688846002] DEBUG com.github.dockerjava.zerodep.shaded.org.apache.hc.client5.http.wire - http-outgoing-1 << "[\r][\n]"
20:48:50.772 [docker-java-stream--688846002] DEBUG com.github.dockerjava.zerodep.shaded.org.apache.hc.client5.http.wire - http-outgoing-1 << "42a[\r][\n]"
20:48:50.772 [docker-java-stream--688846002] DEBUG com.github.dockerjava.zerodep.shaded.org.apache.hc.client5.http.wire - http-outgoing-1 << "[0x1][0x0][0x0][0x0][0x0][0x0][0x0][0xffffffe7]{"t":{"$date":"2022-08-19T00:48:50.772+00:00"},"s":"I",  "c":"STORAGE",  "id":4615611, "ctx":"initandlisten","msg":"MongoDB starting","attr":{"pid":1,"port":27017,"dbPath":"/data/db","architecture":"64-bit","host":"55e8a3905174"}}[\n]"
20:48:50.772 [docker-java-stream--688846002] DEBUG com.github.dockerjava.zerodep.shaded.org.apache.hc.client5.http.wire - http-outgoing-1 << "[0x1][0x0][0x0][0x0][0x0][0x0][0x1][0xffffff88]{"t":{"$date":"2022-08-19T00:48:50.772+00:00"},"s":"I",  "c":"CONTROL",  "id":23403,   "ctx":"initandlisten","msg":"Build Info","attr":{"buildInfo":{"version":"4.4.2","gitVersion":"15e73dc5738d2278b688f8929aee605fe4279b0e","openSSLVersion":"OpenSSL 1.1.1  11 Sep 2018","modules":[],"allocator":"tcmalloc","environment":{"distmod":"ubuntu1804","distarch":"aarch64","target_arch":"aarch64"}}}}[\n]"
20:48:50.772 [docker-java-stream--688846002] DEBUG com.github.dockerjava.zerodep.shaded.org.apache.hc.client5.http.wire - http-outgoing-1 << "[0x1][0x0][0x0][0x0][0x0][0x0][0x0][0xffffffb9]{"t":{"$date":"2022-08-19T00:48:50.772+00:00"},"s":"I",  "c":"CONTROL",  "id":51765,   "ctx":"initandlisten","msg":"Operating System","attr":{"os":{"name":"Ubuntu","version":"18.04"}}}[\n]"
20:48:50.772 [docker-java-stream--688846002] DEBUG com.github.dockerjava.zerodep.shaded.org.apache.hc.client5.http.wire - http-outgoing-1 << "[0x1][0x0][0x0][0x0][0x0][0x0][0x0][0xffffffe2]{"t":{"$date":"2022-08-19T00:48:50.772+00:00"},"s":"I",  "c":"CONTROL",  "id":21951,   "ctx":"initandlisten","msg":"Options set by command line","attr":{"options":{"net":{"bindIp":"*"},"replication":{"replSet":"docker-rs"}}}}[\n]"
20:48:50.772 [docker-java-stream--688846002] DEBUG com.github.dockerjava.zerodep.shaded.org.apache.hc.client5.http.wire - http-outgoing-1 << "[\r][\n]"
20:48:50.772 [docker-java-stream--688846002] DEBUG com.github.dockerjava.zerodep.shaded.org.apache.hc.client5.http.wire - http-outgoing-1 << "32f[\r][\n]"
20:48:50.772 [docker-java-stream--688846002] DEBUG com.github.dockerjava.zerodep.shaded.org.apache.hc.client5.http.wire - http-outgoing-1 << "[0x1][0x0][0x0][0x0][0x0][0x0][0x1][0x1e]{"t":{"$date":"2022-08-19T00:48:50.773+00:00"},"s":"I",  "c":"STORAGE",  "id":22297,   "ctx":"initandlisten","msg":"Using the XFS filesystem is strongly recommended with the WiredTiger storage engine. See http://dochub.mongodb.org/core/prodnotes-filesystem","tags":["startupWarnings"]}[\n]"
20:48:50.772 [docker-java-stream--688846002] DEBUG com.github.dockerjava.zerodep.shaded.org.apache.hc.client5.http.wire - http-outgoing-1 << "[0x1][0x0][0x0][0x0][0x0][0x0][0x2][0x1]{"t":{"$date":"2022-08-19T00:48:50.773+00:00"},"s":"I",  "c":"STORAGE",  "id":22315,   "ctx":"initandlisten","msg":"Opening WiredTiger","attr":{"config":"create,cache_size=3413M,session_max=33000,eviction=(threads_min=4,threads_max=4),config_base=false,statistics=(fast),log=(enabled=true,archive=true,path=journal,compressor=snappy),file_manager=(close_idle_time=100000,close_scan_interval=10,close_handle_minimum=250),statistics_log=(wait=0),verbose=[recovery_progress,checkpoint_progress,compact_progress],"}}[\n]"
20:48:50.772 [docker-java-stream--688846002] DEBUG com.github.dockerjava.zerodep.shaded.org.apache.hc.client5.http.wire - http-outgoing-1 << "[\r][\n]"
20:48:50.782 [main] DEBUG org.testcontainers.containers.output.WaitingConsumer - STDOUT: {"t":{"$date":"2022-08-19T00:48:50.773+00:00"},"s":"I",  "c":"STORAGE",  "id":22315,   "ctx":"initandlisten","msg":"Opening WiredTiger","attr":{"config":"create,cache_size=3413M,session_max=33000,eviction=(threads_min=4,threads_max=4),config_base=false,statistics=(fast),log=(enabled=true,archive=true,path=journal,compressor=snappy),file_manager=(close_idle_time=100000,close_scan_interval=10,close_handle_minimum=250),statistics_log=(wait=0),verbose=[recovery_progress,checkpoint_progress,compact_progress],"}}
20:48:50.782 [main] DEBUG org.testcontainers.containers.output.WaitingConsumer - STDOUT: {"t":{"$date":"2022-08-19T00:48:50.773+00:00"},"s":"I",  "c":"STORAGE",  "id":22297,   "ctx":"initandlisten","msg":"Using the XFS filesystem is strongly recommended with the WiredTiger storage engine. See http://dochub.mongodb.org/core/prodnotes-filesystem","tags":["startupWarnings"]}
20:48:50.782 [main] DEBUG org.testcontainers.containers.output.WaitingConsumer - STDOUT: {"t":{"$date":"2022-08-19T00:48:50.772+00:00"},"s":"I",  "c":"CONTROL",  "id":21951,   "ctx":"initandlisten","msg":"Options set by command line","attr":{"options":{"net":{"bindIp":"*"},"replication":{"replSet":"docker-rs"}}}}
20:48:50.782 [main] DEBUG org.testcontainers.containers.output.WaitingConsumer - STDOUT: {"t":{"$date":"2022-08-19T00:48:50.772+00:00"},"s":"I",  "c":"CONTROL",  "id":51765,   "ctx":"initandlisten","msg":"Operating System","attr":{"os":{"name":"Ubuntu","version":"18.04"}}}
20:48:50.782 [main] DEBUG org.testcontainers.containers.output.WaitingConsumer - STDOUT: {"t":{"$date":"2022-08-19T00:48:50.772+00:00"},"s":"I",  "c":"CONTROL",  "id":23403,   "ctx":"initandlisten","msg":"Build Info","attr":{"buildInfo":{"version":"4.4.2","gitVersion":"15e73dc5738d2278b688f8929aee605fe4279b0e","openSSLVersion":"OpenSSL 1.1.1  11 Sep 2018","modules":[],"allocator":"tcmalloc","environment":{"distmod":"ubuntu1804","distarch":"aarch64","target_arch":"aarch64"}}}}
20:48:50.782 [main] DEBUG org.testcontainers.containers.output.WaitingConsumer - STDOUT: {"t":{"$date":"2022-08-19T00:48:50.772+00:00"},"s":"I",  "c":"STORAGE",  "id":4615611, "ctx":"initandlisten","msg":"MongoDB starting","attr":{"pid":1,"port":27017,"dbPath":"/data/db","architecture":"64-bit","host":"55e8a3905174"}}
20:48:50.782 [main] DEBUG org.testcontainers.containers.output.WaitingConsumer - STDOUT: {"t":{"$date":"2022-08-19T00:48:50.771+00:00"},"s":"W",  "c":"ASIO",     "id":22601,   "ctx":"main","msg":"No TransportLayer configured during NetworkInterface startup"}
20:48:50.782 [main] DEBUG org.testcontainers.containers.output.WaitingConsumer - STDOUT: {"t":{"$date":"2022-08-19T00:48:50.771+00:00"},"s":"I",  "c":"NETWORK",  "id":4648601, "ctx":"main","msg":"Implicit TCP FastOpen unavailable. If TCP FastOpen is required, set tcpFastOpenServer, tcpFastOpenClient, and tcpFastOpenQueueSize."}
20:48:50.782 [main] DEBUG org.testcontainers.containers.output.WaitingConsumer - STDOUT: {"t":{"$date":"2022-08-19T00:48:50.771+00:00"},"s":"W",  "c":"ASIO",     "id":22601,   "ctx":"main","msg":"No TransportLayer configured during NetworkInterface startup"}
20:48:50.791 [docker-java-stream--688846002] DEBUG com.github.dockerjava.zerodep.shaded.org.apache.hc.client5.http.wire - http-outgoing-1 << "25c[\r][\n]"
20:48:50.791 [docker-java-stream--688846002] DEBUG com.github.dockerjava.zerodep.shaded.org.apache.hc.client5.http.wire - http-outgoing-1 << "[0x1][0x0][0x0][0x0][0x0][0x0][0x1]'{"t":{"$date":"2022-08-19T00:48:50.792+00:00"},"s":"I",  "c":"STORAGE",  "id":22430,   "ctx":"initandlisten","msg":"WiredTiger message","attr":{"message":"[1660870130:792016][1:0xffffba01a450], txn-recover: [WT_VERB_RECOVERY | WT_VERB_RECOVERY_PROGRESS] Set global recovery timestamp: (0, 0)"}}[\n]"
20:48:50.791 [docker-java-stream--688846002] DEBUG com.github.dockerjava.zerodep.shaded.org.apache.hc.client5.http.wire - http-outgoing-1 << "[0x1][0x0][0x0][0x0][0x0][0x0][0x1]%{"t":{"$date":"2022-08-19T00:48:50.792+00:00"},"s":"I",  "c":"STORAGE",  "id":22430,   "ctx":"initandlisten","msg":"WiredTiger message","attr":{"message":"[1660870130:792066][1:0xffffba01a450], txn-recover: [WT_VERB_RECOVERY | WT_VERB_RECOVERY_PROGRESS] Set global oldest timestamp: (0, 0)"}}[\n]"
20:48:50.791 [docker-java-stream--688846002] DEBUG com.github.dockerjava.zerodep.shaded.org.apache.hc.client5.http.wire - http-outgoing-1 << "[\r][\n]"
20:48:50.795 [main] DEBUG org.testcontainers.containers.output.WaitingConsumer - STDOUT: {"t":{"$date":"2022-08-19T00:48:50.792+00:00"},"s":"I",  "c":"STORAGE",  "id":22430,   "ctx":"initandlisten","msg":"WiredTiger message","attr":{"message":"[1660870130:792066][1:0xffffba01a450], txn-recover: [WT_VERB_RECOVERY | WT_VERB_RECOVERY_PROGRESS] Set global oldest timestamp: (0, 0)"}}
20:48:50.795 [main] DEBUG org.testcontainers.containers.output.WaitingConsumer - STDOUT: {"t":{"$date":"2022-08-19T00:48:50.792+00:00"},"s":"I",  "c":"STORAGE",  "id":22430,   "ctx":"initandlisten","msg":"WiredTiger message","attr":{"message":"[1660870130:792016][1:0xffffba01a450], txn-recover: [WT_VERB_RECOVERY | WT_VERB_RECOVERY_PROGRESS] Set global recovery timestamp: (0, 0)"}}
20:48:50.796 [docker-java-stream--688846002] DEBUG com.github.dockerjava.zerodep.shaded.org.apache.hc.client5.http.wire - http-outgoing-1 << "182[\r][\n]"
20:48:50.796 [docker-java-stream--688846002] DEBUG com.github.dockerjava.zerodep.shaded.org.apache.hc.client5.http.wire - http-outgoing-1 << "[0x1][0x0][0x0][0x0][0x0][0x0][0x0][0xffffffa5]{"t":{"$date":"2022-08-19T00:48:50.796+00:00"},"s":"I",  "c":"STORAGE",  "id":4795906, "ctx":"initandlisten","msg":"WiredTiger opened","attr":{"durationMillis":23}}[\n]"
20:48:50.796 [docker-java-stream--688846002] DEBUG com.github.dockerjava.zerodep.shaded.org.apache.hc.client5.http.wire - http-outgoing-1 << "[0x1][0x0][0x0][0x0][0x0][0x0][0x0][0xffffffcd]{"t":{"$date":"2022-08-19T00:48:50.796+00:00"},"s":"I",  "c":"RECOVERY", "id":23987,   "ctx":"initandlisten","msg":"WiredTiger recoveryTimestamp","attr":{"recoveryTimestamp":{"$timestamp":{"t":0,"i":0}}}}[\n]"
20:48:50.796 [docker-java-stream--688846002] DEBUG com.github.dockerjava.zerodep.shaded.org.apache.hc.client5.http.wire - http-outgoing-1 << "[\r][\n]"
20:48:50.805 [docker-java-stream--688846002] DEBUG com.github.dockerjava.zerodep.shaded.org.apache.hc.client5.http.wire - http-outgoing-1 << "f2[\r][\n]"
20:48:50.806 [docker-java-stream--688846002] DEBUG com.github.dockerjava.zerodep.shaded.org.apache.hc.client5.http.wire - http-outgoing-1 << "[0x1][0x0][0x0][0x0][0x0][0x0][0x0][0xffffffea]{"t":{"$date":"2022-08-19T00:48:50.806+00:00"},"s":"I",  "c":"STORAGE",  "id":4366408, "ctx":"initandlisten","msg":"No table logging settings modifications are required for existing WiredTiger tables","attr":{"loggingEnabled":false}}[\n]"
20:48:50.806 [docker-java-stream--688846002] DEBUG com.github.dockerjava.zerodep.shaded.org.apache.hc.client5.http.wire - http-outgoing-1 << "[\r][\n]"
20:48:50.806 [docker-java-stream--688846002] DEBUG com.github.dockerjava.zerodep.shaded.org.apache.hc.client5.http.wire - http-outgoing-1 << "99[\r][\n]"
20:48:50.806 [docker-java-stream--688846002] DEBUG com.github.dockerjava.zerodep.shaded.org.apache.hc.client5.http.wire - http-outgoing-1 << "[0x1][0x0][0x0][0x0][0x0][0x0][0x0][0xffffff91]{"t":{"$date":"2022-08-19T00:48:50.806+00:00"},"s":"I",  "c":"STORAGE",  "id":22262,   "ctx":"initandlisten","msg":"Timestamp monitor starting"}[\n]"
20:48:50.806 [docker-java-stream--688846002] DEBUG com.github.dockerjava.zerodep.shaded.org.apache.hc.client5.http.wire - http-outgoing-1 << "[\r][\n]"
20:48:50.808 [main] DEBUG org.testcontainers.containers.output.WaitingConsumer - STDOUT: {"t":{"$date":"2022-08-19T00:48:50.806+00:00"},"s":"I",  "c":"STORAGE",  "id":22262,   "ctx":"initandlisten","msg":"Timestamp monitor starting"}
20:48:50.808 [main] DEBUG org.testcontainers.containers.output.WaitingConsumer - STDOUT: {"t":{"$date":"2022-08-19T00:48:50.806+00:00"},"s":"I",  "c":"STORAGE",  "id":4366408, "ctx":"initandlisten","msg":"No table logging settings modifications are required for existing WiredTiger tables","attr":{"loggingEnabled":false}}
20:48:50.808 [main] DEBUG org.testcontainers.containers.output.WaitingConsumer - STDOUT: {"t":{"$date":"2022-08-19T00:48:50.796+00:00"},"s":"I",  "c":"RECOVERY", "id":23987,   "ctx":"initandlisten","msg":"WiredTiger recoveryTimestamp","attr":{"recoveryTimestamp":{"$timestamp":{"t":0,"i":0}}}}
20:48:50.808 [main] DEBUG org.testcontainers.containers.output.WaitingConsumer - STDOUT: {"t":{"$date":"2022-08-19T00:48:50.796+00:00"},"s":"I",  "c":"STORAGE",  "id":4795906, "ctx":"initandlisten","msg":"WiredTiger opened","attr":{"durationMillis":23}}
20:48:50.810 [docker-java-stream--688846002] DEBUG com.github.dockerjava.zerodep.shaded.org.apache.hc.client5.http.wire - http-outgoing-1 << "109[\r][\n]"
20:48:50.810 [docker-java-stream--688846002] DEBUG com.github.dockerjava.zerodep.shaded.org.apache.hc.client5.http.wire - http-outgoing-1 << "[0x1][0x0][0x0][0x0][0x0][0x0][0x1][0x1]{"t":{"$date":"2022-08-19T00:48:50.811+00:00"},"s":"W",  "c":"CONTROL",  "id":22120,   "ctx":"initandlisten","msg":"Access control is not enabled for the database. Read and write access to data and configuration is unrestricted","tags":["startupWarnings"]}[\n]"
20:48:50.810 [docker-java-stream--688846002] DEBUG com.github.dockerjava.zerodep.shaded.org.apache.hc.client5.http.wire - http-outgoing-1 << "[\r][\n]"
20:48:50.811 [docker-java-stream--688846002] DEBUG com.github.dockerjava.zerodep.shaded.org.apache.hc.client5.http.wire - http-outgoing-1 << "a9[\r][\n]"
20:48:50.811 [docker-java-stream--688846002] DEBUG com.github.dockerjava.zerodep.shaded.org.apache.hc.client5.http.wire - http-outgoing-1 << "[0x1][0x0][0x0][0x0][0x0][0x0][0x0][0xffffffa1]{"t":{"$date":"2022-08-19T00:48:50.812+00:00"},"s":"I",  "c":"STORAGE",  "id":20536,   "ctx":"initandlisten","msg":"Flow Control is enabled on this deployment"}[\n]"
20:48:50.811 [docker-java-stream--688846002] DEBUG com.github.dockerjava.zerodep.shaded.org.apache.hc.client5.http.wire - http-outgoing-1 << "[\r][\n]"
20:48:50.812 [docker-java-stream--688846002] DEBUG com.github.dockerjava.zerodep.shaded.org.apache.hc.client5.http.wire - http-outgoing-1 << "1f0[\r][\n]"
20:48:50.813 [docker-java-stream--688846002] DEBUG com.github.dockerjava.zerodep.shaded.org.apache.hc.client5.http.wire - http-outgoing-1 << "[0x1][0x0][0x0][0x0][0x0][0x0][0x0][0xffffffa7]{"t":{"$date":"2022-08-19T00:48:50.813+00:00"},"s":"I",  "c":"SHARDING", "id":20997,   "ctx":"initandlisten","msg":"Refreshed RWC defaults","attr":{"newDefaults":{}}}[\n]"
20:48:50.813 [docker-java-stream--688846002] DEBUG com.github.dockerjava.zerodep.shaded.org.apache.hc.client5.http.wire - http-outgoing-1 << "[0x1][0x0][0x0][0x0][0x0][0x0][0x1]9{"t":{"$date":"2022-08-19T00:48:50.813+00:00"},"s":"I",  "c":"STORAGE",  "id":20320,   "ctx":"initandlisten","msg":"createCollection","attr":{"namespace":"local.startup_log","uuidDisposition":"generated","uuid":{"uuid":{"$uuid":"f420996e-174b-40bd-acd0-585c2b18ec06"}},"options":{"capped":true,"size":10485760}}}[\n]"
20:48:50.813 [docker-java-stream--688846002] DEBUG com.github.dockerjava.zerodep.shaded.org.apache.hc.client5.http.wire - http-outgoing-1 << "[\r][\n]"
20:48:50.819 [main] DEBUG org.testcontainers.containers.output.WaitingConsumer - STDOUT: {"t":{"$date":"2022-08-19T00:48:50.813+00:00"},"s":"I",  "c":"STORAGE",  "id":20320,   "ctx":"initandlisten","msg":"createCollection","attr":{"namespace":"local.startup_log","uuidDisposition":"generated","uuid":{"uuid":{"$uuid":"f420996e-174b-40bd-acd0-585c2b18ec06"}},"options":{"capped":true,"size":10485760}}}
20:48:50.819 [main] DEBUG org.testcontainers.containers.output.WaitingConsumer - STDOUT: {"t":{"$date":"2022-08-19T00:48:50.813+00:00"},"s":"I",  "c":"SHARDING", "id":20997,   "ctx":"initandlisten","msg":"Refreshed RWC defaults","attr":{"newDefaults":{}}}
20:48:50.819 [main] DEBUG org.testcontainers.containers.output.WaitingConsumer - STDOUT: {"t":{"$date":"2022-08-19T00:48:50.812+00:00"},"s":"I",  "c":"STORAGE",  "id":20536,   "ctx":"initandlisten","msg":"Flow Control is enabled on this deployment"}
20:48:50.819 [main] DEBUG org.testcontainers.containers.output.WaitingConsumer - STDOUT: {"t":{"$date":"2022-08-19T00:48:50.811+00:00"},"s":"W",  "c":"CONTROL",  "id":22120,   "ctx":"initandlisten","msg":"Access control is not enabled for the database. Read and write access to data and configuration is unrestricted","tags":["startupWarnings"]}
20:48:50.820 [docker-java-stream--688846002] DEBUG com.github.dockerjava.zerodep.shaded.org.apache.hc.client5.http.wire - http-outgoing-1 << "111[\r][\n]"
20:48:50.820 [docker-java-stream--688846002] DEBUG com.github.dockerjava.zerodep.shaded.org.apache.hc.client5.http.wire - http-outgoing-1 << "[0x1][0x0][0x0][0x0][0x0][0x0][0x1][0x9]{"t":{"$date":"2022-08-19T00:48:50.820+00:00"},"s":"I",  "c":"INDEX",    "id":20345,   "ctx":"initandlisten","msg":"Index build: done building","attr":{"buildUUID":null,"namespace":"local.startup_log","index":"_id_","commitTimestamp":{"$timestamp":{"t":0,"i":0}}}}[\n]"
20:48:50.820 [docker-java-stream--688846002] DEBUG com.github.dockerjava.zerodep.shaded.org.apache.hc.client5.http.wire - http-outgoing-1 << "[\r][\n]"
20:48:50.831 [main] DEBUG org.testcontainers.containers.output.WaitingConsumer - STDOUT: {"t":{"$date":"2022-08-19T00:48:50.820+00:00"},"s":"I",  "c":"INDEX",    "id":20345,   "ctx":"initandlisten","msg":"Index build: done building","attr":{"buildUUID":null,"namespace":"local.startup_log","index":"_id_","commitTimestamp":{"$timestamp":{"t":0,"i":0}}}}
20:48:50.831 [docker-java-stream--688846002] DEBUG com.github.dockerjava.zerodep.shaded.org.apache.hc.client5.http.wire - http-outgoing-1 << "e1[\r][\n]"
20:48:50.831 [docker-java-stream--688846002] DEBUG com.github.dockerjava.zerodep.shaded.org.apache.hc.client5.http.wire - http-outgoing-1 << "[0x1][0x0][0x0][0x0][0x0][0x0][0x0][0xffffffd9]{"t":{"$date":"2022-08-19T00:48:50.831+00:00"},"s":"I",  "c":"FTDC",     "id":20625,   "ctx":"initandlisten","msg":"Initializing full-time diagnostic data capture","attr":{"dataDirectory":"/data/db/diagnostic.data"}}[\n]"
20:48:50.831 [docker-java-stream--688846002] DEBUG com.github.dockerjava.zerodep.shaded.org.apache.hc.client5.http.wire - http-outgoing-1 << "[\r][\n]"
20:48:50.832 [docker-java-stream--688846002] DEBUG com.github.dockerjava.zerodep.shaded.org.apache.hc.client5.http.wire - http-outgoing-1 << "138[\r][\n]"
20:48:50.832 [docker-java-stream--688846002] DEBUG com.github.dockerjava.zerodep.shaded.org.apache.hc.client5.http.wire - http-outgoing-1 << "[0x1][0x0][0x0][0x0][0x0][0x0][0x1]0{"t":{"$date":"2022-08-19T00:48:50.833+00:00"},"s":"I",  "c":"STORAGE",  "id":20320,   "ctx":"initandlisten","msg":"createCollection","attr":{"namespace":"local.replset.oplogTruncateAfterPoint","uuidDisposition":"generated","uuid":{"uuid":{"$uuid":"e7fcf21a-85a7-4107-bdb3-831f1445b3eb"}},"options":{}}}[\n]"
20:48:50.832 [docker-java-stream--688846002] DEBUG com.github.dockerjava.zerodep.shaded.org.apache.hc.client5.http.wire - http-outgoing-1 << "[\r][\n]"
20:48:50.842 [main] DEBUG org.testcontainers.containers.output.WaitingConsumer - STDOUT: {"t":{"$date":"2022-08-19T00:48:50.833+00:00"},"s":"I",  "c":"STORAGE",  "id":20320,   "ctx":"initandlisten","msg":"createCollection","attr":{"namespace":"local.replset.oplogTruncateAfterPoint","uuidDisposition":"generated","uuid":{"uuid":{"$uuid":"e7fcf21a-85a7-4107-bdb3-831f1445b3eb"}},"options":{}}}
20:48:50.842 [docker-java-stream--688846002] DEBUG com.github.dockerjava.zerodep.shaded.org.apache.hc.client5.http.wire - http-outgoing-1 << "24e[\r][\n]"
20:48:50.842 [docker-java-stream--688846002] DEBUG com.github.dockerjava.zerodep.shaded.org.apache.hc.client5.http.wire - http-outgoing-1 << "[0x1][0x0][0x0][0x0][0x0][0x0][0x1][0x1d]{"t":{"$date":"2022-08-19T00:48:50.843+00:00"},"s":"I",  "c":"INDEX",    "id":20345,   "ctx":"initandlisten","msg":"Index build: done building","attr":{"buildUUID":null,"namespace":"local.replset.oplogTruncateAfterPoint","index":"_id_","commitTimestamp":{"$timestamp":{"t":0,"i":0}}}}[\n]"
20:48:50.842 [docker-java-stream--688846002] DEBUG com.github.dockerjava.zerodep.shaded.org.apache.hc.client5.http.wire - http-outgoing-1 << "[0x1][0x0][0x0][0x0][0x0][0x0][0x1]!{"t":{"$date":"2022-08-19T00:48:50.843+00:00"},"s":"I",  "c":"STORAGE",  "id":20320,   "ctx":"initandlisten","msg":"createCollection","attr":{"namespace":"local.replset.minvalid","uuidDisposition":"generated","uuid":{"uuid":{"$uuid":"90fceead-d779-4961-8503-3372be2b6813"}},"options":{}}}[\n]"
20:48:50.842 [docker-java-stream--688846002] DEBUG com.github.dockerjava.zerodep.shaded.org.apache.hc.client5.http.wire - http-outgoing-1 << "[\r][\n]"
20:48:50.842 [main] DEBUG org.testcontainers.containers.output.WaitingConsumer - STDOUT: {"t":{"$date":"2022-08-19T00:48:50.831+00:00"},"s":"I",  "c":"FTDC",     "id":20625,   "ctx":"initandlisten","msg":"Initializing full-time diagnostic data capture","attr":{"dataDirectory":"/data/db/diagnostic.data"}}
20:48:50.843 [main] DEBUG org.testcontainers.containers.output.WaitingConsumer - STDOUT: {"t":{"$date":"2022-08-19T00:48:50.843+00:00"},"s":"I",  "c":"STORAGE",  "id":20320,   "ctx":"initandlisten","msg":"createCollection","attr":{"namespace":"local.replset.minvalid","uuidDisposition":"generated","uuid":{"uuid":{"$uuid":"90fceead-d779-4961-8503-3372be2b6813"}},"options":{}}}
20:48:50.843 [main] DEBUG org.testcontainers.containers.output.WaitingConsumer - STDOUT: {"t":{"$date":"2022-08-19T00:48:50.843+00:00"},"s":"I",  "c":"INDEX",    "id":20345,   "ctx":"initandlisten","msg":"Index build: done building","attr":{"buildUUID":null,"namespace":"local.replset.oplogTruncateAfterPoint","index":"_id_","commitTimestamp":{"$timestamp":{"t":0,"i":0}}}}
20:48:50.851 [docker-java-stream--688846002] DEBUG com.github.dockerjava.zerodep.shaded.org.apache.hc.client5.http.wire - http-outgoing-1 << "116[\r][\n]"
20:48:50.851 [docker-java-stream--688846002] DEBUG com.github.dockerjava.zerodep.shaded.org.apache.hc.client5.http.wire - http-outgoing-1 << "[0x1][0x0][0x0][0x0][0x0][0x0][0x1][0xe]{"t":{"$date":"2022-08-19T00:48:50.852+00:00"},"s":"I",  "c":"INDEX",    "id":20345,   "ctx":"initandlisten","msg":"Index build: done building","attr":{"buildUUID":null,"namespace":"local.replset.minvalid","index":"_id_","commitTimestamp":{"$timestamp":{"t":0,"i":0}}}}[\n]"
20:48:50.851 [docker-java-stream--688846002] DEBUG com.github.dockerjava.zerodep.shaded.org.apache.hc.client5.http.wire - http-outgoing-1 << "[\r][\n]"
20:48:50.852 [docker-java-stream--688846002] DEBUG com.github.dockerjava.zerodep.shaded.org.apache.hc.client5.http.wire - http-outgoing-1 << "129[\r][\n]"
20:48:50.852 [docker-java-stream--688846002] DEBUG com.github.dockerjava.zerodep.shaded.org.apache.hc.client5.http.wire - http-outgoing-1 << "[0x1][0x0][0x0][0x0][0x0][0x0][0x1]!{"t":{"$date":"2022-08-19T00:48:50.852+00:00"},"s":"I",  "c":"STORAGE",  "id":20320,   "ctx":"initandlisten","msg":"createCollection","attr":{"namespace":"local.replset.election","uuidDisposition":"generated","uuid":{"uuid":{"$uuid":"56b56b7e-aa07-4796-939e-0a0a50b57c3c"}},"options":{}}}[\n]"
20:48:50.852 [docker-java-stream--688846002] DEBUG com.github.dockerjava.zerodep.shaded.org.apache.hc.client5.http.wire - http-outgoing-1 << "[\r][\n]"
20:48:50.855 [main] DEBUG org.testcontainers.containers.output.WaitingConsumer - STDOUT: {"t":{"$date":"2022-08-19T00:48:50.852+00:00"},"s":"I",  "c":"STORAGE",  "id":20320,   "ctx":"initandlisten","msg":"createCollection","attr":{"namespace":"local.replset.election","uuidDisposition":"generated","uuid":{"uuid":{"$uuid":"56b56b7e-aa07-4796-939e-0a0a50b57c3c"}},"options":{}}}
20:48:50.855 [main] DEBUG org.testcontainers.containers.output.WaitingConsumer - STDOUT: {"t":{"$date":"2022-08-19T00:48:50.852+00:00"},"s":"I",  "c":"INDEX",    "id":20345,   "ctx":"initandlisten","msg":"Index build: done building","attr":{"buildUUID":null,"namespace":"local.replset.minvalid","index":"_id_","commitTimestamp":{"$timestamp":{"t":0,"i":0}}}}
20:48:50.858 [docker-java-stream--688846002] DEBUG com.github.dockerjava.zerodep.shaded.org.apache.hc.client5.http.wire - http-outgoing-1 << "290[\r][\n]"
20:48:50.858 [docker-java-stream--688846002] DEBUG com.github.dockerjava.zerodep.shaded.org.apache.hc.client5.http.wire - http-outgoing-1 << "[0x1][0x0][0x0][0x0][0x0][0x0][0x1][0xe]{"t":{"$date":"2022-08-19T00:48:50.859+00:00"},"s":"I",  "c":"INDEX",    "id":20345,   "ctx":"initandlisten","msg":"Index build: done building","attr":{"buildUUID":null,"namespace":"local.replset.election","index":"_id_","commitTimestamp":{"$timestamp":{"t":0,"i":0}}}}[\n]"
20:48:50.858 [docker-java-stream--688846002] DEBUG com.github.dockerjava.zerodep.shaded.org.apache.hc.client5.http.wire - http-outgoing-1 << "[0x1][0x0][0x0][0x0][0x0][0x0][0x0][0xffffffb3]{"t":{"$date":"2022-08-19T00:48:50.859+00:00"},"s":"I",  "c":"REPL",     "id":21311,   "ctx":"initandlisten","msg":"Did not find local initialized voted for document at startup"}[\n]"
20:48:50.858 [docker-java-stream--688846002] DEBUG com.github.dockerjava.zerodep.shaded.org.apache.hc.client5.http.wire - http-outgoing-1 << "[0x1][0x0][0x0][0x0][0x0][0x0][0x0][0xffffffb7]{"t":{"$date":"2022-08-19T00:48:50.859+00:00"},"s":"I",  "c":"REPL",     "id":21312,   "ctx":"initandlisten","msg":"Did not find local Rollback ID document at startup. Creating one"}[\n]"
20:48:50.859 [docker-java-stream--688846002] DEBUG com.github.dockerjava.zerodep.shaded.org.apache.hc.client5.http.wire - http-outgoing-1 << "[\r][\n]"
20:48:50.859 [docker-java-stream--688846002] DEBUG com.github.dockerjava.zerodep.shaded.org.apache.hc.client5.http.wire - http-outgoing-1 << "12b[\r][\n]"
20:48:50.859 [docker-java-stream--688846002] DEBUG com.github.dockerjava.zerodep.shaded.org.apache.hc.client5.http.wire - http-outgoing-1 << "[0x1][0x0][0x0][0x0][0x0][0x0][0x1]#{"t":{"$date":"2022-08-19T00:48:50.859+00:00"},"s":"I",  "c":"STORAGE",  "id":20320,   "ctx":"initandlisten","msg":"createCollection","attr":{"namespace":"local.system.rollback.id","uuidDisposition":"generated","uuid":{"uuid":{"$uuid":"955043d9-4525-4dfa-a7d1-26ccb6b18195"}},"options":{}}}[\n]"
20:48:50.859 [docker-java-stream--688846002] DEBUG com.github.dockerjava.zerodep.shaded.org.apache.hc.client5.http.wire - http-outgoing-1 << "[\r][\n]"
20:48:50.866 [main] DEBUG org.testcontainers.containers.output.WaitingConsumer - STDOUT: {"t":{"$date":"2022-08-19T00:48:50.859+00:00"},"s":"I",  "c":"STORAGE",  "id":20320,   "ctx":"initandlisten","msg":"createCollection","attr":{"namespace":"local.system.rollback.id","uuidDisposition":"generated","uuid":{"uuid":{"$uuid":"955043d9-4525-4dfa-a7d1-26ccb6b18195"}},"options":{}}}
20:48:50.866 [main] DEBUG org.testcontainers.containers.output.WaitingConsumer - STDOUT: {"t":{"$date":"2022-08-19T00:48:50.859+00:00"},"s":"I",  "c":"REPL",     "id":21312,   "ctx":"initandlisten","msg":"Did not find local Rollback ID document at startup. Creating one"}
20:48:50.866 [main] DEBUG org.testcontainers.containers.output.WaitingConsumer - STDOUT: {"t":{"$date":"2022-08-19T00:48:50.859+00:00"},"s":"I",  "c":"REPL",     "id":21311,   "ctx":"initandlisten","msg":"Did not find local initialized voted for document at startup"}
20:48:50.866 [main] DEBUG org.testcontainers.containers.output.WaitingConsumer - STDOUT: {"t":{"$date":"2022-08-19T00:48:50.859+00:00"},"s":"I",  "c":"INDEX",    "id":20345,   "ctx":"initandlisten","msg":"Index build: done building","attr":{"buildUUID":null,"namespace":"local.replset.election","index":"_id_","commitTimestamp":{"$timestamp":{"t":0,"i":0}}}}
20:48:50.867 [docker-java-stream--688846002] DEBUG com.github.dockerjava.zerodep.shaded.org.apache.hc.client5.http.wire - http-outgoing-1 << "313[\r][\n]"
20:48:50.867 [docker-java-stream--688846002] DEBUG com.github.dockerjava.zerodep.shaded.org.apache.hc.client5.http.wire - http-outgoing-1 << "[0x1][0x0][0x0][0x0][0x0][0x0][0x1][0x10]{"t":{"$date":"2022-08-19T00:48:50.867+00:00"},"s":"I",  "c":"INDEX",    "id":20345,   "ctx":"initandlisten","msg":"Index build: done building","attr":{"buildUUID":null,"namespace":"local.system.rollback.id","index":"_id_","commitTimestamp":{"$timestamp":{"t":0,"i":0}}}}[\n]"
20:48:50.867 [docker-java-stream--688846002] DEBUG com.github.dockerjava.zerodep.shaded.org.apache.hc.client5.http.wire - http-outgoing-1 << "[0x1][0x0][0x0][0x0][0x0][0x0][0x0][0xffffffa4]{"t":{"$date":"2022-08-19T00:48:50.867+00:00"},"s":"I",  "c":"REPL",     "id":21531,   "ctx":"initandlisten","msg":"Initialized the rollback ID","attr":{"rbid":1}}[\n]"
20:48:50.867 [docker-java-stream--688846002] DEBUG com.github.dockerjava.zerodep.shaded.org.apache.hc.client5.http.wire - http-outgoing-1 << "[0x1][0x0][0x0][0x0][0x0][0x0][0x1]G{"t":{"$date":"2022-08-19T00:48:50.867+00:00"},"s":"I",  "c":"REPL",     "id":21313,   "ctx":"initandlisten","msg":"Did not find local replica set configuration document at startup","attr":{"error":{"code":47,"codeName":"NoMatchingDocument","errmsg":"Did not find replica set configuration document in local.system.replset"}}}[\n]"
20:48:50.867 [docker-java-stream--688846002] DEBUG com.github.dockerjava.zerodep.shaded.org.apache.hc.client5.http.wire - http-outgoing-1 << "[\r][\n]"
20:48:50.868 [docker-java-stream--688846002] DEBUG com.github.dockerjava.zerodep.shaded.org.apache.hc.client5.http.wire - http-outgoing-1 << "126[\r][\n]"
20:48:50.868 [docker-java-stream--688846002] DEBUG com.github.dockerjava.zerodep.shaded.org.apache.hc.client5.http.wire - http-outgoing-1 << "[0x1][0x0][0x0][0x0][0x0][0x0][0x1][0x1e]{"t":{"$date":"2022-08-19T00:48:50.868+00:00"},"s":"I",  "c":"CONTROL",  "id":20714,   "ctx":"LogicalSessionCacheRefresh","msg":"Failed to refresh session cache, will try again at the next refresh interval","attr":{"error":"NotYetInitialized: Replication has not yet been configured"}}[\n]"
20:48:50.868 [docker-java-stream--688846002] DEBUG com.github.dockerjava.zerodep.shaded.org.apache.hc.client5.http.wire - http-outgoing-1 << "[\r][\n]"
20:48:50.868 [docker-java-stream--688846002] DEBUG com.github.dockerjava.zerodep.shaded.org.apache.hc.client5.http.wire - http-outgoing-1 << "26c[\r][\n]"
20:48:50.868 [docker-java-stream--688846002] DEBUG com.github.dockerjava.zerodep.shaded.org.apache.hc.client5.http.wire - http-outgoing-1 << "[0x1][0x0][0x0][0x0][0x0][0x0][0x1][0x19]{"t":{"$date":"2022-08-19T00:48:50.869+00:00"},"s":"I",  "c":"CONTROL",  "id":20712,   "ctx":"LogicalSessionCacheReap","msg":"Sessions collection is not set up; waiting until next sessions reap interval","attr":{"error":"NamespaceNotFound: config.system.sessions does not exist"}}[\n]"
20:48:50.868 [docker-java-stream--688846002] DEBUG com.github.dockerjava.zerodep.shaded.org.apache.hc.client5.http.wire - http-outgoing-1 << "[0x1][0x0][0x0][0x0][0x0][0x0][0x0][0xffffff9b]{"t":{"$date":"2022-08-19T00:48:50.869+00:00"},"s":"I",  "c":"REPL",     "id":40440,   "ctx":"initandlisten","msg":"Starting the TopologyVersionObserver"}[\n]"
20:48:50.868 [docker-java-stream--688846002] DEBUG com.github.dockerjava.zerodep.shaded.org.apache.hc.client5.http.wire - http-outgoing-1 << "[0x1][0x0][0x0][0x0][0x0][0x0][0x0][0xffffffa0]{"t":{"$date":"2022-08-19T00:48:50.869+00:00"},"s":"I",  "c":"REPL",     "id":40445,   "ctx":"TopologyVersionObserver","msg":"Started TopologyVersionObserver"}[\n]"
20:48:50.868 [docker-java-stream--688846002] DEBUG com.github.dockerjava.zerodep.shaded.org.apache.hc.client5.http.wire - http-outgoing-1 << "[\r][\n]"
20:48:50.869 [docker-java-stream--688846002] DEBUG com.github.dockerjava.zerodep.shaded.org.apache.hc.client5.http.wire - http-outgoing-1 << "156[\r][\n]"
20:48:50.869 [docker-java-stream--688846002] DEBUG com.github.dockerjava.zerodep.shaded.org.apache.hc.client5.http.wire - http-outgoing-1 << "[0x1][0x0][0x0][0x0][0x0][0x0][0x0][0xffffffab]{"t":{"$date":"2022-08-19T00:48:50.869+00:00"},"s":"I",  "c":"NETWORK",  "id":23015,   "ctx":"listener","msg":"Listening on","attr":{"address":"/tmp/mongodb-27017.sock"}}[\n]"
20:48:50.869 [docker-java-stream--688846002] DEBUG com.github.dockerjava.zerodep.shaded.org.apache.hc.client5.http.wire - http-outgoing-1 << "[0x1][0x0][0x0][0x0][0x0][0x0][0x0][0xffffff9b]{"t":{"$date":"2022-08-19T00:48:50.869+00:00"},"s":"I",  "c":"NETWORK",  "id":23015,   "ctx":"listener","msg":"Listening on","attr":{"address":"0.0.0.0"}}[\n]"
20:48:50.869 [docker-java-stream--688846002] DEBUG com.github.dockerjava.zerodep.shaded.org.apache.hc.client5.http.wire - http-outgoing-1 << "[\r][\n]"
20:48:50.869 [docker-java-stream--688846002] DEBUG com.github.dockerjava.zerodep.shaded.org.apache.hc.client5.http.wire - http-outgoing-1 << "b3[\r][\n]"
20:48:50.869 [docker-java-stream--688846002] DEBUG com.github.dockerjava.zerodep.shaded.org.apache.hc.client5.http.wire - http-outgoing-1 << "[0x1][0x0][0x0][0x0][0x0][0x0][0x0][0xffffffab]{"t":{"$date":"2022-08-19T00:48:50.869+00:00"},"s":"I",  "c":"NETWORK",  "id":23016,   "ctx":"listener","msg":"Waiting for connections","attr":{"port":27017,"ssl":"off"}}[\n]"
20:48:50.869 [docker-java-stream--688846002] DEBUG com.github.dockerjava.zerodep.shaded.org.apache.hc.client5.http.wire - http-outgoing-1 << "[\r][\n]"
20:48:50.879 [main] DEBUG org.testcontainers.containers.output.WaitingConsumer - STDOUT: {"t":{"$date":"2022-08-19T00:48:50.869+00:00"},"s":"I",  "c":"NETWORK",  "id":23016,   "ctx":"listener","msg":"Waiting for connections","attr":{"port":27017,"ssl":"off"}}
20:48:50.880 [main] DEBUG com.github.dockerjava.zerodep.shaded.org.apache.hc.client5.http.impl.classic.InternalHttpClient - ep-00000011: cancel
20:48:50.880 [main] DEBUG com.github.dockerjava.zerodep.shaded.org.apache.hc.client5.http.impl.io.DefaultManagedHttpClientConnection - http-outgoing-1: close connection IMMEDIATE
20:48:50.880 [docker-java-stream--688846002] DEBUG com.github.dockerjava.zerodep.shaded.org.apache.hc.client5.http.wire - http-outgoing-1 << "[read] I/O error: null"
20:48:50.880 [docker-java-stream--688846002] DEBUG com.github.dockerjava.zerodep.shaded.org.apache.hc.client5.http.wire - http-outgoing-1 << "[read] I/O error: null"
20:48:50.880 [docker-java-stream--688846002] DEBUG com.github.dockerjava.zerodep.ApacheDockerHttpClientImpl$ApacheResponse - Failed to close the response
java.nio.channels.ClosedChannelException: null
	at java.base/sun.nio.ch.SocketChannelImpl.ensureOpenAndConnected(SocketChannelImpl.java:215)
	at java.base/sun.nio.ch.SocketChannelImpl.read(SocketChannelImpl.java:403)
	at java.base/sun.nio.ch.ChannelInputStream.read(ChannelInputStream.java:59)
	at java.base/sun.nio.ch.ChannelInputStream.read(ChannelInputStream.java:107)
	at java.base/sun.nio.ch.ChannelInputStream.read(ChannelInputStream.java:101)
	at com.github.dockerjava.zerodep.shaded.org.apache.hc.client5.http.impl.io.LoggingInputStream.read(LoggingInputStream.java:81)
	at com.github.dockerjava.zerodep.shaded.org.apache.hc.core5.http.impl.io.SessionInputBufferImpl.fillBuffer(SessionInputBufferImpl.java:149)
	at com.github.dockerjava.zerodep.shaded.org.apache.hc.core5.http.impl.io.SessionInputBufferImpl.readLine(SessionInputBufferImpl.java:280)
	at com.github.dockerjava.zerodep.shaded.org.apache.hc.core5.http.impl.io.ChunkedInputStream.getChunkSize(ChunkedInputStream.java:261)
	at com.github.dockerjava.zerodep.shaded.org.apache.hc.core5.http.impl.io.ChunkedInputStream.nextChunk(ChunkedInputStream.java:222)
	at com.github.dockerjava.zerodep.shaded.org.apache.hc.core5.http.impl.io.ChunkedInputStream.read(ChunkedInputStream.java:147)
	at com.github.dockerjava.zerodep.shaded.org.apache.hc.core5.http.impl.io.ChunkedInputStream.close(ChunkedInputStream.java:314)
	at com.github.dockerjava.zerodep.shaded.org.apache.hc.core5.io.Closer.close(Closer.java:48)
	at com.github.dockerjava.zerodep.shaded.org.apache.hc.core5.http.impl.io.IncomingHttpEntity.close(IncomingHttpEntity.java:111)
	at com.github.dockerjava.zerodep.shaded.org.apache.hc.core5.http.io.entity.HttpEntityWrapper.close(HttpEntityWrapper.java:120)
	at com.github.dockerjava.zerodep.shaded.org.apache.hc.core5.io.Closer.close(Closer.java:48)
	at com.github.dockerjava.zerodep.shaded.org.apache.hc.core5.http.message.BasicClassicHttpResponse.close(BasicClassicHttpResponse.java:93)
	at com.github.dockerjava.zerodep.shaded.org.apache.hc.client5.http.impl.classic.CloseableHttpResponse.close(CloseableHttpResponse.java:200)
	at com.github.dockerjava.zerodep.ApacheDockerHttpClientImpl$ApacheResponse.close(ApacheDockerHttpClientImpl.java:256)
	at org.testcontainers.shaded.com.github.dockerjava.core.DefaultInvocationBuilder.lambda$executeAndStream$1(DefaultInvocationBuilder.java:277)
	at java.base/java.lang.Thread.run(Thread.java:833)
20:48:50.880 [main] DEBUG com.github.dockerjava.zerodep.shaded.org.apache.hc.client5.http.impl.classic.InternalHttpClient - ep-00000011: endpoint closed
20:48:50.880 [main] DEBUG com.github.dockerjava.zerodep.shaded.org.apache.hc.client5.http.impl.classic.InternalHttpClient - ep-00000011: discarding endpoint
20:48:50.880 [main] DEBUG com.github.dockerjava.zerodep.shaded.org.apache.hc.client5.http.impl.io.PoolingHttpClientConnectionManager - ep-00000011: releasing endpoint
20:48:50.880 [main] DEBUG com.github.dockerjava.zerodep.shaded.org.apache.hc.client5.http.impl.io.PoolingHttpClientConnectionManager - ep-00000011: connection is not kept alive
20:48:50.880 [main] DEBUG com.github.dockerjava.zerodep.shaded.org.apache.hc.client5.http.impl.io.PoolingHttpClientConnectionManager - ep-00000011: connection released [route: {}->unix://localhost:2375][total available: 0; route allocated: 0 of 2147483647; total allocated: 0 of 2147483647]
20:48:50.880 [main] INFO 🐳 [mongo:4.4.2] - Container mongo:4.4.2 started in PT26.620441S
20:48:50.880 [main] DEBUG org.testcontainers.containers.MongoDBContainer - Initializing a single node node replica set...
20:48:50.882 [main] DEBUG org.testcontainers.containers.ExecInContainerPattern - /lucid_gauss: Running "exec" command: mongo --eval rs.initiate();
20:48:50.884 [main] DEBUG org.testcontainers.shaded.com.github.dockerjava.core.command.AbstrDockerCmd - Cmd: true,<null>,true,{mongo,--eval,rs.initiate();},55e8a39051746b6add291684a287f011921e67a19f796223d78b88cd90f88574,<null>,<null>,<null>,<null>,<null>
20:48:50.888 [main] DEBUG com.github.dockerjava.zerodep.shaded.org.apache.hc.client5.http.impl.classic.InternalHttpClient - ex-00000013: preparing request execution
20:48:50.888 [main] DEBUG com.github.dockerjava.zerodep.shaded.org.apache.hc.client5.http.protocol.RequestAddCookies - Cookie spec selected: strict
20:48:50.888 [main] DEBUG com.github.dockerjava.zerodep.shaded.org.apache.hc.client5.http.protocol.RequestAuthCache - Auth cache not set in the context
20:48:50.888 [main] DEBUG com.github.dockerjava.zerodep.shaded.org.apache.hc.client5.http.impl.classic.ProtocolExec - ex-00000013: target auth state: UNCHALLENGED
20:48:50.888 [main] DEBUG com.github.dockerjava.zerodep.shaded.org.apache.hc.client5.http.impl.classic.ProtocolExec - ex-00000013: proxy auth state: UNCHALLENGED
20:48:50.888 [main] DEBUG com.github.dockerjava.zerodep.shaded.org.apache.hc.client5.http.impl.classic.ConnectExec - ex-00000013: acquiring connection with route {}->unix://localhost:2375
20:48:50.888 [main] DEBUG com.github.dockerjava.zerodep.shaded.org.apache.hc.client5.http.impl.classic.InternalHttpClient - ex-00000013: acquiring endpoint (3 MINUTES)
20:48:50.888 [main] DEBUG com.github.dockerjava.zerodep.shaded.org.apache.hc.client5.http.impl.io.PoolingHttpClientConnectionManager - ex-00000013: endpoint lease request (3 MINUTES) [route: {}->unix://localhost:2375][total available: 0; route allocated: 0 of 2147483647; total allocated: 0 of 2147483647]
20:48:50.888 [main] DEBUG com.github.dockerjava.zerodep.shaded.org.apache.hc.client5.http.impl.io.PoolingHttpClientConnectionManager - ex-00000013: endpoint leased [route: {}->unix://localhost:2375][total available: 0; route allocated: 1 of 2147483647; total allocated: 1 of 2147483647]
20:48:50.888 [main] DEBUG com.github.dockerjava.zerodep.shaded.org.apache.hc.client5.http.impl.io.PoolingHttpClientConnectionManager - ex-00000013: acquired ep-00000012
20:48:50.888 [main] DEBUG com.github.dockerjava.zerodep.shaded.org.apache.hc.client5.http.impl.classic.InternalHttpClient - ex-00000013: acquired endpoint ep-00000012
20:48:50.888 [main] DEBUG com.github.dockerjava.zerodep.shaded.org.apache.hc.client5.http.impl.classic.ConnectExec - ex-00000013: opening connection {}->unix://localhost:2375
20:48:50.888 [main] DEBUG com.github.dockerjava.zerodep.shaded.org.apache.hc.client5.http.impl.classic.InternalHttpClient - ep-00000012: connecting endpoint (3 MINUTES)
20:48:50.888 [main] DEBUG com.github.dockerjava.zerodep.shaded.org.apache.hc.client5.http.impl.io.PoolingHttpClientConnectionManager - ep-00000012: connecting endpoint to unix://localhost:2375 (3 MINUTES)
20:48:50.889 [main] DEBUG com.github.dockerjava.zerodep.shaded.org.apache.hc.client5.http.impl.io.DefaultHttpClientConnectionOperator - http-outgoing-2: connecting to localhost/127.0.0.1:2375
20:48:50.889 [main] DEBUG com.github.dockerjava.zerodep.shaded.org.apache.hc.client5.http.impl.io.DefaultHttpClientConnectionOperator - http-outgoing-2: connection established /var/run/docker.sock<->/var/run/docker.sock
20:48:50.889 [main] DEBUG com.github.dockerjava.zerodep.shaded.org.apache.hc.client5.http.impl.io.PoolingHttpClientConnectionManager - ep-00000012: connected http-outgoing-2
20:48:50.889 [main] DEBUG com.github.dockerjava.zerodep.shaded.org.apache.hc.client5.http.impl.classic.InternalHttpClient - ep-00000012: endpoint connected
20:48:50.889 [main] DEBUG com.github.dockerjava.zerodep.shaded.org.apache.hc.client5.http.impl.classic.MainClientExec - ex-00000013: executing POST /v1.32/containers/55e8a39051746b6add291684a287f011921e67a19f796223d78b88cd90f88574/exec HTTP/1.1
20:48:50.889 [main] DEBUG com.github.dockerjava.zerodep.shaded.org.apache.hc.client5.http.impl.classic.InternalHttpClient - ep-00000012: start execution ex-00000013
20:48:50.889 [main] DEBUG com.github.dockerjava.zerodep.shaded.org.apache.hc.client5.http.impl.io.PoolingHttpClientConnectionManager - ep-00000012: executing exchange ex-00000013 over http-outgoing-2
20:48:50.889 [main] DEBUG com.github.dockerjava.zerodep.shaded.org.apache.hc.client5.http.headers - http-outgoing-2 >> POST /v1.32/containers/55e8a39051746b6add291684a287f011921e67a19f796223d78b88cd90f88574/exec HTTP/1.1
20:48:50.889 [main] DEBUG com.github.dockerjava.zerodep.shaded.org.apache.hc.client5.http.headers - http-outgoing-2 >> accept: application/json
20:48:50.889 [main] DEBUG com.github.dockerjava.zerodep.shaded.org.apache.hc.client5.http.headers - http-outgoing-2 >> content-type: application/json
20:48:50.889 [main] DEBUG com.github.dockerjava.zerodep.shaded.org.apache.hc.client5.http.headers - http-outgoing-2 >> x-tc-sid: 79c75580-927c-468d-9dfa-ca38cb35a17d
20:48:50.889 [main] DEBUG com.github.dockerjava.zerodep.shaded.org.apache.hc.client5.http.headers - http-outgoing-2 >> Accept-Encoding: gzip, x-gzip, deflate
20:48:50.889 [main] DEBUG com.github.dockerjava.zerodep.shaded.org.apache.hc.client5.http.headers - http-outgoing-2 >> Content-Length: 253
20:48:50.889 [main] DEBUG com.github.dockerjava.zerodep.shaded.org.apache.hc.client5.http.headers - http-outgoing-2 >> Host: localhost:2375
20:48:50.889 [main] DEBUG com.github.dockerjava.zerodep.shaded.org.apache.hc.client5.http.headers - http-outgoing-2 >> Connection: keep-alive
20:48:50.889 [main] DEBUG com.github.dockerjava.zerodep.shaded.org.apache.hc.client5.http.headers - http-outgoing-2 >> User-Agent: Apache-HttpClient/5.0.3 (Java/17.0.2)
20:48:50.890 [main] DEBUG com.github.dockerjava.zerodep.shaded.org.apache.hc.client5.http.wire - http-outgoing-2 >> "POST /v1.32/containers/55e8a39051746b6add291684a287f011921e67a19f796223d78b88cd90f88574/exec HTTP/1.1[\r][\n]"
20:48:50.890 [main] DEBUG com.github.dockerjava.zerodep.shaded.org.apache.hc.client5.http.wire - http-outgoing-2 >> "accept: application/json[\r][\n]"
20:48:50.890 [main] DEBUG com.github.dockerjava.zerodep.shaded.org.apache.hc.client5.http.wire - http-outgoing-2 >> "content-type: application/json[\r][\n]"
20:48:50.890 [main] DEBUG com.github.dockerjava.zerodep.shaded.org.apache.hc.client5.http.wire - http-outgoing-2 >> "x-tc-sid: 79c75580-927c-468d-9dfa-ca38cb35a17d[\r][\n]"
20:48:50.890 [main] DEBUG com.github.dockerjava.zerodep.shaded.org.apache.hc.client5.http.wire - http-outgoing-2 >> "Accept-Encoding: gzip, x-gzip, deflate[\r][\n]"
20:48:50.890 [main] DEBUG com.github.dockerjava.zerodep.shaded.org.apache.hc.client5.http.wire - http-outgoing-2 >> "Content-Length: 253[\r][\n]"
20:48:50.890 [main] DEBUG com.github.dockerjava.zerodep.shaded.org.apache.hc.client5.http.wire - http-outgoing-2 >> "Host: localhost:2375[\r][\n]"
20:48:50.890 [main] DEBUG com.github.dockerjava.zerodep.shaded.org.apache.hc.client5.http.wire - http-outgoing-2 >> "Connection: keep-alive[\r][\n]"
20:48:50.890 [main] DEBUG com.github.dockerjava.zerodep.shaded.org.apache.hc.client5.http.wire - http-outgoing-2 >> "User-Agent: Apache-HttpClient/5.0.3 (Java/17.0.2)[\r][\n]"
20:48:50.890 [main] DEBUG com.github.dockerjava.zerodep.shaded.org.apache.hc.client5.http.wire - http-outgoing-2 >> "[\r][\n]"
20:48:50.890 [main] DEBUG com.github.dockerjava.zerodep.shaded.org.apache.hc.client5.http.wire - http-outgoing-2 >> "{"containerId":"55e8a39051746b6add291684a287f011921e67a19f796223d78b88cd90f88574","AttachStdin":null,"AttachStdout":true,"AttachStderr":true,"Tty":null,"Privileged":null,"User":null,"Cmd":["mongo","--eval","rs.initiate();"],"Env":null,"WorkingDir":null}"
20:48:50.896 [main] DEBUG com.github.dockerjava.zerodep.shaded.org.apache.hc.client5.http.wire - http-outgoing-2 << "HTTP/1.1 201 Created[\r][\n]"
20:48:50.896 [main] DEBUG com.github.dockerjava.zerodep.shaded.org.apache.hc.client5.http.wire - http-outgoing-2 << "Api-Version: 1.41[\r][\n]"
20:48:50.896 [main] DEBUG com.github.dockerjava.zerodep.shaded.org.apache.hc.client5.http.wire - http-outgoing-2 << "Content-Type: application/json[\r][\n]"
20:48:50.896 [main] DEBUG com.github.dockerjava.zerodep.shaded.org.apache.hc.client5.http.wire - http-outgoing-2 << "Date: Fri, 19 Aug 2022 00:48:50 GMT[\r][\n]"
20:48:50.896 [main] DEBUG com.github.dockerjava.zerodep.shaded.org.apache.hc.client5.http.wire - http-outgoing-2 << "Docker-Experimental: false[\r][\n]"
20:48:50.896 [main] DEBUG com.github.dockerjava.zerodep.shaded.org.apache.hc.client5.http.wire - http-outgoing-2 << "Ostype: linux[\r][\n]"
20:48:50.896 [main] DEBUG com.github.dockerjava.zerodep.shaded.org.apache.hc.client5.http.wire - http-outgoing-2 << "Server: Docker/20.10.14 (linux)[\r][\n]"
20:48:50.896 [main] DEBUG com.github.dockerjava.zerodep.shaded.org.apache.hc.client5.http.wire - http-outgoing-2 << "Transfer-Encoding: chunked[\r][\n]"
20:48:50.896 [main] DEBUG com.github.dockerjava.zerodep.shaded.org.apache.hc.client5.http.wire - http-outgoing-2 << "[\r][\n]"
20:48:50.896 [main] DEBUG com.github.dockerjava.zerodep.shaded.org.apache.hc.client5.http.headers - http-outgoing-2 << HTTP/1.1 201 Created
20:48:50.896 [main] DEBUG com.github.dockerjava.zerodep.shaded.org.apache.hc.client5.http.headers - http-outgoing-2 << Api-Version: 1.41
20:48:50.896 [main] DEBUG com.github.dockerjava.zerodep.shaded.org.apache.hc.client5.http.headers - http-outgoing-2 << Content-Type: application/json
20:48:50.896 [main] DEBUG com.github.dockerjava.zerodep.shaded.org.apache.hc.client5.http.headers - http-outgoing-2 << Date: Fri, 19 Aug 2022 00:48:50 GMT
20:48:50.896 [main] DEBUG com.github.dockerjava.zerodep.shaded.org.apache.hc.client5.http.headers - http-outgoing-2 << Docker-Experimental: false
20:48:50.896 [main] DEBUG com.github.dockerjava.zerodep.shaded.org.apache.hc.client5.http.headers - http-outgoing-2 << Ostype: linux
20:48:50.896 [main] DEBUG com.github.dockerjava.zerodep.shaded.org.apache.hc.client5.http.headers - http-outgoing-2 << Server: Docker/20.10.14 (linux)
20:48:50.896 [main] DEBUG com.github.dockerjava.zerodep.shaded.org.apache.hc.client5.http.headers - http-outgoing-2 << Transfer-Encoding: chunked
20:48:50.896 [main] DEBUG com.github.dockerjava.zerodep.shaded.org.apache.hc.client5.http.impl.classic.MainClientExec - ex-00000013: connection can be kept alive for 3 MINUTES
20:48:50.896 [main] DEBUG com.github.dockerjava.zerodep.shaded.org.apache.hc.client5.http.wire - http-outgoing-2 << "4a[\r][\n]"
20:48:50.896 [main] DEBUG com.github.dockerjava.zerodep.shaded.org.apache.hc.client5.http.wire - http-outgoing-2 << "{"Id":"dc5d346a9013f7cbfe160ae217048b27a2e493c0d1a586a38241ee3fcb5d10fb"}[\n]"
20:48:50.896 [main] DEBUG com.github.dockerjava.zerodep.shaded.org.apache.hc.client5.http.wire - http-outgoing-2 << "[\r][\n]"
20:48:50.897 [main] DEBUG com.github.dockerjava.zerodep.shaded.org.apache.hc.client5.http.wire - http-outgoing-2 << "0[\r][\n]"
20:48:50.897 [main] DEBUG com.github.dockerjava.zerodep.shaded.org.apache.hc.client5.http.wire - http-outgoing-2 << "[\r][\n]"
20:48:50.897 [main] DEBUG com.github.dockerjava.zerodep.shaded.org.apache.hc.client5.http.impl.classic.InternalHttpClient - ep-00000012: releasing valid endpoint
20:48:50.897 [main] DEBUG com.github.dockerjava.zerodep.shaded.org.apache.hc.client5.http.impl.io.PoolingHttpClientConnectionManager - ep-00000012: releasing endpoint
20:48:50.897 [main] DEBUG com.github.dockerjava.zerodep.shaded.org.apache.hc.client5.http.impl.io.PoolingHttpClientConnectionManager - ep-00000012: connection http-outgoing-2 can be kept alive for 3 MINUTES
20:48:50.897 [main] DEBUG com.github.dockerjava.zerodep.shaded.org.apache.hc.client5.http.impl.io.PoolingHttpClientConnectionManager - ep-00000012: connection released [route: {}->unix://localhost:2375][total available: 1; route allocated: 1 of 2147483647; total allocated: 1 of 2147483647]
20:48:50.900 [docker-java-stream-1653991585] DEBUG com.github.dockerjava.zerodep.shaded.org.apache.hc.client5.http.impl.classic.InternalHttpClient - ex-00000014: preparing request execution
20:48:50.900 [docker-java-stream-1653991585] DEBUG com.github.dockerjava.zerodep.shaded.org.apache.hc.client5.http.protocol.RequestAddCookies - Cookie spec selected: strict
20:48:50.900 [docker-java-stream-1653991585] DEBUG com.github.dockerjava.zerodep.shaded.org.apache.hc.client5.http.protocol.RequestAuthCache - Auth cache not set in the context
20:48:50.900 [docker-java-stream-1653991585] DEBUG com.github.dockerjava.zerodep.shaded.org.apache.hc.client5.http.impl.classic.ProtocolExec - ex-00000014: target auth state: UNCHALLENGED
20:48:50.900 [docker-java-stream-1653991585] DEBUG com.github.dockerjava.zerodep.shaded.org.apache.hc.client5.http.impl.classic.ProtocolExec - ex-00000014: proxy auth state: UNCHALLENGED
20:48:50.900 [docker-java-stream-1653991585] DEBUG com.github.dockerjava.zerodep.shaded.org.apache.hc.client5.http.impl.classic.ConnectExec - ex-00000014: acquiring connection with route {}->unix://localhost:2375
20:48:50.900 [docker-java-stream-1653991585] DEBUG com.github.dockerjava.zerodep.shaded.org.apache.hc.client5.http.impl.classic.InternalHttpClient - ex-00000014: acquiring endpoint (3 MINUTES)
20:48:50.900 [docker-java-stream-1653991585] DEBUG com.github.dockerjava.zerodep.shaded.org.apache.hc.client5.http.impl.io.PoolingHttpClientConnectionManager - ex-00000014: endpoint lease request (3 MINUTES) [route: {}->unix://localhost:2375][total available: 1; route allocated: 1 of 2147483647; total allocated: 1 of 2147483647]
20:48:50.900 [docker-java-stream-1653991585] DEBUG com.github.dockerjava.zerodep.shaded.org.apache.hc.client5.http.impl.io.PoolingHttpClientConnectionManager - ex-00000014: endpoint leased [route: {}->unix://localhost:2375][total available: 0; route allocated: 1 of 2147483647; total allocated: 1 of 2147483647]
20:48:50.900 [docker-java-stream-1653991585] DEBUG com.github.dockerjava.zerodep.shaded.org.apache.hc.client5.http.impl.io.PoolingHttpClientConnectionManager - ex-00000014: acquired ep-00000013
20:48:50.900 [docker-java-stream-1653991585] DEBUG com.github.dockerjava.zerodep.shaded.org.apache.hc.client5.http.impl.classic.InternalHttpClient - ex-00000014: acquired endpoint ep-00000013
20:48:50.900 [docker-java-stream-1653991585] DEBUG com.github.dockerjava.zerodep.shaded.org.apache.hc.client5.http.impl.classic.MainClientExec - ex-00000014: executing POST /v1.32/exec/dc5d346a9013f7cbfe160ae217048b27a2e493c0d1a586a38241ee3fcb5d10fb/start HTTP/1.1
20:48:50.900 [docker-java-stream-1653991585] DEBUG com.github.dockerjava.zerodep.shaded.org.apache.hc.client5.http.impl.classic.InternalHttpClient - ep-00000013: start execution ex-00000014
20:48:50.900 [docker-java-stream-1653991585] DEBUG com.github.dockerjava.zerodep.shaded.org.apache.hc.client5.http.impl.io.PoolingHttpClientConnectionManager - ep-00000013: executing exchange ex-00000014 over http-outgoing-2
20:48:50.900 [docker-java-stream-1653991585] DEBUG com.github.dockerjava.zerodep.shaded.org.apache.hc.client5.http.headers - http-outgoing-2 >> POST /v1.32/exec/dc5d346a9013f7cbfe160ae217048b27a2e493c0d1a586a38241ee3fcb5d10fb/start HTTP/1.1
20:48:50.900 [docker-java-stream-1653991585] DEBUG com.github.dockerjava.zerodep.shaded.org.apache.hc.client5.http.headers - http-outgoing-2 >> accept: application/json
20:48:50.900 [docker-java-stream-1653991585] DEBUG com.github.dockerjava.zerodep.shaded.org.apache.hc.client5.http.headers - http-outgoing-2 >> content-type: application/json
20:48:50.900 [docker-java-stream-1653991585] DEBUG com.github.dockerjava.zerodep.shaded.org.apache.hc.client5.http.headers - http-outgoing-2 >> x-tc-sid: 79c75580-927c-468d-9dfa-ca38cb35a17d
20:48:50.900 [docker-java-stream-1653991585] DEBUG com.github.dockerjava.zerodep.shaded.org.apache.hc.client5.http.headers - http-outgoing-2 >> Accept-Encoding: gzip, x-gzip, deflate
20:48:50.900 [docker-java-stream-1653991585] DEBUG com.github.dockerjava.zerodep.shaded.org.apache.hc.client5.http.headers - http-outgoing-2 >> Content-Length: 26
20:48:50.900 [docker-java-stream-1653991585] DEBUG com.github.dockerjava.zerodep.shaded.org.apache.hc.client5.http.headers - http-outgoing-2 >> Host: localhost:2375
20:48:50.900 [docker-java-stream-1653991585] DEBUG com.github.dockerjava.zerodep.shaded.org.apache.hc.client5.http.headers - http-outgoing-2 >> Connection: keep-alive
20:48:50.900 [docker-java-stream-1653991585] DEBUG com.github.dockerjava.zerodep.shaded.org.apache.hc.client5.http.headers - http-outgoing-2 >> User-Agent: Apache-HttpClient/5.0.3 (Java/17.0.2)
20:48:50.900 [docker-java-stream-1653991585] DEBUG com.github.dockerjava.zerodep.shaded.org.apache.hc.client5.http.wire - http-outgoing-2 >> "POST /v1.32/exec/dc5d346a9013f7cbfe160ae217048b27a2e493c0d1a586a38241ee3fcb5d10fb/start HTTP/1.1[\r][\n]"
20:48:50.900 [docker-java-stream-1653991585] DEBUG com.github.dockerjava.zerodep.shaded.org.apache.hc.client5.http.wire - http-outgoing-2 >> "accept: application/json[\r][\n]"
20:48:50.900 [docker-java-stream-1653991585] DEBUG com.github.dockerjava.zerodep.shaded.org.apache.hc.client5.http.wire - http-outgoing-2 >> "content-type: application/json[\r][\n]"
20:48:50.900 [docker-java-stream-1653991585] DEBUG com.github.dockerjava.zerodep.shaded.org.apache.hc.client5.http.wire - http-outgoing-2 >> "x-tc-sid: 79c75580-927c-468d-9dfa-ca38cb35a17d[\r][\n]"
20:48:50.900 [docker-java-stream-1653991585] DEBUG com.github.dockerjava.zerodep.shaded.org.apache.hc.client5.http.wire - http-outgoing-2 >> "Accept-Encoding: gzip, x-gzip, deflate[\r][\n]"
20:48:50.900 [docker-java-stream-1653991585] DEBUG com.github.dockerjava.zerodep.shaded.org.apache.hc.client5.http.wire - http-outgoing-2 >> "Content-Length: 26[\r][\n]"
20:48:50.900 [docker-java-stream-1653991585] DEBUG com.github.dockerjava.zerodep.shaded.org.apache.hc.client5.http.wire - http-outgoing-2 >> "Host: localhost:2375[\r][\n]"
20:48:50.900 [docker-java-stream-1653991585] DEBUG com.github.dockerjava.zerodep.shaded.org.apache.hc.client5.http.wire - http-outgoing-2 >> "Connection: keep-alive[\r][\n]"
20:48:50.900 [docker-java-stream-1653991585] DEBUG com.github.dockerjava.zerodep.shaded.org.apache.hc.client5.http.wire - http-outgoing-2 >> "User-Agent: Apache-HttpClient/5.0.3 (Java/17.0.2)[\r][\n]"
20:48:50.900 [docker-java-stream-1653991585] DEBUG com.github.dockerjava.zerodep.shaded.org.apache.hc.client5.http.wire - http-outgoing-2 >> "[\r][\n]"
20:48:50.900 [docker-java-stream-1653991585] DEBUG com.github.dockerjava.zerodep.shaded.org.apache.hc.client5.http.wire - http-outgoing-2 >> "{"Detach":null,"Tty":null}"
20:48:50.906 [docker-java-stream-1653991585] DEBUG com.github.dockerjava.zerodep.shaded.org.apache.hc.client5.http.wire - http-outgoing-2 << "HTTP/1.1 200 OK[\r][\n]"
20:48:50.907 [docker-java-stream-1653991585] DEBUG com.github.dockerjava.zerodep.shaded.org.apache.hc.client5.http.wire - http-outgoing-2 << "Api-Version: 1.41[\r][\n]"
20:48:50.907 [docker-java-stream-1653991585] DEBUG com.github.dockerjava.zerodep.shaded.org.apache.hc.client5.http.wire - http-outgoing-2 << "Content-Type: application/vnd.docker.raw-stream"
20:48:50.907 [docker-java-stream-1653991585] DEBUG com.github.dockerjava.zerodep.shaded.org.apache.hc.client5.http.wire - http-outgoing-2 << "[\r][\n]"
20:48:50.907 [docker-java-stream-1653991585] DEBUG com.github.dockerjava.zerodep.shaded.org.apache.hc.client5.http.wire - http-outgoing-2 << "Docker-Experimental: false[\r][\n]"
20:48:50.907 [docker-java-stream-1653991585] DEBUG com.github.dockerjava.zerodep.shaded.org.apache.hc.client5.http.wire - http-outgoing-2 << "Ostype: linux[\r][\n]"
20:48:50.907 [docker-java-stream-1653991585] DEBUG com.github.dockerjava.zerodep.shaded.org.apache.hc.client5.http.wire - http-outgoing-2 << "Server: Docker/20.10.14 (linux)[\r][\n]"
20:48:50.907 [docker-java-stream-1653991585] DEBUG com.github.dockerjava.zerodep.shaded.org.apache.hc.client5.http.wire - http-outgoing-2 << "[\r][\n]"
20:48:50.907 [docker-java-stream-1653991585] DEBUG com.github.dockerjava.zerodep.shaded.org.apache.hc.client5.http.headers - http-outgoing-2 << HTTP/1.1 200 OK
20:48:50.907 [docker-java-stream-1653991585] DEBUG com.github.dockerjava.zerodep.shaded.org.apache.hc.client5.http.headers - http-outgoing-2 << Api-Version: 1.41
20:48:50.907 [docker-java-stream-1653991585] DEBUG com.github.dockerjava.zerodep.shaded.org.apache.hc.client5.http.headers - http-outgoing-2 << Content-Type: application/vnd.docker.raw-stream
20:48:50.907 [docker-java-stream-1653991585] DEBUG com.github.dockerjava.zerodep.shaded.org.apache.hc.client5.http.headers - http-outgoing-2 << Docker-Experimental: false
20:48:50.907 [docker-java-stream-1653991585] DEBUG com.github.dockerjava.zerodep.shaded.org.apache.hc.client5.http.headers - http-outgoing-2 << Ostype: linux
20:48:50.907 [docker-java-stream-1653991585] DEBUG com.github.dockerjava.zerodep.shaded.org.apache.hc.client5.http.headers - http-outgoing-2 << Server: Docker/20.10.14 (linux)
20:48:50.985 [docker-java-stream-1653991585] DEBUG com.github.dockerjava.zerodep.shaded.org.apache.hc.client5.http.wire - http-outgoing-2 << "[0x1][0x0][0x0][0x0][0x0][0x0][0x0][0x1d]MongoDB shell version v4.4.2[\n]"
20:48:51.011 [docker-java-stream-1653991585] DEBUG com.github.dockerjava.zerodep.shaded.org.apache.hc.client5.http.wire - http-outgoing-2 << "[0x1][0x0][0x0][0x0][0x0][0x0][0x0]Yconnecting to: mongodb://127.0.0.1:27017/?compressors=disabled&gssapiServiceName=mongodb[\n]"
20:48:51.012 [docker-java-stream-1653991585] DEBUG com.github.dockerjava.zerodep.shaded.org.apache.hc.client5.http.wire - http-outgoing-2 << "[0x1][0x0][0x0][0x0][0x0][0x0][0x0]RImplicit session: session { "id" : UUID("904f2d85-faa0-4fd3-9d49-72943c31f0fc") }[\n]"
20:48:51.013 [docker-java-stream-1653991585] DEBUG com.github.dockerjava.zerodep.shaded.org.apache.hc.client5.http.wire - http-outgoing-2 << "[0x1][0x0][0x0][0x0][0x0][0x0][0x0][0x1e]MongoDB server version: 4.4.2[\n]"
20:48:51.053 [docker-java-stream-1653991585] DEBUG com.github.dockerjava.zerodep.shaded.org.apache.hc.client5.http.wire - http-outgoing-2 << "[0x1][0x0][0x0][0x0][0x0][0x0][0x1]Y{[\n]"
20:48:51.053 [docker-java-stream-1653991585] DEBUG com.github.dockerjava.zerodep.shaded.org.apache.hc.client5.http.wire - http-outgoing-2 << "[0x9]"info2" : "no configuration specified. Using a default configuration for the set",[\n]"
20:48:51.053 [docker-java-stream-1653991585] DEBUG com.github.dockerjava.zerodep.shaded.org.apache.hc.client5.http.wire - http-outgoing-2 << "[0x9]"me" : "55e8a3905174:27017",[\n]"
20:48:51.053 [docker-java-stream-1653991585] DEBUG com.github.dockerjava.zerodep.shaded.org.apache.hc.client5.http.wire - http-outgoing-2 << "[0x9]"ok" : 1,[\n]"
20:48:51.053 [docker-java-stream-1653991585] DEBUG com.github.dockerjava.zerodep.shaded.org.apache.hc.client5.http.wire - http-outgoing-2 << "[0x9]"$clusterTime" : {[\n]"
20:48:51.053 [docker-java-stream-1653991585] DEBUG com.github.dockerjava.zerodep.shaded.org.apache.hc.client5.http.wire - http-outgoing-2 << "[0x9][0x9]"clusterTime" : Timestamp(1660870131, 1),[\n]"
20:48:51.053 [docker-java-stream-1653991585] DEBUG com.github.dockerjava.zerodep.shaded.org.apache.hc.client5.http.wire - http-outgoing-2 << "[0x9][0x9]"signature" : {[\n]"
20:48:51.053 [docker-java-stream-1653991585] DEBUG com.github.dockerjava.zerodep.shaded.org.apache.hc.client5.http.wire - http-outgoing-2 << "[0x9][0x9][0x9]"hash" : BinData(0,"AAAAAAAAAAAAAAAAAAAAAAAAAAA="),[\n]"
20:48:51.053 [docker-java-stream-1653991585] DEBUG com.github.dockerjava.zerodep.shaded.org.apache.hc.client5.http.wire - http-outgoing-2 << "[0x9][0x9][0x9]"keyId" : NumberLong(0)[\n]"
20:48:51.053 [docker-java-stream-1653991585] DEBUG com.github.dockerjava.zerodep.shaded.org.apache.hc.client5.http.wire - http-outgoing-2 << "[0x9][0x9]}[\n]"
20:48:51.053 [docker-java-stream-1653991585] DEBUG com.github.dockerjava.zerodep.shaded.org.apache.hc.client5.http.wire - http-outgoing-2 << "[0x9]},[\n]"
20:48:51.053 [docker-java-stream-1653991585] DEBUG com.github.dockerjava.zerodep.shaded.org.apache.hc.client5.http.wire - http-outgoing-2 << "[0x9]"operationTime" : Timestamp(1660870131, 1)[\n]"
20:48:51.053 [docker-java-stream-1653991585] DEBUG com.github.dockerjava.zerodep.shaded.org.apache.hc.client5.http.wire - http-outgoing-2 << "}[\n]"
20:48:51.059 [docker-java-stream-1653991585] DEBUG com.github.dockerjava.zerodep.shaded.org.apache.hc.client5.http.wire - http-outgoing-2 << "end of stream"
20:48:51.059 [docker-java-stream-1653991585] DEBUG com.github.dockerjava.zerodep.shaded.org.apache.hc.client5.http.impl.io.DefaultManagedHttpClientConnection - http-outgoing-2: close connection IMMEDIATE
20:48:51.059 [docker-java-stream-1653991585] DEBUG com.github.dockerjava.zerodep.shaded.org.apache.hc.client5.http.impl.classic.InternalHttpClient - ep-00000013: endpoint closed
20:48:51.059 [docker-java-stream-1653991585] DEBUG com.github.dockerjava.zerodep.shaded.org.apache.hc.client5.http.impl.classic.InternalHttpClient - ep-00000013: discarding endpoint
20:48:51.059 [docker-java-stream-1653991585] DEBUG com.github.dockerjava.zerodep.shaded.org.apache.hc.client5.http.impl.io.PoolingHttpClientConnectionManager - ep-00000013: releasing endpoint
20:48:51.059 [docker-java-stream-1653991585] DEBUG com.github.dockerjava.zerodep.shaded.org.apache.hc.client5.http.impl.io.PoolingHttpClientConnectionManager - ep-00000013: connection is not kept alive
20:48:51.059 [docker-java-stream-1653991585] DEBUG com.github.dockerjava.zerodep.shaded.org.apache.hc.client5.http.impl.io.PoolingHttpClientConnectionManager - ep-00000013: connection released [route: {}->unix://localhost:2375][total available: 0; route allocated: 0 of 2147483647; total allocated: 0 of 2147483647]
20:48:51.060 [main] DEBUG org.testcontainers.shaded.com.github.dockerjava.core.command.AbstrDockerCmd - Cmd: dc5d346a9013f7cbfe160ae217048b27a2e493c0d1a586a38241ee3fcb5d10fb
20:48:51.060 [main] DEBUG org.testcontainers.shaded.com.github.dockerjava.core.exec.InspectExecCmdExec - GET: DefaultWebTarget{path=[/exec/dc5d346a9013f7cbfe160ae217048b27a2e493c0d1a586a38241ee3fcb5d10fb/json], queryParams={}}
20:48:51.061 [main] DEBUG com.github.dockerjava.zerodep.shaded.org.apache.hc.client5.http.impl.classic.InternalHttpClient - ex-00000015: preparing request execution
20:48:51.061 [main] DEBUG com.github.dockerjava.zerodep.shaded.org.apache.hc.client5.http.protocol.RequestAddCookies - Cookie spec selected: strict
20:48:51.061 [main] DEBUG com.github.dockerjava.zerodep.shaded.org.apache.hc.client5.http.protocol.RequestAuthCache - Auth cache not set in the context
20:48:51.061 [main] DEBUG com.github.dockerjava.zerodep.shaded.org.apache.hc.client5.http.impl.classic.ProtocolExec - ex-00000015: target auth state: UNCHALLENGED
20:48:51.061 [main] DEBUG com.github.dockerjava.zerodep.shaded.org.apache.hc.client5.http.impl.classic.ProtocolExec - ex-00000015: proxy auth state: UNCHALLENGED
20:48:51.061 [main] DEBUG com.github.dockerjava.zerodep.shaded.org.apache.hc.client5.http.impl.classic.ConnectExec - ex-00000015: acquiring connection with route {}->unix://localhost:2375
20:48:51.061 [main] DEBUG com.github.dockerjava.zerodep.shaded.org.apache.hc.client5.http.impl.classic.InternalHttpClient - ex-00000015: acquiring endpoint (3 MINUTES)
20:48:51.061 [main] DEBUG com.github.dockerjava.zerodep.shaded.org.apache.hc.client5.http.impl.io.PoolingHttpClientConnectionManager - ex-00000015: endpoint lease request (3 MINUTES) [route: {}->unix://localhost:2375][total available: 0; route allocated: 0 of 2147483647; total allocated: 0 of 2147483647]
20:48:51.061 [main] DEBUG com.github.dockerjava.zerodep.shaded.org.apache.hc.client5.http.impl.io.PoolingHttpClientConnectionManager - ex-00000015: endpoint leased [route: {}->unix://localhost:2375][total available: 0; route allocated: 1 of 2147483647; total allocated: 1 of 2147483647]
20:48:51.061 [main] DEBUG com.github.dockerjava.zerodep.shaded.org.apache.hc.client5.http.impl.io.PoolingHttpClientConnectionManager - ex-00000015: acquired ep-00000014
20:48:51.061 [main] DEBUG com.github.dockerjava.zerodep.shaded.org.apache.hc.client5.http.impl.classic.InternalHttpClient - ex-00000015: acquired endpoint ep-00000014
20:48:51.061 [main] DEBUG com.github.dockerjava.zerodep.shaded.org.apache.hc.client5.http.impl.classic.ConnectExec - ex-00000015: opening connection {}->unix://localhost:2375
20:48:51.061 [main] DEBUG com.github.dockerjava.zerodep.shaded.org.apache.hc.client5.http.impl.classic.InternalHttpClient - ep-00000014: connecting endpoint (3 MINUTES)
20:48:51.061 [main] DEBUG com.github.dockerjava.zerodep.shaded.org.apache.hc.client5.http.impl.io.PoolingHttpClientConnectionManager - ep-00000014: connecting endpoint to unix://localhost:2375 (3 MINUTES)
20:48:51.062 [main] DEBUG com.github.dockerjava.zerodep.shaded.org.apache.hc.client5.http.impl.io.DefaultHttpClientConnectionOperator - http-outgoing-3: connecting to localhost/127.0.0.1:2375
20:48:51.062 [main] DEBUG com.github.dockerjava.zerodep.shaded.org.apache.hc.client5.http.impl.io.DefaultHttpClientConnectionOperator - http-outgoing-3: connection established /var/run/docker.sock<->/var/run/docker.sock
20:48:51.062 [main] DEBUG com.github.dockerjava.zerodep.shaded.org.apache.hc.client5.http.impl.io.PoolingHttpClientConnectionManager - ep-00000014: connected http-outgoing-3
20:48:51.062 [main] DEBUG com.github.dockerjava.zerodep.shaded.org.apache.hc.client5.http.impl.classic.InternalHttpClient - ep-00000014: endpoint connected
20:48:51.062 [main] DEBUG com.github.dockerjava.zerodep.shaded.org.apache.hc.client5.http.impl.classic.MainClientExec - ex-00000015: executing GET /v1.32/exec/dc5d346a9013f7cbfe160ae217048b27a2e493c0d1a586a38241ee3fcb5d10fb/json HTTP/1.1
20:48:51.062 [main] DEBUG com.github.dockerjava.zerodep.shaded.org.apache.hc.client5.http.impl.classic.InternalHttpClient - ep-00000014: start execution ex-00000015
20:48:51.062 [main] DEBUG com.github.dockerjava.zerodep.shaded.org.apache.hc.client5.http.impl.io.PoolingHttpClientConnectionManager - ep-00000014: executing exchange ex-00000015 over http-outgoing-3
20:48:51.062 [main] DEBUG com.github.dockerjava.zerodep.shaded.org.apache.hc.client5.http.headers - http-outgoing-3 >> GET /v1.32/exec/dc5d346a9013f7cbfe160ae217048b27a2e493c0d1a586a38241ee3fcb5d10fb/json HTTP/1.1
20:48:51.062 [main] DEBUG com.github.dockerjava.zerodep.shaded.org.apache.hc.client5.http.headers - http-outgoing-3 >> accept: application/json
20:48:51.062 [main] DEBUG com.github.dockerjava.zerodep.shaded.org.apache.hc.client5.http.headers - http-outgoing-3 >> x-tc-sid: 79c75580-927c-468d-9dfa-ca38cb35a17d
20:48:51.062 [main] DEBUG com.github.dockerjava.zerodep.shaded.org.apache.hc.client5.http.headers - http-outgoing-3 >> Accept-Encoding: gzip, x-gzip, deflate
20:48:51.062 [main] DEBUG com.github.dockerjava.zerodep.shaded.org.apache.hc.client5.http.headers - http-outgoing-3 >> Host: localhost:2375
20:48:51.062 [main] DEBUG com.github.dockerjava.zerodep.shaded.org.apache.hc.client5.http.headers - http-outgoing-3 >> Connection: keep-alive
20:48:51.062 [main] DEBUG com.github.dockerjava.zerodep.shaded.org.apache.hc.client5.http.headers - http-outgoing-3 >> User-Agent: Apache-HttpClient/5.0.3 (Java/17.0.2)
20:48:51.062 [main] DEBUG com.github.dockerjava.zerodep.shaded.org.apache.hc.client5.http.wire - http-outgoing-3 >> "GET /v1.32/exec/dc5d346a9013f7cbfe160ae217048b27a2e493c0d1a586a38241ee3fcb5d10fb/json HTTP/1.1[\r][\n]"
20:48:51.062 [main] DEBUG com.github.dockerjava.zerodep.shaded.org.apache.hc.client5.http.wire - http-outgoing-3 >> "accept: application/json[\r][\n]"
20:48:51.062 [main] DEBUG com.github.dockerjava.zerodep.shaded.org.apache.hc.client5.http.wire - http-outgoing-3 >> "x-tc-sid: 79c75580-927c-468d-9dfa-ca38cb35a17d[\r][\n]"
20:48:51.062 [main] DEBUG com.github.dockerjava.zerodep.shaded.org.apache.hc.client5.http.wire - http-outgoing-3 >> "Accept-Encoding: gzip, x-gzip, deflate[\r][\n]"
20:48:51.062 [main] DEBUG com.github.dockerjava.zerodep.shaded.org.apache.hc.client5.http.wire - http-outgoing-3 >> "Host: localhost:2375[\r][\n]"
20:48:51.062 [main] DEBUG com.github.dockerjava.zerodep.shaded.org.apache.hc.client5.http.wire - http-outgoing-3 >> "Connection: keep-alive[\r][\n]"
20:48:51.062 [main] DEBUG com.github.dockerjava.zerodep.shaded.org.apache.hc.client5.http.wire - http-outgoing-3 >> "User-Agent: Apache-HttpClient/5.0.3 (Java/17.0.2)[\r][\n]"
20:48:51.062 [main] DEBUG com.github.dockerjava.zerodep.shaded.org.apache.hc.client5.http.wire - http-outgoing-3 >> "[\r][\n]"
20:48:51.065 [main] DEBUG com.github.dockerjava.zerodep.shaded.org.apache.hc.client5.http.wire - http-outgoing-3 << "HTTP/1.1 200 OK[\r][\n]"
20:48:51.065 [main] DEBUG com.github.dockerjava.zerodep.shaded.org.apache.hc.client5.http.wire - http-outgoing-3 << "Api-Version: 1.41[\r][\n]"
20:48:51.065 [main] DEBUG com.github.dockerjava.zerodep.shaded.org.apache.hc.client5.http.wire - http-outgoing-3 << "Content-Type: application/json[\r][\n]"
20:48:51.065 [main] DEBUG com.github.dockerjava.zerodep.shaded.org.apache.hc.client5.http.wire - http-outgoing-3 << "Date: Fri, 19 Aug 2022 00:48:51 GMT[\r][\n]"
20:48:51.065 [main] DEBUG com.github.dockerjava.zerodep.shaded.org.apache.hc.client5.http.wire - http-outgoing-3 << "Docker-Experimental: false[\r][\n]"
20:48:51.065 [main] DEBUG com.github.dockerjava.zerodep.shaded.org.apache.hc.client5.http.wire - http-outgoing-3 << "Ostype: linux[\r][\n]"
20:48:51.065 [main] DEBUG com.github.dockerjava.zerodep.shaded.org.apache.hc.client5.http.wire - http-outgoing-3 << "Server: Docker/20.10.14 (linux)[\r][\n]"
20:48:51.065 [main] DEBUG com.github.dockerjava.zerodep.shaded.org.apache.hc.client5.http.wire - http-outgoing-3 << "Transfer-Encoding: chunked[\r][\n]"
20:48:51.065 [main] DEBUG com.github.dockerjava.zerodep.shaded.org.apache.hc.client5.http.wire - http-outgoing-3 << "[\r][\n]"
20:48:51.066 [main] DEBUG com.github.dockerjava.zerodep.shaded.org.apache.hc.client5.http.headers - http-outgoing-3 << HTTP/1.1 200 OK
20:48:51.066 [main] DEBUG com.github.dockerjava.zerodep.shaded.org.apache.hc.client5.http.headers - http-outgoing-3 << Api-Version: 1.41
20:48:51.066 [main] DEBUG com.github.dockerjava.zerodep.shaded.org.apache.hc.client5.http.headers - http-outgoing-3 << Content-Type: application/json
20:48:51.066 [main] DEBUG com.github.dockerjava.zerodep.shaded.org.apache.hc.client5.http.headers - http-outgoing-3 << Date: Fri, 19 Aug 2022 00:48:51 GMT
20:48:51.066 [main] DEBUG com.github.dockerjava.zerodep.shaded.org.apache.hc.client5.http.headers - http-outgoing-3 << Docker-Experimental: false
20:48:51.066 [main] DEBUG com.github.dockerjava.zerodep.shaded.org.apache.hc.client5.http.headers - http-outgoing-3 << Ostype: linux
20:48:51.066 [main] DEBUG com.github.dockerjava.zerodep.shaded.org.apache.hc.client5.http.headers - http-outgoing-3 << Server: Docker/20.10.14 (linux)
20:48:51.066 [main] DEBUG com.github.dockerjava.zerodep.shaded.org.apache.hc.client5.http.headers - http-outgoing-3 << Transfer-Encoding: chunked
20:48:51.066 [main] DEBUG com.github.dockerjava.zerodep.shaded.org.apache.hc.client5.http.impl.classic.MainClientExec - ex-00000015: connection can be kept alive for 3 MINUTES
20:48:51.066 [main] DEBUG com.github.dockerjava.zerodep.shaded.org.apache.hc.client5.http.wire - http-outgoing-3 << "189[\r][\n]"
20:48:51.066 [main] DEBUG com.github.dockerjava.zerodep.shaded.org.apache.hc.client5.http.wire - http-outgoing-3 << "{"ID":"dc5d346a9013f7cbfe160ae217048b27a2e493c0d1a586a38241ee3fcb5d10fb","Running":false,"ExitCode":0,"ProcessConfig":{"tty":false,"entrypoint":"mongo","arguments":["--eval","rs.initiate();"],"privileged":false},"OpenStdin":false,"OpenStderr":true,"OpenStdout":true,"CanRemove":false,"ContainerID":"55e8a39051746b6add291684a287f011921e67a19f796223d78b88cd90f88574","DetachKeys":"","Pid":3661}[\n]"
20:48:51.066 [main] DEBUG com.github.dockerjava.zerodep.shaded.org.apache.hc.client5.http.wire - http-outgoing-3 << "[\r][\n]"
20:48:51.069 [main] DEBUG com.github.dockerjava.zerodep.shaded.org.apache.hc.client5.http.wire - http-outgoing-3 << "0[\r][\n]"
20:48:51.069 [main] DEBUG com.github.dockerjava.zerodep.shaded.org.apache.hc.client5.http.wire - http-outgoing-3 << "[\r][\n]"
20:48:51.069 [main] DEBUG com.github.dockerjava.zerodep.shaded.org.apache.hc.client5.http.impl.classic.InternalHttpClient - ep-00000014: releasing valid endpoint
20:48:51.069 [main] DEBUG com.github.dockerjava.zerodep.shaded.org.apache.hc.client5.http.impl.io.PoolingHttpClientConnectionManager - ep-00000014: releasing endpoint
20:48:51.069 [main] DEBUG com.github.dockerjava.zerodep.shaded.org.apache.hc.client5.http.impl.io.PoolingHttpClientConnectionManager - ep-00000014: connection http-outgoing-3 can be kept alive for 3 MINUTES
20:48:51.069 [main] DEBUG com.github.dockerjava.zerodep.shaded.org.apache.hc.client5.http.impl.io.PoolingHttpClientConnectionManager - ep-00000014: connection released [route: {}->unix://localhost:2375][total available: 1; route allocated: 1 of 2147483647; total allocated: 1 of 2147483647]
20:48:51.069 [main] DEBUG org.testcontainers.containers.MongoDBContainer - MongoDB shell version v4.4.2
connecting to: mongodb://127.0.0.1:27017/?compressors=disabled&gssapiServiceName=mongodb
Implicit session: session { "id" : UUID("904f2d85-faa0-4fd3-9d49-72943c31f0fc") }
MongoDB server version: 4.4.2
{
	"info2" : "no configuration specified. Using a default configuration for the set",
	"me" : "55e8a3905174:27017",
	"ok" : 1,
	"$clusterTime" : {
		"clusterTime" : Timestamp(1660870131, 1),
		"signature" : {
			"hash" : BinData(0,"AAAAAAAAAAAAAAAAAAAAAAAAAAA="),
			"keyId" : NumberLong(0)
		}
	},
	"operationTime" : Timestamp(1660870131, 1)
}

20:48:51.069 [main] DEBUG org.testcontainers.containers.MongoDBContainer - Awaiting for a single node replica set initialization up to 60 attempts
20:48:51.069 [main] DEBUG org.testcontainers.containers.ExecInContainerPattern - /lucid_gauss: Running "exec" command: mongo --eval var attempt = 0; while(db.runCommand( { isMaster: 1 } ).ismaster==false) { if (attempt > 60) {quit(1);} print('An attempt to await for a single node replica set initialization: ' + attempt); sleep(100);  attempt++;  }
20:48:51.069 [main] DEBUG org.testcontainers.shaded.com.github.dockerjava.core.command.AbstrDockerCmd - Cmd: true,<null>,true,{mongo,--eval,var attempt = 0; while(db.runCommand( { isMaster: 1 } ).ismaster==false) { if (attempt > 60) {quit(1);} print('An attempt to await for a single node replica set initialization: ' + attempt); sleep(100);  attempt++;  }},55e8a39051746b6add291684a287f011921e67a19f796223d78b88cd90f88574,<null>,<null>,<null>,<null>,<null>
20:48:51.070 [main] DEBUG com.github.dockerjava.zerodep.shaded.org.apache.hc.client5.http.impl.classic.InternalHttpClient - ex-00000016: preparing request execution
20:48:51.070 [main] DEBUG com.github.dockerjava.zerodep.shaded.org.apache.hc.client5.http.protocol.RequestAddCookies - Cookie spec selected: strict
20:48:51.070 [main] DEBUG com.github.dockerjava.zerodep.shaded.org.apache.hc.client5.http.protocol.RequestAuthCache - Auth cache not set in the context
20:48:51.070 [main] DEBUG com.github.dockerjava.zerodep.shaded.org.apache.hc.client5.http.impl.classic.ProtocolExec - ex-00000016: target auth state: UNCHALLENGED
20:48:51.070 [main] DEBUG com.github.dockerjava.zerodep.shaded.org.apache.hc.client5.http.impl.classic.ProtocolExec - ex-00000016: proxy auth state: UNCHALLENGED
20:48:51.070 [main] DEBUG com.github.dockerjava.zerodep.shaded.org.apache.hc.client5.http.impl.classic.ConnectExec - ex-00000016: acquiring connection with route {}->unix://localhost:2375
20:48:51.070 [main] DEBUG com.github.dockerjava.zerodep.shaded.org.apache.hc.client5.http.impl.classic.InternalHttpClient - ex-00000016: acquiring endpoint (3 MINUTES)
20:48:51.070 [main] DEBUG com.github.dockerjava.zerodep.shaded.org.apache.hc.client5.http.impl.io.PoolingHttpClientConnectionManager - ex-00000016: endpoint lease request (3 MINUTES) [route: {}->unix://localhost:2375][total available: 1; route allocated: 1 of 2147483647; total allocated: 1 of 2147483647]
20:48:51.070 [main] DEBUG com.github.dockerjava.zerodep.shaded.org.apache.hc.client5.http.impl.io.PoolingHttpClientConnectionManager - ex-00000016: endpoint leased [route: {}->unix://localhost:2375][total available: 0; route allocated: 1 of 2147483647; total allocated: 1 of 2147483647]
20:48:51.070 [main] DEBUG com.github.dockerjava.zerodep.shaded.org.apache.hc.client5.http.impl.io.PoolingHttpClientConnectionManager - ex-00000016: acquired ep-00000015
20:48:51.070 [main] DEBUG com.github.dockerjava.zerodep.shaded.org.apache.hc.client5.http.impl.classic.InternalHttpClient - ex-00000016: acquired endpoint ep-00000015
20:48:51.070 [main] DEBUG com.github.dockerjava.zerodep.shaded.org.apache.hc.client5.http.impl.classic.MainClientExec - ex-00000016: executing POST /v1.32/containers/55e8a39051746b6add291684a287f011921e67a19f796223d78b88cd90f88574/exec HTTP/1.1
20:48:51.070 [main] DEBUG com.github.dockerjava.zerodep.shaded.org.apache.hc.client5.http.impl.classic.InternalHttpClient - ep-00000015: start execution ex-00000016
20:48:51.070 [main] DEBUG com.github.dockerjava.zerodep.shaded.org.apache.hc.client5.http.impl.io.PoolingHttpClientConnectionManager - ep-00000015: executing exchange ex-00000016 over http-outgoing-3
20:48:51.070 [main] DEBUG com.github.dockerjava.zerodep.shaded.org.apache.hc.client5.http.headers - http-outgoing-3 >> POST /v1.32/containers/55e8a39051746b6add291684a287f011921e67a19f796223d78b88cd90f88574/exec HTTP/1.1
20:48:51.070 [main] DEBUG com.github.dockerjava.zerodep.shaded.org.apache.hc.client5.http.headers - http-outgoing-3 >> accept: application/json
20:48:51.070 [main] DEBUG com.github.dockerjava.zerodep.shaded.org.apache.hc.client5.http.headers - http-outgoing-3 >> content-type: application/json
20:48:51.070 [main] DEBUG com.github.dockerjava.zerodep.shaded.org.apache.hc.client5.http.headers - http-outgoing-3 >> x-tc-sid: 79c75580-927c-468d-9dfa-ca38cb35a17d
20:48:51.070 [main] DEBUG com.github.dockerjava.zerodep.shaded.org.apache.hc.client5.http.headers - http-outgoing-3 >> Accept-Encoding: gzip, x-gzip, deflate
20:48:51.070 [main] DEBUG com.github.dockerjava.zerodep.shaded.org.apache.hc.client5.http.headers - http-outgoing-3 >> Content-Length: 456
20:48:51.070 [main] DEBUG com.github.dockerjava.zerodep.shaded.org.apache.hc.client5.http.headers - http-outgoing-3 >> Host: localhost:2375
20:48:51.070 [main] DEBUG com.github.dockerjava.zerodep.shaded.org.apache.hc.client5.http.headers - http-outgoing-3 >> Connection: keep-alive
20:48:51.070 [main] DEBUG com.github.dockerjava.zerodep.shaded.org.apache.hc.client5.http.headers - http-outgoing-3 >> User-Agent: Apache-HttpClient/5.0.3 (Java/17.0.2)
20:48:51.070 [main] DEBUG com.github.dockerjava.zerodep.shaded.org.apache.hc.client5.http.wire - http-outgoing-3 >> "POST /v1.32/containers/55e8a39051746b6add291684a287f011921e67a19f796223d78b88cd90f88574/exec HTTP/1.1[\r][\n]"
20:48:51.070 [main] DEBUG com.github.dockerjava.zerodep.shaded.org.apache.hc.client5.http.wire - http-outgoing-3 >> "accept: application/json[\r][\n]"
20:48:51.070 [main] DEBUG com.github.dockerjava.zerodep.shaded.org.apache.hc.client5.http.wire - http-outgoing-3 >> "content-type: application/json[\r][\n]"
20:48:51.070 [main] DEBUG com.github.dockerjava.zerodep.shaded.org.apache.hc.client5.http.wire - http-outgoing-3 >> "x-tc-sid: 79c75580-927c-468d-9dfa-ca38cb35a17d[\r][\n]"
20:48:51.070 [main] DEBUG com.github.dockerjava.zerodep.shaded.org.apache.hc.client5.http.wire - http-outgoing-3 >> "Accept-Encoding: gzip, x-gzip, deflate[\r][\n]"
20:48:51.070 [main] DEBUG com.github.dockerjava.zerodep.shaded.org.apache.hc.client5.http.wire - http-outgoing-3 >> "Content-Length: 456[\r][\n]"
20:48:51.070 [main] DEBUG com.github.dockerjava.zerodep.shaded.org.apache.hc.client5.http.wire - http-outgoing-3 >> "Host: localhost:2375[\r][\n]"
20:48:51.070 [main] DEBUG com.github.dockerjava.zerodep.shaded.org.apache.hc.client5.http.wire - http-outgoing-3 >> "Connection: keep-alive[\r][\n]"
20:48:51.070 [main] DEBUG com.github.dockerjava.zerodep.shaded.org.apache.hc.client5.http.wire - http-outgoing-3 >> "User-Agent: Apache-HttpClient/5.0.3 (Java/17.0.2)[\r][\n]"
20:48:51.070 [main] DEBUG com.github.dockerjava.zerodep.shaded.org.apache.hc.client5.http.wire - http-outgoing-3 >> "[\r][\n]"
20:48:51.070 [main] DEBUG com.github.dockerjava.zerodep.shaded.org.apache.hc.client5.http.wire - http-outgoing-3 >> "{"containerId":"55e8a39051746b6add291684a287f011921e67a19f796223d78b88cd90f88574","AttachStdin":null,"AttachStdout":true,"AttachStderr":true,"Tty":null,"Privileged":null,"User":null,"Cmd":["mongo","--eval","var attempt = 0; while(db.runCommand( { isMaster: 1 } ).ismaster==false) { if (attempt > 60) {quit(1);} print('An attempt to await for a single node replica set initialization: ' + attempt); sleep(100);  attempt++;  }"],"Env":null,"WorkingDir":null}"
20:48:51.076 [main] DEBUG com.github.dockerjava.zerodep.shaded.org.apache.hc.client5.http.wire - http-outgoing-3 << "HTTP/1.1 201 Created[\r][\n]"
20:48:51.076 [main] DEBUG com.github.dockerjava.zerodep.shaded.org.apache.hc.client5.http.wire - http-outgoing-3 << "Api-Version: 1.41[\r][\n]"
20:48:51.076 [main] DEBUG com.github.dockerjava.zerodep.shaded.org.apache.hc.client5.http.wire - http-outgoing-3 << "Content-Type: application/json[\r][\n]"
20:48:51.076 [main] DEBUG com.github.dockerjava.zerodep.shaded.org.apache.hc.client5.http.wire - http-outgoing-3 << "Date: Fri, 19 Aug 2022 00:48:51 GMT[\r][\n]"
20:48:51.076 [main] DEBUG com.github.dockerjava.zerodep.shaded.org.apache.hc.client5.http.wire - http-outgoing-3 << "Docker-Experimental: false[\r][\n]"
20:48:51.076 [main] DEBUG com.github.dockerjava.zerodep.shaded.org.apache.hc.client5.http.wire - http-outgoing-3 << "Ostype: linux[\r][\n]"
20:48:51.076 [main] DEBUG com.github.dockerjava.zerodep.shaded.org.apache.hc.client5.http.wire - http-outgoing-3 << "Server: Docker/20.10.14 (linux)[\r][\n]"
20:48:51.076 [main] DEBUG com.github.dockerjava.zerodep.shaded.org.apache.hc.client5.http.wire - http-outgoing-3 << "Transfer-Encoding: chunked[\r][\n]"
20:48:51.076 [main] DEBUG com.github.dockerjava.zerodep.shaded.org.apache.hc.client5.http.wire - http-outgoing-3 << "[\r][\n]"
20:48:51.076 [main] DEBUG com.github.dockerjava.zerodep.shaded.org.apache.hc.client5.http.headers - http-outgoing-3 << HTTP/1.1 201 Created
20:48:51.076 [main] DEBUG com.github.dockerjava.zerodep.shaded.org.apache.hc.client5.http.headers - http-outgoing-3 << Api-Version: 1.41
20:48:51.076 [main] DEBUG com.github.dockerjava.zerodep.shaded.org.apache.hc.client5.http.headers - http-outgoing-3 << Content-Type: application/json
20:48:51.076 [main] DEBUG com.github.dockerjava.zerodep.shaded.org.apache.hc.client5.http.headers - http-outgoing-3 << Date: Fri, 19 Aug 2022 00:48:51 GMT
20:48:51.076 [main] DEBUG com.github.dockerjava.zerodep.shaded.org.apache.hc.client5.http.headers - http-outgoing-3 << Docker-Experimental: false
20:48:51.076 [main] DEBUG com.github.dockerjava.zerodep.shaded.org.apache.hc.client5.http.headers - http-outgoing-3 << Ostype: linux
20:48:51.076 [main] DEBUG com.github.dockerjava.zerodep.shaded.org.apache.hc.client5.http.headers - http-outgoing-3 << Server: Docker/20.10.14 (linux)
20:48:51.076 [main] DEBUG com.github.dockerjava.zerodep.shaded.org.apache.hc.client5.http.headers - http-outgoing-3 << Transfer-Encoding: chunked
20:48:51.076 [main] DEBUG com.github.dockerjava.zerodep.shaded.org.apache.hc.client5.http.impl.classic.MainClientExec - ex-00000016: connection can be kept alive for 3 MINUTES
20:48:51.076 [main] DEBUG com.github.dockerjava.zerodep.shaded.org.apache.hc.client5.http.wire - http-outgoing-3 << "4a[\r][\n]"
20:48:51.076 [main] DEBUG com.github.dockerjava.zerodep.shaded.org.apache.hc.client5.http.wire - http-outgoing-3 << "{"Id":"bb366928564eea60a522d813e4b0e1825aff9cccd7264c3d2485db750c05acb5"}[\n]"
20:48:51.076 [main] DEBUG com.github.dockerjava.zerodep.shaded.org.apache.hc.client5.http.wire - http-outgoing-3 << "[\r][\n]"
20:48:51.077 [main] DEBUG com.github.dockerjava.zerodep.shaded.org.apache.hc.client5.http.wire - http-outgoing-3 << "0[\r][\n]"
20:48:51.077 [main] DEBUG com.github.dockerjava.zerodep.shaded.org.apache.hc.client5.http.wire - http-outgoing-3 << "[\r][\n]"
20:48:51.077 [main] DEBUG com.github.dockerjava.zerodep.shaded.org.apache.hc.client5.http.impl.classic.InternalHttpClient - ep-00000015: releasing valid endpoint
20:48:51.077 [main] DEBUG com.github.dockerjava.zerodep.shaded.org.apache.hc.client5.http.impl.io.PoolingHttpClientConnectionManager - ep-00000015: releasing endpoint
20:48:51.077 [main] DEBUG com.github.dockerjava.zerodep.shaded.org.apache.hc.client5.http.impl.io.PoolingHttpClientConnectionManager - ep-00000015: connection http-outgoing-3 can be kept alive for 3 MINUTES
20:48:51.077 [main] DEBUG com.github.dockerjava.zerodep.shaded.org.apache.hc.client5.http.impl.io.PoolingHttpClientConnectionManager - ep-00000015: connection released [route: {}->unix://localhost:2375][total available: 1; route allocated: 1 of 2147483647; total allocated: 1 of 2147483647]
20:48:51.077 [docker-java-stream--696499019] DEBUG com.github.dockerjava.zerodep.shaded.org.apache.hc.client5.http.impl.classic.InternalHttpClient - ex-00000017: preparing request execution
20:48:51.077 [docker-java-stream--696499019] DEBUG com.github.dockerjava.zerodep.shaded.org.apache.hc.client5.http.protocol.RequestAddCookies - Cookie spec selected: strict
20:48:51.077 [docker-java-stream--696499019] DEBUG com.github.dockerjava.zerodep.shaded.org.apache.hc.client5.http.protocol.RequestAuthCache - Auth cache not set in the context
20:48:51.077 [docker-java-stream--696499019] DEBUG com.github.dockerjava.zerodep.shaded.org.apache.hc.client5.http.impl.classic.ProtocolExec - ex-00000017: target auth state: UNCHALLENGED
20:48:51.077 [docker-java-stream--696499019] DEBUG com.github.dockerjava.zerodep.shaded.org.apache.hc.client5.http.impl.classic.ProtocolExec - ex-00000017: proxy auth state: UNCHALLENGED
20:48:51.077 [docker-java-stream--696499019] DEBUG com.github.dockerjava.zerodep.shaded.org.apache.hc.client5.http.impl.classic.ConnectExec - ex-00000017: acquiring connection with route {}->unix://localhost:2375
20:48:51.077 [docker-java-stream--696499019] DEBUG com.github.dockerjava.zerodep.shaded.org.apache.hc.client5.http.impl.classic.InternalHttpClient - ex-00000017: acquiring endpoint (3 MINUTES)
20:48:51.077 [docker-java-stream--696499019] DEBUG com.github.dockerjava.zerodep.shaded.org.apache.hc.client5.http.impl.io.PoolingHttpClientConnectionManager - ex-00000017: endpoint lease request (3 MINUTES) [route: {}->unix://localhost:2375][total available: 1; route allocated: 1 of 2147483647; total allocated: 1 of 2147483647]
20:48:51.077 [docker-java-stream--696499019] DEBUG com.github.dockerjava.zerodep.shaded.org.apache.hc.client5.http.impl.io.PoolingHttpClientConnectionManager - ex-00000017: endpoint leased [route: {}->unix://localhost:2375][total available: 0; route allocated: 1 of 2147483647; total allocated: 1 of 2147483647]
20:48:51.077 [docker-java-stream--696499019] DEBUG com.github.dockerjava.zerodep.shaded.org.apache.hc.client5.http.impl.io.PoolingHttpClientConnectionManager - ex-00000017: acquired ep-00000016
20:48:51.077 [docker-java-stream--696499019] DEBUG com.github.dockerjava.zerodep.shaded.org.apache.hc.client5.http.impl.classic.InternalHttpClient - ex-00000017: acquired endpoint ep-00000016
20:48:51.077 [docker-java-stream--696499019] DEBUG com.github.dockerjava.zerodep.shaded.org.apache.hc.client5.http.impl.classic.MainClientExec - ex-00000017: executing POST /v1.32/exec/bb366928564eea60a522d813e4b0e1825aff9cccd7264c3d2485db750c05acb5/start HTTP/1.1
20:48:51.077 [docker-java-stream--696499019] DEBUG com.github.dockerjava.zerodep.shaded.org.apache.hc.client5.http.impl.classic.InternalHttpClient - ep-00000016: start execution ex-00000017
20:48:51.077 [docker-java-stream--696499019] DEBUG com.github.dockerjava.zerodep.shaded.org.apache.hc.client5.http.impl.io.PoolingHttpClientConnectionManager - ep-00000016: executing exchange ex-00000017 over http-outgoing-3
20:48:51.077 [docker-java-stream--696499019] DEBUG com.github.dockerjava.zerodep.shaded.org.apache.hc.client5.http.headers - http-outgoing-3 >> POST /v1.32/exec/bb366928564eea60a522d813e4b0e1825aff9cccd7264c3d2485db750c05acb5/start HTTP/1.1
20:48:51.077 [docker-java-stream--696499019] DEBUG com.github.dockerjava.zerodep.shaded.org.apache.hc.client5.http.headers - http-outgoing-3 >> accept: application/json
20:48:51.077 [docker-java-stream--696499019] DEBUG com.github.dockerjava.zerodep.shaded.org.apache.hc.client5.http.headers - http-outgoing-3 >> content-type: application/json
20:48:51.077 [docker-java-stream--696499019] DEBUG com.github.dockerjava.zerodep.shaded.org.apache.hc.client5.http.headers - http-outgoing-3 >> x-tc-sid: 79c75580-927c-468d-9dfa-ca38cb35a17d
20:48:51.077 [docker-java-stream--696499019] DEBUG com.github.dockerjava.zerodep.shaded.org.apache.hc.client5.http.headers - http-outgoing-3 >> Accept-Encoding: gzip, x-gzip, deflate
20:48:51.077 [docker-java-stream--696499019] DEBUG com.github.dockerjava.zerodep.shaded.org.apache.hc.client5.http.headers - http-outgoing-3 >> Content-Length: 26
20:48:51.077 [docker-java-stream--696499019] DEBUG com.github.dockerjava.zerodep.shaded.org.apache.hc.client5.http.headers - http-outgoing-3 >> Host: localhost:2375
20:48:51.077 [docker-java-stream--696499019] DEBUG com.github.dockerjava.zerodep.shaded.org.apache.hc.client5.http.headers - http-outgoing-3 >> Connection: keep-alive
20:48:51.077 [docker-java-stream--696499019] DEBUG com.github.dockerjava.zerodep.shaded.org.apache.hc.client5.http.headers - http-outgoing-3 >> User-Agent: Apache-HttpClient/5.0.3 (Java/17.0.2)
20:48:51.077 [docker-java-stream--696499019] DEBUG com.github.dockerjava.zerodep.shaded.org.apache.hc.client5.http.wire - http-outgoing-3 >> "POST /v1.32/exec/bb366928564eea60a522d813e4b0e1825aff9cccd7264c3d2485db750c05acb5/start HTTP/1.1[\r][\n]"
20:48:51.077 [docker-java-stream--696499019] DEBUG com.github.dockerjava.zerodep.shaded.org.apache.hc.client5.http.wire - http-outgoing-3 >> "accept: application/json[\r][\n]"
20:48:51.077 [docker-java-stream--696499019] DEBUG com.github.dockerjava.zerodep.shaded.org.apache.hc.client5.http.wire - http-outgoing-3 >> "content-type: application/json[\r][\n]"
20:48:51.077 [docker-java-stream--696499019] DEBUG com.github.dockerjava.zerodep.shaded.org.apache.hc.client5.http.wire - http-outgoing-3 >> "x-tc-sid: 79c75580-927c-468d-9dfa-ca38cb35a17d[\r][\n]"
20:48:51.077 [docker-java-stream--696499019] DEBUG com.github.dockerjava.zerodep.shaded.org.apache.hc.client5.http.wire - http-outgoing-3 >> "Accept-Encoding: gzip, x-gzip, deflate[\r][\n]"
20:48:51.077 [docker-java-stream--696499019] DEBUG com.github.dockerjava.zerodep.shaded.org.apache.hc.client5.http.wire - http-outgoing-3 >> "Content-Length: 26[\r][\n]"
20:48:51.077 [docker-java-stream--696499019] DEBUG com.github.dockerjava.zerodep.shaded.org.apache.hc.client5.http.wire - http-outgoing-3 >> "Host: localhost:2375[\r][\n]"
20:48:51.077 [docker-java-stream--696499019] DEBUG com.github.dockerjava.zerodep.shaded.org.apache.hc.client5.http.wire - http-outgoing-3 >> "Connection: keep-alive[\r][\n]"
20:48:51.077 [docker-java-stream--696499019] DEBUG com.github.dockerjava.zerodep.shaded.org.apache.hc.client5.http.wire - http-outgoing-3 >> "User-Agent: Apache-HttpClient/5.0.3 (Java/17.0.2)[\r][\n]"
20:48:51.077 [docker-java-stream--696499019] DEBUG com.github.dockerjava.zerodep.shaded.org.apache.hc.client5.http.wire - http-outgoing-3 >> "[\r][\n]"
20:48:51.077 [docker-java-stream--696499019] DEBUG com.github.dockerjava.zerodep.shaded.org.apache.hc.client5.http.wire - http-outgoing-3 >> "{"Detach":null,"Tty":null}"
20:48:51.085 [docker-java-stream--696499019] DEBUG com.github.dockerjava.zerodep.shaded.org.apache.hc.client5.http.wire - http-outgoing-3 << "HTTP/1.1 200 OK[\r][\n]"
20:48:51.085 [docker-java-stream--696499019] DEBUG com.github.dockerjava.zerodep.shaded.org.apache.hc.client5.http.wire - http-outgoing-3 << "Api-Version: 1.41[\r][\n]"
20:48:51.085 [docker-java-stream--696499019] DEBUG com.github.dockerjava.zerodep.shaded.org.apache.hc.client5.http.wire - http-outgoing-3 << "Content-Type: application/vnd.docker.raw-stream[\r][\n]"
20:48:51.085 [docker-java-stream--696499019] DEBUG com.github.dockerjava.zerodep.shaded.org.apache.hc.client5.http.wire - http-outgoing-3 << "Docker-Experimental: false[\r][\n]"
20:48:51.085 [docker-java-stream--696499019] DEBUG com.github.dockerjava.zerodep.shaded.org.apache.hc.client5.http.wire - http-outgoing-3 << "Ostype: linux[\r][\n]"
20:48:51.085 [docker-java-stream--696499019] DEBUG com.github.dockerjava.zerodep.shaded.org.apache.hc.client5.http.wire - http-outgoing-3 << "Server: Docker/20.10.14 (linux)[\r][\n]"
20:48:51.085 [docker-java-stream--696499019] DEBUG com.github.dockerjava.zerodep.shaded.org.apache.hc.client5.http.wire - http-outgoing-3 << "[\r][\n]"
20:48:51.085 [docker-java-stream--696499019] DEBUG com.github.dockerjava.zerodep.shaded.org.apache.hc.client5.http.headers - http-outgoing-3 << HTTP/1.1 200 OK
20:48:51.085 [docker-java-stream--696499019] DEBUG com.github.dockerjava.zerodep.shaded.org.apache.hc.client5.http.headers - http-outgoing-3 << Api-Version: 1.41
20:48:51.085 [docker-java-stream--696499019] DEBUG com.github.dockerjava.zerodep.shaded.org.apache.hc.client5.http.headers - http-outgoing-3 << Content-Type: application/vnd.docker.raw-stream
20:48:51.085 [docker-java-stream--696499019] DEBUG com.github.dockerjava.zerodep.shaded.org.apache.hc.client5.http.headers - http-outgoing-3 << Docker-Experimental: false
20:48:51.085 [docker-java-stream--696499019] DEBUG com.github.dockerjava.zerodep.shaded.org.apache.hc.client5.http.headers - http-outgoing-3 << Ostype: linux
20:48:51.085 [docker-java-stream--696499019] DEBUG com.github.dockerjava.zerodep.shaded.org.apache.hc.client5.http.headers - http-outgoing-3 << Server: Docker/20.10.14 (linux)
20:48:51.141 [docker-java-stream--696499019] DEBUG com.github.dockerjava.zerodep.shaded.org.apache.hc.client5.http.wire - http-outgoing-3 << "[0x1][0x0][0x0][0x0][0x0][0x0][0x0][0x1d]MongoDB shell version v4.4.2[\n]"
20:48:51.163 [docker-java-stream--696499019] DEBUG com.github.dockerjava.zerodep.shaded.org.apache.hc.client5.http.wire - http-outgoing-3 << "[0x1][0x0][0x0][0x0][0x0][0x0][0x0]Yconnecting to: mongodb://127.0.0.1:27017/?compressors=disabled&gssapiServiceName=mongodb[\n]"
20:48:51.165 [docker-java-stream--696499019] DEBUG com.github.dockerjava.zerodep.shaded.org.apache.hc.client5.http.wire - http-outgoing-3 << "[0x1][0x0][0x0][0x0][0x0][0x0][0x0]RImplicit session: session { "id" : UUID("4d5bbfbb-8228-4c5d-8f8b-8bbe29b3b21c") }[\n]"
20:48:51.166 [docker-java-stream--696499019] DEBUG com.github.dockerjava.zerodep.shaded.org.apache.hc.client5.http.wire - http-outgoing-3 << "[0x1][0x0][0x0][0x0][0x0][0x0][0x0][0x1e]MongoDB server version: 4.4.2[\n]"
20:48:51.172 [docker-java-stream--696499019] DEBUG com.github.dockerjava.zerodep.shaded.org.apache.hc.client5.http.wire - http-outgoing-3 << "end of stream"
20:48:51.172 [docker-java-stream--696499019] DEBUG com.github.dockerjava.zerodep.shaded.org.apache.hc.client5.http.impl.io.DefaultManagedHttpClientConnection - http-outgoing-3: close connection IMMEDIATE
20:48:51.172 [docker-java-stream--696499019] DEBUG com.github.dockerjava.zerodep.shaded.org.apache.hc.client5.http.impl.classic.InternalHttpClient - ep-00000016: endpoint closed
20:48:51.172 [docker-java-stream--696499019] DEBUG com.github.dockerjava.zerodep.shaded.org.apache.hc.client5.http.impl.classic.InternalHttpClient - ep-00000016: discarding endpoint
20:48:51.172 [docker-java-stream--696499019] DEBUG com.github.dockerjava.zerodep.shaded.org.apache.hc.client5.http.impl.io.PoolingHttpClientConnectionManager - ep-00000016: releasing endpoint
20:48:51.172 [docker-java-stream--696499019] DEBUG com.github.dockerjava.zerodep.shaded.org.apache.hc.client5.http.impl.io.PoolingHttpClientConnectionManager - ep-00000016: connection is not kept alive
20:48:51.172 [docker-java-stream--696499019] DEBUG com.github.dockerjava.zerodep.shaded.org.apache.hc.client5.http.impl.io.PoolingHttpClientConnectionManager - ep-00000016: connection released [route: {}->unix://localhost:2375][total available: 0; route allocated: 0 of 2147483647; total allocated: 0 of 2147483647]
20:48:51.172 [main] DEBUG org.testcontainers.shaded.com.github.dockerjava.core.command.AbstrDockerCmd - Cmd: bb366928564eea60a522d813e4b0e1825aff9cccd7264c3d2485db750c05acb5
20:48:51.173 [main] DEBUG org.testcontainers.shaded.com.github.dockerjava.core.exec.InspectExecCmdExec - GET: DefaultWebTarget{path=[/exec/bb366928564eea60a522d813e4b0e1825aff9cccd7264c3d2485db750c05acb5/json], queryParams={}}
20:48:51.173 [main] DEBUG com.github.dockerjava.zerodep.shaded.org.apache.hc.client5.http.impl.classic.InternalHttpClient - ex-00000018: preparing request execution
20:48:51.173 [main] DEBUG com.github.dockerjava.zerodep.shaded.org.apache.hc.client5.http.protocol.RequestAddCookies - Cookie spec selected: strict
20:48:51.173 [main] DEBUG com.github.dockerjava.zerodep.shaded.org.apache.hc.client5.http.protocol.RequestAuthCache - Auth cache not set in the context
20:48:51.173 [main] DEBUG com.github.dockerjava.zerodep.shaded.org.apache.hc.client5.http.impl.classic.ProtocolExec - ex-00000018: target auth state: UNCHALLENGED
20:48:51.173 [main] DEBUG com.github.dockerjava.zerodep.shaded.org.apache.hc.client5.http.impl.classic.ProtocolExec - ex-00000018: proxy auth state: UNCHALLENGED
20:48:51.173 [main] DEBUG com.github.dockerjava.zerodep.shaded.org.apache.hc.client5.http.impl.classic.ConnectExec - ex-00000018: acquiring connection with route {}->unix://localhost:2375
20:48:51.173 [main] DEBUG com.github.dockerjava.zerodep.shaded.org.apache.hc.client5.http.impl.classic.InternalHttpClient - ex-00000018: acquiring endpoint (3 MINUTES)
20:48:51.173 [main] DEBUG com.github.dockerjava.zerodep.shaded.org.apache.hc.client5.http.impl.io.PoolingHttpClientConnectionManager - ex-00000018: endpoint lease request (3 MINUTES) [route: {}->unix://localhost:2375][total available: 0; route allocated: 0 of 2147483647; total allocated: 0 of 2147483647]
20:48:51.173 [main] DEBUG com.github.dockerjava.zerodep.shaded.org.apache.hc.client5.http.impl.io.PoolingHttpClientConnectionManager - ex-00000018: endpoint leased [route: {}->unix://localhost:2375][total available: 0; route allocated: 1 of 2147483647; total allocated: 1 of 2147483647]
20:48:51.173 [main] DEBUG com.github.dockerjava.zerodep.shaded.org.apache.hc.client5.http.impl.io.PoolingHttpClientConnectionManager - ex-00000018: acquired ep-00000017
20:48:51.173 [main] DEBUG com.github.dockerjava.zerodep.shaded.org.apache.hc.client5.http.impl.classic.InternalHttpClient - ex-00000018: acquired endpoint ep-00000017
20:48:51.173 [main] DEBUG com.github.dockerjava.zerodep.shaded.org.apache.hc.client5.http.impl.classic.ConnectExec - ex-00000018: opening connection {}->unix://localhost:2375
20:48:51.173 [main] DEBUG com.github.dockerjava.zerodep.shaded.org.apache.hc.client5.http.impl.classic.InternalHttpClient - ep-00000017: connecting endpoint (3 MINUTES)
20:48:51.173 [main] DEBUG com.github.dockerjava.zerodep.shaded.org.apache.hc.client5.http.impl.io.PoolingHttpClientConnectionManager - ep-00000017: connecting endpoint to unix://localhost:2375 (3 MINUTES)
20:48:51.173 [main] DEBUG com.github.dockerjava.zerodep.shaded.org.apache.hc.client5.http.impl.io.DefaultHttpClientConnectionOperator - http-outgoing-4: connecting to localhost/127.0.0.1:2375
20:48:51.173 [main] DEBUG com.github.dockerjava.zerodep.shaded.org.apache.hc.client5.http.impl.io.DefaultHttpClientConnectionOperator - http-outgoing-4: connection established /var/run/docker.sock<->/var/run/docker.sock
20:48:51.173 [main] DEBUG com.github.dockerjava.zerodep.shaded.org.apache.hc.client5.http.impl.io.PoolingHttpClientConnectionManager - ep-00000017: connected http-outgoing-4
20:48:51.173 [main] DEBUG com.github.dockerjava.zerodep.shaded.org.apache.hc.client5.http.impl.classic.InternalHttpClient - ep-00000017: endpoint connected
20:48:51.173 [main] DEBUG com.github.dockerjava.zerodep.shaded.org.apache.hc.client5.http.impl.classic.MainClientExec - ex-00000018: executing GET /v1.32/exec/bb366928564eea60a522d813e4b0e1825aff9cccd7264c3d2485db750c05acb5/json HTTP/1.1
20:48:51.173 [main] DEBUG com.github.dockerjava.zerodep.shaded.org.apache.hc.client5.http.impl.classic.InternalHttpClient - ep-00000017: start execution ex-00000018
20:48:51.173 [main] DEBUG com.github.dockerjava.zerodep.shaded.org.apache.hc.client5.http.impl.io.PoolingHttpClientConnectionManager - ep-00000017: executing exchange ex-00000018 over http-outgoing-4
20:48:51.173 [main] DEBUG com.github.dockerjava.zerodep.shaded.org.apache.hc.client5.http.headers - http-outgoing-4 >> GET /v1.32/exec/bb366928564eea60a522d813e4b0e1825aff9cccd7264c3d2485db750c05acb5/json HTTP/1.1
20:48:51.173 [main] DEBUG com.github.dockerjava.zerodep.shaded.org.apache.hc.client5.http.headers - http-outgoing-4 >> accept: application/json
20:48:51.173 [main] DEBUG com.github.dockerjava.zerodep.shaded.org.apache.hc.client5.http.headers - http-outgoing-4 >> x-tc-sid: 79c75580-927c-468d-9dfa-ca38cb35a17d
20:48:51.173 [main] DEBUG com.github.dockerjava.zerodep.shaded.org.apache.hc.client5.http.headers - http-outgoing-4 >> Accept-Encoding: gzip, x-gzip, deflate
20:48:51.173 [main] DEBUG com.github.dockerjava.zerodep.shaded.org.apache.hc.client5.http.headers - http-outgoing-4 >> Host: localhost:2375
20:48:51.173 [main] DEBUG com.github.dockerjava.zerodep.shaded.org.apache.hc.client5.http.headers - http-outgoing-4 >> Connection: keep-alive
20:48:51.173 [main] DEBUG com.github.dockerjava.zerodep.shaded.org.apache.hc.client5.http.headers - http-outgoing-4 >> User-Agent: Apache-HttpClient/5.0.3 (Java/17.0.2)
20:48:51.173 [main] DEBUG com.github.dockerjava.zerodep.shaded.org.apache.hc.client5.http.wire - http-outgoing-4 >> "GET /v1.32/exec/bb366928564eea60a522d813e4b0e1825aff9cccd7264c3d2485db750c05acb5/json HTTP/1.1[\r][\n]"
20:48:51.173 [main] DEBUG com.github.dockerjava.zerodep.shaded.org.apache.hc.client5.http.wire - http-outgoing-4 >> "accept: application/json[\r][\n]"
20:48:51.173 [main] DEBUG com.github.dockerjava.zerodep.shaded.org.apache.hc.client5.http.wire - http-outgoing-4 >> "x-tc-sid: 79c75580-927c-468d-9dfa-ca38cb35a17d[\r][\n]"
20:48:51.173 [main] DEBUG com.github.dockerjava.zerodep.shaded.org.apache.hc.client5.http.wire - http-outgoing-4 >> "Accept-Encoding: gzip, x-gzip, deflate[\r][\n]"
20:48:51.173 [main] DEBUG com.github.dockerjava.zerodep.shaded.org.apache.hc.client5.http.wire - http-outgoing-4 >> "Host: localhost:2375[\r][\n]"
20:48:51.173 [main] DEBUG com.github.dockerjava.zerodep.shaded.org.apache.hc.client5.http.wire - http-outgoing-4 >> "Connection: keep-alive[\r][\n]"
20:48:51.173 [main] DEBUG com.github.dockerjava.zerodep.shaded.org.apache.hc.client5.http.wire - http-outgoing-4 >> "User-Agent: Apache-HttpClient/5.0.3 (Java/17.0.2)[\r][\n]"
20:48:51.173 [main] DEBUG com.github.dockerjava.zerodep.shaded.org.apache.hc.client5.http.wire - http-outgoing-4 >> "[\r][\n]"
20:48:51.176 [main] DEBUG com.github.dockerjava.zerodep.shaded.org.apache.hc.client5.http.wire - http-outgoing-4 << "HTTP/1.1 200 OK[\r][\n]"
20:48:51.176 [main] DEBUG com.github.dockerjava.zerodep.shaded.org.apache.hc.client5.http.wire - http-outgoing-4 << "Api-Version: 1.41[\r][\n]"
20:48:51.176 [main] DEBUG com.github.dockerjava.zerodep.shaded.org.apache.hc.client5.http.wire - http-outgoing-4 << "Content-Type: application/json[\r][\n]"
20:48:51.176 [main] DEBUG com.github.dockerjava.zerodep.shaded.org.apache.hc.client5.http.wire - http-outgoing-4 << "Date: Fri, 19 Aug 2022 00:48:51 GMT[\r][\n]"
20:48:51.176 [main] DEBUG com.github.dockerjava.zerodep.shaded.org.apache.hc.client5.http.wire - http-outgoing-4 << "Docker-Experimental: false[\r][\n]"
20:48:51.176 [main] DEBUG com.github.dockerjava.zerodep.shaded.org.apache.hc.client5.http.wire - http-outgoing-4 << "Ostype: linux[\r][\n]"
20:48:51.176 [main] DEBUG com.github.dockerjava.zerodep.shaded.org.apache.hc.client5.http.wire - http-outgoing-4 << "Server: Docker/20.10.14 (linux)[\r][\n]"
20:48:51.176 [main] DEBUG com.github.dockerjava.zerodep.shaded.org.apache.hc.client5.http.wire - http-outgoing-4 << "Transfer-Encoding: chunked[\r][\n]"
20:48:51.176 [main] DEBUG com.github.dockerjava.zerodep.shaded.org.apache.hc.client5.http.wire - http-outgoing-4 << "[\r][\n]"
20:48:51.176 [main] DEBUG com.github.dockerjava.zerodep.shaded.org.apache.hc.client5.http.headers - http-outgoing-4 << HTTP/1.1 200 OK
20:48:51.176 [main] DEBUG com.github.dockerjava.zerodep.shaded.org.apache.hc.client5.http.headers - http-outgoing-4 << Api-Version: 1.41
20:48:51.176 [main] DEBUG com.github.dockerjava.zerodep.shaded.org.apache.hc.client5.http.headers - http-outgoing-4 << Content-Type: application/json
20:48:51.176 [main] DEBUG com.github.dockerjava.zerodep.shaded.org.apache.hc.client5.http.headers - http-outgoing-4 << Date: Fri, 19 Aug 2022 00:48:51 GMT
20:48:51.176 [main] DEBUG com.github.dockerjava.zerodep.shaded.org.apache.hc.client5.http.headers - http-outgoing-4 << Docker-Experimental: false
20:48:51.176 [main] DEBUG com.github.dockerjava.zerodep.shaded.org.apache.hc.client5.http.headers - http-outgoing-4 << Ostype: linux
20:48:51.176 [main] DEBUG com.github.dockerjava.zerodep.shaded.org.apache.hc.client5.http.headers - http-outgoing-4 << Server: Docker/20.10.14 (linux)
20:48:51.176 [main] DEBUG com.github.dockerjava.zerodep.shaded.org.apache.hc.client5.http.headers - http-outgoing-4 << Transfer-Encoding: chunked
20:48:51.177 [main] DEBUG com.github.dockerjava.zerodep.shaded.org.apache.hc.client5.http.impl.classic.MainClientExec - ex-00000018: connection can be kept alive for 3 MINUTES
20:48:51.179 [main] DEBUG com.github.dockerjava.zerodep.shaded.org.apache.hc.client5.http.wire - http-outgoing-4 << "254[\r][\n]"
20:48:51.179 [main] DEBUG com.github.dockerjava.zerodep.shaded.org.apache.hc.client5.http.wire - http-outgoing-4 << "{"ID":"bb366928564eea60a522d813e4b0e1825aff9cccd7264c3d2485db750c05acb5","Running":false,"ExitCode":0,"ProcessConfig":{"tty":false,"entrypoint":"mongo","arguments":["--eval","var attempt = 0; while(db.runCommand( { isMaster: 1 } ).ismaster==false) { if (attempt > 60) {quit(1);} print('An attempt to await for a single node replica set initialization: ' + attempt); sleep(100);  attempt++;  }"],"privileged":false},"OpenStdin":false,"OpenStderr":true,"OpenStdout":true,"CanRemove":false,"ContainerID":"55e8a39051746b6add291684a287f011921e67a19f796223d78b88cd90f88574","DetachKeys":"","Pid":3713}[\n]"
20:48:51.179 [main] DEBUG com.github.dockerjava.zerodep.shaded.org.apache.hc.client5.http.wire - http-outgoing-4 << "[\r][\n]"
20:48:51.179 [main] DEBUG com.github.dockerjava.zerodep.shaded.org.apache.hc.client5.http.wire - http-outgoing-4 << "0[\r][\n]"
20:48:51.179 [main] DEBUG com.github.dockerjava.zerodep.shaded.org.apache.hc.client5.http.wire - http-outgoing-4 << "[\r][\n]"
20:48:51.179 [main] DEBUG com.github.dockerjava.zerodep.shaded.org.apache.hc.client5.http.impl.classic.InternalHttpClient - ep-00000017: releasing valid endpoint
20:48:51.179 [main] DEBUG com.github.dockerjava.zerodep.shaded.org.apache.hc.client5.http.impl.io.PoolingHttpClientConnectionManager - ep-00000017: releasing endpoint
20:48:51.179 [main] DEBUG com.github.dockerjava.zerodep.shaded.org.apache.hc.client5.http.impl.io.PoolingHttpClientConnectionManager - ep-00000017: connection http-outgoing-4 can be kept alive for 3 MINUTES
20:48:51.179 [main] DEBUG com.github.dockerjava.zerodep.shaded.org.apache.hc.client5.http.impl.io.PoolingHttpClientConnectionManager - ep-00000017: connection released [route: {}->unix://localhost:2375][total available: 1; route allocated: 1 of 2147483647; total allocated: 1 of 2147483647]
20:48:51.179 [main] DEBUG org.testcontainers.containers.MongoDBContainer - MongoDB shell version v4.4.2
connecting to: mongodb://127.0.0.1:27017/?compressors=disabled&gssapiServiceName=mongodb
Implicit session: session { "id" : UUID("4d5bbfbb-8228-4c5d-8f8b-8bbe29b3b21c") }
MongoDB server version: 4.4.2


  .   ____          _            __ _ _
 /\\ / ___'_ __ _ _(_)_ __  __ _ \ \ \ \
( ( )\___ | '_ | '_| | '_ \/ _` | \ \ \ \
 \\/  ___)| |_)| | | | | || (_| |  ) ) ) )
  '  |____| .__|_| |_|_| |_\__, | / / / /
 =========|_|==============|___/=/_/_/_/
 :: Spring Boot ::                (v2.6.6)

2022-08-18 20:48:51.355  INFO 96462 --- [           main] c.f.p.ProductServApplicationTests        : Starting ProductServApplicationTests using Java 17.0.2 on Fabrices-MacBook-Pro.local with PID 96462 (started by fabricefoko in /Users/fabricefoko/Documents/Projets_JAVA/microservices-new/product-serv)
2022-08-18 20:48:51.356  INFO 96462 --- [           main] c.f.p.ProductServApplicationTests        : No active profile set, falling back to 1 default profile: "default"
2022-08-18 20:48:51.650  INFO 96462 --- [           main] .s.d.r.c.RepositoryConfigurationDelegate : Bootstrapping Spring Data MongoDB repositories in DEFAULT mode.
2022-08-18 20:48:51.725  INFO 96462 --- [           main] .s.d.r.c.RepositoryConfigurationDelegate : Finished Spring Data repository scanning in 72 ms. Found 1 MongoDB repository interfaces.
2022-08-18 20:48:51.846  INFO 96462 --- [           main] o.s.cloud.context.scope.GenericScope     : BeanFactory id=5d3fa701-ebc3-3afc-9757-9e50819bef35
2022-08-18 20:48:51.964  INFO 96462 --- [           main] org.mongodb.driver.cluster               : Cluster created with settings {hosts=[localhost:52586], mode=SINGLE, requiredClusterType=UNKNOWN, serverSelectionTimeout='30000 ms'}
2022-08-18 20:48:52.000  INFO 96462 --- [localhost:52586] org.mongodb.driver.connection            : Opened connection [connectionId{localValue:2, serverValue:3}] to localhost:52586
2022-08-18 20:48:52.000  INFO 96462 --- [localhost:52586] org.mongodb.driver.connection            : Opened connection [connectionId{localValue:1, serverValue:4}] to localhost:52586
2022-08-18 20:48:52.000  INFO 96462 --- [localhost:52586] org.mongodb.driver.cluster               : Monitor thread successfully connected to server with description ServerDescription{address=localhost:52586, type=REPLICA_SET_PRIMARY, state=CONNECTED, ok=true, minWireVersion=0, maxWireVersion=9, maxDocumentSize=16777216, logicalSessionTimeoutMinutes=30, roundTripTimeNanos=19439750, setName='docker-rs', canonicalAddress=55e8a3905174:27017, hosts=[55e8a3905174:27017], passives=[], arbiters=[], primary='55e8a3905174:27017', tagSet=TagSet{[]}, electionId=7fffffff0000000000000001, setVersion=1, topologyVersion=TopologyVersion{processId=62feddf22a19d2471c38ac19, counter=6}, lastWriteDate=Thu Aug 18 20:48:51 EDT 2022, lastUpdateTimeNanos=107825455222875}
2022-08-18 20:48:52.024  WARN 96462 --- [           main] o.s.data.convert.CustomConversions       : Registering converter from class java.time.LocalDateTime to class org.joda.time.LocalDateTime as reading converter although it doesn't convert from a store-supported type! You might want to check your annotation setup at the converter implementation.
2022-08-18 20:48:52.094  WARN 96462 --- [           main] o.s.data.convert.CustomConversions       : Registering converter from class java.time.LocalDateTime to class org.joda.time.LocalDateTime as reading converter although it doesn't convert from a store-supported type! You might want to check your annotation setup at the converter implementation.
2022-08-18 20:48:52.451  INFO 96462 --- [           main] o.s.b.t.m.w.SpringBootMockServletContext : Initializing Spring TestDispatcherServlet ''
2022-08-18 20:48:52.452  INFO 96462 --- [           main] o.s.t.web.servlet.TestDispatcherServlet  : Initializing Servlet ''
2022-08-18 20:48:52.452  INFO 96462 --- [           main] o.s.t.web.servlet.TestDispatcherServlet  : Completed initialization in 0 ms
2022-08-18 20:48:52.485  INFO 96462 --- [           main] DiscoveryClientOptionalArgsConfiguration : Eureka HTTP Client uses RestTemplate.
2022-08-18 20:48:52.541  WARN 96462 --- [           main] iguration$LoadBalancerCaffeineWarnLogger : Spring Cloud LoadBalancer is currently working with the default cache. While this cache implementation is useful for development and tests, it's recommended to use Caffeine cache in production.You can switch to using Caffeine cache, by adding it and org.springframework.cache.caffeine.CaffeineCacheManager to the classpath.
2022-08-18 20:48:52.552  INFO 96462 --- [           main] o.s.c.n.eureka.InstanceInfoFactory       : Setting initial instance status as: STARTING
2022-08-18 20:48:52.622  INFO 96462 --- [           main] com.netflix.discovery.DiscoveryClient    : Initializing Eureka in region us-east-1
2022-08-18 20:48:52.625  INFO 96462 --- [           main] c.n.d.s.r.aws.ConfigClusterResolver      : Resolving eureka endpoints via configuration
2022-08-18 20:48:52.652  INFO 96462 --- [           main] com.netflix.discovery.DiscoveryClient    : Disable delta property : false
2022-08-18 20:48:52.652  INFO 96462 --- [           main] com.netflix.discovery.DiscoveryClient    : Single vip registry refresh property : null
2022-08-18 20:48:52.652  INFO 96462 --- [           main] com.netflix.discovery.DiscoveryClient    : Force full registry fetch : false
2022-08-18 20:48:52.652  INFO 96462 --- [           main] com.netflix.discovery.DiscoveryClient    : Application is null : false
2022-08-18 20:48:52.652  INFO 96462 --- [           main] com.netflix.discovery.DiscoveryClient    : Registered Applications size is zero : true
2022-08-18 20:48:52.652  INFO 96462 --- [           main] com.netflix.discovery.DiscoveryClient    : Application version is -1: true
2022-08-18 20:48:52.652  INFO 96462 --- [           main] com.netflix.discovery.DiscoveryClient    : Getting all instance registry info from the eureka server
2022-08-18 20:48:52.913  INFO 96462 --- [           main] com.netflix.discovery.DiscoveryClient    : The response status is 200
2022-08-18 20:48:52.914  INFO 96462 --- [           main] com.netflix.discovery.DiscoveryClient    : Starting heartbeat executor: renew interval is: 30
2022-08-18 20:48:52.915  INFO 96462 --- [           main] c.n.discovery.InstanceInfoReplicator     : InstanceInfoReplicator onDemand update allowed rate per min is 4
2022-08-18 20:48:52.917  INFO 96462 --- [           main] com.netflix.discovery.DiscoveryClient    : Discovery Client initialized at timestamp 1660870132917 with initial instances count: 4
2022-08-18 20:48:52.919  INFO 96462 --- [           main] o.s.c.n.e.s.EurekaServiceRegistry        : Registering application PRODUCT-SERV with eureka with status UP
2022-08-18 20:48:52.919  INFO 96462 --- [           main] com.netflix.discovery.DiscoveryClient    : Saw local status change event StatusChangeEvent [timestamp=1660870132919, current=UP, previous=STARTING]
2022-08-18 20:48:52.919  INFO 96462 --- [nfoReplicator-0] com.netflix.discovery.DiscoveryClient    : DiscoveryClient_PRODUCT-SERV/192.168.2.11:product-serv:8086: registering service...
2022-08-18 20:48:52.927  INFO 96462 --- [           main] c.f.p.ProductServApplicationTests        : Started ProductServApplicationTests in 1.718 seconds (JVM running for 33.957)
2022-08-18 20:48:52.957  INFO 96462 --- [nfoReplicator-0] com.netflix.discovery.DiscoveryClient    : DiscoveryClient_PRODUCT-SERV/192.168.2.11:product-serv:8086 - registration status: 204
]]></system-out>
  </testcase>
</testsuite>